2023-05-29 11:25:32.098 [main] WARN  com.obs.services.ObsClient - [OBS SDK Version=3.19.7];[Endpoint=https://obs.cn-southwest-2.myhuaweicloud.com:443/];[Access Mode=Virtul Hosting]
2023-05-29 11:25:52.893 [main] WARN  s.d.s.w.readers.parameter.ParameterDataTypeReader - Trying to infer dataType java.lang.String[]
2023-05-29 11:25:52.893 [main] WARN  s.d.s.w.readers.parameter.ParameterDataTypeReader - Trying to infer dataType java.lang.Integer[]
2023-05-29 11:46:42.210 [http-nio-9002-exec-1] WARN  net.oschina.j2cache.caffeine.CaffeineProvider - Caffeine cache [sysCache] not defined, using default.
2023-05-29 11:46:45.114 [http-nio-9002-exec-6] WARN  net.oschina.j2cache.caffeine.CaffeineProvider - Caffeine cache [userCache] not defined, using default.
2023-05-29 11:46:45.876 [http-nio-9002-exec-6] WARN  net.oschina.j2cache.caffeine.CaffeineProvider - Caffeine cache [userCache_system] not defined, using default.
2023-05-29 11:46:46.153 [http-nio-9002-exec-6] WARN  net.oschina.j2cache.caffeine.CaffeineProvider - Caffeine cache [userCache_system] not defined, using default.
2023-05-29 11:46:46.696 [http-nio-9002-exec-9] WARN  net.oschina.j2cache.caffeine.CaffeineProvider - Caffeine cache [corpCache] not defined, using default.
2023-05-29 11:46:53.573 [http-nio-9002-exec-1] WARN  net.oschina.j2cache.caffeine.CaffeineProvider - Caffeine cache [msgPcPoolCache] not defined, using default.
2023-05-29 11:52:54.184 [main] WARN  com.obs.services.ObsClient - [OBS SDK Version=3.19.7];[Endpoint=https://obs.cn-southwest-2.myhuaweicloud.com:443/];[Access Mode=Virtul Hosting]
2023-05-29 11:53:24.937 [main] WARN  s.d.s.w.readers.parameter.ParameterDataTypeReader - Trying to infer dataType java.lang.String[]
2023-05-29 11:53:24.938 [main] WARN  s.d.s.w.readers.parameter.ParameterDataTypeReader - Trying to infer dataType java.lang.Integer[]
2023-05-29 11:53:54.504 [http-nio-9002-exec-10] WARN  net.oschina.j2cache.caffeine.CaffeineProvider - Caffeine cache [sysCache] not defined, using default.
2023-05-29 11:55:50.613 [http-nio-9002-exec-7] WARN  net.oschina.j2cache.caffeine.CaffeineProvider - Caffeine cache [userCache] not defined, using default.
2023-05-29 11:55:51.559 [http-nio-9002-exec-7] WARN  net.oschina.j2cache.caffeine.CaffeineProvider - Caffeine cache [userCache_system] not defined, using default.
2023-05-29 11:55:51.846 [http-nio-9002-exec-7] WARN  net.oschina.j2cache.caffeine.CaffeineProvider - Caffeine cache [userCache_system] not defined, using default.
2023-05-29 11:55:52.844 [http-nio-9002-exec-2] WARN  net.oschina.j2cache.caffeine.CaffeineProvider - Caffeine cache [corpCache] not defined, using default.
2023-05-29 11:56:00.454 [http-nio-9002-exec-7] WARN  net.oschina.j2cache.caffeine.CaffeineProvider - Caffeine cache [msgPcPoolCache] not defined, using default.
2023-05-29 11:56:53.433 [NettyClientSelector_1] WARN  io.netty.channel.ChannelInitializer - Failed to initialize a channel. Closing: [id: 0xc81898c0]
java.util.concurrent.RejectedExecutionException: event executor terminated
	at io.netty.util.concurrent.SingleThreadEventExecutor.reject(SingleThreadEventExecutor.java:842)
	at io.netty.util.concurrent.SingleThreadEventExecutor.offerTask(SingleThreadEventExecutor.java:328)
	at io.netty.util.concurrent.SingleThreadEventExecutor.addTask(SingleThreadEventExecutor.java:321)
	at io.netty.util.concurrent.SingleThreadEventExecutor.execute(SingleThreadEventExecutor.java:765)
	at io.netty.channel.DefaultChannelPipeline.addLast(DefaultChannelPipeline.java:226)
	at io.netty.channel.DefaultChannelPipeline.addLast(DefaultChannelPipeline.java:409)
	at com.alibaba.rocketmq.remoting.netty.NettyRemotingClient$4.initChannel(NettyRemotingClient.java:294)
	at com.alibaba.rocketmq.remoting.netty.NettyRemotingClient$4.initChannel(NettyRemotingClient.java:291)
	at io.netty.channel.ChannelInitializer.initChannel(ChannelInitializer.java:115)
	at io.netty.channel.ChannelInitializer.handlerAdded(ChannelInitializer.java:107)
	at io.netty.channel.DefaultChannelPipeline.callHandlerAdded0(DefaultChannelPipeline.java:637)
	at io.netty.channel.DefaultChannelPipeline.access$000(DefaultChannelPipeline.java:46)
	at io.netty.channel.DefaultChannelPipeline$PendingHandlerAddedTask.execute(DefaultChannelPipeline.java:1487)
	at io.netty.channel.DefaultChannelPipeline.callHandlerAddedForAllHandlers(DefaultChannelPipeline.java:1161)
	at io.netty.channel.DefaultChannelPipeline.invokeHandlerAddedIfNeeded(DefaultChannelPipeline.java:686)
	at io.netty.channel.AbstractChannel$AbstractUnsafe.register0(AbstractChannel.java:510)
	at io.netty.channel.AbstractChannel$AbstractUnsafe.access$200(AbstractChannel.java:423)
	at io.netty.channel.AbstractChannel$AbstractUnsafe$1.run(AbstractChannel.java:482)
	at io.netty.util.concurrent.AbstractEventExecutor.safeExecute$$$capture(AbstractEventExecutor.java:163)
	at io.netty.util.concurrent.AbstractEventExecutor.safeExecute(AbstractEventExecutor.java)
	at io.netty.util.concurrent.SingleThreadEventExecutor.runAllTasks(SingleThreadEventExecutor.java:404)
	at io.netty.channel.nio.NioEventLoop.run(NioEventLoop.java:446)
	at io.netty.util.concurrent.SingleThreadEventExecutor$5.run(SingleThreadEventExecutor.java:884)
	at java.lang.Thread.run(Unknown Source)
2023-05-29 11:56:53.435 [NettyClientSelector_1] WARN  io.netty.channel.AbstractChannelHandlerContext - Failed to submit an exceptionCaught() event.
java.util.concurrent.RejectedExecutionException: event executor terminated
	at io.netty.util.concurrent.SingleThreadEventExecutor.reject(SingleThreadEventExecutor.java:842)
	at io.netty.util.concurrent.SingleThreadEventExecutor.offerTask(SingleThreadEventExecutor.java:328)
	at io.netty.util.concurrent.SingleThreadEventExecutor.addTask(SingleThreadEventExecutor.java:321)
	at io.netty.util.concurrent.SingleThreadEventExecutor.execute(SingleThreadEventExecutor.java:765)
	at io.netty.channel.AbstractChannelHandlerContext.invokeExceptionCaught(AbstractChannelHandlerContext.java:267)
	at io.netty.channel.AbstractChannelHandlerContext.fireExceptionCaught(AbstractChannelHandlerContext.java:256)
	at io.netty.channel.DefaultChannelPipeline$HeadContext.exceptionCaught(DefaultChannelPipeline.java:1401)
	at io.netty.channel.AbstractChannelHandlerContext.invokeExceptionCaught(AbstractChannelHandlerContext.java:285)
	at io.netty.channel.AbstractChannelHandlerContext.notifyHandlerException(AbstractChannelHandlerContext.java:850)
	at io.netty.channel.AbstractChannelHandlerContext.invokeChannelUnregistered(AbstractChannelHandlerContext.java:183)
	at io.netty.channel.AbstractChannelHandlerContext.invokeChannelUnregistered(AbstractChannelHandlerContext.java:167)
	at io.netty.channel.DefaultChannelPipeline.fireChannelUnregistered(DefaultChannelPipeline.java:865)
	at io.netty.channel.AbstractChannel$AbstractUnsafe$8.run(AbstractChannel.java:830)
	at io.netty.util.concurrent.AbstractEventExecutor.safeExecute$$$capture(AbstractEventExecutor.java:163)
	at io.netty.util.concurrent.AbstractEventExecutor.safeExecute(AbstractEventExecutor.java)
	at io.netty.util.concurrent.SingleThreadEventExecutor.runAllTasks(SingleThreadEventExecutor.java:404)
	at io.netty.channel.nio.NioEventLoop.run(NioEventLoop.java:446)
	at io.netty.util.concurrent.SingleThreadEventExecutor$5.run(SingleThreadEventExecutor.java:884)
	at java.lang.Thread.run(Unknown Source)
2023-05-29 11:56:53.436 [NettyClientSelector_1] WARN  io.netty.channel.AbstractChannelHandlerContext - The exceptionCaught() event that was failed to submit was:
java.util.concurrent.RejectedExecutionException: event executor terminated
	at io.netty.util.concurrent.SingleThreadEventExecutor.reject(SingleThreadEventExecutor.java:842)
	at io.netty.util.concurrent.SingleThreadEventExecutor.offerTask(SingleThreadEventExecutor.java:328)
	at io.netty.util.concurrent.SingleThreadEventExecutor.addTask(SingleThreadEventExecutor.java:321)
	at io.netty.util.concurrent.SingleThreadEventExecutor.execute(SingleThreadEventExecutor.java:765)
	at io.netty.channel.DefaultChannelPipeline.destroyUp(DefaultChannelPipeline.java:895)
	at io.netty.channel.DefaultChannelPipeline.destroy(DefaultChannelPipeline.java:880)
	at io.netty.channel.DefaultChannelPipeline.access$700(DefaultChannelPipeline.java:46)
	at io.netty.channel.DefaultChannelPipeline$HeadContext.channelUnregistered(DefaultChannelPipeline.java:1416)
	at io.netty.channel.AbstractChannelHandlerContext.invokeChannelUnregistered(AbstractChannelHandlerContext.java:181)
	at io.netty.channel.AbstractChannelHandlerContext.invokeChannelUnregistered(AbstractChannelHandlerContext.java:167)
	at io.netty.channel.DefaultChannelPipeline.fireChannelUnregistered(DefaultChannelPipeline.java:865)
	at io.netty.channel.AbstractChannel$AbstractUnsafe$8.run(AbstractChannel.java:830)
	at io.netty.util.concurrent.AbstractEventExecutor.safeExecute$$$capture(AbstractEventExecutor.java:163)
	at io.netty.util.concurrent.AbstractEventExecutor.safeExecute(AbstractEventExecutor.java)
	at io.netty.util.concurrent.SingleThreadEventExecutor.runAllTasks(SingleThreadEventExecutor.java:404)
	at io.netty.channel.nio.NioEventLoop.run(NioEventLoop.java:446)
	at io.netty.util.concurrent.SingleThreadEventExecutor$5.run(SingleThreadEventExecutor.java:884)
	at java.lang.Thread.run(Unknown Source)
2023-05-29 15:13:58.131 [main] WARN  com.obs.services.ObsClient - [OBS SDK Version=3.19.7];[Endpoint=https://obs.cn-southwest-2.myhuaweicloud.com:443/];[Access Mode=Virtul Hosting]
2023-05-29 15:14:18.265 [main] WARN  s.d.s.w.readers.parameter.ParameterDataTypeReader - Trying to infer dataType java.lang.String[]
2023-05-29 15:14:18.265 [main] WARN  s.d.s.w.readers.parameter.ParameterDataTypeReader - Trying to infer dataType java.lang.Integer[]
2023-05-29 15:14:28.789 [http-nio-9002-exec-1] WARN  net.oschina.j2cache.caffeine.CaffeineProvider - Caffeine cache [sysCache] not defined, using default.
2023-05-29 15:14:32.101 [http-nio-9002-exec-4] WARN  net.oschina.j2cache.caffeine.CaffeineProvider - Caffeine cache [userCache] not defined, using default.
2023-05-29 15:14:32.999 [http-nio-9002-exec-4] WARN  net.oschina.j2cache.caffeine.CaffeineProvider - Caffeine cache [userCache_system] not defined, using default.
2023-05-29 15:14:33.274 [http-nio-9002-exec-4] WARN  net.oschina.j2cache.caffeine.CaffeineProvider - Caffeine cache [userCache_system] not defined, using default.
2023-05-29 15:14:34.121 [http-nio-9002-exec-5] WARN  net.oschina.j2cache.caffeine.CaffeineProvider - Caffeine cache [corpCache] not defined, using default.
2023-05-29 15:14:41.022 [http-nio-9002-exec-4] WARN  net.oschina.j2cache.caffeine.CaffeineProvider - Caffeine cache [msgPcPoolCache] not defined, using default.
2023-05-29 15:16:26.125 [main] WARN  com.obs.services.ObsClient - [OBS SDK Version=3.19.7];[Endpoint=https://obs.cn-southwest-2.myhuaweicloud.com:443/];[Access Mode=Virtul Hosting]
2023-05-29 15:16:51.868 [main] WARN  s.d.s.w.readers.parameter.ParameterDataTypeReader - Trying to infer dataType java.lang.String[]
2023-05-29 15:16:51.869 [main] WARN  s.d.s.w.readers.parameter.ParameterDataTypeReader - Trying to infer dataType java.lang.Integer[]
2023-05-29 15:17:08.153 [http-nio-9002-exec-9] WARN  net.oschina.j2cache.caffeine.CaffeineProvider - Caffeine cache [sysCache] not defined, using default.
2023-05-29 15:17:10.384 [http-nio-9002-exec-7] WARN  net.oschina.j2cache.caffeine.CaffeineProvider - Caffeine cache [userCache] not defined, using default.
2023-05-29 15:17:11.034 [http-nio-9002-exec-7] WARN  net.oschina.j2cache.caffeine.CaffeineProvider - Caffeine cache [userCache_system] not defined, using default.
2023-05-29 15:17:11.285 [http-nio-9002-exec-7] WARN  net.oschina.j2cache.caffeine.CaffeineProvider - Caffeine cache [userCache_system] not defined, using default.
2023-05-29 15:17:11.813 [http-nio-9002-exec-1] WARN  net.oschina.j2cache.caffeine.CaffeineProvider - Caffeine cache [corpCache] not defined, using default.
2023-05-29 15:17:17.954 [http-nio-9002-exec-7] WARN  net.oschina.j2cache.caffeine.CaffeineProvider - Caffeine cache [msgPcPoolCache] not defined, using default.
2023-05-29 15:25:32.879 [main] WARN  com.obs.services.ObsClient - [OBS SDK Version=3.19.7];[Endpoint=https://obs.cn-southwest-2.myhuaweicloud.com:443/];[Access Mode=Virtul Hosting]
2023-05-29 15:25:53.297 [main] WARN  s.d.s.w.readers.parameter.ParameterDataTypeReader - Trying to infer dataType java.lang.String[]
2023-05-29 15:25:53.297 [main] WARN  s.d.s.w.readers.parameter.ParameterDataTypeReader - Trying to infer dataType java.lang.Integer[]
2023-05-29 15:26:19.406 [http-nio-9002-exec-1] WARN  net.oschina.j2cache.caffeine.CaffeineProvider - Caffeine cache [sysCache] not defined, using default.
2023-05-29 15:27:47.060 [http-nio-9002-exec-7] WARN  net.oschina.j2cache.caffeine.CaffeineProvider - Caffeine cache [userCache] not defined, using default.
2023-05-29 15:27:47.850 [http-nio-9002-exec-7] WARN  net.oschina.j2cache.caffeine.CaffeineProvider - Caffeine cache [userCache_system] not defined, using default.
2023-05-29 15:27:48.152 [http-nio-9002-exec-7] WARN  net.oschina.j2cache.caffeine.CaffeineProvider - Caffeine cache [userCache_system] not defined, using default.
2023-05-29 15:27:48.720 [http-nio-9002-exec-3] WARN  net.oschina.j2cache.caffeine.CaffeineProvider - Caffeine cache [corpCache] not defined, using default.
2023-05-29 15:27:56.166 [http-nio-9002-exec-7] WARN  net.oschina.j2cache.caffeine.CaffeineProvider - Caffeine cache [msgPcPoolCache] not defined, using default.
2023-05-29 15:32:05.092 [main] WARN  com.obs.services.ObsClient - [OBS SDK Version=3.19.7];[Endpoint=https://obs.cn-southwest-2.myhuaweicloud.com:443/];[Access Mode=Virtul Hosting]
2023-05-29 15:32:29.402 [main] WARN  s.d.s.w.readers.parameter.ParameterDataTypeReader - Trying to infer dataType java.lang.String[]
2023-05-29 15:32:29.402 [main] WARN  s.d.s.w.readers.parameter.ParameterDataTypeReader - Trying to infer dataType java.lang.Integer[]
2023-05-29 15:32:31.352 [http-nio-9002-exec-2] WARN  net.oschina.j2cache.caffeine.CaffeineProvider - Caffeine cache [sysCache] not defined, using default.
2023-05-29 15:33:29.381 [http-nio-9002-exec-7] WARN  net.oschina.j2cache.caffeine.CaffeineProvider - Caffeine cache [userCache] not defined, using default.
2023-05-29 15:33:30.057 [http-nio-9002-exec-7] WARN  net.oschina.j2cache.caffeine.CaffeineProvider - Caffeine cache [userCache_system] not defined, using default.
2023-05-29 15:33:30.292 [http-nio-9002-exec-7] WARN  net.oschina.j2cache.caffeine.CaffeineProvider - Caffeine cache [userCache_system] not defined, using default.
2023-05-29 15:33:30.746 [http-nio-9002-exec-3] WARN  net.oschina.j2cache.caffeine.CaffeineProvider - Caffeine cache [corpCache] not defined, using default.
2023-05-29 15:33:31.303 [http-nio-9002-exec-4] WARN  net.oschina.j2cache.caffeine.CaffeineProvider - Caffeine cache [msgPcPoolCache] not defined, using default.
2023-05-29 15:52:21.501 [NettyClientSelector_1] WARN  io.netty.channel.ChannelInitializer - Failed to initialize a channel. Closing: [id: 0xe84334c9]
java.util.concurrent.RejectedExecutionException: event executor terminated
	at io.netty.util.concurrent.SingleThreadEventExecutor.reject(SingleThreadEventExecutor.java:842)
	at io.netty.util.concurrent.SingleThreadEventExecutor.offerTask(SingleThreadEventExecutor.java:328)
	at io.netty.util.concurrent.SingleThreadEventExecutor.addTask(SingleThreadEventExecutor.java:321)
	at io.netty.util.concurrent.SingleThreadEventExecutor.execute(SingleThreadEventExecutor.java:765)
	at io.netty.channel.DefaultChannelPipeline.addLast(DefaultChannelPipeline.java:226)
	at io.netty.channel.DefaultChannelPipeline.addLast(DefaultChannelPipeline.java:409)
	at com.alibaba.rocketmq.remoting.netty.NettyRemotingClient$4.initChannel(NettyRemotingClient.java:294)
	at com.alibaba.rocketmq.remoting.netty.NettyRemotingClient$4.initChannel(NettyRemotingClient.java:291)
	at io.netty.channel.ChannelInitializer.initChannel(ChannelInitializer.java:115)
	at io.netty.channel.ChannelInitializer.handlerAdded(ChannelInitializer.java:107)
	at io.netty.channel.DefaultChannelPipeline.callHandlerAdded0(DefaultChannelPipeline.java:637)
	at io.netty.channel.DefaultChannelPipeline.access$000(DefaultChannelPipeline.java:46)
	at io.netty.channel.DefaultChannelPipeline$PendingHandlerAddedTask.execute(DefaultChannelPipeline.java:1487)
	at io.netty.channel.DefaultChannelPipeline.callHandlerAddedForAllHandlers(DefaultChannelPipeline.java:1161)
	at io.netty.channel.DefaultChannelPipeline.invokeHandlerAddedIfNeeded(DefaultChannelPipeline.java:686)
	at io.netty.channel.AbstractChannel$AbstractUnsafe.register0(AbstractChannel.java:510)
	at io.netty.channel.AbstractChannel$AbstractUnsafe.access$200(AbstractChannel.java:423)
	at io.netty.channel.AbstractChannel$AbstractUnsafe$1.run(AbstractChannel.java:482)
	at io.netty.util.concurrent.AbstractEventExecutor.safeExecute$$$capture(AbstractEventExecutor.java:163)
	at io.netty.util.concurrent.AbstractEventExecutor.safeExecute(AbstractEventExecutor.java)
	at io.netty.util.concurrent.SingleThreadEventExecutor.runAllTasks(SingleThreadEventExecutor.java:404)
	at io.netty.channel.nio.NioEventLoop.run(NioEventLoop.java:446)
	at io.netty.util.concurrent.SingleThreadEventExecutor$5.run(SingleThreadEventExecutor.java:884)
	at java.lang.Thread.run(Unknown Source)
2023-05-29 15:52:21.521 [NettyClientSelector_1] WARN  io.netty.channel.AbstractChannelHandlerContext - Failed to submit an exceptionCaught() event.
java.util.concurrent.RejectedExecutionException: event executor terminated
	at io.netty.util.concurrent.SingleThreadEventExecutor.reject(SingleThreadEventExecutor.java:842)
	at io.netty.util.concurrent.SingleThreadEventExecutor.offerTask(SingleThreadEventExecutor.java:328)
	at io.netty.util.concurrent.SingleThreadEventExecutor.addTask(SingleThreadEventExecutor.java:321)
	at io.netty.util.concurrent.SingleThreadEventExecutor.execute(SingleThreadEventExecutor.java:765)
	at io.netty.channel.AbstractChannelHandlerContext.invokeExceptionCaught(AbstractChannelHandlerContext.java:267)
	at io.netty.channel.AbstractChannelHandlerContext.fireExceptionCaught(AbstractChannelHandlerContext.java:256)
	at io.netty.channel.DefaultChannelPipeline$HeadContext.exceptionCaught(DefaultChannelPipeline.java:1401)
	at io.netty.channel.AbstractChannelHandlerContext.invokeExceptionCaught(AbstractChannelHandlerContext.java:285)
	at io.netty.channel.AbstractChannelHandlerContext.notifyHandlerException(AbstractChannelHandlerContext.java:850)
	at io.netty.channel.AbstractChannelHandlerContext.invokeChannelUnregistered(AbstractChannelHandlerContext.java:183)
	at io.netty.channel.AbstractChannelHandlerContext.invokeChannelUnregistered(AbstractChannelHandlerContext.java:167)
	at io.netty.channel.DefaultChannelPipeline.fireChannelUnregistered(DefaultChannelPipeline.java:865)
	at io.netty.channel.AbstractChannel$AbstractUnsafe$8.run(AbstractChannel.java:830)
	at io.netty.util.concurrent.AbstractEventExecutor.safeExecute$$$capture(AbstractEventExecutor.java:163)
	at io.netty.util.concurrent.AbstractEventExecutor.safeExecute(AbstractEventExecutor.java)
	at io.netty.util.concurrent.SingleThreadEventExecutor.runAllTasks(SingleThreadEventExecutor.java:404)
	at io.netty.channel.nio.NioEventLoop.run(NioEventLoop.java:446)
	at io.netty.util.concurrent.SingleThreadEventExecutor$5.run(SingleThreadEventExecutor.java:884)
	at java.lang.Thread.run(Unknown Source)
2023-05-29 15:52:21.522 [NettyClientSelector_1] WARN  io.netty.channel.AbstractChannelHandlerContext - The exceptionCaught() event that was failed to submit was:
java.util.concurrent.RejectedExecutionException: event executor terminated
	at io.netty.util.concurrent.SingleThreadEventExecutor.reject(SingleThreadEventExecutor.java:842)
	at io.netty.util.concurrent.SingleThreadEventExecutor.offerTask(SingleThreadEventExecutor.java:328)
	at io.netty.util.concurrent.SingleThreadEventExecutor.addTask(SingleThreadEventExecutor.java:321)
	at io.netty.util.concurrent.SingleThreadEventExecutor.execute(SingleThreadEventExecutor.java:765)
	at io.netty.channel.DefaultChannelPipeline.destroyUp(DefaultChannelPipeline.java:895)
	at io.netty.channel.DefaultChannelPipeline.destroy(DefaultChannelPipeline.java:880)
	at io.netty.channel.DefaultChannelPipeline.access$700(DefaultChannelPipeline.java:46)
	at io.netty.channel.DefaultChannelPipeline$HeadContext.channelUnregistered(DefaultChannelPipeline.java:1416)
	at io.netty.channel.AbstractChannelHandlerContext.invokeChannelUnregistered(AbstractChannelHandlerContext.java:181)
	at io.netty.channel.AbstractChannelHandlerContext.invokeChannelUnregistered(AbstractChannelHandlerContext.java:167)
	at io.netty.channel.DefaultChannelPipeline.fireChannelUnregistered(DefaultChannelPipeline.java:865)
	at io.netty.channel.AbstractChannel$AbstractUnsafe$8.run(AbstractChannel.java:830)
	at io.netty.util.concurrent.AbstractEventExecutor.safeExecute$$$capture(AbstractEventExecutor.java:163)
	at io.netty.util.concurrent.AbstractEventExecutor.safeExecute(AbstractEventExecutor.java)
	at io.netty.util.concurrent.SingleThreadEventExecutor.runAllTasks(SingleThreadEventExecutor.java:404)
	at io.netty.channel.nio.NioEventLoop.run(NioEventLoop.java:446)
	at io.netty.util.concurrent.SingleThreadEventExecutor$5.run(SingleThreadEventExecutor.java:884)
	at java.lang.Thread.run(Unknown Source)
2023-05-29 15:53:02.344 [main] WARN  com.obs.services.ObsClient - [OBS SDK Version=3.19.7];[Endpoint=https://obs.cn-southwest-2.myhuaweicloud.com:443/];[Access Mode=Virtul Hosting]
2023-05-29 15:53:27.262 [main] WARN  s.d.s.w.readers.parameter.ParameterDataTypeReader - Trying to infer dataType java.lang.String[]
2023-05-29 15:53:27.263 [main] WARN  s.d.s.w.readers.parameter.ParameterDataTypeReader - Trying to infer dataType java.lang.Integer[]
2023-05-29 15:53:51.539 [http-nio-9002-exec-3] WARN  net.oschina.j2cache.caffeine.CaffeineProvider - Caffeine cache [sysCache] not defined, using default.
2023-05-29 15:54:28.719 [http-nio-9002-exec-3] WARN  net.oschina.j2cache.caffeine.CaffeineProvider - Caffeine cache [userCache] not defined, using default.
2023-05-29 15:54:29.394 [http-nio-9002-exec-3] WARN  net.oschina.j2cache.caffeine.CaffeineProvider - Caffeine cache [userCache_system] not defined, using default.
2023-05-29 15:54:29.635 [http-nio-9002-exec-3] WARN  net.oschina.j2cache.caffeine.CaffeineProvider - Caffeine cache [userCache_system] not defined, using default.
2023-05-29 15:54:30.254 [http-nio-9002-exec-10] WARN  net.oschina.j2cache.caffeine.CaffeineProvider - Caffeine cache [corpCache] not defined, using default.
2023-05-29 15:54:36.669 [http-nio-9002-exec-3] WARN  net.oschina.j2cache.caffeine.CaffeineProvider - Caffeine cache [msgPcPoolCache] not defined, using default.
2023-05-29 16:49:29.570 [main] WARN  com.obs.services.ObsClient - [OBS SDK Version=3.19.7];[Endpoint=https://obs.cn-southwest-2.myhuaweicloud.com:443/];[Access Mode=Virtul Hosting]
2023-05-29 16:49:50.143 [main] WARN  s.d.s.w.readers.parameter.ParameterDataTypeReader - Trying to infer dataType java.lang.String[]
2023-05-29 16:49:50.143 [main] WARN  s.d.s.w.readers.parameter.ParameterDataTypeReader - Trying to infer dataType java.lang.Integer[]
2023-05-29 16:49:57.544 [http-nio-9002-exec-2] WARN  net.oschina.j2cache.caffeine.CaffeineProvider - Caffeine cache [sysCache] not defined, using default.
2023-05-29 16:54:43.065 [http-nio-9002-exec-6] WARN  net.oschina.j2cache.caffeine.CaffeineProvider - Caffeine cache [userCache] not defined, using default.
2023-05-29 16:54:43.916 [http-nio-9002-exec-6] WARN  net.oschina.j2cache.caffeine.CaffeineProvider - Caffeine cache [userCache_system] not defined, using default.
2023-05-29 16:54:44.213 [http-nio-9002-exec-6] WARN  net.oschina.j2cache.caffeine.CaffeineProvider - Caffeine cache [userCache_system] not defined, using default.
2023-05-29 16:54:44.800 [http-nio-9002-exec-3] WARN  net.oschina.j2cache.caffeine.CaffeineProvider - Caffeine cache [corpCache] not defined, using default.
2023-05-29 16:54:52.237 [http-nio-9002-exec-6] WARN  net.oschina.j2cache.caffeine.CaffeineProvider - Caffeine cache [msgPcPoolCache] not defined, using default.
2023-05-29 17:03:15.078 [main] WARN  com.obs.services.ObsClient - [OBS SDK Version=3.19.7];[Endpoint=https://obs.cn-southwest-2.myhuaweicloud.com:443/];[Access Mode=Virtul Hosting]
2023-05-29 17:03:43.463 [main] WARN  s.d.s.w.readers.parameter.ParameterDataTypeReader - Trying to infer dataType java.lang.String[]
2023-05-29 17:03:43.463 [main] WARN  s.d.s.w.readers.parameter.ParameterDataTypeReader - Trying to infer dataType java.lang.Integer[]
2023-05-29 17:03:51.229 [http-nio-9002-exec-2] WARN  net.oschina.j2cache.caffeine.CaffeineProvider - Caffeine cache [sysCache] not defined, using default.
2023-05-29 17:03:54.394 [http-nio-9002-exec-3] WARN  net.oschina.j2cache.caffeine.CaffeineProvider - Caffeine cache [userCache] not defined, using default.
2023-05-29 17:03:55.154 [http-nio-9002-exec-3] WARN  net.oschina.j2cache.caffeine.CaffeineProvider - Caffeine cache [userCache_system] not defined, using default.
2023-05-29 17:03:55.414 [http-nio-9002-exec-3] WARN  net.oschina.j2cache.caffeine.CaffeineProvider - Caffeine cache [userCache_system] not defined, using default.
2023-05-29 17:03:55.965 [http-nio-9002-exec-5] WARN  net.oschina.j2cache.caffeine.CaffeineProvider - Caffeine cache [corpCache] not defined, using default.
2023-05-29 17:03:57.315 [http-nio-9002-exec-7] WARN  net.oschina.j2cache.caffeine.CaffeineProvider - Caffeine cache [msgPcPoolCache] not defined, using default.
2023-05-29 17:06:05.918 [main] WARN  com.obs.services.ObsClient - [OBS SDK Version=3.19.7];[Endpoint=https://obs.cn-southwest-2.myhuaweicloud.com:443/];[Access Mode=Virtul Hosting]
2023-05-29 17:06:27.149 [main] WARN  s.d.s.w.readers.parameter.ParameterDataTypeReader - Trying to infer dataType java.lang.String[]
2023-05-29 17:06:27.149 [main] WARN  s.d.s.w.readers.parameter.ParameterDataTypeReader - Trying to infer dataType java.lang.Integer[]
2023-05-29 17:06:32.576 [http-nio-9002-exec-2] WARN  net.oschina.j2cache.caffeine.CaffeineProvider - Caffeine cache [sysCache] not defined, using default.
2023-05-29 17:06:35.425 [http-nio-9002-exec-5] WARN  net.oschina.j2cache.caffeine.CaffeineProvider - Caffeine cache [userCache] not defined, using default.
2023-05-29 17:06:36.235 [http-nio-9002-exec-5] WARN  net.oschina.j2cache.caffeine.CaffeineProvider - Caffeine cache [userCache_system] not defined, using default.
2023-05-29 17:06:36.517 [http-nio-9002-exec-5] WARN  net.oschina.j2cache.caffeine.CaffeineProvider - Caffeine cache [userCache_system] not defined, using default.
2023-05-29 17:06:37.129 [http-nio-9002-exec-8] WARN  net.oschina.j2cache.caffeine.CaffeineProvider - Caffeine cache [corpCache] not defined, using default.
2023-05-29 17:06:44.033 [http-nio-9002-exec-5] WARN  net.oschina.j2cache.caffeine.CaffeineProvider - Caffeine cache [msgPcPoolCache] not defined, using default.
2023-05-29 17:20:50.063 [NettyClientSelector_1] WARN  io.netty.channel.ChannelInitializer - Failed to initialize a channel. Closing: [id: 0xa26f923e]
java.util.concurrent.RejectedExecutionException: event executor terminated
	at io.netty.util.concurrent.SingleThreadEventExecutor.reject(SingleThreadEventExecutor.java:842)
	at io.netty.util.concurrent.SingleThreadEventExecutor.offerTask(SingleThreadEventExecutor.java:328)
	at io.netty.util.concurrent.SingleThreadEventExecutor.addTask(SingleThreadEventExecutor.java:321)
	at io.netty.util.concurrent.SingleThreadEventExecutor.execute(SingleThreadEventExecutor.java:765)
	at io.netty.channel.DefaultChannelPipeline.addLast(DefaultChannelPipeline.java:226)
	at io.netty.channel.DefaultChannelPipeline.addLast(DefaultChannelPipeline.java:409)
	at com.alibaba.rocketmq.remoting.netty.NettyRemotingClient$4.initChannel(NettyRemotingClient.java:294)
	at com.alibaba.rocketmq.remoting.netty.NettyRemotingClient$4.initChannel(NettyRemotingClient.java:291)
	at io.netty.channel.ChannelInitializer.initChannel(ChannelInitializer.java:115)
	at io.netty.channel.ChannelInitializer.handlerAdded(ChannelInitializer.java:107)
	at io.netty.channel.DefaultChannelPipeline.callHandlerAdded0(DefaultChannelPipeline.java:637)
	at io.netty.channel.DefaultChannelPipeline.access$000(DefaultChannelPipeline.java:46)
	at io.netty.channel.DefaultChannelPipeline$PendingHandlerAddedTask.execute(DefaultChannelPipeline.java:1487)
	at io.netty.channel.DefaultChannelPipeline.callHandlerAddedForAllHandlers(DefaultChannelPipeline.java:1161)
	at io.netty.channel.DefaultChannelPipeline.invokeHandlerAddedIfNeeded(DefaultChannelPipeline.java:686)
	at io.netty.channel.AbstractChannel$AbstractUnsafe.register0(AbstractChannel.java:510)
	at io.netty.channel.AbstractChannel$AbstractUnsafe.access$200(AbstractChannel.java:423)
	at io.netty.channel.AbstractChannel$AbstractUnsafe$1.run(AbstractChannel.java:482)
	at io.netty.util.concurrent.AbstractEventExecutor.safeExecute$$$capture(AbstractEventExecutor.java:163)
	at io.netty.util.concurrent.AbstractEventExecutor.safeExecute(AbstractEventExecutor.java)
	at io.netty.util.concurrent.SingleThreadEventExecutor.runAllTasksFrom(SingleThreadEventExecutor.java:380)
	at io.netty.util.concurrent.SingleThreadEventExecutor.runAllTasks(SingleThreadEventExecutor.java:355)
	at io.netty.util.concurrent.SingleThreadEventExecutor.confirmShutdown(SingleThreadEventExecutor.java:701)
	at io.netty.channel.nio.NioEventLoop.run(NioEventLoop.java:456)
	at io.netty.util.concurrent.SingleThreadEventExecutor$5.run(SingleThreadEventExecutor.java:884)
	at java.lang.Thread.run(Unknown Source)
2023-05-29 17:20:50.067 [NettyClientSelector_1] WARN  io.netty.channel.AbstractChannelHandlerContext - Failed to submit an exceptionCaught() event.
java.util.concurrent.RejectedExecutionException: event executor terminated
	at io.netty.util.concurrent.SingleThreadEventExecutor.reject(SingleThreadEventExecutor.java:842)
	at io.netty.util.concurrent.SingleThreadEventExecutor.offerTask(SingleThreadEventExecutor.java:328)
	at io.netty.util.concurrent.SingleThreadEventExecutor.addTask(SingleThreadEventExecutor.java:321)
	at io.netty.util.concurrent.SingleThreadEventExecutor.execute(SingleThreadEventExecutor.java:765)
	at io.netty.channel.AbstractChannelHandlerContext.invokeExceptionCaught(AbstractChannelHandlerContext.java:267)
	at io.netty.channel.AbstractChannelHandlerContext.fireExceptionCaught(AbstractChannelHandlerContext.java:256)
	at io.netty.channel.DefaultChannelPipeline$HeadContext.exceptionCaught(DefaultChannelPipeline.java:1401)
	at io.netty.channel.AbstractChannelHandlerContext.invokeExceptionCaught(AbstractChannelHandlerContext.java:285)
	at io.netty.channel.AbstractChannelHandlerContext.notifyHandlerException(AbstractChannelHandlerContext.java:850)
	at io.netty.channel.AbstractChannelHandlerContext.invokeChannelUnregistered(AbstractChannelHandlerContext.java:183)
	at io.netty.channel.AbstractChannelHandlerContext.invokeChannelUnregistered(AbstractChannelHandlerContext.java:167)
	at io.netty.channel.DefaultChannelPipeline.fireChannelUnregistered(DefaultChannelPipeline.java:865)
	at io.netty.channel.AbstractChannel$AbstractUnsafe$8.run(AbstractChannel.java:830)
	at io.netty.util.concurrent.AbstractEventExecutor.safeExecute$$$capture(AbstractEventExecutor.java:163)
	at io.netty.util.concurrent.AbstractEventExecutor.safeExecute(AbstractEventExecutor.java)
	at io.netty.util.concurrent.SingleThreadEventExecutor.runAllTasksFrom(SingleThreadEventExecutor.java:380)
	at io.netty.util.concurrent.SingleThreadEventExecutor.runAllTasks(SingleThreadEventExecutor.java:355)
	at io.netty.util.concurrent.SingleThreadEventExecutor.confirmShutdown(SingleThreadEventExecutor.java:701)
	at io.netty.channel.nio.NioEventLoop.run(NioEventLoop.java:456)
	at io.netty.util.concurrent.SingleThreadEventExecutor$5.run(SingleThreadEventExecutor.java:884)
	at java.lang.Thread.run(Unknown Source)
2023-05-29 17:20:50.067 [NettyClientSelector_1] WARN  io.netty.channel.AbstractChannelHandlerContext - The exceptionCaught() event that was failed to submit was:
java.util.concurrent.RejectedExecutionException: event executor terminated
	at io.netty.util.concurrent.SingleThreadEventExecutor.reject(SingleThreadEventExecutor.java:842)
	at io.netty.util.concurrent.SingleThreadEventExecutor.offerTask(SingleThreadEventExecutor.java:328)
	at io.netty.util.concurrent.SingleThreadEventExecutor.addTask(SingleThreadEventExecutor.java:321)
	at io.netty.util.concurrent.SingleThreadEventExecutor.execute(SingleThreadEventExecutor.java:765)
	at io.netty.channel.DefaultChannelPipeline.destroyUp(DefaultChannelPipeline.java:895)
	at io.netty.channel.DefaultChannelPipeline.destroy(DefaultChannelPipeline.java:880)
	at io.netty.channel.DefaultChannelPipeline.access$700(DefaultChannelPipeline.java:46)
	at io.netty.channel.DefaultChannelPipeline$HeadContext.channelUnregistered(DefaultChannelPipeline.java:1416)
	at io.netty.channel.AbstractChannelHandlerContext.invokeChannelUnregistered(AbstractChannelHandlerContext.java:181)
	at io.netty.channel.AbstractChannelHandlerContext.invokeChannelUnregistered(AbstractChannelHandlerContext.java:167)
	at io.netty.channel.DefaultChannelPipeline.fireChannelUnregistered(DefaultChannelPipeline.java:865)
	at io.netty.channel.AbstractChannel$AbstractUnsafe$8.run(AbstractChannel.java:830)
	at io.netty.util.concurrent.AbstractEventExecutor.safeExecute$$$capture(AbstractEventExecutor.java:163)
	at io.netty.util.concurrent.AbstractEventExecutor.safeExecute(AbstractEventExecutor.java)
	at io.netty.util.concurrent.SingleThreadEventExecutor.runAllTasksFrom(SingleThreadEventExecutor.java:380)
	at io.netty.util.concurrent.SingleThreadEventExecutor.runAllTasks(SingleThreadEventExecutor.java:355)
	at io.netty.util.concurrent.SingleThreadEventExecutor.confirmShutdown(SingleThreadEventExecutor.java:701)
	at io.netty.channel.nio.NioEventLoop.run(NioEventLoop.java:456)
	at io.netty.util.concurrent.SingleThreadEventExecutor$5.run(SingleThreadEventExecutor.java:884)
	at java.lang.Thread.run(Unknown Source)
2023-05-29 17:21:34.318 [main] WARN  com.obs.services.ObsClient - [OBS SDK Version=3.19.7];[Endpoint=https://obs.cn-southwest-2.myhuaweicloud.com:443/];[Access Mode=Virtul Hosting]
2023-05-29 17:21:54.666 [main] WARN  s.d.s.w.readers.parameter.ParameterDataTypeReader - Trying to infer dataType java.lang.String[]
2023-05-29 17:21:54.667 [main] WARN  s.d.s.w.readers.parameter.ParameterDataTypeReader - Trying to infer dataType java.lang.Integer[]
2023-05-29 17:21:58.287 [http-nio-9002-exec-2] WARN  net.oschina.j2cache.caffeine.CaffeineProvider - Caffeine cache [sysCache] not defined, using default.
2023-05-29 17:22:15.240 [http-nio-9002-exec-2] WARN  net.oschina.j2cache.caffeine.CaffeineProvider - Caffeine cache [userCache] not defined, using default.
2023-05-29 17:22:15.986 [http-nio-9002-exec-2] WARN  net.oschina.j2cache.caffeine.CaffeineProvider - Caffeine cache [userCache_system] not defined, using default.
2023-05-29 17:22:16.286 [http-nio-9002-exec-2] WARN  net.oschina.j2cache.caffeine.CaffeineProvider - Caffeine cache [userCache_system] not defined, using default.
2023-05-29 17:22:16.771 [http-nio-9002-exec-8] WARN  net.oschina.j2cache.caffeine.CaffeineProvider - Caffeine cache [corpCache] not defined, using default.
2023-05-29 17:22:23.829 [http-nio-9002-exec-2] WARN  net.oschina.j2cache.caffeine.CaffeineProvider - Caffeine cache [msgPcPoolCache] not defined, using default.
2023-05-29 17:36:32.579 [main] WARN  com.obs.services.ObsClient - [OBS SDK Version=3.19.7];[Endpoint=https://obs.cn-southwest-2.myhuaweicloud.com:443/];[Access Mode=Virtul Hosting]
2023-05-29 17:36:54.792 [main] WARN  s.d.s.w.readers.parameter.ParameterDataTypeReader - Trying to infer dataType java.lang.String[]
2023-05-29 17:36:54.793 [main] WARN  s.d.s.w.readers.parameter.ParameterDataTypeReader - Trying to infer dataType java.lang.Integer[]
2023-05-29 17:36:58.898 [http-nio-9002-exec-5] WARN  net.oschina.j2cache.caffeine.CaffeineProvider - Caffeine cache [sysCache] not defined, using default.
2023-05-29 17:37:22.001 [http-nio-9002-exec-8] WARN  net.oschina.j2cache.caffeine.CaffeineProvider - Caffeine cache [userCache] not defined, using default.
2023-05-29 17:37:22.693 [http-nio-9002-exec-8] WARN  net.oschina.j2cache.caffeine.CaffeineProvider - Caffeine cache [userCache_system] not defined, using default.
2023-05-29 17:37:22.954 [http-nio-9002-exec-8] WARN  net.oschina.j2cache.caffeine.CaffeineProvider - Caffeine cache [userCache_system] not defined, using default.
2023-05-29 17:37:23.431 [http-nio-9002-exec-1] WARN  net.oschina.j2cache.caffeine.CaffeineProvider - Caffeine cache [corpCache] not defined, using default.
2023-05-29 17:37:30.212 [http-nio-9002-exec-8] WARN  net.oschina.j2cache.caffeine.CaffeineProvider - Caffeine cache [msgPcPoolCache] not defined, using default.
2023-05-29 17:45:51.909 [main] WARN  com.obs.services.ObsClient - [OBS SDK Version=3.19.7];[Endpoint=https://obs.cn-southwest-2.myhuaweicloud.com:443/];[Access Mode=Virtul Hosting]
2023-05-29 17:46:10.742 [main] WARN  s.d.s.w.readers.parameter.ParameterDataTypeReader - Trying to infer dataType java.lang.String[]
2023-05-29 17:46:10.742 [main] WARN  s.d.s.w.readers.parameter.ParameterDataTypeReader - Trying to infer dataType java.lang.Integer[]
2023-05-29 17:46:29.924 [http-nio-9002-exec-1] WARN  net.oschina.j2cache.caffeine.CaffeineProvider - Caffeine cache [sysCache] not defined, using default.
2023-05-29 17:46:33.871 [http-nio-9002-exec-1] WARN  net.oschina.j2cache.caffeine.CaffeineProvider - Caffeine cache [userCache] not defined, using default.
2023-05-29 17:46:34.518 [http-nio-9002-exec-1] WARN  net.oschina.j2cache.caffeine.CaffeineProvider - Caffeine cache [userCache_system] not defined, using default.
2023-05-29 17:46:34.760 [http-nio-9002-exec-1] WARN  net.oschina.j2cache.caffeine.CaffeineProvider - Caffeine cache [userCache_system] not defined, using default.
2023-05-29 17:46:35.220 [http-nio-9002-exec-7] WARN  net.oschina.j2cache.caffeine.CaffeineProvider - Caffeine cache [corpCache] not defined, using default.
2023-05-29 17:46:41.659 [http-nio-9002-exec-1] WARN  net.oschina.j2cache.caffeine.CaffeineProvider - Caffeine cache [msgPcPoolCache] not defined, using default.
2023-05-29 17:48:41.503 [NettyClientSelector_1] WARN  io.netty.channel.ChannelInitializer - Failed to initialize a channel. Closing: [id: 0x64b23f3a]
java.util.concurrent.RejectedExecutionException: event executor terminated
	at io.netty.util.concurrent.SingleThreadEventExecutor.reject(SingleThreadEventExecutor.java:842)
	at io.netty.util.concurrent.SingleThreadEventExecutor.offerTask(SingleThreadEventExecutor.java:328)
	at io.netty.util.concurrent.SingleThreadEventExecutor.addTask(SingleThreadEventExecutor.java:321)
	at io.netty.util.concurrent.SingleThreadEventExecutor.execute(SingleThreadEventExecutor.java:765)
	at io.netty.channel.DefaultChannelPipeline.addLast(DefaultChannelPipeline.java:226)
	at io.netty.channel.DefaultChannelPipeline.addLast(DefaultChannelPipeline.java:409)
	at com.alibaba.rocketmq.remoting.netty.NettyRemotingClient$4.initChannel(NettyRemotingClient.java:294)
	at com.alibaba.rocketmq.remoting.netty.NettyRemotingClient$4.initChannel(NettyRemotingClient.java:291)
	at io.netty.channel.ChannelInitializer.initChannel(ChannelInitializer.java:115)
	at io.netty.channel.ChannelInitializer.handlerAdded(ChannelInitializer.java:107)
	at io.netty.channel.DefaultChannelPipeline.callHandlerAdded0(DefaultChannelPipeline.java:637)
	at io.netty.channel.DefaultChannelPipeline.access$000(DefaultChannelPipeline.java:46)
	at io.netty.channel.DefaultChannelPipeline$PendingHandlerAddedTask.execute(DefaultChannelPipeline.java:1487)
	at io.netty.channel.DefaultChannelPipeline.callHandlerAddedForAllHandlers(DefaultChannelPipeline.java:1161)
	at io.netty.channel.DefaultChannelPipeline.invokeHandlerAddedIfNeeded(DefaultChannelPipeline.java:686)
	at io.netty.channel.AbstractChannel$AbstractUnsafe.register0(AbstractChannel.java:510)
	at io.netty.channel.AbstractChannel$AbstractUnsafe.access$200(AbstractChannel.java:423)
	at io.netty.channel.AbstractChannel$AbstractUnsafe$1.run(AbstractChannel.java:482)
	at io.netty.util.concurrent.AbstractEventExecutor.safeExecute$$$capture(AbstractEventExecutor.java:163)
	at io.netty.util.concurrent.AbstractEventExecutor.safeExecute(AbstractEventExecutor.java)
	at io.netty.util.concurrent.SingleThreadEventExecutor.runAllTasks(SingleThreadEventExecutor.java:404)
	at io.netty.channel.nio.NioEventLoop.run(NioEventLoop.java:446)
	at io.netty.util.concurrent.SingleThreadEventExecutor$5.run(SingleThreadEventExecutor.java:884)
	at java.lang.Thread.run(Unknown Source)
2023-05-29 17:48:41.506 [NettyClientSelector_1] WARN  io.netty.channel.AbstractChannelHandlerContext - Failed to submit an exceptionCaught() event.
java.util.concurrent.RejectedExecutionException: event executor terminated
	at io.netty.util.concurrent.SingleThreadEventExecutor.reject(SingleThreadEventExecutor.java:842)
	at io.netty.util.concurrent.SingleThreadEventExecutor.offerTask(SingleThreadEventExecutor.java:328)
	at io.netty.util.concurrent.SingleThreadEventExecutor.addTask(SingleThreadEventExecutor.java:321)
	at io.netty.util.concurrent.SingleThreadEventExecutor.execute(SingleThreadEventExecutor.java:765)
	at io.netty.channel.AbstractChannelHandlerContext.invokeExceptionCaught(AbstractChannelHandlerContext.java:267)
	at io.netty.channel.AbstractChannelHandlerContext.fireExceptionCaught(AbstractChannelHandlerContext.java:256)
	at io.netty.channel.DefaultChannelPipeline$HeadContext.exceptionCaught(DefaultChannelPipeline.java:1401)
	at io.netty.channel.AbstractChannelHandlerContext.invokeExceptionCaught(AbstractChannelHandlerContext.java:285)
	at io.netty.channel.AbstractChannelHandlerContext.notifyHandlerException(AbstractChannelHandlerContext.java:850)
	at io.netty.channel.AbstractChannelHandlerContext.invokeChannelUnregistered(AbstractChannelHandlerContext.java:183)
	at io.netty.channel.AbstractChannelHandlerContext.invokeChannelUnregistered(AbstractChannelHandlerContext.java:167)
	at io.netty.channel.DefaultChannelPipeline.fireChannelUnregistered(DefaultChannelPipeline.java:865)
	at io.netty.channel.AbstractChannel$AbstractUnsafe$8.run(AbstractChannel.java:830)
	at io.netty.util.concurrent.AbstractEventExecutor.safeExecute$$$capture(AbstractEventExecutor.java:163)
	at io.netty.util.concurrent.AbstractEventExecutor.safeExecute(AbstractEventExecutor.java)
	at io.netty.util.concurrent.SingleThreadEventExecutor.runAllTasks(SingleThreadEventExecutor.java:404)
	at io.netty.channel.nio.NioEventLoop.run(NioEventLoop.java:446)
	at io.netty.util.concurrent.SingleThreadEventExecutor$5.run(SingleThreadEventExecutor.java:884)
	at java.lang.Thread.run(Unknown Source)
2023-05-29 17:48:41.506 [NettyClientSelector_1] WARN  io.netty.channel.AbstractChannelHandlerContext - The exceptionCaught() event that was failed to submit was:
java.util.concurrent.RejectedExecutionException: event executor terminated
	at io.netty.util.concurrent.SingleThreadEventExecutor.reject(SingleThreadEventExecutor.java:842)
	at io.netty.util.concurrent.SingleThreadEventExecutor.offerTask(SingleThreadEventExecutor.java:328)
	at io.netty.util.concurrent.SingleThreadEventExecutor.addTask(SingleThreadEventExecutor.java:321)
	at io.netty.util.concurrent.SingleThreadEventExecutor.execute(SingleThreadEventExecutor.java:765)
	at io.netty.channel.DefaultChannelPipeline.destroyUp(DefaultChannelPipeline.java:895)
	at io.netty.channel.DefaultChannelPipeline.destroy(DefaultChannelPipeline.java:880)
	at io.netty.channel.DefaultChannelPipeline.access$700(DefaultChannelPipeline.java:46)
	at io.netty.channel.DefaultChannelPipeline$HeadContext.channelUnregistered(DefaultChannelPipeline.java:1416)
	at io.netty.channel.AbstractChannelHandlerContext.invokeChannelUnregistered(AbstractChannelHandlerContext.java:181)
	at io.netty.channel.AbstractChannelHandlerContext.invokeChannelUnregistered(AbstractChannelHandlerContext.java:167)
	at io.netty.channel.DefaultChannelPipeline.fireChannelUnregistered(DefaultChannelPipeline.java:865)
	at io.netty.channel.AbstractChannel$AbstractUnsafe$8.run(AbstractChannel.java:830)
	at io.netty.util.concurrent.AbstractEventExecutor.safeExecute$$$capture(AbstractEventExecutor.java:163)
	at io.netty.util.concurrent.AbstractEventExecutor.safeExecute(AbstractEventExecutor.java)
	at io.netty.util.concurrent.SingleThreadEventExecutor.runAllTasks(SingleThreadEventExecutor.java:404)
	at io.netty.channel.nio.NioEventLoop.run(NioEventLoop.java:446)
	at io.netty.util.concurrent.SingleThreadEventExecutor$5.run(SingleThreadEventExecutor.java:884)
	at java.lang.Thread.run(Unknown Source)
2023-05-29 17:49:28.415 [main] WARN  com.obs.services.ObsClient - [OBS SDK Version=3.19.7];[Endpoint=https://obs.cn-southwest-2.myhuaweicloud.com:443/];[Access Mode=Virtul Hosting]
2023-05-29 17:49:54.849 [main] WARN  s.d.s.w.readers.parameter.ParameterDataTypeReader - Trying to infer dataType java.lang.String[]
2023-05-29 17:49:54.849 [main] WARN  s.d.s.w.readers.parameter.ParameterDataTypeReader - Trying to infer dataType java.lang.Integer[]
2023-05-29 17:49:58.143 [http-nio-9002-exec-2] WARN  net.oschina.j2cache.caffeine.CaffeineProvider - Caffeine cache [sysCache] not defined, using default.
2023-05-29 17:52:38.579 [http-nio-9002-exec-8] WARN  net.oschina.j2cache.caffeine.CaffeineProvider - Caffeine cache [userCache] not defined, using default.
2023-05-29 17:52:39.336 [http-nio-9002-exec-8] WARN  net.oschina.j2cache.caffeine.CaffeineProvider - Caffeine cache [userCache_system] not defined, using default.
2023-05-29 17:52:39.591 [http-nio-9002-exec-8] WARN  net.oschina.j2cache.caffeine.CaffeineProvider - Caffeine cache [userCache_system] not defined, using default.
2023-05-29 17:52:40.134 [http-nio-9002-exec-7] WARN  net.oschina.j2cache.caffeine.CaffeineProvider - Caffeine cache [corpCache] not defined, using default.
2023-05-29 17:52:47.013 [http-nio-9002-exec-8] WARN  net.oschina.j2cache.caffeine.CaffeineProvider - Caffeine cache [msgPcPoolCache] not defined, using default.
2023-05-29 18:12:29.612 [main] WARN  com.obs.services.ObsClient - [OBS SDK Version=3.19.7];[Endpoint=https://obs.cn-southwest-2.myhuaweicloud.com:443/];[Access Mode=Virtul Hosting]
2023-05-29 18:12:50.027 [main] WARN  s.d.s.w.readers.parameter.ParameterDataTypeReader - Trying to infer dataType java.lang.String[]
2023-05-29 18:12:50.027 [main] WARN  s.d.s.w.readers.parameter.ParameterDataTypeReader - Trying to infer dataType java.lang.Integer[]
2023-05-29 18:12:57.557 [http-nio-9002-exec-1] WARN  net.oschina.j2cache.caffeine.CaffeineProvider - Caffeine cache [sysCache] not defined, using default.
2023-05-29 18:13:01.727 [http-nio-9002-exec-1] WARN  net.oschina.j2cache.caffeine.CaffeineProvider - Caffeine cache [userCache] not defined, using default.
2023-05-29 18:13:02.386 [http-nio-9002-exec-1] WARN  net.oschina.j2cache.caffeine.CaffeineProvider - Caffeine cache [userCache_system] not defined, using default.
2023-05-29 18:13:02.654 [http-nio-9002-exec-1] WARN  net.oschina.j2cache.caffeine.CaffeineProvider - Caffeine cache [userCache_system] not defined, using default.
2023-05-29 18:13:03.133 [http-nio-9002-exec-10] WARN  net.oschina.j2cache.caffeine.CaffeineProvider - Caffeine cache [corpCache] not defined, using default.
2023-05-29 18:13:09.685 [http-nio-9002-exec-1] WARN  net.oschina.j2cache.caffeine.CaffeineProvider - Caffeine cache [msgPcPoolCache] not defined, using default.
2023-05-29 18:14:19.604 [NettyClientSelector_1] WARN  io.netty.channel.ChannelInitializer - Failed to initialize a channel. Closing: [id: 0x94984fa9]
java.util.concurrent.RejectedExecutionException: event executor terminated
	at io.netty.util.concurrent.SingleThreadEventExecutor.reject(SingleThreadEventExecutor.java:842)
	at io.netty.util.concurrent.SingleThreadEventExecutor.offerTask(SingleThreadEventExecutor.java:328)
	at io.netty.util.concurrent.SingleThreadEventExecutor.addTask(SingleThreadEventExecutor.java:321)
	at io.netty.util.concurrent.SingleThreadEventExecutor.execute(SingleThreadEventExecutor.java:765)
	at io.netty.channel.DefaultChannelPipeline.addLast(DefaultChannelPipeline.java:226)
	at io.netty.channel.DefaultChannelPipeline.addLast(DefaultChannelPipeline.java:409)
	at com.alibaba.rocketmq.remoting.netty.NettyRemotingClient$4.initChannel(NettyRemotingClient.java:294)
	at com.alibaba.rocketmq.remoting.netty.NettyRemotingClient$4.initChannel(NettyRemotingClient.java:291)
	at io.netty.channel.ChannelInitializer.initChannel(ChannelInitializer.java:115)
	at io.netty.channel.ChannelInitializer.handlerAdded(ChannelInitializer.java:107)
	at io.netty.channel.DefaultChannelPipeline.callHandlerAdded0(DefaultChannelPipeline.java:637)
	at io.netty.channel.DefaultChannelPipeline.access$000(DefaultChannelPipeline.java:46)
	at io.netty.channel.DefaultChannelPipeline$PendingHandlerAddedTask.execute(DefaultChannelPipeline.java:1487)
	at io.netty.channel.DefaultChannelPipeline.callHandlerAddedForAllHandlers(DefaultChannelPipeline.java:1161)
	at io.netty.channel.DefaultChannelPipeline.invokeHandlerAddedIfNeeded(DefaultChannelPipeline.java:686)
	at io.netty.channel.AbstractChannel$AbstractUnsafe.register0(AbstractChannel.java:510)
	at io.netty.channel.AbstractChannel$AbstractUnsafe.access$200(AbstractChannel.java:423)
	at io.netty.channel.AbstractChannel$AbstractUnsafe$1.run(AbstractChannel.java:482)
	at io.netty.util.concurrent.AbstractEventExecutor.safeExecute$$$capture(AbstractEventExecutor.java:163)
	at io.netty.util.concurrent.AbstractEventExecutor.safeExecute(AbstractEventExecutor.java)
	at io.netty.util.concurrent.SingleThreadEventExecutor.runAllTasks(SingleThreadEventExecutor.java:404)
	at io.netty.channel.nio.NioEventLoop.run(NioEventLoop.java:446)
	at io.netty.util.concurrent.SingleThreadEventExecutor$5.run(SingleThreadEventExecutor.java:884)
	at java.lang.Thread.run(Unknown Source)
2023-05-29 18:14:19.629 [NettyClientSelector_1] WARN  io.netty.channel.AbstractChannelHandlerContext - Failed to submit an exceptionCaught() event.
java.util.concurrent.RejectedExecutionException: event executor terminated
	at io.netty.util.concurrent.SingleThreadEventExecutor.reject(SingleThreadEventExecutor.java:842)
	at io.netty.util.concurrent.SingleThreadEventExecutor.offerTask(SingleThreadEventExecutor.java:328)
	at io.netty.util.concurrent.SingleThreadEventExecutor.addTask(SingleThreadEventExecutor.java:321)
	at io.netty.util.concurrent.SingleThreadEventExecutor.execute(SingleThreadEventExecutor.java:765)
	at io.netty.channel.AbstractChannelHandlerContext.invokeExceptionCaught(AbstractChannelHandlerContext.java:267)
	at io.netty.channel.AbstractChannelHandlerContext.fireExceptionCaught(AbstractChannelHandlerContext.java:256)
	at io.netty.channel.DefaultChannelPipeline$HeadContext.exceptionCaught(DefaultChannelPipeline.java:1401)
	at io.netty.channel.AbstractChannelHandlerContext.invokeExceptionCaught(AbstractChannelHandlerContext.java:285)
	at io.netty.channel.AbstractChannelHandlerContext.notifyHandlerException(AbstractChannelHandlerContext.java:850)
	at io.netty.channel.AbstractChannelHandlerContext.invokeChannelUnregistered(AbstractChannelHandlerContext.java:183)
	at io.netty.channel.AbstractChannelHandlerContext.invokeChannelUnregistered(AbstractChannelHandlerContext.java:167)
	at io.netty.channel.DefaultChannelPipeline.fireChannelUnregistered(DefaultChannelPipeline.java:865)
	at io.netty.channel.AbstractChannel$AbstractUnsafe$8.run(AbstractChannel.java:830)
	at io.netty.util.concurrent.AbstractEventExecutor.safeExecute$$$capture(AbstractEventExecutor.java:163)
	at io.netty.util.concurrent.AbstractEventExecutor.safeExecute(AbstractEventExecutor.java)
	at io.netty.util.concurrent.SingleThreadEventExecutor.runAllTasks(SingleThreadEventExecutor.java:404)
	at io.netty.channel.nio.NioEventLoop.run(NioEventLoop.java:446)
	at io.netty.util.concurrent.SingleThreadEventExecutor$5.run(SingleThreadEventExecutor.java:884)
	at java.lang.Thread.run(Unknown Source)
2023-05-29 18:14:19.630 [NettyClientSelector_1] WARN  io.netty.channel.AbstractChannelHandlerContext - The exceptionCaught() event that was failed to submit was:
java.util.concurrent.RejectedExecutionException: event executor terminated
	at io.netty.util.concurrent.SingleThreadEventExecutor.reject(SingleThreadEventExecutor.java:842)
	at io.netty.util.concurrent.SingleThreadEventExecutor.offerTask(SingleThreadEventExecutor.java:328)
	at io.netty.util.concurrent.SingleThreadEventExecutor.addTask(SingleThreadEventExecutor.java:321)
	at io.netty.util.concurrent.SingleThreadEventExecutor.execute(SingleThreadEventExecutor.java:765)
	at io.netty.channel.DefaultChannelPipeline.destroyUp(DefaultChannelPipeline.java:895)
	at io.netty.channel.DefaultChannelPipeline.destroy(DefaultChannelPipeline.java:880)
	at io.netty.channel.DefaultChannelPipeline.access$700(DefaultChannelPipeline.java:46)
	at io.netty.channel.DefaultChannelPipeline$HeadContext.channelUnregistered(DefaultChannelPipeline.java:1416)
	at io.netty.channel.AbstractChannelHandlerContext.invokeChannelUnregistered(AbstractChannelHandlerContext.java:181)
	at io.netty.channel.AbstractChannelHandlerContext.invokeChannelUnregistered(AbstractChannelHandlerContext.java:167)
	at io.netty.channel.DefaultChannelPipeline.fireChannelUnregistered(DefaultChannelPipeline.java:865)
	at io.netty.channel.AbstractChannel$AbstractUnsafe$8.run(AbstractChannel.java:830)
	at io.netty.util.concurrent.AbstractEventExecutor.safeExecute$$$capture(AbstractEventExecutor.java:163)
	at io.netty.util.concurrent.AbstractEventExecutor.safeExecute(AbstractEventExecutor.java)
	at io.netty.util.concurrent.SingleThreadEventExecutor.runAllTasks(SingleThreadEventExecutor.java:404)
	at io.netty.channel.nio.NioEventLoop.run(NioEventLoop.java:446)
	at io.netty.util.concurrent.SingleThreadEventExecutor$5.run(SingleThreadEventExecutor.java:884)
	at java.lang.Thread.run(Unknown Source)
2023-05-29 18:14:45.907 [main] WARN  com.obs.services.ObsClient - [OBS SDK Version=3.19.7];[Endpoint=https://obs.cn-southwest-2.myhuaweicloud.com:443/];[Access Mode=Virtul Hosting]
2023-05-29 18:15:06.199 [main] WARN  s.d.s.w.readers.parameter.ParameterDataTypeReader - Trying to infer dataType java.lang.String[]
2023-05-29 18:15:06.199 [main] WARN  s.d.s.w.readers.parameter.ParameterDataTypeReader - Trying to infer dataType java.lang.Integer[]
2023-05-29 18:15:15.283 [http-nio-9002-exec-10] WARN  net.oschina.j2cache.caffeine.CaffeineProvider - Caffeine cache [sysCache] not defined, using default.
2023-05-29 18:15:37.399 [http-nio-9002-exec-1] WARN  net.oschina.j2cache.caffeine.CaffeineProvider - Caffeine cache [userCache] not defined, using default.
2023-05-29 18:15:38.134 [http-nio-9002-exec-1] WARN  net.oschina.j2cache.caffeine.CaffeineProvider - Caffeine cache [userCache_system] not defined, using default.
2023-05-29 18:15:38.394 [http-nio-9002-exec-1] WARN  net.oschina.j2cache.caffeine.CaffeineProvider - Caffeine cache [userCache_system] not defined, using default.
2023-05-29 18:15:38.949 [http-nio-9002-exec-3] WARN  net.oschina.j2cache.caffeine.CaffeineProvider - Caffeine cache [corpCache] not defined, using default.
2023-05-29 18:15:45.760 [http-nio-9002-exec-1] WARN  net.oschina.j2cache.caffeine.CaffeineProvider - Caffeine cache [msgPcPoolCache] not defined, using default.
