#
# A fatal error has been detected by the Java Runtime Environment:
#
#  EXCEPTION_ACCESS_VIOLATION (0xc0000005) at pc=0x0000000010014ed4, pid=3632, tid=0x0000000000004d7c
#
# JRE version: Java(TM) SE Runtime Environment (8.0_281-b09) (build 1.8.0_281-b09)
# Java VM: Java HotSpot(TM) 64-Bit Server VM (25.281-b09 mixed mode windows-amd64 compressed oops)
# Problematic frame:
# C  [sigar-amd64-winnt.dll+0x14ed4]
#
# Failed to write core dump. Minidumps are not enabled by default on client versions of Windows
#
# If you would like to submit a bug report, please visit:
#   http://bugreport.java.com/bugreport/crash.jsp
# The crash happened outside the Java Virtual Machine in native code.
# See problematic frame for where to report the bug.
#

---------------  T H R E A D  ---------------

Current thread (0x000001d3f2624800):  JavaThread "main" [_thread_in_native, id=19836, stack(0x0000004fd8700000,0x0000004fd8800000)]

siginfo: ExceptionCode=0xc0000005, reading address 0xffffffff93ab0d88

Registers:
RAX=0xffffffff93ab0c50, RBX=0x000001d393814c98, RCX=0x0000000000000000, RDX=0x0000004fd87fa938
RSP=0x0000004fd87fa7b0, RBP=0x0000004fd87fa918, RSI=0x000001d3f0df0000, RDI=0x0000000000000000
R8 =0x0000000000000032, R9 =0x00000007c04bad10, R10=0x000001d3f260ab70, R11=0x0000004fd87fa740
R12=0x0000000000000000, R13=0x000001d393814c90, R14=0x0000004fd87fa938, R15=0x000001d3f2624800
RIP=0x0000000010014ed4, EFLAGS=0x0000000000010286

Top of Stack: (sp=0x0000004fd87fa7b0)
0x0000004fd87fa7b0:   000001d3f26249f8 0000004fd87fa938
0x0000004fd87fa7c0:   000001d3f2624800 000001d393814c90
0x0000004fd87fa7d0:   ffffffff93ab0c50 0000004fd87fa938
0x0000004fd87fa7e0:   0000004fd87fa918 0000000010022078
0x0000004fd87fa7f0:   000001d3f26249f8 0000004fd87fa938
0x0000004fd87fa800:   000001d3f0df0000 0000000000000000
0x0000004fd87fa810:   0000004fd87fa918 00000000646c2d7b
0x0000004fd87fa820:   000001d39065c130 0000000000000000
0x0000004fd87fa830:   000001d393814c98 000001d3f2624c10
0x0000004fd87fa840:   000001d393814c98 000001d3f2624800
0x0000004fd87fa850:   000001d393814c98 000001d3f2624800
0x0000004fd87fa860:   0000000000000000 000001d3f0df0000
0x0000004fd87fa870:   000001d393814c98 000001d380024921
0x0000004fd87fa880:   000001d393814c00 000001d393814c98
0x0000004fd87fa890:   000001d393814c98 000001d393814c98
0x0000004fd87fa8a0:   0000000000000000 000001d380024c47 

Instructions: (pc=0x0000000010014ed4)
0x0000000010014eb4:   7c 24 20 00 75 15 48 8d 15 df 58 04 00 48 8b 4c
0x0000000010014ec4:   24 40 e8 45 00 00 00 33 c0 eb 32 48 8b 44 24 20
0x0000000010014ed4:   83 b8 38 01 00 00 00 74 1f 48 8b 44 24 20 44 8b
0x0000000010014ee4:   80 38 01 00 00 48 8b 54 24 20 48 8b 4c 24 40 e8 


Register to memory mapping:

RAX=0xffffffff93ab0c50 is an unknown value
RBX={method} {0x000001d393814ca0} 'getCpuInfoList' '()[Lorg/hyperic/sigar/CpuInfo;' in 'org/hyperic/sigar/Sigar'
RCX=0x0000000000000000 is an unknown value
RDX=0x0000004fd87fa938 is pointing into the stack for thread: 0x000001d3f2624800
RSP=0x0000004fd87fa7b0 is pointing into the stack for thread: 0x000001d3f2624800
RBP=0x0000004fd87fa918 is pointing into the stack for thread: 0x000001d3f2624800
RSI=0x000001d3f0df0000 is an unknown value
RDI=0x0000000000000000 is an unknown value
R8 =0x0000000000000032 is an unknown value
R9 =0x00000007c04bad10 is pointing into metadata
R10=0x000001d3f260ab70 is an unknown value
R11=0x0000004fd87fa740 is pointing into the stack for thread: 0x000001d3f2624800
R12=0x0000000000000000 is an unknown value
R13=0x000001d393814c90 is pointing into metadata
R14=0x0000004fd87fa938 is pointing into the stack for thread: 0x000001d3f2624800
R15=0x000001d3f2624800 is a thread


Stack: [0x0000004fd8700000,0x0000004fd8800000],  sp=0x0000004fd87fa7b0,  free space=1001k
Native frames: (J=compiled Java code, j=interpreted, Vv=VM code, C=native code)
C  [sigar-amd64-winnt.dll+0x14ed4]
C  [sigar-amd64-winnt.dll+0x22078]
C  0x000001d380024c47

Java frames: (J=compiled Java code, j=interpreted, Vv=VM code)
j  org.hyperic.sigar.Sigar.getCpuInfoList()[Lorg/hyperic/sigar/CpuInfo;+0
j  com.jeesite.common.web.k.b.<clinit>()V+60
v  ~StubRoutines::call_stub
j  com.jeesite.common.shiro.u.G.byte()V+175
j  com.jeesite.common.shiro.u.G.<clinit>()V+11
v  ~StubRoutines::call_stub
j  com.jeesite.common.shiro.u.I.<init>(Lnet/oschina/j2cache/CacheChannel;)V+4
j  com.jeesite.autoconfigure.core.CacheAutoConfiguration.shiroCacheManager(Lnet/oschina/j2cache/CacheChannel;)Lcom/jeesite/common/shiro/u/F;+5
j  com.jeesite.autoconfigure.core.CacheAutoConfiguration$$EnhancerBySpringCGLIB$$b14d8186.CGLIB$shiroCacheManager$0(Lnet/oschina/j2cache/CacheChannel;)Lcom/jeesite/common/shiro/u/F;+2
j  com.jeesite.autoconfigure.core.CacheAutoConfiguration$$EnhancerBySpringCGLIB$$b14d8186$$FastClassBySpringCGLIB$$8ad399bc.invoke(ILjava/lang/Object;[Ljava/lang/Object;)Ljava/lang/Object;+180
j  org.springframework.cglib.proxy.MethodProxy.invokeSuper(Ljava/lang/Object;[Ljava/lang/Object;)Ljava/lang/Object;+19
j  org.springframework.context.annotation.ConfigurationClassEnhancer$BeanMethodInterceptor.intercept(Ljava/lang/Object;Ljava/lang/reflect/Method;[Ljava/lang/Object;Lorg/springframework/cglib/proxy/MethodProxy;)Ljava/lang/Object;+229
j  com.jeesite.autoconfigure.core.CacheAutoConfiguration$$EnhancerBySpringCGLIB$$b14d8186.shiroCacheManager(Lnet/oschina/j2cache/CacheChannel;)Lcom/jeesite/common/shiro/u/F;+36
v  ~StubRoutines::call_stub
J 1853  sun.reflect.NativeMethodAccessorImpl.invoke0(Ljava/lang/reflect/Method;Ljava/lang/Object;[Ljava/lang/Object;)Ljava/lang/Object; (0 bytes) @ 0x000001d38041b4ff [0x000001d38041b480+0x7f]
J 1852 C1 sun.reflect.NativeMethodAccessorImpl.invoke(Ljava/lang/Object;[Ljava/lang/Object;)Ljava/lang/Object; (104 bytes) @ 0x000001d38041ec9c [0x000001d38041e8a0+0x3fc]
J 983 C1 sun.reflect.DelegatingMethodAccessorImpl.invoke(Ljava/lang/Object;[Ljava/lang/Object;)Ljava/lang/Object; (10 bytes) @ 0x000001d3802b9bc4 [0x000001d3802b9b60+0x64]
J 982 C1 java.lang.reflect.Method.invoke(Ljava/lang/Object;[Ljava/lang/Object;)Ljava/lang/Object; (62 bytes) @ 0x000001d3802b979c [0x000001d3802b9660+0x13c]
j  org.springframework.beans.factory.support.SimpleInstantiationStrategy.instantiate(Lorg/springframework/beans/factory/support/RootBeanDefinition;Ljava/lang/String;Lorg/springframework/beans/factory/BeanFactory;Ljava/lang/Object;Ljava/lang/reflect/Method;[Ljava/lang/Object;)Ljava/lang/Object;+50
j  org.springframework.beans.factory.support.ConstructorResolver.instantiateUsingFactoryMethod(Ljava/lang/String;Lorg/springframework/beans/factory/support/RootBeanDefinition;[Ljava/lang/Object;)Lorg/springframework/beans/BeanWrapper;+1390
j  org.springframework.beans.factory.support.AbstractAutowireCapableBeanFactory.instantiateUsingFactoryMethod(Ljava/lang/String;Lorg/springframework/beans/factory/support/RootBeanDefinition;[Ljava/lang/Object;)Lorg/springframework/beans/BeanWrapper;+11
j  org.springframework.beans.factory.support.AbstractAutowireCapableBeanFactory.createBeanInstance(Ljava/lang/String;Lorg/springframework/beans/factory/support/RootBeanDefinition;[Ljava/lang/Object;)Lorg/springframework/beans/BeanWrapper;+101
j  org.springframework.beans.factory.support.AbstractAutowireCapableBeanFactory.doCreateBean(Ljava/lang/String;Lorg/springframework/beans/factory/support/RootBeanDefinition;[Ljava/lang/Object;)Ljava/lang/Object;+34
j  org.springframework.beans.factory.support.AbstractAutowireCapableBeanFactory.createBean(Ljava/lang/String;Lorg/springframework/beans/factory/support/RootBeanDefinition;[Ljava/lang/Object;)Ljava/lang/Object;+169
j  org.springframework.beans.factory.support.AbstractBeanFactory.lambda$doGetBean$0(Ljava/lang/String;Lorg/springframework/beans/factory/support/RootBeanDefinition;[Ljava/lang/Object;)Ljava/lang/Object;+4
j  org.springframework.beans.factory.support.AbstractBeanFactory$$Lambda$163.getObject()Ljava/lang/Object;+16
j  org.springframework.beans.factory.support.DefaultSingletonBeanRegistry.getSingleton(Ljava/lang/String;Lorg/springframework/beans/factory/ObjectFactory;)Ljava/lang/Object;+132
J 3010 C1 org.springframework.beans.factory.support.AbstractBeanFactory.doGetBean(Ljava/lang/String;Ljava/lang/Class;[Ljava/lang/Object;Z)Ljava/lang/Object; (819 bytes) @ 0x000001d3806a3d0c [0x000001d3806a3720+0x5ec]
j  org.springframework.beans.factory.support.AbstractBeanFactory.getBean(Ljava/lang/String;)Ljava/lang/Object;+5
j  org.springframework.beans.factory.config.DependencyDescriptor.resolveCandidate(Ljava/lang/String;Ljava/lang/Class;Lorg/springframework/beans/factory/BeanFactory;)Ljava/lang/Object;+2
j  org.springframework.beans.factory.support.DefaultListableBeanFactory.doResolveDependency(Lorg/springframework/beans/factory/config/DependencyDescriptor;Ljava/lang/String;Ljava/util/Set;Lorg/springframework/beans/TypeConverter;)Ljava/lang/Object;+410
j  org.springframework.beans.factory.support.DefaultListableBeanFactory.resolveDependency(Lorg/springframework/beans/factory/config/DependencyDescriptor;Ljava/lang/String;Ljava/util/Set;Lorg/springframework/beans/TypeConverter;)Ljava/lang/Object;+106
j  org.springframework.beans.factory.support.ConstructorResolver.resolveAutowiredArgument(Lorg/springframework/core/MethodParameter;Ljava/lang/String;Ljava/util/Set;Lorg/springframework/beans/TypeConverter;)Ljava/lang/Object;+75
j  org.springframework.beans.factory.support.ConstructorResolver.createArgumentArray(Ljava/lang/String;Lorg/springframework/beans/factory/support/RootBeanDefinition;Lorg/springframework/beans/factory/config/ConstructorArgumentValues;Lorg/springframework/beans/BeanWrapper;[Ljava/lang/Class;[Ljava/lang/String;Ljava/lang/reflect/Executable;Z)Lorg/springframework/beans/factory/support/ConstructorResolver$ArgumentsHolder;+432
j  org.springframework.beans.factory.support.ConstructorResolver.instantiateUsingFactoryMethod(Ljava/lang/String;Lorg/springframework/beans/factory/support/RootBeanDefinition;[Ljava/lang/Object;)Lorg/springframework/beans/BeanWrapper;+551
j  org.springframework.beans.factory.support.AbstractAutowireCapableBeanFactory.instantiateUsingFactoryMethod(Ljava/lang/String;Lorg/springframework/beans/factory/support/RootBeanDefinition;[Ljava/lang/Object;)Lorg/springframework/beans/BeanWrapper;+11
j  org.springframework.beans.factory.support.AbstractAutowireCapableBeanFactory.createBeanInstance(Ljava/lang/String;Lorg/springframework/beans/factory/support/RootBeanDefinition;[Ljava/lang/Object;)Lorg/springframework/beans/BeanWrapper;+101
j  org.springframework.beans.factory.support.AbstractAutowireCapableBeanFactory.doCreateBean(Ljava/lang/String;Lorg/springframework/beans/factory/support/RootBeanDefinition;[Ljava/lang/Object;)Ljava/lang/Object;+34
j  org.springframework.beans.factory.support.AbstractAutowireCapableBeanFactory.createBean(Ljava/lang/String;Lorg/springframework/beans/factory/support/RootBeanDefinition;[Ljava/lang/Object;)Ljava/lang/Object;+169
j  org.springframework.beans.factory.support.AbstractBeanFactory.lambda$doGetBean$0(Ljava/lang/String;Lorg/springframework/beans/factory/support/RootBeanDefinition;[Ljava/lang/Object;)Ljava/lang/Object;+4
j  org.springframework.beans.factory.support.AbstractBeanFactory$$Lambda$163.getObject()Ljava/lang/Object;+16
j  org.springframework.beans.factory.support.DefaultSingletonBeanRegistry.getSingleton(Ljava/lang/String;Lorg/springframework/beans/factory/ObjectFactory;)Ljava/lang/Object;+132
J 3010 C1 org.springframework.beans.factory.support.AbstractBeanFactory.doGetBean(Ljava/lang/String;Ljava/lang/Class;[Ljava/lang/Object;Z)Ljava/lang/Object; (819 bytes) @ 0x000001d3806a3d0c [0x000001d3806a3720+0x5ec]
j  org.springframework.beans.factory.support.AbstractBeanFactory.getBean(Ljava/lang/String;)Ljava/lang/Object;+5
j  org.springframework.beans.factory.config.DependencyDescriptor.resolveCandidate(Ljava/lang/String;Ljava/lang/Class;Lorg/springframework/beans/factory/BeanFactory;)Ljava/lang/Object;+2
j  org.springframework.beans.factory.support.DefaultListableBeanFactory.doResolveDependency(Lorg/springframework/beans/factory/config/DependencyDescriptor;Ljava/lang/String;Ljava/util/Set;Lorg/springframework/beans/TypeConverter;)Ljava/lang/Object;+410
j  org.springframework.beans.factory.support.DefaultListableBeanFactory.resolveDependency(Lorg/springframework/beans/factory/config/DependencyDescriptor;Ljava/lang/String;Ljava/util/Set;Lorg/springframework/beans/TypeConverter;)Ljava/lang/Object;+106
j  org.springframework.beans.factory.support.ConstructorResolver.resolveAutowiredArgument(Lorg/springframework/core/MethodParameter;Ljava/lang/String;Ljava/util/Set;Lorg/springframework/beans/TypeConverter;)Ljava/lang/Object;+75
j  org.springframework.beans.factory.support.ConstructorResolver.createArgumentArray(Ljava/lang/String;Lorg/springframework/beans/factory/support/RootBeanDefinition;Lorg/springframework/beans/factory/config/ConstructorArgumentValues;Lorg/springframework/beans/BeanWrapper;[Ljava/lang/Class;[Ljava/lang/String;Ljava/lang/reflect/Executable;Z)Lorg/springframework/beans/factory/support/ConstructorResolver$ArgumentsHolder;+432
j  org.springframework.beans.factory.support.ConstructorResolver.instantiateUsingFactoryMethod(Ljava/lang/String;Lorg/springframework/beans/factory/support/RootBeanDefinition;[Ljava/lang/Object;)Lorg/springframework/beans/BeanWrapper;+551
j  org.springframework.beans.factory.support.AbstractAutowireCapableBeanFactory.instantiateUsingFactoryMethod(Ljava/lang/String;Lorg/springframework/beans/factory/support/RootBeanDefinition;[Ljava/lang/Object;)Lorg/springframework/beans/BeanWrapper;+11
j  org.springframework.beans.factory.support.AbstractAutowireCapableBeanFactory.createBeanInstance(Ljava/lang/String;Lorg/springframework/beans/factory/support/RootBeanDefinition;[Ljava/lang/Object;)Lorg/springframework/beans/BeanWrapper;+101
j  org.springframework.beans.factory.support.AbstractAutowireCapableBeanFactory.getSingletonFactoryBeanForTypeCheck(Ljava/lang/String;Lorg/springframework/beans/factory/support/RootBeanDefinition;)Lorg/springframework/beans/factory/FactoryBean;+116
j  org.springframework.beans.factory.support.AbstractAutowireCapableBeanFactory.getTypeForFactoryBean(Ljava/lang/String;Lorg/springframework/beans/factory/support/RootBeanDefinition;)Ljava/lang/Class;+91
J 2983 C1 org.springframework.beans.factory.support.AbstractBeanFactory.isTypeMatch(Ljava/lang/String;Lorg/springframework/core/ResolvableType;)Z (510 bytes) @ 0x000001d380690a94 [0x000001d3806902e0+0x7b4]
J 2986 C1 org.springframework.beans.factory.support.DefaultListableBeanFactory.doGetBeanNamesForType(Lorg/springframework/core/ResolvableType;ZZ)[Ljava/lang/String; (593 bytes) @ 0x000001d38069430c [0x000001d380693c00+0x70c]
J 2248 C1 org.springframework.beans.factory.support.DefaultListableBeanFactory.getBeanNamesForType(Ljava/lang/Class;ZZ)[Ljava/lang/String; (101 bytes) @ 0x000001d3805304b4 [0x000001d3805301c0+0x2f4]
j  org.springframework.beans.factory.BeanFactoryUtils.beanNamesForTypeIncludingAncestors(Lorg/springframework/beans/factory/ListableBeanFactory;Ljava/lang/Class;ZZ)[Ljava/lang/String;+10
j  org.springframework.beans.factory.support.DefaultListableBeanFactory.findAutowireCandidates(Ljava/lang/String;Ljava/lang/Class;Lorg/springframework/beans/factory/config/DependencyDescriptor;)Ljava/util/Map;+7
j  org.springframework.beans.factory.support.DefaultListableBeanFactory.doResolveDependency(Lorg/springframework/beans/factory/config/DependencyDescriptor;Ljava/lang/String;Ljava/util/Set;Lorg/springframework/beans/TypeConverter;)Ljava/lang/Object;+207
j  org.springframework.beans.factory.support.DefaultListableBeanFactory.resolveDependency(Lorg/springframework/beans/factory/config/DependencyDescriptor;Ljava/lang/String;Ljava/util/Set;Lorg/springframework/beans/TypeConverter;)Ljava/lang/Object;+106
j  org.springframework.beans.factory.support.ConstructorResolver.resolveAutowiredArgument(Lorg/springframework/core/MethodParameter;Ljava/lang/String;Ljava/util/Set;Lorg/springframework/beans/TypeConverter;)Ljava/lang/Object;+75
j  org.springframework.beans.factory.support.ConstructorResolver.createArgumentArray(Ljava/lang/String;Lorg/springframework/beans/factory/support/RootBeanDefinition;Lorg/springframework/beans/factory/config/ConstructorArgumentValues;Lorg/springframework/beans/BeanWrapper;[Ljava/lang/Class;[Ljava/lang/String;Ljava/lang/reflect/Executable;Z)Lorg/springframework/beans/factory/support/ConstructorResolver$ArgumentsHolder;+432
j  org.springframework.beans.factory.support.ConstructorResolver.instantiateUsingFactoryMethod(Ljava/lang/String;Lorg/springframework/beans/factory/support/RootBeanDefinition;[Ljava/lang/Object;)Lorg/springframework/beans/BeanWrapper;+551
j  org.springframework.beans.factory.support.AbstractAutowireCapableBeanFactory.instantiateUsingFactoryMethod(Ljava/lang/String;Lorg/springframework/beans/factory/support/RootBeanDefinition;[Ljava/lang/Object;)Lorg/springframework/beans/BeanWrapper;+11
j  org.springframework.beans.factory.support.AbstractAutowireCapableBeanFactory.createBeanInstance(Ljava/lang/String;Lorg/springframework/beans/factory/support/RootBeanDefinition;[Ljava/lang/Object;)Lorg/springframework/beans/BeanWrapper;+101
j  org.springframework.beans.factory.support.AbstractAutowireCapableBeanFactory.doCreateBean(Ljava/lang/String;Lorg/springframework/beans/factory/support/RootBeanDefinition;[Ljava/lang/Object;)Ljava/lang/Object;+34
j  org.springframework.beans.factory.support.AbstractAutowireCapableBeanFactory.createBean(Ljava/lang/String;Lorg/springframework/beans/factory/support/RootBeanDefinition;[Ljava/lang/Object;)Ljava/lang/Object;+169
j  org.springframework.beans.factory.support.AbstractBeanFactory.lambda$doGetBean$0(Ljava/lang/String;Lorg/springframework/beans/factory/support/RootBeanDefinition;[Ljava/lang/Object;)Ljava/lang/Object;+4
j  org.springframework.beans.factory.support.AbstractBeanFactory$$Lambda$163.getObject()Ljava/lang/Object;+16
j  org.springframework.beans.factory.support.DefaultSingletonBeanRegistry.getSingleton(Ljava/lang/String;Lorg/springframework/beans/factory/ObjectFactory;)Ljava/lang/Object;+132
J 3010 C1 org.springframework.beans.factory.support.AbstractBeanFactory.doGetBean(Ljava/lang/String;Ljava/lang/Class;[Ljava/lang/Object;Z)Ljava/lang/Object; (819 bytes) @ 0x000001d3806a3d0c [0x000001d3806a3720+0x5ec]
J 2897 C1 org.springframework.beans.factory.support.AbstractBeanFactory.getBean(Ljava/lang/String;Ljava/lang/Class;)Ljava/lang/Object; (9 bytes) @ 0x000001d380664184 [0x000001d380664120+0x64]
j  org.springframework.context.support.PostProcessorRegistrationDelegate.registerBeanPostProcessors(Lorg/springframework/beans/factory/config/ConfigurableListableBeanFactory;Lorg/springframework/context/support/AbstractApplicationContext;)V+257
j  org.springframework.context.support.AbstractApplicationContext.registerBeanPostProcessors(Lorg/springframework/beans/factory/config/ConfigurableListableBeanFactory;)V+2
j  org.springframework.context.support.AbstractApplicationContext.refresh()V+33
j  org.springframework.boot.web.servlet.context.ServletWebServerApplicationContext.refresh()V+1
j  org.springframework.boot.SpringApplication.refresh(Lorg/springframework/context/ApplicationContext;)V+10
j  org.springframework.boot.SpringApplication.refreshContext(Lorg/springframework/context/ConfigurableApplicationContext;)V+2
j  org.springframework.boot.SpringApplication.run([Ljava/lang/String;)Lorg/springframework/context/ConfigurableApplicationContext;+118
j  org.springframework.boot.SpringApplication.run([Ljava/lang/Class;[Ljava/lang/String;)Lorg/springframework/context/ConfigurableApplicationContext;+9
j  org.springframework.boot.SpringApplication.run(Ljava/lang/Class;[Ljava/lang/String;)Lorg/springframework/context/ConfigurableApplicationContext;+9
j  com.jeesite.modules.Application.main([Ljava/lang/String;)V+3
v  ~StubRoutines::call_stub

---------------  P R O C E S S  ---------------

Java Threads: ( => current thread )
  0x000001d390b3e000 JavaThread "logback-2" daemon [_thread_blocked, id=19796, stack(0x0000004fda300000,0x0000004fda400000)]
  0x000001d3900c6800 JavaThread "logback-1" daemon [_thread_blocked, id=23036, stack(0x0000004fda200000,0x0000004fda300000)]
  0x000001d39069b800 JavaThread "RMI Scheduler(0)" daemon [_thread_blocked, id=17536, stack(0x0000004fda100000,0x0000004fda200000)]
  0x000001d390584800 JavaThread "RMI TCP Connection(1)-192.168.0.77" daemon [_thread_in_native, id=22848, stack(0x0000004fda000000,0x0000004fda100000)]
  0x000001d3902b8800 JavaThread "RMI TCP Accept-0" daemon [_thread_in_native, id=29468, stack(0x0000004fd9d00000,0x0000004fd9e00000)]
  0x000001d38f29b800 JavaThread "Service Thread" daemon [_thread_blocked, id=25904, stack(0x0000004fd9c00000,0x0000004fd9d00000)]
  0x000001d38f283800 JavaThread "C1 CompilerThread3" daemon [_thread_blocked, id=29180, stack(0x0000004fd9b00000,0x0000004fd9c00000)]
  0x000001d38f273800 JavaThread "C2 CompilerThread2" daemon [_thread_blocked, id=28036, stack(0x0000004fd9a00000,0x0000004fd9b00000)]
  0x000001d38f273000 JavaThread "C2 CompilerThread1" daemon [_thread_blocked, id=29692, stack(0x0000004fd9900000,0x0000004fd9a00000)]
  0x000001d3fe57e800 JavaThread "C2 CompilerThread0" daemon [_thread_blocked, id=3780, stack(0x0000004fd9800000,0x0000004fd9900000)]
  0x000001d3fe57c800 JavaThread "JDWP Command Reader" daemon [_thread_in_native, id=6176, stack(0x0000004fd9700000,0x0000004fd9800000)]
  0x000001d3fe57a800 JavaThread "JDWP Event Helper Thread" daemon [_thread_blocked, id=23264, stack(0x0000004fd9600000,0x0000004fd9700000)]
  0x000001d3fe567000 JavaThread "JDWP Transport Listener: dt_socket" daemon [_thread_blocked, id=25448, stack(0x0000004fd9500000,0x0000004fd9600000)]
  0x000001d3fe53f800 JavaThread "Attach Listener" daemon [_thread_blocked, id=26456, stack(0x0000004fd9400000,0x0000004fd9500000)]
  0x000001d3fe555800 JavaThread "Signal Dispatcher" daemon [_thread_blocked, id=19036, stack(0x0000004fd9300000,0x0000004fd9400000)]
  0x000001d3f26a5800 JavaThread "Finalizer" daemon [_thread_blocked, id=28360, stack(0x0000004fd9200000,0x0000004fd9300000)]
  0x000001d3fe518000 JavaThread "Reference Handler" daemon [_thread_blocked, id=15720, stack(0x0000004fd9100000,0x0000004fd9200000)]
=>0x000001d3f2624800 JavaThread "main" [_thread_in_native, id=19836, stack(0x0000004fd8700000,0x0000004fd8800000)]

Other Threads:
  0x000001d3fe4f5000 VMThread [stack: 0x0000004fd9000000,0x0000004fd9100000] [id=22288]
  0x000001d3902d3000 WatcherThread [stack: 0x0000004fd9e00000,0x0000004fd9f00000] [id=14356]

VM state:not at safepoint (normal execution)

VM Mutex/Monitor currently owned by a thread: None

heap address: 0x00000006c2000000, size: 4064 MB, Compressed Oops mode: Zero based, Oop shift amount: 3
Narrow klass base: 0x0000000000000000, Narrow klass shift: 3
Compressed class space size: 1073741824 Address: 0x00000007c0000000

Heap:
 PSYoungGen      total 253952K, used 20450K [0x000000076b580000, 0x000000077c400000, 0x00000007c0000000)
  eden space 235520K, 8% used [0x000000076b580000,0x000000076c978b80,0x0000000779b80000)
  from space 18432K, 0% used [0x000000077ad80000,0x000000077ad80000,0x000000077bf80000)
  to   space 18432K, 0% used [0x0000000779b80000,0x0000000779b80000,0x000000077ad80000)
 ParOldGen       total 164352K, used 26069K [0x00000006c2000000, 0x00000006cc080000, 0x000000076b580000)
  object space 164352K, 15% used [0x00000006c2000000,0x00000006c3975558,0x00000006cc080000)
 Metaspace       used 35857K, capacity 37092K, committed 37296K, reserved 1081344K
  class space    used 4741K, capacity 5020K, committed 5040K, reserved 1048576K

Card table byte_map: [0x000001d3f4400000,0x000001d3f4c00000] byte_map_base: 0x000001d3f0df0000

Marking Bits: (ParMarkBitMap*) 0x0000000064de6ff0
 Begin Bits: [0x000001d3f5150000, 0x000001d3f90d0000)
 End Bits:   [0x000001d3f90d0000, 0x000001d3fd050000)

Polling page: 0x000001d3f3fe0000

CodeCache: size=245760Kb used=8798Kb max_used=8798Kb free=236961Kb
 bounds [0x000001d380000000, 0x000001d3808a0000, 0x000001d38f000000]
 total_blobs=4452 nmethods=3982 adapters=388
 compilation: enabled

Compilation events (10 events):
Event: 7.530 Thread 0x000001d38f283800 3983       1       java.lang.Integer::formatUnsignedInt (48 bytes)
Event: 7.530 Thread 0x000001d38f283800 nmethod 3983 0x000001d380896590 code [0x000001d380896700, 0x000001d380896898]
Event: 7.530 Thread 0x000001d38f283800 3981       1       java.lang.Integer::toHexString (6 bytes)
Event: 7.530 Thread 0x000001d38f283800 nmethod 3981 0x000001d380896a50 code [0x000001d380896ba0, 0x000001d380896cd0]
Event: 7.530 Thread 0x000001d38f283800 3982       1       java.lang.Integer::toUnsignedString0 (46 bytes)
Event: 7.530 Thread 0x000001d38f283800 nmethod 3982 0x000001d380896d50 code [0x000001d380896ec0, 0x000001d380897160]
Event: 7.597 Thread 0x000001d38f283800 3984       1       org.hyperic.jni.ArchLoader::getJarName (5 bytes)
Event: 7.597 Thread 0x000001d38f283800 nmethod 3984 0x000001d380897290 code [0x000001d3808973e0, 0x000001d3808974f8]
Event: 7.597 Thread 0x000001d38f283800 3985       1       java.lang.StringBuilder::insert (9 bytes)
Event: 7.597 Thread 0x000001d38f283800 nmethod 3985 0x000001d380897550 code [0x000001d3808976a0, 0x000001d3808977f0]

GC Heap History (10 events):
Event: 4.520 GC heap before
{Heap before GC invocations=8 (full 1):
 PSYoungGen      total 112640K, used 112626K [0x000000076b580000, 0x0000000773280000, 0x00000007c0000000)
  eden space 103936K, 100% used [0x000000076b580000,0x0000000771b00000,0x0000000771b00000)
  from space 8704K, 99% used [0x0000000772500000,0x0000000772d7cbe0,0x0000000772d80000)
  to   space 10240K, 0% used [0x0000000771b00000,0x0000000771b00000,0x0000000772500000)
 ParOldGen       total 94720K, used 7769K [0x00000006c2000000, 0x00000006c7c80000, 0x000000076b580000)
  object space 94720K, 8% used [0x00000006c2000000,0x00000006c2796648,0x00000006c7c80000)
 Metaspace       used 25434K, capacity 26372K, committed 26672K, reserved 1073152K
  class space    used 3328K, capacity 3542K, committed 3632K, reserved 1048576K
Event: 4.532 GC heap after
Heap after GC invocations=8 (full 1):
 PSYoungGen      total 114176K, used 10240K [0x000000076b580000, 0x0000000777b00000, 0x00000007c0000000)
  eden space 103936K, 0% used [0x000000076b580000,0x000000076b580000,0x0000000771b00000)
  from space 10240K, 100% used [0x0000000771b00000,0x0000000772500000,0x0000000772500000)
  to   space 14848K, 0% used [0x0000000776c80000,0x0000000776c80000,0x0000000777b00000)
 ParOldGen       total 94720K, used 14844K [0x00000006c2000000, 0x00000006c7c80000, 0x000000076b580000)
  object space 94720K, 15% used [0x00000006c2000000,0x00000006c2e7f200,0x00000006c7c80000)
 Metaspace       used 25434K, capacity 26372K, committed 26672K, reserved 1073152K
  class space    used 3328K, capacity 3542K, committed 3632K, reserved 1048576K
}
Event: 5.195 GC heap before
{Heap before GC invocations=9 (full 1):
 PSYoungGen      total 114176K, used 114176K [0x000000076b580000, 0x0000000777b00000, 0x00000007c0000000)
  eden space 103936K, 100% used [0x000000076b580000,0x0000000771b00000,0x0000000771b00000)
  from space 10240K, 100% used [0x0000000771b00000,0x0000000772500000,0x0000000772500000)
  to   space 14848K, 0% used [0x0000000776c80000,0x0000000776c80000,0x0000000777b00000)
 ParOldGen       total 94720K, used 14844K [0x00000006c2000000, 0x00000006c7c80000, 0x000000076b580000)
  object space 94720K, 15% used [0x00000006c2000000,0x00000006c2e7f200,0x00000006c7c80000)
 Metaspace       used 29080K, capacity 30100K, committed 30256K, reserved 1075200K
  class space    used 3834K, capacity 4062K, committed 4144K, reserved 1048576K
Event: 5.205 GC heap after
Heap after GC invocations=9 (full 1):
 PSYoungGen      total 184832K, used 14828K [0x000000076b580000, 0x0000000777f80000, 0x00000007c0000000)
  eden space 169984K, 0% used [0x000000076b580000,0x000000076b580000,0x0000000775b80000)
  from space 14848K, 99% used [0x0000000776c80000,0x0000000777afb2f0,0x0000000777b00000)
  to   space 17408K, 0% used [0x0000000775b80000,0x0000000775b80000,0x0000000776c80000)
 ParOldGen       total 94720K, used 15974K [0x00000006c2000000, 0x00000006c7c80000, 0x000000076b580000)
  object space 94720K, 16% used [0x00000006c2000000,0x00000006c2f999e0,0x00000006c7c80000)
 Metaspace       used 29080K, capacity 30100K, committed 30256K, reserved 1075200K
  class space    used 3834K, capacity 4062K, committed 4144K, reserved 1048576K
}
Event: 6.114 GC heap before
{Heap before GC invocations=10 (full 1):
 PSYoungGen      total 184832K, used 184812K [0x000000076b580000, 0x0000000777f80000, 0x00000007c0000000)
  eden space 169984K, 100% used [0x000000076b580000,0x0000000775b80000,0x0000000775b80000)
  from space 14848K, 99% used [0x0000000776c80000,0x0000000777afb2f0,0x0000000777b00000)
  to   space 17408K, 0% used [0x0000000775b80000,0x0000000775b80000,0x0000000776c80000)
 ParOldGen       total 94720K, used 15974K [0x00000006c2000000, 0x00000006c7c80000, 0x000000076b580000)
  object space 94720K, 16% used [0x00000006c2000000,0x00000006c2f999e0,0x00000006c7c80000)
 Metaspace       used 33027K, capacity 34136K, committed 34352K, reserved 1079296K
  class space    used 4402K, capacity 4650K, committed 4656K, reserved 1048576K
Event: 6.126 GC heap after
Heap after GC invocations=10 (full 1):
 PSYoungGen      total 187392K, used 14093K [0x000000076b580000, 0x000000077bf80000, 0x00000007c0000000)
  eden space 169984K, 0% used [0x000000076b580000,0x000000076b580000,0x0000000775b80000)
  from space 17408K, 80% used [0x0000000775b80000,0x0000000776943470,0x0000000776c80000)
  to   space 18432K, 0% used [0x000000077ad80000,0x000000077ad80000,0x000000077bf80000)
 ParOldGen       total 94720K, used 21601K [0x00000006c2000000, 0x00000006c7c80000, 0x000000076b580000)
  object space 94720K, 22% used [0x00000006c2000000,0x00000006c3518780,0x00000006c7c80000)
 Metaspace       used 33027K, capacity 34136K, committed 34352K, reserved 1079296K
  class space    used 4402K, capacity 4650K, committed 4656K, reserved 1048576K
}
Event: 6.332 GC heap before
{Heap before GC invocations=11 (full 1):
 PSYoungGen      total 187392K, used 39989K [0x000000076b580000, 0x000000077bf80000, 0x00000007c0000000)
  eden space 169984K, 15% used [0x000000076b580000,0x000000076ceca2e8,0x0000000775b80000)
  from space 17408K, 80% used [0x0000000775b80000,0x0000000776943470,0x0000000776c80000)
  to   space 18432K, 0% used [0x000000077ad80000,0x000000077ad80000,0x000000077bf80000)
 ParOldGen       total 94720K, used 21601K [0x00000006c2000000, 0x00000006c7c80000, 0x000000076b580000)
  object space 94720K, 22% used [0x00000006c2000000,0x00000006c3518780,0x00000006c7c80000)
 Metaspace       used 34143K, capacity 35412K, committed 35496K, reserved 1079296K
  class space    used 4559K, capacity 4852K, committed 4912K, reserved 1048576K
Event: 6.338 GC heap after
Heap after GC invocations=11 (full 1):
 PSYoungGen      total 253952K, used 5783K [0x000000076b580000, 0x000000077c400000, 0x00000007c0000000)
  eden space 235520K, 0% used [0x000000076b580000,0x000000076b580000,0x0000000779b80000)
  from space 18432K, 31% used [0x000000077ad80000,0x000000077b325f78,0x000000077bf80000)
  to   space 18432K, 0% used [0x0000000779b80000,0x0000000779b80000,0x000000077ad80000)
 ParOldGen       total 94720K, used 28028K [0x00000006c2000000, 0x00000006c7c80000, 0x000000076b580000)
  object space 94720K, 29% used [0x00000006c2000000,0x00000006c3b5f380,0x00000006c7c80000)
 Metaspace       used 34143K, capacity 35412K, committed 35496K, reserved 1079296K
  class space    used 4559K, capacity 4852K, committed 4912K, reserved 1048576K
}
Event: 6.338 GC heap before
{Heap before GC invocations=12 (full 2):
 PSYoungGen      total 253952K, used 5783K [0x000000076b580000, 0x000000077c400000, 0x00000007c0000000)
  eden space 235520K, 0% used [0x000000076b580000,0x000000076b580000,0x0000000779b80000)
  from space 18432K, 31% used [0x000000077ad80000,0x000000077b325f78,0x000000077bf80000)
  to   space 18432K, 0% used [0x0000000779b80000,0x0000000779b80000,0x000000077ad80000)
 ParOldGen       total 94720K, used 28028K [0x00000006c2000000, 0x00000006c7c80000, 0x000000076b580000)
  object space 94720K, 29% used [0x00000006c2000000,0x00000006c3b5f380,0x00000006c7c80000)
 Metaspace       used 34143K, capacity 35412K, committed 35496K, reserved 1079296K
  class space    used 4559K, capacity 4852K, committed 4912K, reserved 1048576K
Event: 6.437 GC heap after
Heap after GC invocations=12 (full 2):
 PSYoungGen      total 253952K, used 0K [0x000000076b580000, 0x000000077c400000, 0x00000007c0000000)
  eden space 235520K, 0% used [0x000000076b580000,0x000000076b580000,0x0000000779b80000)
  from space 18432K, 0% used [0x000000077ad80000,0x000000077ad80000,0x000000077bf80000)
  to   space 18432K, 0% used [0x0000000779b80000,0x0000000779b80000,0x000000077ad80000)
 ParOldGen       total 164352K, used 26069K [0x00000006c2000000, 0x00000006cc080000, 0x000000076b580000)
  object space 164352K, 15% used [0x00000006c2000000,0x00000006c3975558,0x00000006cc080000)
 Metaspace       used 34143K, capacity 35412K, committed 35496K, reserved 1079296K
  class space    used 4559K, capacity 4852K, committed 4912K, reserved 1048576K
}

Deoptimization events (0 events):
No events

Classes redefined (0 events):
No events

Internal exceptions (10 events):
Event: 6.322 Thread 0x000001d3f2624800 Exception <a 'java/lang/ArrayIndexOutOfBoundsException'> (0x000000076ca55518) thrown at [C:\jenkins\workspace\8-2-build-windows-amd64-cygwin\jdk8u281\880\hotspot\src\share\vm\runtime\sharedRuntime.cpp, line 609]
Event: 6.322 Thread 0x000001d3f2624800 Exception <a 'java/lang/ArrayIndexOutOfBoundsException'> (0x000000076ca58630) thrown at [C:\jenkins\workspace\8-2-build-windows-amd64-cygwin\jdk8u281\880\hotspot\src\share\vm\runtime\sharedRuntime.cpp, line 609]
Event: 6.322 Thread 0x000001d3f2624800 Exception <a 'java/lang/ArrayIndexOutOfBoundsException'> (0x000000076ca5cac8) thrown at [C:\jenkins\workspace\8-2-build-windows-amd64-cygwin\jdk8u281\880\hotspot\src\share\vm\runtime\sharedRuntime.cpp, line 609]
Event: 6.322 Thread 0x000001d3f2624800 Exception <a 'java/lang/ArrayIndexOutOfBoundsException'> (0x000000076ca5eae8) thrown at [C:\jenkins\workspace\8-2-build-windows-amd64-cygwin\jdk8u281\880\hotspot\src\share\vm\runtime\sharedRuntime.cpp, line 609]
Event: 6.322 Thread 0x000001d3f2624800 Exception <a 'java/lang/ArrayIndexOutOfBoundsException'> (0x000000076ca60c88) thrown at [C:\jenkins\workspace\8-2-build-windows-amd64-cygwin\jdk8u281\880\hotspot\src\share\vm\runtime\sharedRuntime.cpp, line 609]
Event: 6.322 Thread 0x000001d3f2624800 Exception <a 'java/lang/ArrayIndexOutOfBoundsException'> (0x000000076ca63090) thrown at [C:\jenkins\workspace\8-2-build-windows-amd64-cygwin\jdk8u281\880\hotspot\src\share\vm\runtime\sharedRuntime.cpp, line 609]
Event: 6.322 Thread 0x000001d3f2624800 Exception <a 'java/lang/ArrayIndexOutOfBoundsException'> (0x000000076ca653d8) thrown at [C:\jenkins\workspace\8-2-build-windows-amd64-cygwin\jdk8u281\880\hotspot\src\share\vm\runtime\sharedRuntime.cpp, line 609]
Event: 6.323 Thread 0x000001d3f2624800 Exception <a 'java/lang/ClassNotFoundException': net/oschina/j2cache/J2CacheBuilder$1Customizer> (0x000000076cbd1870) thrown at [C:\jenkins\workspace\8-2-build-windows-amd64-cygwin\jdk8u281\880\hotspot\src\share\vm\classfile\systemDictionary.cpp, line 212
Event: 6.822 Thread 0x000001d390584800 Exception <a 'java/lang/reflect/InvocationTargetException'> (0x000000076b9cd390) thrown at [C:\jenkins\workspace\8-2-build-windows-amd64-cygwin\jdk8u281\880\hotspot\src\share\vm\runtime\reflection.cpp, line 1092]
Event: 7.333 Thread 0x000001d390584800 Exception <a 'java/lang/reflect/InvocationTargetException'> (0x000000076b9db2b8) thrown at [C:\jenkins\workspace\8-2-build-windows-amd64-cygwin\jdk8u281\880\hotspot\src\share\vm\runtime\reflection.cpp, line 1092]

Events (10 events):
Event: 7.599 Thread 0x000001d3f2624800 DEOPT PACKING pc=0x000001d3801fd014 sp=0x0000004fd87f85a0
Event: 7.599 Thread 0x000001d3f2624800 DEOPT UNPACKING pc=0x000001d380047898 sp=0x0000004fd87f83c0 mode 1
Event: 7.603 loading class org/hyperic/sigar/CpuInfo
Event: 7.603 loading class org/hyperic/sigar/CpuInfo done
Event: 7.603 Thread 0x000001d3f2624800 DEOPT PACKING pc=0x000001d380242cd1 sp=0x0000004fd87f9bc0
Event: 7.603 Thread 0x000001d3f2624800 DEOPT UNPACKING pc=0x000001d380047898 sp=0x0000004fd87f9910 mode 1
Event: 7.603 Thread 0x000001d3f2624800 DEOPT PACKING pc=0x000001d3801fd0d4 sp=0x0000004fd87f9c40
Event: 7.603 Thread 0x000001d3f2624800 DEOPT UNPACKING pc=0x000001d380047898 sp=0x0000004fd87f9a60 mode 1
Event: 7.603 Thread 0x000001d3f2624800 DEOPT PACKING pc=0x000001d3801fd014 sp=0x0000004fd87f9dd0
Event: 7.603 Thread 0x000001d3f2624800 DEOPT UNPACKING pc=0x000001d380047898 sp=0x0000004fd87f9bf0 mode 1


Dynamic libraries:
0x00007ff6e20d0000 - 0x00007ff6e2117000 	C:\Program Files\Java\jdk1.8.0_281\bin\java.exe
0x00007ffd82a60000 - 0x00007ffd82c6a000 	C:\Windows\SYSTEM32\ntdll.dll
0x00007ffd82080000 - 0x00007ffd8213d000 	C:\Windows\System32\KERNEL32.DLL
0x00007ffd800a0000 - 0x00007ffd80425000 	C:\Windows\System32\KERNELBASE.dll
0x00007ffd7c990000 - 0x00007ffd7ca21000 	C:\Windows\SYSTEM32\apphelp.dll
0x00007ffd808b0000 - 0x00007ffd80961000 	C:\Windows\System32\ADVAPI32.dll
0x00007ffd81160000 - 0x00007ffd81203000 	C:\Windows\System32\msvcrt.dll
0x00007ffd81230000 - 0x00007ffd812d1000 	C:\Windows\System32\sechost.dll
0x00007ffd804b0000 - 0x00007ffd804d7000 	C:\Windows\System32\bcrypt.dll
0x00007ffd81a80000 - 0x00007ffd81ba1000 	C:\Windows\System32\RPCRT4.dll
0x00007ffd81860000 - 0x00007ffd81a0c000 	C:\Windows\System32\USER32.dll
0x00007ffd80880000 - 0x00007ffd808a6000 	C:\Windows\System32\win32u.dll
0x00007ffd81bb0000 - 0x00007ffd81bd9000 	C:\Windows\System32\GDI32.dll
0x00007ffd806a0000 - 0x00007ffd807bc000 	C:\Windows\System32\gdi32full.dll
0x00007ffd804e0000 - 0x00007ffd8057d000 	C:\Windows\System32\msvcp_win.dll
0x00007ffd80580000 - 0x00007ffd80691000 	C:\Windows\System32\ucrtbase.dll
0x00007ffd69ff0000 - 0x00007ffd6a295000 	C:\Windows\WinSxS\amd64_microsoft.windows.common-controls_6595b64144ccf1df_6.0.22000.2600_none_1b65155c6ae217ae\COMCTL32.dll
0x00007ffd81730000 - 0x00007ffd81761000 	C:\Windows\System32\IMM32.DLL
0x00007ffcf6870000 - 0x00007ffcf6885000 	C:\Program Files\Java\jdk1.8.0_281\jre\bin\vcruntime140.dll
0x00007ffcf5dd0000 - 0x00007ffcf5e6b000 	C:\Program Files\Java\jdk1.8.0_281\jre\bin\msvcp140.dll
0x0000000064600000 - 0x0000000064e5f000 	C:\Program Files\Java\jdk1.8.0_281\jre\bin\server\jvm.dll
0x00007ffd80970000 - 0x00007ffd80978000 	C:\Windows\System32\PSAPI.DLL
0x00007ffd7bf70000 - 0x00007ffd7bf7a000 	C:\Windows\SYSTEM32\VERSION.dll
0x00007ffd6d840000 - 0x00007ffd6d873000 	C:\Windows\SYSTEM32\WINMM.dll
0x00007ffd60400000 - 0x00007ffd60409000 	C:\Windows\SYSTEM32\WSOCK32.dll
0x00007ffd828b0000 - 0x00007ffd8291f000 	C:\Windows\System32\WS2_32.dll
0x00007ffd7ef70000 - 0x00007ffd7ef88000 	C:\Windows\SYSTEM32\kernel.appcore.dll
0x00007ffd22df0000 - 0x00007ffd22e00000 	C:\Program Files\Java\jdk1.8.0_281\jre\bin\verify.dll
0x00007ffd1cfc0000 - 0x00007ffd1cfeb000 	C:\Program Files\Java\jdk1.8.0_281\jre\bin\java.dll
0x00007ffd42900000 - 0x00007ffd42936000 	C:\Program Files\Java\jdk1.8.0_281\jre\bin\jdwp.dll
0x00007ffd5e260000 - 0x00007ffd5e269000 	C:\Program Files\Java\jdk1.8.0_281\jre\bin\npt.dll
0x00007ffd41b10000 - 0x00007ffd41b40000 	C:\Program Files\Java\jdk1.8.0_281\jre\bin\instrument.dll
0x00007ffd0aeb0000 - 0x00007ffd0aec8000 	C:\Program Files\Java\jdk1.8.0_281\jre\bin\zip.dll
0x00007ffd80990000 - 0x00007ffd81156000 	C:\Windows\System32\SHELL32.dll
0x00007ffd7dfe0000 - 0x00007ffd7e844000 	C:\Windows\SYSTEM32\windows.storage.dll
0x00007ffd81be0000 - 0x00007ffd81f56000 	C:\Windows\System32\combase.dll
0x00007ffd7dc30000 - 0x00007ffd7dd97000 	C:\Windows\SYSTEM32\wintypes.dll
0x00007ffd81640000 - 0x00007ffd8172a000 	C:\Windows\System32\SHCORE.dll
0x00007ffd82620000 - 0x00007ffd8267d000 	C:\Windows\System32\shlwapi.dll
0x00007ffd7fdf0000 - 0x00007ffd7fe11000 	C:\Windows\SYSTEM32\profapi.dll
0x00007ffd5d8d0000 - 0x00007ffd5d8da000 	C:\Program Files\Java\jdk1.8.0_281\jre\bin\dt_socket.dll
0x00007ffd7f400000 - 0x00007ffd7f467000 	C:\Windows\system32\mswsock.dll
0x00007ffd0ade0000 - 0x00007ffd0adfc000 	C:\Program Files\Java\jdk1.8.0_281\jre\bin\net.dll
0x00007ffd7eb10000 - 0x00007ffd7ebf7000 	C:\Windows\SYSTEM32\DNSAPI.dll
0x00007ffd7eaa0000 - 0x00007ffd7eacd000 	C:\Windows\SYSTEM32\IPHLPAPI.DLL
0x00007ffd80980000 - 0x00007ffd80989000 	C:\Windows\System32\NSI.dll
0x00007ffd79540000 - 0x00007ffd7954a000 	C:\Windows\System32\rasadhlp.dll
0x00007ffd7a750000 - 0x00007ffd7a7d1000 	C:\Windows\System32\fwpuclnt.dll
0x00007ffd7c800000 - 0x00007ffd7c80d000 	C:\Program Files\Java\jdk1.8.0_281\jre\bin\management.dll
0x00007ffcf6560000 - 0x00007ffcf6573000 	C:\Program Files\Java\jdk1.8.0_281\jre\bin\nio.dll
0x00007ffd7f650000 - 0x00007ffd7f668000 	C:\Windows\SYSTEM32\CRYPTSP.dll
0x00007ffd7eed0000 - 0x00007ffd7ef05000 	C:\Windows\system32\rsaenh.dll
0x00007ffd7f4f0000 - 0x00007ffd7f519000 	C:\Windows\SYSTEM32\USERENV.dll
0x00007ffd80430000 - 0x00007ffd804af000 	C:\Windows\System32\bcryptprimitives.dll
0x00007ffd7f640000 - 0x00007ffd7f64c000 	C:\Windows\SYSTEM32\CRYPTBASE.dll
0x00007ffd7b7b0000 - 0x00007ffd7b7c9000 	C:\Windows\SYSTEM32\dhcpcsvc6.DLL
0x00007ffd7ca90000 - 0x00007ffd7caae000 	C:\Windows\SYSTEM32\dhcpcsvc.DLL
0x00007ffd604f0000 - 0x00007ffd60507000 	C:\Windows\system32\napinsp.dll
0x00007ffd60520000 - 0x00007ffd6053b000 	C:\Windows\system32\pnrpnsp.dll
0x00007ffd603c0000 - 0x00007ffd603d2000 	C:\Windows\System32\winrnr.dll
0x00007ffd68e80000 - 0x00007ffd68e95000 	C:\Windows\system32\wshbth.dll
0x00007ffd603a0000 - 0x00007ffd603bf000 	C:\Windows\system32\nlansp_c.dll
0x00007ffd60090000 - 0x00007ffd600b4000 	C:\Program Files\Java\jdk1.8.0_281\jre\bin\sunec.dll
0x0000000010000000 - 0x0000000010070000 	C:\Users\94922\.sigarlib\b3xu2bm9\sigar-amd64-winnt.dll
0x00007ffd812e0000 - 0x00007ffd8147a000 	C:\Windows\System32\ole32.dll
0x00007ffd82920000 - 0x00007ffd829f6000 	C:\Windows\System32\OLEAUT32.dll
0x00007ffd0ce60000 - 0x00007ffd0ceaf000 	C:\Windows\SYSTEM32\pdh.dll
0x00007ffd67640000 - 0x00007ffd67659000 	C:\Windows\SYSTEM32\NETAPI32.dll
0x00007ffd7ea90000 - 0x00007ffd7ea9c000 	C:\Windows\SYSTEM32\NETUTILS.DLL
0x00007ffd7a530000 - 0x00007ffd7a558000 	C:\Windows\SYSTEM32\SRVCLI.DLL
0x00007ffd7dda0000 - 0x00007ffd7dfc1000 	C:\Windows\SYSTEM32\dbghelp.dll

VM Arguments:
jvm_args: -agentlib:jdwp=transport=dt_socket,address=127.0.0.1:52819,suspend=y,server=n -XX:TieredStopAtLevel=1 -Xverify:none -Dspring.output.ansi.enabled=always -Dcom.sun.management.jmxremote -Dspring.jmx.enabled=true -Dspring.liveBeansView.mbeanDomain -Dspring.application.admin.enabled=true -javaagent:C:\Users\94922\AppData\Local\JetBrains\IntelliJIdea2022.1\captureAgent\debugger-agent.jar -Dfile.encoding=UTF-8 
java_command: com.jeesite.modules.Application
java_class_path (initial): C:\Program Files\Java\jdk1.8.0_281\jre\lib\charsets.jar;C:\Program Files\Java\jdk1.8.0_281\jre\lib\deploy.jar;C:\Program Files\Java\jdk1.8.0_281\jre\lib\ext\access-bridge-64.jar;C:\Program Files\Java\jdk1.8.0_281\jre\lib\ext\cldrdata.jar;C:\Program Files\Java\jdk1.8.0_281\jre\lib\ext\dnsns.jar;C:\Program Files\Java\jdk1.8.0_281\jre\lib\ext\jaccess.jar;C:\Program Files\Java\jdk1.8.0_281\jre\lib\ext\jfxrt.jar;C:\Program Files\Java\jdk1.8.0_281\jre\lib\ext\localedata.jar;C:\Program Files\Java\jdk1.8.0_281\jre\lib\ext\nashorn.jar;C:\Program Files\Java\jdk1.8.0_281\jre\lib\ext\sunec.jar;C:\Program Files\Java\jdk1.8.0_281\jre\lib\ext\sunjce_provider.jar;C:\Program Files\Java\jdk1.8.0_281\jre\lib\ext\sunmscapi.jar;C:\Program Files\Java\jdk1.8.0_281\jre\lib\ext\sunpkcs11.jar;C:\Program Files\Java\jdk1.8.0_281\jre\lib\ext\zipfs.jar;C:\Program Files\Java\jdk1.8.0_281\jre\lib\javaws.jar;C:\Program Files\Java\jdk1.8.0_281\jre\lib\jce.jar;C:\Program Files\Java\jdk1.8.0_281\jre\lib\jfr.jar;C:\Program Files\Java\jdk1.8.0_281\jre\lib\jfxswt.jar;C:\Program Files\Java\jdk1.8.0_281\jre\lib\jsse.jar;C:\Program Files\Java\jdk1.8.0_281\jre\lib\management-agent.jar;C:\Program Files\Java\jdk1.8.0_281\jre\lib\plugin.jar;C:\Program Files\Java\jdk1.8.0_281\jre\lib\resources.jar;C:\Program Files\Java\jdk1.8.0_281\jre\lib\rt.jar;D:\IdeaWorkSpace\jeesite_new\src\main\webapp\WEB-INF\classes;D:\maven\repository\com\huaweicloud\sdk\huaweicloud-sdk-core\3.1.5\huaweicloud-sdk-core-3.1.5.jar;D:\maven\repository\org\yaml\snakeyaml\1.19\snakeyaml-1.19.jar;D:\maven\repository\com\fasterxml\jackson\datatype\jackson-datatype-jsr310\2.9.7\jackson-datatype-jsr310-2.9.7.jar;D:\maven\repository\com\fasterxml\jackson\datatype\jackson-datatype-jdk8\2.9.7\jackson-datatype-jdk8-2.9.7.jar;D:\maven\repository\com\fasterxml\jackson\dataformat\jackson-dataformat-yaml\2.9.7\jackson-dataformat-yaml-2.9.7.jar;D:\maven\repository\com\fasterxml\jackson\dataformat\jackson-dataformat-xml\2.9.7\ja
Launcher Type: SUN_STANDARD

Environment Variables:
JAVA_HOME=C:\Program Files\Java\jdk1.8.0_281\
CLASSPATH=.;JAVA_HOME%\lib;C:\Program Files\Java\jdk1.8.0_281\\lib\dt.jar;C:\Program Files\Java\jdk1.8.0_281\\lib\tools.jar
PATH=C:\Program Files (x86)\Common Files\Oracle\Java\java8path;C:\Program Files (x86)\Common Files\Oracle\Java\javapath;C:\Windows\system32;C:\Windows;C:\Windows\System32\Wbem;C:\Windows\System32\WindowsPowerShell\v1.0\;C:\Windows\System32\OpenSSH\;C:\Program Files\Java\jdk1.8.0_281\\bin;C:\Program Files\Java\jdk1.8.0_281\jre\bin;D:\maven\apache-maven-3.6.3-bin\apache-maven-3.6.3\bin;D:\Git\Git\cmd;D:\node\;C:\Program Files\TortoiseSVN\bin;C:\Program Files\Docker\Docker\resources\bin;C:\ProgramData\DockerDesktop\version-bin;C:\Program Files\MySQL\MySQL Server 8.0\bin;C:\Users\94922\AppData\Roaming\npm;D:\awk\gawk-3.1.6-1-bin\bin;C:\Users\94922\AppData\Local\Microsoft\WindowsApps
USERNAME=HD
OS=Windows_NT
PROCESSOR_IDENTIFIER=Intel64 Family 6 Model 94 Stepping 3, GenuineIntel



---------------  S Y S T E M  ---------------

OS: Windows 10.0 , 64 bit Build 22000 (10.0.22000.2836)

CPU:total 8 (initial active 8) (4 cores per cpu, 2 threads per core) family 6 model 94 stepping 3, cmov, cx8, fxsr, mmx, sse, sse2, sse3, ssse3, sse4.1, sse4.2, popcnt, avx, avx2, aes, clmul, erms, rtm, 3dnowpref, lzcnt, ht, tsc, tscinvbit, bmi1, bmi2, adx

Memory: 4k page, physical 16639524k(2516332k free), swap 37611044k(10631924k free)

vm_info: Java HotSpot(TM) 64-Bit Server VM (25.281-b09) for windows-amd64 JRE (1.8.0_281-b09), built on Dec  9 2020 13:54:07 by "" with MS VC++ 15.9 (VS2017)

time: Tue Feb 11 16:24:16 2025
timezone: ÖĐąú±ę×ĽĘ±Ľä
elapsed time: 7.678731 seconds (0d 0h 0m 7s)

