#
# A fatal error has been detected by the Java Runtime Environment:
#
#  EXCEPTION_ACCESS_VIOLATION (0xc0000005) at pc=0x0000000010014ed4, pid=5000, tid=0x0000000000002300
#
# JRE version: Java(TM) SE Runtime Environment (8.0_281-b09) (build 1.8.0_281-b09)
# Java VM: Java HotSpot(TM) 64-Bit Server VM (25.281-b09 mixed mode windows-amd64 compressed oops)
# Problematic frame:
# C  [sigar-amd64-winnt.dll+0x14ed4]
#
# Failed to write core dump. Minidumps are not enabled by default on client versions of Windows
#
# If you would like to submit a bug report, please visit:
#   http://bugreport.java.com/bugreport/crash.jsp
# The crash happened outside the Java Virtual Machine in native code.
# See problematic frame for where to report the bug.
#

---------------  T H R E A D  ---------------

Current thread (0x000001c62ab34800):  JavaThread "main" [_thread_in_native, id=8960, stack(0x0000009884b00000,0x0000009884c00000)]

siginfo: ExceptionCode=0xc0000005, reading address 0x000000004b1f0d88

Registers:
RAX=0x000000004b1f0c50, RBX=0x000001c64ae2bc78, RCX=0x0000000000000000, RDX=0x0000009884bfa608
RSP=0x0000009884bfa480, RBP=0x0000009884bfa5e8, RSI=0x000001c638220000, RDI=0x0000000000000000
R8 =0x0000000000000032, R9 =0x00000007c04b8ff8, R10=0x000001c62ab44470, R11=0x0000009884bfa410
R12=0x0000000000000000, R13=0x000001c64ae2bc70, R14=0x0000009884bfa608, R15=0x000001c62ab34800
RIP=0x0000000010014ed4, EFLAGS=0x0000000000010206

Top of Stack: (sp=0x0000009884bfa480)
0x0000009884bfa480:   000001c62ab349f8 0000009884bfa608
0x0000009884bfa490:   000001c62ab34800 000001c64ae2bc70
0x0000009884bfa4a0:   000000004b1f0c50 0000009884bfa608
0x0000009884bfa4b0:   0000009884bfa5e8 0000000010022078
0x0000009884bfa4c0:   000001c62ab349f8 0000009884bfa608
0x0000009884bfa4d0:   000001c638220000 0000000000000000
0x0000009884bfa4e0:   0000009884bfa5e8 000000006ac02d7b
0x0000009884bfa4f0:   000001c647e49280 0000000000000000
0x0000009884bfa500:   000001c64ae2bc78 000001c62ab4cda0
0x0000009884bfa510:   000001c64ae2bc78 000001c62ab34800
0x0000009884bfa520:   000001c64ae2bc78 000001c62ab34800
0x0000009884bfa530:   0000000000000000 000001c638220000
0x0000009884bfa540:   000001c64ae2bc78 000001c62c494921
0x0000009884bfa550:   000001c64ae2bc00 000001c64ae2bc78
0x0000009884bfa560:   000001c64ae2bc78 000001c64ae2bc78
0x0000009884bfa570:   0000000000000000 000001c62c494c47 

Instructions: (pc=0x0000000010014ed4)
0x0000000010014eb4:   7c 24 20 00 75 15 48 8d 15 df 58 04 00 48 8b 4c
0x0000000010014ec4:   24 40 e8 45 00 00 00 33 c0 eb 32 48 8b 44 24 20
0x0000000010014ed4:   83 b8 38 01 00 00 00 74 1f 48 8b 44 24 20 44 8b
0x0000000010014ee4:   80 38 01 00 00 48 8b 54 24 20 48 8b 4c 24 40 e8 


Register to memory mapping:

RAX=0x000000004b1f0c50 is an unknown value
RBX={method} {0x000001c64ae2bc80} 'getCpuInfoList' '()[Lorg/hyperic/sigar/CpuInfo;' in 'org/hyperic/sigar/Sigar'
RCX=0x0000000000000000 is an unknown value
RDX=0x0000009884bfa608 is pointing into the stack for thread: 0x000001c62ab34800
RSP=0x0000009884bfa480 is pointing into the stack for thread: 0x000001c62ab34800
RBP=0x0000009884bfa5e8 is pointing into the stack for thread: 0x000001c62ab34800
RSI=0x000001c638220000 is an unknown value
RDI=0x0000000000000000 is an unknown value
R8 =0x0000000000000032 is an unknown value
R9 =0x00000007c04b8ff8 is pointing into metadata
R10=0x000001c62ab44470 is an unknown value
R11=0x0000009884bfa410 is pointing into the stack for thread: 0x000001c62ab34800
R12=0x0000000000000000 is an unknown value
R13=0x000001c64ae2bc70 is pointing into metadata
R14=0x0000009884bfa608 is pointing into the stack for thread: 0x000001c62ab34800
R15=0x000001c62ab34800 is a thread


Stack: [0x0000009884b00000,0x0000009884c00000],  sp=0x0000009884bfa480,  free space=1001k
Native frames: (J=compiled Java code, j=interpreted, Vv=VM code, C=native code)
C  [sigar-amd64-winnt.dll+0x14ed4]
C  [sigar-amd64-winnt.dll+0x22078]
C  0x000001c62c494c47

Java frames: (J=compiled Java code, j=interpreted, Vv=VM code)
j  org.hyperic.sigar.Sigar.getCpuInfoList()[Lorg/hyperic/sigar/CpuInfo;+0
j  com.jeesite.common.web.k.b.<clinit>()V+60
v  ~StubRoutines::call_stub
j  com.jeesite.common.shiro.u.G.byte()V+175
j  com.jeesite.common.shiro.u.G.<clinit>()V+11
v  ~StubRoutines::call_stub
j  com.jeesite.common.shiro.u.I.<init>(Lnet/oschina/j2cache/CacheChannel;)V+4
j  com.jeesite.autoconfigure.core.CacheAutoConfiguration.shiroCacheManager(Lnet/oschina/j2cache/CacheChannel;)Lcom/jeesite/common/shiro/u/F;+5
j  com.jeesite.autoconfigure.core.CacheAutoConfiguration$$EnhancerBySpringCGLIB$$e114831a.CGLIB$shiroCacheManager$0(Lnet/oschina/j2cache/CacheChannel;)Lcom/jeesite/common/shiro/u/F;+2
j  com.jeesite.autoconfigure.core.CacheAutoConfiguration$$EnhancerBySpringCGLIB$$e114831a$$FastClassBySpringCGLIB$$bab43520.invoke(ILjava/lang/Object;[Ljava/lang/Object;)Ljava/lang/Object;+165
j  org.springframework.cglib.proxy.MethodProxy.invokeSuper(Ljava/lang/Object;[Ljava/lang/Object;)Ljava/lang/Object;+19
j  org.springframework.context.annotation.ConfigurationClassEnhancer$BeanMethodInterceptor.intercept(Ljava/lang/Object;Ljava/lang/reflect/Method;[Ljava/lang/Object;Lorg/springframework/cglib/proxy/MethodProxy;)Ljava/lang/Object;+229
j  com.jeesite.autoconfigure.core.CacheAutoConfiguration$$EnhancerBySpringCGLIB$$e114831a.shiroCacheManager(Lnet/oschina/j2cache/CacheChannel;)Lcom/jeesite/common/shiro/u/F;+36
v  ~StubRoutines::call_stub
J 2077  sun.reflect.NativeMethodAccessorImpl.invoke0(Ljava/lang/reflect/Method;Ljava/lang/Object;[Ljava/lang/Object;)Ljava/lang/Object; (0 bytes) @ 0x000001c62c9198bf [0x000001c62c919840+0x7f]
J 1940 C1 sun.reflect.NativeMethodAccessorImpl.invoke(Ljava/lang/Object;[Ljava/lang/Object;)Ljava/lang/Object; (104 bytes) @ 0x000001c62c8ba91c [0x000001c62c8ba520+0x3fc]
J 1057 C1 sun.reflect.DelegatingMethodAccessorImpl.invoke(Ljava/lang/Object;[Ljava/lang/Object;)Ljava/lang/Object; (10 bytes) @ 0x000001c62c746b44 [0x000001c62c746ae0+0x64]
J 1056 C1 java.lang.reflect.Method.invoke(Ljava/lang/Object;[Ljava/lang/Object;)Ljava/lang/Object; (62 bytes) @ 0x000001c62c74671c [0x000001c62c7465e0+0x13c]
j  org.springframework.beans.factory.support.SimpleInstantiationStrategy.instantiate(Lorg/springframework/beans/factory/support/RootBeanDefinition;Ljava/lang/String;Lorg/springframework/beans/factory/BeanFactory;Ljava/lang/Object;Ljava/lang/reflect/Method;[Ljava/lang/Object;)Ljava/lang/Object;+50
j  org.springframework.beans.factory.support.ConstructorResolver.instantiateUsingFactoryMethod(Ljava/lang/String;Lorg/springframework/beans/factory/support/RootBeanDefinition;[Ljava/lang/Object;)Lorg/springframework/beans/BeanWrapper;+1390
j  org.springframework.beans.factory.support.AbstractAutowireCapableBeanFactory.instantiateUsingFactoryMethod(Ljava/lang/String;Lorg/springframework/beans/factory/support/RootBeanDefinition;[Ljava/lang/Object;)Lorg/springframework/beans/BeanWrapper;+11
j  org.springframework.beans.factory.support.AbstractAutowireCapableBeanFactory.createBeanInstance(Ljava/lang/String;Lorg/springframework/beans/factory/support/RootBeanDefinition;[Ljava/lang/Object;)Lorg/springframework/beans/BeanWrapper;+101
j  org.springframework.beans.factory.support.AbstractAutowireCapableBeanFactory.doCreateBean(Ljava/lang/String;Lorg/springframework/beans/factory/support/RootBeanDefinition;[Ljava/lang/Object;)Ljava/lang/Object;+34
j  org.springframework.beans.factory.support.AbstractAutowireCapableBeanFactory.createBean(Ljava/lang/String;Lorg/springframework/beans/factory/support/RootBeanDefinition;[Ljava/lang/Object;)Ljava/lang/Object;+169
j  org.springframework.beans.factory.support.AbstractBeanFactory.lambda$doGetBean$0(Ljava/lang/String;Lorg/springframework/beans/factory/support/RootBeanDefinition;[Ljava/lang/Object;)Ljava/lang/Object;+4
j  org.springframework.beans.factory.support.AbstractBeanFactory$$Lambda$139.getObject()Ljava/lang/Object;+16
j  org.springframework.beans.factory.support.DefaultSingletonBeanRegistry.getSingleton(Ljava/lang/String;Lorg/springframework/beans/factory/ObjectFactory;)Ljava/lang/Object;+132
J 3023 C1 org.springframework.beans.factory.support.AbstractBeanFactory.doGetBean(Ljava/lang/String;Ljava/lang/Class;[Ljava/lang/Object;Z)Ljava/lang/Object; (819 bytes) @ 0x000001c62cb1274c [0x000001c62cb12160+0x5ec]
j  org.springframework.beans.factory.support.AbstractBeanFactory.getBean(Ljava/lang/String;)Ljava/lang/Object;+5
j  org.springframework.beans.factory.config.DependencyDescriptor.resolveCandidate(Ljava/lang/String;Ljava/lang/Class;Lorg/springframework/beans/factory/BeanFactory;)Ljava/lang/Object;+2
j  org.springframework.beans.factory.support.DefaultListableBeanFactory.doResolveDependency(Lorg/springframework/beans/factory/config/DependencyDescriptor;Ljava/lang/String;Ljava/util/Set;Lorg/springframework/beans/TypeConverter;)Ljava/lang/Object;+410
j  org.springframework.beans.factory.support.DefaultListableBeanFactory.resolveDependency(Lorg/springframework/beans/factory/config/DependencyDescriptor;Ljava/lang/String;Ljava/util/Set;Lorg/springframework/beans/TypeConverter;)Ljava/lang/Object;+106
j  org.springframework.beans.factory.support.ConstructorResolver.resolveAutowiredArgument(Lorg/springframework/core/MethodParameter;Ljava/lang/String;Ljava/util/Set;Lorg/springframework/beans/TypeConverter;)Ljava/lang/Object;+75
j  org.springframework.beans.factory.support.ConstructorResolver.createArgumentArray(Ljava/lang/String;Lorg/springframework/beans/factory/support/RootBeanDefinition;Lorg/springframework/beans/factory/config/ConstructorArgumentValues;Lorg/springframework/beans/BeanWrapper;[Ljava/lang/Class;[Ljava/lang/String;Ljava/lang/reflect/Executable;Z)Lorg/springframework/beans/factory/support/ConstructorResolver$ArgumentsHolder;+432
j  org.springframework.beans.factory.support.ConstructorResolver.instantiateUsingFactoryMethod(Ljava/lang/String;Lorg/springframework/beans/factory/support/RootBeanDefinition;[Ljava/lang/Object;)Lorg/springframework/beans/BeanWrapper;+551
j  org.springframework.beans.factory.support.AbstractAutowireCapableBeanFactory.instantiateUsingFactoryMethod(Ljava/lang/String;Lorg/springframework/beans/factory/support/RootBeanDefinition;[Ljava/lang/Object;)Lorg/springframework/beans/BeanWrapper;+11
j  org.springframework.beans.factory.support.AbstractAutowireCapableBeanFactory.createBeanInstance(Ljava/lang/String;Lorg/springframework/beans/factory/support/RootBeanDefinition;[Ljava/lang/Object;)Lorg/springframework/beans/BeanWrapper;+101
j  org.springframework.beans.factory.support.AbstractAutowireCapableBeanFactory.doCreateBean(Ljava/lang/String;Lorg/springframework/beans/factory/support/RootBeanDefinition;[Ljava/lang/Object;)Ljava/lang/Object;+34
j  org.springframework.beans.factory.support.AbstractAutowireCapableBeanFactory.createBean(Ljava/lang/String;Lorg/springframework/beans/factory/support/RootBeanDefinition;[Ljava/lang/Object;)Ljava/lang/Object;+169
j  org.springframework.beans.factory.support.AbstractBeanFactory.lambda$doGetBean$0(Ljava/lang/String;Lorg/springframework/beans/factory/support/RootBeanDefinition;[Ljava/lang/Object;)Ljava/lang/Object;+4
j  org.springframework.beans.factory.support.AbstractBeanFactory$$Lambda$139.getObject()Ljava/lang/Object;+16
j  org.springframework.beans.factory.support.DefaultSingletonBeanRegistry.getSingleton(Ljava/lang/String;Lorg/springframework/beans/factory/ObjectFactory;)Ljava/lang/Object;+132
J 3023 C1 org.springframework.beans.factory.support.AbstractBeanFactory.doGetBean(Ljava/lang/String;Ljava/lang/Class;[Ljava/lang/Object;Z)Ljava/lang/Object; (819 bytes) @ 0x000001c62cb1274c [0x000001c62cb12160+0x5ec]
j  org.springframework.beans.factory.support.AbstractBeanFactory.getBean(Ljava/lang/String;)Ljava/lang/Object;+5
j  org.springframework.beans.factory.config.DependencyDescriptor.resolveCandidate(Ljava/lang/String;Ljava/lang/Class;Lorg/springframework/beans/factory/BeanFactory;)Ljava/lang/Object;+2
j  org.springframework.beans.factory.support.DefaultListableBeanFactory.doResolveDependency(Lorg/springframework/beans/factory/config/DependencyDescriptor;Ljava/lang/String;Ljava/util/Set;Lorg/springframework/beans/TypeConverter;)Ljava/lang/Object;+410
j  org.springframework.beans.factory.support.DefaultListableBeanFactory.resolveDependency(Lorg/springframework/beans/factory/config/DependencyDescriptor;Ljava/lang/String;Ljava/util/Set;Lorg/springframework/beans/TypeConverter;)Ljava/lang/Object;+106
j  org.springframework.beans.factory.support.ConstructorResolver.resolveAutowiredArgument(Lorg/springframework/core/MethodParameter;Ljava/lang/String;Ljava/util/Set;Lorg/springframework/beans/TypeConverter;)Ljava/lang/Object;+75
j  org.springframework.beans.factory.support.ConstructorResolver.createArgumentArray(Ljava/lang/String;Lorg/springframework/beans/factory/support/RootBeanDefinition;Lorg/springframework/beans/factory/config/ConstructorArgumentValues;Lorg/springframework/beans/BeanWrapper;[Ljava/lang/Class;[Ljava/lang/String;Ljava/lang/reflect/Executable;Z)Lorg/springframework/beans/factory/support/ConstructorResolver$ArgumentsHolder;+432
j  org.springframework.beans.factory.support.ConstructorResolver.instantiateUsingFactoryMethod(Ljava/lang/String;Lorg/springframework/beans/factory/support/RootBeanDefinition;[Ljava/lang/Object;)Lorg/springframework/beans/BeanWrapper;+551
j  org.springframework.beans.factory.support.AbstractAutowireCapableBeanFactory.instantiateUsingFactoryMethod(Ljava/lang/String;Lorg/springframework/beans/factory/support/RootBeanDefinition;[Ljava/lang/Object;)Lorg/springframework/beans/BeanWrapper;+11
j  org.springframework.beans.factory.support.AbstractAutowireCapableBeanFactory.createBeanInstance(Ljava/lang/String;Lorg/springframework/beans/factory/support/RootBeanDefinition;[Ljava/lang/Object;)Lorg/springframework/beans/BeanWrapper;+101
j  org.springframework.beans.factory.support.AbstractAutowireCapableBeanFactory.getSingletonFactoryBeanForTypeCheck(Ljava/lang/String;Lorg/springframework/beans/factory/support/RootBeanDefinition;)Lorg/springframework/beans/factory/FactoryBean;+116
j  org.springframework.beans.factory.support.AbstractAutowireCapableBeanFactory.getTypeForFactoryBean(Ljava/lang/String;Lorg/springframework/beans/factory/support/RootBeanDefinition;)Ljava/lang/Class;+91
J 2993 C1 org.springframework.beans.factory.support.AbstractBeanFactory.isTypeMatch(Ljava/lang/String;Lorg/springframework/core/ResolvableType;)Z (510 bytes) @ 0x000001c62cafc954 [0x000001c62cafc1a0+0x7b4]
J 2998 C1 org.springframework.beans.factory.support.DefaultListableBeanFactory.doGetBeanNamesForType(Lorg/springframework/core/ResolvableType;ZZ)[Ljava/lang/String; (593 bytes) @ 0x000001c62cb0314c [0x000001c62cb02a40+0x70c]
J 2283 C1 org.springframework.beans.factory.support.DefaultListableBeanFactory.getBeanNamesForType(Ljava/lang/Class;ZZ)[Ljava/lang/String; (101 bytes) @ 0x000001c62c9abfb4 [0x000001c62c9abcc0+0x2f4]
j  org.springframework.beans.factory.BeanFactoryUtils.beanNamesForTypeIncludingAncestors(Lorg/springframework/beans/factory/ListableBeanFactory;Ljava/lang/Class;ZZ)[Ljava/lang/String;+10
j  org.springframework.beans.factory.support.DefaultListableBeanFactory.findAutowireCandidates(Ljava/lang/String;Ljava/lang/Class;Lorg/springframework/beans/factory/config/DependencyDescriptor;)Ljava/util/Map;+7
j  org.springframework.beans.factory.support.DefaultListableBeanFactory.doResolveDependency(Lorg/springframework/beans/factory/config/DependencyDescriptor;Ljava/lang/String;Ljava/util/Set;Lorg/springframework/beans/TypeConverter;)Ljava/lang/Object;+207
j  org.springframework.beans.factory.support.DefaultListableBeanFactory.resolveDependency(Lorg/springframework/beans/factory/config/DependencyDescriptor;Ljava/lang/String;Ljava/util/Set;Lorg/springframework/beans/TypeConverter;)Ljava/lang/Object;+106
j  org.springframework.beans.factory.support.ConstructorResolver.resolveAutowiredArgument(Lorg/springframework/core/MethodParameter;Ljava/lang/String;Ljava/util/Set;Lorg/springframework/beans/TypeConverter;)Ljava/lang/Object;+75
j  org.springframework.beans.factory.support.ConstructorResolver.createArgumentArray(Ljava/lang/String;Lorg/springframework/beans/factory/support/RootBeanDefinition;Lorg/springframework/beans/factory/config/ConstructorArgumentValues;Lorg/springframework/beans/BeanWrapper;[Ljava/lang/Class;[Ljava/lang/String;Ljava/lang/reflect/Executable;Z)Lorg/springframework/beans/factory/support/ConstructorResolver$ArgumentsHolder;+432
j  org.springframework.beans.factory.support.ConstructorResolver.instantiateUsingFactoryMethod(Ljava/lang/String;Lorg/springframework/beans/factory/support/RootBeanDefinition;[Ljava/lang/Object;)Lorg/springframework/beans/BeanWrapper;+551
j  org.springframework.beans.factory.support.AbstractAutowireCapableBeanFactory.instantiateUsingFactoryMethod(Ljava/lang/String;Lorg/springframework/beans/factory/support/RootBeanDefinition;[Ljava/lang/Object;)Lorg/springframework/beans/BeanWrapper;+11
j  org.springframework.beans.factory.support.AbstractAutowireCapableBeanFactory.createBeanInstance(Ljava/lang/String;Lorg/springframework/beans/factory/support/RootBeanDefinition;[Ljava/lang/Object;)Lorg/springframework/beans/BeanWrapper;+101
j  org.springframework.beans.factory.support.AbstractAutowireCapableBeanFactory.doCreateBean(Ljava/lang/String;Lorg/springframework/beans/factory/support/RootBeanDefinition;[Ljava/lang/Object;)Ljava/lang/Object;+34
j  org.springframework.beans.factory.support.AbstractAutowireCapableBeanFactory.createBean(Ljava/lang/String;Lorg/springframework/beans/factory/support/RootBeanDefinition;[Ljava/lang/Object;)Ljava/lang/Object;+169
j  org.springframework.beans.factory.support.AbstractBeanFactory.lambda$doGetBean$0(Ljava/lang/String;Lorg/springframework/beans/factory/support/RootBeanDefinition;[Ljava/lang/Object;)Ljava/lang/Object;+4
j  org.springframework.beans.factory.support.AbstractBeanFactory$$Lambda$139.getObject()Ljava/lang/Object;+16
j  org.springframework.beans.factory.support.DefaultSingletonBeanRegistry.getSingleton(Ljava/lang/String;Lorg/springframework/beans/factory/ObjectFactory;)Ljava/lang/Object;+132
J 3023 C1 org.springframework.beans.factory.support.AbstractBeanFactory.doGetBean(Ljava/lang/String;Ljava/lang/Class;[Ljava/lang/Object;Z)Ljava/lang/Object; (819 bytes) @ 0x000001c62cb1274c [0x000001c62cb12160+0x5ec]
J 3025 C1 org.springframework.beans.factory.support.AbstractBeanFactory.getBean(Ljava/lang/String;Ljava/lang/Class;)Ljava/lang/Object; (9 bytes) @ 0x000001c62cb1b304 [0x000001c62cb1b2a0+0x64]
j  org.springframework.context.support.PostProcessorRegistrationDelegate.registerBeanPostProcessors(Lorg/springframework/beans/factory/config/ConfigurableListableBeanFactory;Lorg/springframework/context/support/AbstractApplicationContext;)V+257
j  org.springframework.context.support.AbstractApplicationContext.registerBeanPostProcessors(Lorg/springframework/beans/factory/config/ConfigurableListableBeanFactory;)V+2
j  org.springframework.context.support.AbstractApplicationContext.refresh()V+33
j  org.springframework.boot.web.servlet.context.ServletWebServerApplicationContext.refresh()V+1
j  org.springframework.boot.SpringApplication.refresh(Lorg/springframework/context/ApplicationContext;)V+10
j  org.springframework.boot.SpringApplication.refreshContext(Lorg/springframework/context/ConfigurableApplicationContext;)V+2
j  org.springframework.boot.SpringApplication.run([Ljava/lang/String;)Lorg/springframework/context/ConfigurableApplicationContext;+118
j  org.springframework.boot.SpringApplication.run([Ljava/lang/Class;[Ljava/lang/String;)Lorg/springframework/context/ConfigurableApplicationContext;+9
j  org.springframework.boot.SpringApplication.run(Ljava/lang/Class;[Ljava/lang/String;)Lorg/springframework/context/ConfigurableApplicationContext;+9
j  com.jeesite.modules.Application.main([Ljava/lang/String;)V+3
v  ~StubRoutines::call_stub

---------------  P R O C E S S  ---------------

Java Threads: ( => current thread )
  0x000001c6468d7800 JavaThread "logback-1" daemon [_thread_blocked, id=17724, stack(0x0000009886100000,0x0000009886200000)]
  0x000001c6468d7000 JavaThread "RMI Scheduler(0)" daemon [_thread_blocked, id=15824, stack(0x0000009886000000,0x0000009886100000)]
  0x000001c6468d6000 JavaThread "RMI TCP Connection(1)-192.168.1.35" daemon [_thread_in_native, id=1568, stack(0x0000009885f00000,0x0000009886000000)]
  0x000001c6468d4800 JavaThread "RMI TCP Accept-0" daemon [_thread_in_native, id=19056, stack(0x0000009885c00000,0x0000009885d00000)]
  0x000001c6468d4000 JavaThread "Service Thread" daemon [_thread_blocked, id=18044, stack(0x0000009885b00000,0x0000009885c00000)]
  0x000001c64599d800 JavaThread "C1 CompilerThread2" daemon [_thread_blocked, id=16476, stack(0x0000009885a00000,0x0000009885b00000)]
  0x000001c64599b800 JavaThread "C2 CompilerThread1" daemon [_thread_blocked, id=18468, stack(0x0000009885900000,0x0000009885a00000)]
  0x000001c645965800 JavaThread "C2 CompilerThread0" daemon [_thread_blocked, id=16356, stack(0x0000009885800000,0x0000009885900000)]
  0x000001c64594a800 JavaThread "JDWP Command Reader" daemon [_thread_in_native, id=16596, stack(0x0000009885700000,0x0000009885800000)]
  0x000001c64593f000 JavaThread "JDWP Event Helper Thread" daemon [_thread_blocked, id=19428, stack(0x0000009885600000,0x0000009885700000)]
  0x000001c645931000 JavaThread "JDWP Transport Listener: dt_socket" daemon [_thread_blocked, id=18052, stack(0x0000009885500000,0x0000009885600000)]
  0x000001c6458cd000 JavaThread "Attach Listener" daemon [_thread_blocked, id=17148, stack(0x0000009885400000,0x0000009885500000)]
  0x000001c645921000 JavaThread "Signal Dispatcher" daemon [_thread_blocked, id=1000, stack(0x0000009885300000,0x0000009885400000)]
  0x000001c64589c800 JavaThread "Finalizer" daemon [_thread_blocked, id=9896, stack(0x0000009885200000,0x0000009885300000)]
  0x000001c62abde000 JavaThread "Reference Handler" daemon [_thread_blocked, id=4272, stack(0x0000009885100000,0x0000009885200000)]
=>0x000001c62ab34800 JavaThread "main" [_thread_in_native, id=8960, stack(0x0000009884b00000,0x0000009884c00000)]

Other Threads:
  0x000001c64586f000 VMThread [stack: 0x0000009885000000,0x0000009885100000] [id=13092]
  0x000001c6478a1800 WatcherThread [stack: 0x0000009885d00000,0x0000009885e00000] [id=8360]

VM state:not at safepoint (normal execution)

VM Mutex/Monitor currently owned by a thread: None

heap address: 0x00000006c2000000, size: 4064 MB, Compressed Oops mode: Zero based, Oop shift amount: 3
Narrow klass base: 0x0000000000000000, Narrow klass shift: 3
Compressed class space size: 1073741824 Address: 0x00000007c0000000

Heap:
 PSYoungGen      total 365056K, used 22228K [0x000000076b580000, 0x0000000783d00000, 0x00000007c0000000)
  eden space 342016K, 6% used [0x000000076b580000,0x000000076cb35308,0x0000000780380000)
  from space 23040K, 0% used [0x0000000781c00000,0x0000000781c00000,0x0000000783280000)
  to   space 25088K, 0% used [0x0000000780380000,0x0000000780380000,0x0000000781c00000)
 ParOldGen       total 158720K, used 26552K [0x00000006c2000000, 0x00000006cbb00000, 0x000000076b580000)
  object space 158720K, 16% used [0x00000006c2000000,0x00000006c39ee198,0x00000006cbb00000)
 Metaspace       used 35800K, capacity 37084K, committed 37376K, reserved 1081344K
  class space    used 4732K, capacity 5020K, committed 5120K, reserved 1048576K

Card table byte_map: [0x000001c63b830000,0x000001c63c030000] byte_map_base: 0x000001c638220000

Marking Bits: (ParMarkBitMap*) 0x000000006b326ff0
 Begin Bits: [0x000001c63c580000, 0x000001c640500000)
 End Bits:   [0x000001c640500000, 0x000001c644480000)

Polling page: 0x000001c62ac90000

CodeCache: size=245760Kb used=8754Kb max_used=8754Kb free=237005Kb
 bounds [0x000001c62c470000, 0x000001c62cd00000, 0x000001c63b470000]
 total_blobs=4456 nmethods=3987 adapters=388
 compilation: enabled

Compilation events (10 events):
Event: 6.586 Thread 0x000001c64599d800 3982       1       java.lang.Integer::toHexString (6 bytes)
Event: 6.586 Thread 0x000001c64599d800 nmethod 3982 0x000001c62ccf80d0 code [0x000001c62ccf8220, 0x000001c62ccf8350]
Event: 6.586 Thread 0x000001c64599d800 3983       1       java.lang.Integer::toUnsignedString0 (46 bytes)
Event: 6.586 Thread 0x000001c64599d800 nmethod 3983 0x000001c62ccf83d0 code [0x000001c62ccf8540, 0x000001c62ccf87e0]
Event: 6.596 Thread 0x000001c64599d800 3985       1       org.hyperic.jni.ArchLoader::getJarName (5 bytes)
Event: 6.596 Thread 0x000001c64599d800 nmethod 3985 0x000001c62ccf8910 code [0x000001c62ccf8a60, 0x000001c62ccf8b78]
Event: 6.596 Thread 0x000001c64599d800 3986       1       java.lang.StringBuilder::insert (9 bytes)
Event: 6.596 Thread 0x000001c64599d800 nmethod 3986 0x000001c62ccf8bd0 code [0x000001c62ccf8d20, 0x000001c62ccf8e70]
Event: 6.596 Thread 0x000001c64599d800 3987       1       java.lang.AbstractStringBuilder::insert (85 bytes)
Event: 6.596 Thread 0x000001c64599d800 nmethod 3987 0x000001c62ccf8f10 code [0x000001c62ccf90e0, 0x000001c62ccf96a0]

GC Heap History (10 events):
Event: 3.521 GC heap before
{Heap before GC invocations=6 (full 1):
 PSYoungGen      total 140800K, used 130048K [0x000000076b580000, 0x0000000774980000, 0x00000007c0000000)
  eden space 130048K, 100% used [0x000000076b580000,0x0000000773480000,0x0000000773480000)
  from space 10752K, 0% used [0x0000000773f00000,0x0000000773f00000,0x0000000774980000)
  to   space 10752K, 0% used [0x0000000773480000,0x0000000773480000,0x0000000773f00000)
 ParOldGen       total 92160K, used 6755K [0x00000006c2000000, 0x00000006c7a00000, 0x000000076b580000)
  object space 92160K, 7% used [0x00000006c2000000,0x00000006c2698e50,0x00000006c7a00000)
 Metaspace       used 24671K, capacity 25508K, committed 25728K, reserved 1071104K
  class space    used 3215K, capacity 3434K, committed 3456K, reserved 1048576K
Event: 3.535 GC heap after
Heap after GC invocations=6 (full 1):
 PSYoungGen      total 140800K, used 10726K [0x000000076b580000, 0x000000077a180000, 0x00000007c0000000)
  eden space 130048K, 0% used [0x000000076b580000,0x000000076b580000,0x0000000773480000)
  from space 10752K, 99% used [0x0000000773480000,0x0000000773ef9a60,0x0000000773f00000)
  to   space 12800K, 0% used [0x0000000779500000,0x0000000779500000,0x000000077a180000)
 ParOldGen       total 92160K, used 9347K [0x00000006c2000000, 0x00000006c7a00000, 0x000000076b580000)
  object space 92160K, 10% used [0x00000006c2000000,0x00000006c2920c90,0x00000006c7a00000)
 Metaspace       used 24671K, capacity 25508K, committed 25728K, reserved 1071104K
  class space    used 3215K, capacity 3434K, committed 3456K, reserved 1048576K
}
Event: 4.386 GC heap before
{Heap before GC invocations=7 (full 1):
 PSYoungGen      total 140800K, used 140774K [0x000000076b580000, 0x000000077a180000, 0x00000007c0000000)
  eden space 130048K, 100% used [0x000000076b580000,0x0000000773480000,0x0000000773480000)
  from space 10752K, 99% used [0x0000000773480000,0x0000000773ef9a60,0x0000000773f00000)
  to   space 12800K, 0% used [0x0000000779500000,0x0000000779500000,0x000000077a180000)
 ParOldGen       total 92160K, used 9347K [0x00000006c2000000, 0x00000006c7a00000, 0x000000076b580000)
  object space 92160K, 10% used [0x00000006c2000000,0x00000006c2920c90,0x00000006c7a00000)
 Metaspace       used 27132K, capacity 28002K, committed 28160K, reserved 1073152K
  class space    used 3562K, capacity 3767K, committed 3840K, reserved 1048576K
Event: 4.405 GC heap after
Heap after GC invocations=7 (full 1):
 PSYoungGen      total 223744K, used 12788K [0x000000076b580000, 0x000000077a900000, 0x00000007c0000000)
  eden space 210944K, 0% used [0x000000076b580000,0x000000076b580000,0x0000000778380000)
  from space 12800K, 99% used [0x0000000779500000,0x000000077a17d030,0x000000077a180000)
  to   space 17920K, 0% used [0x0000000778380000,0x0000000778380000,0x0000000779500000)
 ParOldGen       total 92160K, used 15209K [0x00000006c2000000, 0x00000006c7a00000, 0x000000076b580000)
  object space 92160K, 16% used [0x00000006c2000000,0x00000006c2eda450,0x00000006c7a00000)
 Metaspace       used 27132K, capacity 28002K, committed 28160K, reserved 1073152K
  class space    used 3562K, capacity 3767K, committed 3840K, reserved 1048576K
}
Event: 5.516 GC heap before
{Heap before GC invocations=8 (full 1):
 PSYoungGen      total 223744K, used 223732K [0x000000076b580000, 0x000000077a900000, 0x00000007c0000000)
  eden space 210944K, 100% used [0x000000076b580000,0x0000000778380000,0x0000000778380000)
  from space 12800K, 99% used [0x0000000779500000,0x000000077a17d030,0x000000077a180000)
  to   space 17920K, 0% used [0x0000000778380000,0x0000000778380000,0x0000000779500000)
 ParOldGen       total 92160K, used 15209K [0x00000006c2000000, 0x00000006c7a00000, 0x000000076b580000)
  object space 92160K, 16% used [0x00000006c2000000,0x00000006c2eda450,0x00000006c7a00000)
 Metaspace       used 32384K, capacity 33414K, committed 33792K, reserved 1079296K
  class space    used 4269K, capacity 4505K, committed 4608K, reserved 1048576K
Event: 5.542 GC heap after
Heap after GC invocations=8 (full 1):
 PSYoungGen      total 228864K, used 17902K [0x000000076b580000, 0x0000000783280000, 0x00000007c0000000)
  eden space 210944K, 0% used [0x000000076b580000,0x000000076b580000,0x0000000778380000)
  from space 17920K, 99% used [0x0000000778380000,0x00000007794fb8f0,0x0000000779500000)
  to   space 23040K, 0% used [0x0000000781c00000,0x0000000781c00000,0x0000000783280000)
 ParOldGen       total 92160K, used 19538K [0x00000006c2000000, 0x00000006c7a00000, 0x000000076b580000)
  object space 92160K, 21% used [0x00000006c2000000,0x00000006c3314b98,0x00000006c7a00000)
 Metaspace       used 32384K, capacity 33414K, committed 33792K, reserved 1079296K
  class space    used 4269K, capacity 4505K, committed 4608K, reserved 1048576K
}
Event: 5.949 GC heap before
{Heap before GC invocations=9 (full 1):
 PSYoungGen      total 228864K, used 78725K [0x000000076b580000, 0x0000000783280000, 0x00000007c0000000)
  eden space 210944K, 28% used [0x000000076b580000,0x000000076f0e5ee0,0x0000000778380000)
  from space 17920K, 99% used [0x0000000778380000,0x00000007794fb8f0,0x0000000779500000)
  to   space 23040K, 0% used [0x0000000781c00000,0x0000000781c00000,0x0000000783280000)
 ParOldGen       total 92160K, used 19538K [0x00000006c2000000, 0x00000006c7a00000, 0x000000076b580000)
  object space 92160K, 21% used [0x00000006c2000000,0x00000006c3314b98,0x00000006c7a00000)
 Metaspace       used 34189K, capacity 35468K, committed 35496K, reserved 1079296K
  class space    used 4557K, capacity 4852K, committed 4864K, reserved 1048576K
Event: 5.968 GC heap after
Heap after GC invocations=9 (full 1):
 PSYoungGen      total 365056K, used 20087K [0x000000076b580000, 0x0000000783d00000, 0x00000007c0000000)
  eden space 342016K, 0% used [0x000000076b580000,0x000000076b580000,0x0000000780380000)
  from space 23040K, 87% used [0x0000000781c00000,0x0000000782f9dee0,0x0000000783280000)
  to   space 25088K, 0% used [0x0000000780380000,0x0000000780380000,0x0000000781c00000)
 ParOldGen       total 92160K, used 19546K [0x00000006c2000000, 0x00000006c7a00000, 0x000000076b580000)
  object space 92160K, 21% used [0x00000006c2000000,0x00000006c3316b98,0x00000006c7a00000)
 Metaspace       used 34189K, capacity 35468K, committed 35496K, reserved 1079296K
  class space    used 4557K, capacity 4852K, committed 4864K, reserved 1048576K
}
Event: 5.968 GC heap before
{Heap before GC invocations=10 (full 2):
 PSYoungGen      total 365056K, used 20087K [0x000000076b580000, 0x0000000783d00000, 0x00000007c0000000)
  eden space 342016K, 0% used [0x000000076b580000,0x000000076b580000,0x0000000780380000)
  from space 23040K, 87% used [0x0000000781c00000,0x0000000782f9dee0,0x0000000783280000)
  to   space 25088K, 0% used [0x0000000780380000,0x0000000780380000,0x0000000781c00000)
 ParOldGen       total 92160K, used 19546K [0x00000006c2000000, 0x00000006c7a00000, 0x000000076b580000)
  object space 92160K, 21% used [0x00000006c2000000,0x00000006c3316b98,0x00000006c7a00000)
 Metaspace       used 34189K, capacity 35468K, committed 35496K, reserved 1079296K
  class space    used 4557K, capacity 4852K, committed 4864K, reserved 1048576K
Event: 6.115 GC heap after
Heap after GC invocations=10 (full 2):
 PSYoungGen      total 365056K, used 0K [0x000000076b580000, 0x0000000783d00000, 0x00000007c0000000)
  eden space 342016K, 0% used [0x000000076b580000,0x000000076b580000,0x0000000780380000)
  from space 23040K, 0% used [0x0000000781c00000,0x0000000781c00000,0x0000000783280000)
  to   space 25088K, 0% used [0x0000000780380000,0x0000000780380000,0x0000000781c00000)
 ParOldGen       total 158720K, used 26552K [0x00000006c2000000, 0x00000006cbb00000, 0x000000076b580000)
  object space 158720K, 16% used [0x00000006c2000000,0x00000006c39ee198,0x00000006cbb00000)
 Metaspace       used 34189K, capacity 35468K, committed 35496K, reserved 1079296K
  class space    used 4557K, capacity 4852K, committed 4864K, reserved 1048576K
}

Deoptimization events (0 events):
No events

Classes redefined (0 events):
No events

Internal exceptions (10 events):
Event: 5.928 Thread 0x000001c62ab34800 Exception <a 'java/lang/ArrayIndexOutOfBoundsException'> (0x000000076eb81920) thrown at [C:\jenkins\workspace\8-2-build-windows-amd64-cygwin\jdk8u281\880\hotspot\src\share\vm\runtime\sharedRuntime.cpp, line 609]
Event: 5.928 Thread 0x000001c62ab34800 Exception <a 'java/lang/ArrayIndexOutOfBoundsException'> (0x000000076eb84f30) thrown at [C:\jenkins\workspace\8-2-build-windows-amd64-cygwin\jdk8u281\880\hotspot\src\share\vm\runtime\sharedRuntime.cpp, line 609]
Event: 5.928 Thread 0x000001c62ab34800 Exception <a 'java/lang/ArrayIndexOutOfBoundsException'> (0x000000076eb88760) thrown at [C:\jenkins\workspace\8-2-build-windows-amd64-cygwin\jdk8u281\880\hotspot\src\share\vm\runtime\sharedRuntime.cpp, line 609]
Event: 5.928 Thread 0x000001c62ab34800 Exception <a 'java/lang/ArrayIndexOutOfBoundsException'> (0x000000076eb8a780) thrown at [C:\jenkins\workspace\8-2-build-windows-amd64-cygwin\jdk8u281\880\hotspot\src\share\vm\runtime\sharedRuntime.cpp, line 609]
Event: 5.928 Thread 0x000001c62ab34800 Exception <a 'java/lang/ArrayIndexOutOfBoundsException'> (0x000000076eb8c920) thrown at [C:\jenkins\workspace\8-2-build-windows-amd64-cygwin\jdk8u281\880\hotspot\src\share\vm\runtime\sharedRuntime.cpp, line 609]
Event: 5.928 Thread 0x000001c62ab34800 Exception <a 'java/lang/ArrayIndexOutOfBoundsException'> (0x000000076eb8ed28) thrown at [C:\jenkins\workspace\8-2-build-windows-amd64-cygwin\jdk8u281\880\hotspot\src\share\vm\runtime\sharedRuntime.cpp, line 609]
Event: 5.929 Thread 0x000001c62ab34800 Exception <a 'java/lang/ArrayIndexOutOfBoundsException'> (0x000000076eb91070) thrown at [C:\jenkins\workspace\8-2-build-windows-amd64-cygwin\jdk8u281\880\hotspot\src\share\vm\runtime\sharedRuntime.cpp, line 609]
Event: 5.929 Thread 0x000001c62ab34800 Exception <a 'java/lang/ArrayIndexOutOfBoundsException'> (0x000000076eb95a80) thrown at [C:\jenkins\workspace\8-2-build-windows-amd64-cygwin\jdk8u281\880\hotspot\src\share\vm\runtime\sharedRuntime.cpp, line 609]
Event: 5.930 Thread 0x000001c62ab34800 Exception <a 'java/lang/ClassNotFoundException': net/oschina/j2cache/J2CacheBuilder$1Customizer> (0x000000076ebd1010) thrown at [C:\jenkins\workspace\8-2-build-windows-amd64-cygwin\jdk8u281\880\hotspot\src\share\vm\classfile\systemDictionary.cpp, line 212
Event: 5.948 Thread 0x000001c6468d6000 Exception <a 'java/lang/reflect/InvocationTargetException'> (0x000000076ef509f8) thrown at [C:\jenkins\workspace\8-2-build-windows-amd64-cygwin\jdk8u281\880\hotspot\src\share\vm\runtime\reflection.cpp, line 1092]

Events (10 events):
Event: 6.598 Thread 0x000001c62ab34800 DEOPT PACKING pc=0x000001c62c66f814 sp=0x0000009884bf8270
Event: 6.598 Thread 0x000001c62ab34800 DEOPT UNPACKING pc=0x000001c62c4b7898 sp=0x0000009884bf8090 mode 1
Event: 6.599 loading class org/hyperic/sigar/CpuInfo
Event: 6.599 loading class org/hyperic/sigar/CpuInfo done
Event: 6.599 Thread 0x000001c62ab34800 DEOPT PACKING pc=0x000001c62c6b5d91 sp=0x0000009884bf9890
Event: 6.599 Thread 0x000001c62ab34800 DEOPT UNPACKING pc=0x000001c62c4b7898 sp=0x0000009884bf95e0 mode 1
Event: 6.599 Thread 0x000001c62ab34800 DEOPT PACKING pc=0x000001c62c66f8d4 sp=0x0000009884bf9910
Event: 6.599 Thread 0x000001c62ab34800 DEOPT UNPACKING pc=0x000001c62c4b7898 sp=0x0000009884bf9730 mode 1
Event: 6.599 Thread 0x000001c62ab34800 DEOPT PACKING pc=0x000001c62c66f814 sp=0x0000009884bf9aa0
Event: 6.599 Thread 0x000001c62ab34800 DEOPT UNPACKING pc=0x000001c62c4b7898 sp=0x0000009884bf98c0 mode 1


Dynamic libraries:
0x00007ff7b5c60000 - 0x00007ff7b5ca7000 	C:\Program Files\Java\jdk1.8.0_281\bin\java.exe
0x00007ffd7ec60000 - 0x00007ffd7ee69000 	C:\Windows\SYSTEM32\ntdll.dll
0x00007ffd7dff0000 - 0x00007ffd7e0ae000 	C:\Windows\System32\KERNEL32.DLL
0x00007ffd7c1b0000 - 0x00007ffd7c533000 	C:\Windows\System32\KERNELBASE.dll
0x00007ffd7d5d0000 - 0x00007ffd7d67e000 	C:\Windows\System32\ADVAPI32.dll
0x00007ffd7e780000 - 0x00007ffd7e823000 	C:\Windows\System32\msvcrt.dll
0x00007ffd7e850000 - 0x00007ffd7e8ee000 	C:\Windows\System32\sechost.dll
0x00007ffd7e9f0000 - 0x00007ffd7eb11000 	C:\Windows\System32\RPCRT4.dll
0x00007ffd7dd20000 - 0x00007ffd7decd000 	C:\Windows\System32\USER32.dll
0x00007ffd7c5c0000 - 0x00007ffd7c5e6000 	C:\Windows\System32\win32u.dll
0x00007ffd7db50000 - 0x00007ffd7db79000 	C:\Windows\System32\GDI32.dll
0x00007ffd7c7d0000 - 0x00007ffd7c8ea000 	C:\Windows\System32\gdi32full.dll
0x00007ffd7c110000 - 0x00007ffd7c1ad000 	C:\Windows\System32\msvcp_win.dll
0x00007ffd7c8f0000 - 0x00007ffd7ca01000 	C:\Windows\System32\ucrtbase.dll
0x00007ffd625a0000 - 0x00007ffd62845000 	C:\Windows\WinSxS\amd64_microsoft.windows.common-controls_6595b64144ccf1df_6.0.22000.120_none_9d947278b86cc467\COMCTL32.dll
0x00007ffd7d350000 - 0x00007ffd7d381000 	C:\Windows\System32\IMM32.DLL
0x00007ffd5bad0000 - 0x00007ffd5bae5000 	C:\Program Files\Java\jdk1.8.0_281\jre\bin\vcruntime140.dll
0x00007ffd43bd0000 - 0x00007ffd43c6b000 	C:\Program Files\Java\jdk1.8.0_281\jre\bin\msvcp140.dll
0x000000006ab40000 - 0x000000006b39f000 	C:\Program Files\Java\jdk1.8.0_281\jre\bin\server\jvm.dll
0x00007ffd7d560000 - 0x00007ffd7d568000 	C:\Windows\System32\PSAPI.DLL
0x00007ffd77600000 - 0x00007ffd7760a000 	C:\Windows\SYSTEM32\VERSION.dll
0x00007ffd6df10000 - 0x00007ffd6df43000 	C:\Windows\SYSTEM32\WINMM.dll
0x00007ffd2a150000 - 0x00007ffd2a159000 	C:\Windows\SYSTEM32\WSOCK32.dll
0x00007ffd7e1b0000 - 0x00007ffd7e21f000 	C:\Windows\System32\WS2_32.dll
0x00007ffd7b190000 - 0x00007ffd7b1a8000 	C:\Windows\SYSTEM32\kernel.appcore.dll
0x00007ffd6dc70000 - 0x00007ffd6dc80000 	C:\Program Files\Java\jdk1.8.0_281\jre\bin\verify.dll
0x00007ffd66b40000 - 0x00007ffd66b6b000 	C:\Program Files\Java\jdk1.8.0_281\jre\bin\java.dll
0x00007ffd63e70000 - 0x00007ffd63ea6000 	C:\Program Files\Java\jdk1.8.0_281\jre\bin\jdwp.dll
0x00007ffd78690000 - 0x00007ffd78699000 	C:\Program Files\Java\jdk1.8.0_281\jre\bin\npt.dll
0x00007ffd6af00000 - 0x00007ffd6af30000 	C:\Program Files\Java\jdk1.8.0_281\jre\bin\instrument.dll
0x00007ffd66b20000 - 0x00007ffd66b38000 	C:\Program Files\Java\jdk1.8.0_281\jre\bin\zip.dll
0x00007ffd7cb80000 - 0x00007ffd7d345000 	C:\Windows\System32\SHELL32.dll
0x00007ffd7a1f0000 - 0x00007ffd7aa54000 	C:\Windows\SYSTEM32\windows.storage.dll
0x00007ffd7e3a0000 - 0x00007ffd7e716000 	C:\Windows\System32\combase.dll
0x00007ffd7a080000 - 0x00007ffd7a1e7000 	C:\Windows\SYSTEM32\wintypes.dll
0x00007ffd7e0b0000 - 0x00007ffd7e19a000 	C:\Windows\System32\SHCORE.dll
0x00007ffd7d680000 - 0x00007ffd7d6dd000 	C:\Windows\System32\shlwapi.dll
0x00007ffd7c040000 - 0x00007ffd7c061000 	C:\Windows\SYSTEM32\profapi.dll
0x00007ffd78680000 - 0x00007ffd7868a000 	C:\Program Files\Java\jdk1.8.0_281\jre\bin\dt_socket.dll
0x00007ffd7b630000 - 0x00007ffd7b697000 	C:\Windows\system32\mswsock.dll
0x00007ffd66b00000 - 0x00007ffd66b1c000 	C:\Program Files\Java\jdk1.8.0_281\jre\bin\net.dll
0x00007ffd7ad20000 - 0x00007ffd7ae08000 	C:\Windows\SYSTEM32\DNSAPI.dll
0x00007ffd7acb0000 - 0x00007ffd7acdd000 	C:\Windows\SYSTEM32\IPHLPAPI.DLL
0x00007ffd7e390000 - 0x00007ffd7e399000 	C:\Windows\System32\NSI.dll
0x00007ffd6e2b0000 - 0x00007ffd6e2ba000 	C:\Windows\System32\rasadhlp.dll
0x00007ffd76160000 - 0x00007ffd761e1000 	C:\Windows\System32\fwpuclnt.dll
0x00007ffd6ed90000 - 0x00007ffd6ed9d000 	C:\Program Files\Java\jdk1.8.0_281\jre\bin\management.dll
0x00007ffd66ae0000 - 0x00007ffd66af3000 	C:\Program Files\Java\jdk1.8.0_281\jre\bin\nio.dll
0x00007ffd7b880000 - 0x00007ffd7b898000 	C:\Windows\SYSTEM32\CRYPTSP.dll
0x00007ffd7b0f0000 - 0x00007ffd7b125000 	C:\Windows\system32\rsaenh.dll
0x00007ffd7b730000 - 0x00007ffd7b759000 	C:\Windows\SYSTEM32\USERENV.dll
0x00007ffd7ba00000 - 0x00007ffd7ba27000 	C:\Windows\SYSTEM32\bcrypt.dll
0x00007ffd7c540000 - 0x00007ffd7c5bf000 	C:\Windows\System32\bcryptprimitives.dll
0x00007ffd7b8a0000 - 0x00007ffd7b8ac000 	C:\Windows\SYSTEM32\CRYPTBASE.dll
0x00007ffd77580000 - 0x00007ffd77599000 	C:\Windows\SYSTEM32\dhcpcsvc6.DLL
0x00007ffd77610000 - 0x00007ffd7762e000 	C:\Windows\SYSTEM32\dhcpcsvc.DLL
0x00007ffd5c6e0000 - 0x00007ffd5c6f7000 	C:\Windows\system32\napinsp.dll
0x00007ffd5c5e0000 - 0x00007ffd5c5fb000 	C:\Windows\system32\pnrpnsp.dll
0x00007ffd5c5c0000 - 0x00007ffd5c5d2000 	C:\Windows\System32\winrnr.dll
0x00007ffd63120000 - 0x00007ffd63135000 	C:\Windows\system32\wshbth.dll
0x00007ffd5c490000 - 0x00007ffd5c4af000 	C:\Windows\system32\nlansp_c.dll
0x00007ffd6ac60000 - 0x00007ffd6ac84000 	C:\Program Files\Java\jdk1.8.0_281\jre\bin\sunec.dll
0x0000000010000000 - 0x0000000010070000 	C:\Users\94922\.sigarlib\ctb1nomp\sigar-amd64-winnt.dll
0x00007ffd7db80000 - 0x00007ffd7dd1a000 	C:\Windows\System32\ole32.dll
0x00007ffd7eb40000 - 0x00007ffd7ec16000 	C:\Windows\System32\OLEAUT32.dll
0x00007ffd681d0000 - 0x00007ffd681e9000 	C:\Windows\SYSTEM32\NETAPI32.dll
0x00007ffd49270000 - 0x00007ffd492bf000 	C:\Windows\SYSTEM32\pdh.dll
0x00007ffd7aca0000 - 0x00007ffd7acac000 	C:\Windows\SYSTEM32\NETUTILS.DLL
0x00007ffd76c40000 - 0x00007ffd76c68000 	C:\Windows\SYSTEM32\SRVCLI.DLL
0x00007ffd66490000 - 0x00007ffd666b1000 	C:\Windows\SYSTEM32\dbghelp.dll

VM Arguments:
jvm_args: -agentlib:jdwp=transport=dt_socket,address=127.0.0.1:61637,suspend=y,server=n -XX:TieredStopAtLevel=1 -Xverify:none -Dspring.output.ansi.enabled=always -Dcom.sun.management.jmxremote -Dspring.jmx.enabled=true -Dspring.liveBeansView.mbeanDomain -Dspring.application.admin.enabled=true -javaagent:C:\Users\94922\AppData\Local\JetBrains\IntelliJIdea2022.1\captureAgent\debugger-agent.jar -Dfile.encoding=UTF-8 
java_command: com.jeesite.modules.Application
java_class_path (initial): C:\Program Files\Java\jdk1.8.0_281\jre\lib\charsets.jar;C:\Program Files\Java\jdk1.8.0_281\jre\lib\deploy.jar;C:\Program Files\Java\jdk1.8.0_281\jre\lib\ext\access-bridge-64.jar;C:\Program Files\Java\jdk1.8.0_281\jre\lib\ext\cldrdata.jar;C:\Program Files\Java\jdk1.8.0_281\jre\lib\ext\dnsns.jar;C:\Program Files\Java\jdk1.8.0_281\jre\lib\ext\jaccess.jar;C:\Program Files\Java\jdk1.8.0_281\jre\lib\ext\jfxrt.jar;C:\Program Files\Java\jdk1.8.0_281\jre\lib\ext\localedata.jar;C:\Program Files\Java\jdk1.8.0_281\jre\lib\ext\nashorn.jar;C:\Program Files\Java\jdk1.8.0_281\jre\lib\ext\sunec.jar;C:\Program Files\Java\jdk1.8.0_281\jre\lib\ext\sunjce_provider.jar;C:\Program Files\Java\jdk1.8.0_281\jre\lib\ext\sunmscapi.jar;C:\Program Files\Java\jdk1.8.0_281\jre\lib\ext\sunpkcs11.jar;C:\Program Files\Java\jdk1.8.0_281\jre\lib\ext\zipfs.jar;C:\Program Files\Java\jdk1.8.0_281\jre\lib\javaws.jar;C:\Program Files\Java\jdk1.8.0_281\jre\lib\jce.jar;C:\Program Files\Java\jdk1.8.0_281\jre\lib\jfr.jar;C:\Program Files\Java\jdk1.8.0_281\jre\lib\jfxswt.jar;C:\Program Files\Java\jdk1.8.0_281\jre\lib\jsse.jar;C:\Program Files\Java\jdk1.8.0_281\jre\lib\management-agent.jar;C:\Program Files\Java\jdk1.8.0_281\jre\lib\plugin.jar;C:\Program Files\Java\jdk1.8.0_281\jre\lib\resources.jar;C:\Program Files\Java\jdk1.8.0_281\jre\lib\rt.jar;D:\IdeaWorkSpace\jeesite_new\src\main\webapp\WEB-INF\classes;D:\maven\repository\com\huaweicloud\sdk\huaweicloud-sdk-core\3.1.5\huaweicloud-sdk-core-3.1.5.jar;D:\maven\repository\org\yaml\snakeyaml\1.19\snakeyaml-1.19.jar;D:\maven\repository\com\fasterxml\jackson\datatype\jackson-datatype-jsr310\2.9.7\jackson-datatype-jsr310-2.9.7.jar;D:\maven\repository\com\fasterxml\jackson\datatype\jackson-datatype-jdk8\2.9.7\jackson-datatype-jdk8-2.9.7.jar;D:\maven\repository\com\fasterxml\jackson\dataformat\jackson-dataformat-yaml\2.9.7\jackson-dataformat-yaml-2.9.7.jar;D:\maven\repository\com\fasterxml\jackson\dataformat\jackson-dataformat-xml\2.9.7\ja
Launcher Type: SUN_STANDARD

Environment Variables:
JAVA_HOME=C:\Program Files\Java\jdk1.8.0_281\
CLASSPATH=.;JAVA_HOME%\lib;C:\Program Files\Java\jdk1.8.0_281\\lib\dt.jar;C:\Program Files\Java\jdk1.8.0_281\\lib\tools.jar
PATH=C:\Program Files (x86)\Common Files\Oracle\Java\javapath;C:\Windows\system32;C:\Windows;C:\Windows\System32\Wbem;C:\Windows\System32\WindowsPowerShell\v1.0\;C:\Windows\System32\OpenSSH\;C:\Program Files\Java\jdk1.8.0_281\\bin;C:\Program Files\Java\jdk1.8.0_281\jre\bin;D:\maven\apache-maven-3.6.3-bin\apache-maven-3.6.3\bin;D:\Git\Git\cmd;D:\node\;C:\Program Files\TortoiseSVN\bin;C:\Program Files\Docker\Docker\resources\bin;C:\Users\94922\AppData\Local\Microsoft\WindowsApps;C:\Users\94922\AppData\Roaming\npm
USERNAME=HD
OS=Windows_NT
PROCESSOR_IDENTIFIER=Intel64 Family 6 Model 94 Stepping 3, GenuineIntel



---------------  S Y S T E M  ---------------

OS: Windows 10.0 , 64 bit Build 22000 (10.0.22000.1761)

CPU:total 4 (initial active 4) (2 cores per cpu, 2 threads per core) family 6 model 94 stepping 3, cmov, cx8, fxsr, mmx, sse, sse2, sse3, ssse3, sse4.1, sse4.2, popcnt, avx, avx2, aes, clmul, erms, 3dnowpref, lzcnt, ht, tsc, tscinvbit, bmi1, bmi2, adx

Memory: 4k page, physical 16639724k(6892452k free), swap 20702956k(7431780k free)

vm_info: Java HotSpot(TM) 64-Bit Server VM (25.281-b09) for windows-amd64 JRE (1.8.0_281-b09), built on Dec  9 2020 13:54:07 by "" with MS VC++ 15.9 (VS2017)

time: Sat Apr 22 10:43:10 2023
timezone: ÖĐąú±ę×ĽĘ±Ľä
elapsed time: 6.656490 seconds (0d 0h 0m 6s)

