2022-08-05 14:08:02.287 [main] WARN  org.mybatis.spring.mapper.ClassPathMapperScanner - No MyBatis mapper was found in '[com.cheji.web]' package. Please check your configuration.
2022-08-05 14:08:02.645 [main] WARN  org.mybatis.spring.mapper.ClassPathMapperScanner - Skipping MapperFactoryBean with name 'accidentRecordMapper' and 'com.cheji.web.modular.mapper.AccidentRecordMapper' mapperInterface. Bean already defined with the same name!
2022-08-05 14:08:02.645 [main] WARN  org.mybatis.spring.mapper.ClassPathMapperScanner - Skipping MapperFactoryBean with name 'appBUserConfigMapper' and 'com.cheji.web.modular.mapper.AppBUserConfigMapper' mapperInterface. Bean already defined with the same name!
2022-08-05 14:08:02.645 [main] WARN  org.mybatis.spring.mapper.ClassPathMapperScanner - Skipping MapperFactoryBean with name 'appBeautyPriceDetailMapper' and 'com.cheji.web.modular.mapper.AppBeautyPriceDetailMapper' mapperInterface. Bean already defined with the same name!
2022-08-05 14:08:02.649 [main] WARN  org.mybatis.spring.mapper.ClassPathMapperScanner - Skipping MapperFactoryBean with name 'appBusinessConfirmMapper' and 'com.cheji.web.modular.mapper.AppBusinessConfirmMapper' mapperInterface. Bean already defined with the same name!
2022-08-05 14:08:02.650 [main] WARN  org.mybatis.spring.mapper.ClassPathMapperScanner - Skipping MapperFactoryBean with name 'appCarBrandEntityMapper' and 'com.cheji.web.modular.mapper.AppCarBrandEntityMapper' mapperInterface. Bean already defined with the same name!
2022-08-05 14:08:02.650 [main] WARN  org.mybatis.spring.mapper.ClassPathMapperScanner - Skipping MapperFactoryBean with name 'appChangeAccountRecordMapper' and 'com.cheji.web.modular.mapper.AppChangeAccountRecordMapper' mapperInterface. Bean already defined with the same name!
2022-08-05 14:08:02.650 [main] WARN  org.mybatis.spring.mapper.ClassPathMapperScanner - Skipping MapperFactoryBean with name 'appClaimTeacherMapper' and 'com.cheji.web.modular.mapper.AppClaimTeacherMapper' mapperInterface. Bean already defined with the same name!
2022-08-05 14:08:02.650 [main] WARN  org.mybatis.spring.mapper.ClassPathMapperScanner - Skipping MapperFactoryBean with name 'appCouponTypeMapper' and 'com.cheji.web.modular.mapper.AppCouponTypeMapper' mapperInterface. Bean already defined with the same name!
2022-08-05 14:08:02.650 [main] WARN  org.mybatis.spring.mapper.ClassPathMapperScanner - Skipping MapperFactoryBean with name 'appJgPushMapper' and 'com.cheji.web.modular.mapper.AppJgPushMapper' mapperInterface. Bean already defined with the same name!
2022-08-05 14:08:02.650 [main] WARN  org.mybatis.spring.mapper.ClassPathMapperScanner - Skipping MapperFactoryBean with name 'appMessageCarMapper' and 'com.cheji.web.modular.mapper.AppMessageCarMapper' mapperInterface. Bean already defined with the same name!
2022-08-05 14:08:02.650 [main] WARN  org.mybatis.spring.mapper.ClassPathMapperScanner - Skipping MapperFactoryBean with name 'appMessageUrlMapper' and 'com.cheji.web.modular.mapper.AppMessageUrlMapper' mapperInterface. Bean already defined with the same name!
2022-08-05 14:08:02.650 [main] WARN  org.mybatis.spring.mapper.ClassPathMapperScanner - Skipping MapperFactoryBean with name 'appOrderRollBackMapper' and 'com.cheji.web.modular.mapper.AppOrderRollBackMapper' mapperInterface. Bean already defined with the same name!
2022-08-05 14:08:02.650 [main] WARN  org.mybatis.spring.mapper.ClassPathMapperScanner - Skipping MapperFactoryBean with name 'appPhotoMerMapper' and 'com.cheji.web.modular.mapper.AppPhotoMerMapper' mapperInterface. Bean already defined with the same name!
2022-08-05 14:08:02.650 [main] WARN  org.mybatis.spring.mapper.ClassPathMapperScanner - Skipping MapperFactoryBean with name 'appPushMessMapper' and 'com.cheji.web.modular.mapper.AppPushMessMapper' mapperInterface. Bean already defined with the same name!
2022-08-05 14:08:02.650 [main] WARN  org.mybatis.spring.mapper.ClassPathMapperScanner - Skipping MapperFactoryBean with name 'appRepeatAccidentMapper' and 'com.cheji.web.modular.mapper.AppRepeatAccidentMapper' mapperInterface. Bean already defined with the same name!
2022-08-05 14:08:02.650 [main] WARN  org.mybatis.spring.mapper.ClassPathMapperScanner - Skipping MapperFactoryBean with name 'appRescueIndentMapper' and 'com.cheji.web.modular.mapper.AppRescueIndentMapper' mapperInterface. Bean already defined with the same name!
2022-08-05 14:08:02.651 [main] WARN  org.mybatis.spring.mapper.ClassPathMapperScanner - Skipping MapperFactoryBean with name 'appSendOutSheetMapper' and 'com.cheji.web.modular.mapper.AppSendOutSheetMapper' mapperInterface. Bean already defined with the same name!
2022-08-05 14:08:02.651 [main] WARN  org.mybatis.spring.mapper.ClassPathMapperScanner - Skipping MapperFactoryBean with name 'appSendUrlMapper' and 'com.cheji.web.modular.mapper.AppSendUrlMapper' mapperInterface. Bean already defined with the same name!
2022-08-05 14:08:02.651 [main] WARN  org.mybatis.spring.mapper.ClassPathMapperScanner - Skipping MapperFactoryBean with name 'appSprayPaintDetailsMapper' and 'com.cheji.web.modular.mapper.AppSprayPaintDetailsMapper' mapperInterface. Bean already defined with the same name!
2022-08-05 14:08:02.651 [main] WARN  org.mybatis.spring.mapper.ClassPathMapperScanner - Skipping MapperFactoryBean with name 'appSprayPaintImgMapper' and 'com.cheji.web.modular.mapper.AppSprayPaintImgMapper' mapperInterface. Bean already defined with the same name!
2022-08-05 14:08:02.651 [main] WARN  org.mybatis.spring.mapper.ClassPathMapperScanner - Skipping MapperFactoryBean with name 'appSprayPaintIndentMapper' and 'com.cheji.web.modular.mapper.AppSprayPaintIndentMapper' mapperInterface. Bean already defined with the same name!
2022-08-05 14:08:02.651 [main] WARN  org.mybatis.spring.mapper.ClassPathMapperScanner - Skipping MapperFactoryBean with name 'appSubUsualAddressMapper' and 'com.cheji.web.modular.mapper.AppSubUsualAddressMapper' mapperInterface. Bean already defined with the same name!
2022-08-05 14:08:02.651 [main] WARN  org.mybatis.spring.mapper.ClassPathMapperScanner - Skipping MapperFactoryBean with name 'appSubstituteDrivingImgMapper' and 'com.cheji.web.modular.mapper.AppSubstituteDrivingImgMapper' mapperInterface. Bean already defined with the same name!
2022-08-05 14:08:02.651 [main] WARN  org.mybatis.spring.mapper.ClassPathMapperScanner - Skipping MapperFactoryBean with name 'appSubstituteDrivingIndentMapper' and 'com.cheji.web.modular.mapper.AppSubstituteDrivingIndentMapper' mapperInterface. Bean already defined with the same name!
2022-08-05 14:08:02.651 [main] WARN  org.mybatis.spring.mapper.ClassPathMapperScanner - Skipping MapperFactoryBean with name 'appUpMerchantsMapper' and 'com.cheji.web.modular.mapper.AppUpMerchantsMapper' mapperInterface. Bean already defined with the same name!
2022-08-05 14:08:02.651 [main] WARN  org.mybatis.spring.mapper.ClassPathMapperScanner - Skipping MapperFactoryBean with name 'appUserAccountRecordMapper' and 'com.cheji.web.modular.mapper.AppUserAccountRecordMapper' mapperInterface. Bean already defined with the same name!
2022-08-05 14:08:02.651 [main] WARN  org.mybatis.spring.mapper.ClassPathMapperScanner - Skipping MapperFactoryBean with name 'appUserBMessageImgMapper' and 'com.cheji.web.modular.mapper.AppUserBMessageImgMapper' mapperInterface. Bean already defined with the same name!
2022-08-05 14:08:02.651 [main] WARN  org.mybatis.spring.mapper.ClassPathMapperScanner - Skipping MapperFactoryBean with name 'appUserBMessageMapper' and 'com.cheji.web.modular.mapper.AppUserBMessageMapper' mapperInterface. Bean already defined with the same name!
2022-08-05 14:08:02.651 [main] WARN  org.mybatis.spring.mapper.ClassPathMapperScanner - Skipping MapperFactoryBean with name 'appUserBankMapper' and 'com.cheji.web.modular.mapper.AppUserBankMapper' mapperInterface. Bean already defined with the same name!
2022-08-05 14:08:02.651 [main] WARN  org.mybatis.spring.mapper.ClassPathMapperScanner - Skipping MapperFactoryBean with name 'appUserCarInfoMapper' and 'com.cheji.web.modular.mapper.AppUserCarInfoMapper' mapperInterface. Bean already defined with the same name!
2022-08-05 14:08:02.651 [main] WARN  org.mybatis.spring.mapper.ClassPathMapperScanner - Skipping MapperFactoryBean with name 'appUserCouponMapper' and 'com.cheji.web.modular.mapper.AppUserCouponMapper' mapperInterface. Bean already defined with the same name!
2022-08-05 14:08:02.652 [main] WARN  org.mybatis.spring.mapper.ClassPathMapperScanner - Skipping MapperFactoryBean with name 'appUserMapper' and 'com.cheji.web.modular.mapper.AppUserMapper' mapperInterface. Bean already defined with the same name!
2022-08-05 14:08:02.653 [main] WARN  org.mybatis.spring.mapper.ClassPathMapperScanner - Skipping MapperFactoryBean with name 'appUserPlusMapper' and 'com.cheji.web.modular.mapper.AppUserPlusMapper' mapperInterface. Bean already defined with the same name!
2022-08-05 14:08:02.653 [main] WARN  org.mybatis.spring.mapper.ClassPathMapperScanner - Skipping MapperFactoryBean with name 'appVersionMapper' and 'com.cheji.web.modular.mapper.AppVersionMapper' mapperInterface. Bean already defined with the same name!
2022-08-05 14:08:02.653 [main] WARN  org.mybatis.spring.mapper.ClassPathMapperScanner - Skipping MapperFactoryBean with name 'appWxBankMapper' and 'com.cheji.web.modular.mapper.AppWxBankMapper' mapperInterface. Bean already defined with the same name!
2022-08-05 14:08:02.653 [main] WARN  org.mybatis.spring.mapper.ClassPathMapperScanner - Skipping MapperFactoryBean with name 'appWxCashOutRecordEntityMapper' and 'com.cheji.web.modular.mapper.AppWxCashOutRecordEntityMapper' mapperInterface. Bean already defined with the same name!
2022-08-05 14:08:02.653 [main] WARN  org.mybatis.spring.mapper.ClassPathMapperScanner - Skipping MapperFactoryBean with name 'appWxUnifiedorderRecordMapper' and 'com.cheji.web.modular.mapper.AppWxUnifiedorderRecordMapper' mapperInterface. Bean already defined with the same name!
2022-08-05 14:08:02.653 [main] WARN  org.mybatis.spring.mapper.ClassPathMapperScanner - Skipping MapperFactoryBean with name 'appWxpayOrderMapper' and 'com.cheji.web.modular.mapper.AppWxpayOrderMapper' mapperInterface. Bean already defined with the same name!
2022-08-05 14:08:02.653 [main] WARN  org.mybatis.spring.mapper.ClassPathMapperScanner - Skipping MapperFactoryBean with name 'appYearCheckImgMapper' and 'com.cheji.web.modular.mapper.AppYearCheckImgMapper' mapperInterface. Bean already defined with the same name!
2022-08-05 14:08:02.653 [main] WARN  org.mybatis.spring.mapper.ClassPathMapperScanner - Skipping MapperFactoryBean with name 'appYearCheckIndentMapper' and 'com.cheji.web.modular.mapper.AppYearCheckIndentMapper' mapperInterface. Bean already defined with the same name!
2022-08-05 14:08:02.653 [main] WARN  org.mybatis.spring.mapper.ClassPathMapperScanner - Skipping MapperFactoryBean with name 'BUserMapper' and 'com.cheji.web.modular.mapper.BUserMapper' mapperInterface. Bean already defined with the same name!
2022-08-05 14:08:02.653 [main] WARN  org.mybatis.spring.mapper.ClassPathMapperScanner - Skipping MapperFactoryBean with name 'bizAccidentMapper' and 'com.cheji.web.modular.mapper.BizAccidentMapper' mapperInterface. Bean already defined with the same name!
2022-08-05 14:08:02.653 [main] WARN  org.mybatis.spring.mapper.ClassPathMapperScanner - Skipping MapperFactoryBean with name 'carBrandMapper' and 'com.cheji.web.modular.mapper.CarBrandMapper' mapperInterface. Bean already defined with the same name!
2022-08-05 14:08:02.653 [main] WARN  org.mybatis.spring.mapper.ClassPathMapperScanner - Skipping MapperFactoryBean with name 'cityMapper' and 'com.cheji.web.modular.mapper.CityMapper' mapperInterface. Bean already defined with the same name!
2022-08-05 14:08:02.653 [main] WARN  org.mybatis.spring.mapper.ClassPathMapperScanner - Skipping MapperFactoryBean with name 'cleanIndetMapper' and 'com.cheji.web.modular.mapper.CleanIndetMapper' mapperInterface. Bean already defined with the same name!
2022-08-05 14:08:02.653 [main] WARN  org.mybatis.spring.mapper.ClassPathMapperScanner - Skipping MapperFactoryBean with name 'cleanPriceDetailMapper' and 'com.cheji.web.modular.mapper.CleanPriceDetailMapper' mapperInterface. Bean already defined with the same name!
2022-08-05 14:08:02.653 [main] WARN  org.mybatis.spring.mapper.ClassPathMapperScanner - Skipping MapperFactoryBean with name 'imgMapper' and 'com.cheji.web.modular.mapper.ImgMapper' mapperInterface. Bean already defined with the same name!
2022-08-05 14:08:02.653 [main] WARN  org.mybatis.spring.mapper.ClassPathMapperScanner - Skipping MapperFactoryBean with name 'indentMapper' and 'com.cheji.web.modular.mapper.IndentMapper' mapperInterface. Bean already defined with the same name!
2022-08-05 14:08:02.653 [main] WARN  org.mybatis.spring.mapper.ClassPathMapperScanner - Skipping MapperFactoryBean with name 'insuranceCompanyMapper' and 'com.cheji.web.modular.mapper.InsuranceCompanyMapper' mapperInterface. Bean already defined with the same name!
2022-08-05 14:08:02.653 [main] WARN  org.mybatis.spring.mapper.ClassPathMapperScanner - Skipping MapperFactoryBean with name 'insuranceMerchantsMapper' and 'com.cheji.web.modular.mapper.InsuranceMerchantsMapper' mapperInterface. Bean already defined with the same name!
2022-08-05 14:08:02.653 [main] WARN  org.mybatis.spring.mapper.ClassPathMapperScanner - Skipping MapperFactoryBean with name 'lableDetailsReviewTreeMapper' and 'com.cheji.web.modular.mapper.LableDetailsReviewTreeMapper' mapperInterface. Bean already defined with the same name!
2022-08-05 14:08:02.653 [main] WARN  org.mybatis.spring.mapper.ClassPathMapperScanner - Skipping MapperFactoryBean with name 'lableMapper' and 'com.cheji.web.modular.mapper.LableMapper' mapperInterface. Bean already defined with the same name!
2022-08-05 14:08:02.653 [main] WARN  org.mybatis.spring.mapper.ClassPathMapperScanner - Skipping MapperFactoryBean with name 'leagueMapper' and 'com.cheji.web.modular.mapper.LeagueMapper' mapperInterface. Bean already defined with the same name!
2022-08-05 14:08:02.653 [main] WARN  org.mybatis.spring.mapper.ClassPathMapperScanner - Skipping MapperFactoryBean with name 'merchantsBrandMapper' and 'com.cheji.web.modular.mapper.MerchantsBrandMapper' mapperInterface. Bean already defined with the same name!
2022-08-05 14:08:02.653 [main] WARN  org.mybatis.spring.mapper.ClassPathMapperScanner - Skipping MapperFactoryBean with name 'merchantsCommentsTreeMapper' and 'com.cheji.web.modular.mapper.MerchantsCommentsTreeMapper' mapperInterface. Bean already defined with the same name!
2022-08-05 14:08:02.653 [main] WARN  org.mybatis.spring.mapper.ClassPathMapperScanner - Skipping MapperFactoryBean with name 'merchantsInfoBannerMapper' and 'com.cheji.web.modular.mapper.MerchantsInfoBannerMapper' mapperInterface. Bean already defined with the same name!
2022-08-05 14:08:02.653 [main] WARN  org.mybatis.spring.mapper.ClassPathMapperScanner - Skipping MapperFactoryBean with name 'merchantsLableMapper' and 'com.cheji.web.modular.mapper.MerchantsLableMapper' mapperInterface. Bean already defined with the same name!
2022-08-05 14:08:02.653 [main] WARN  org.mybatis.spring.mapper.ClassPathMapperScanner - Skipping MapperFactoryBean with name 'merchantsServicerMapper' and 'com.cheji.web.modular.mapper.MerchantsServicerMapper' mapperInterface. Bean already defined with the same name!
2022-08-05 14:08:02.653 [main] WARN  org.mybatis.spring.mapper.ClassPathMapperScanner - Skipping MapperFactoryBean with name 'payAmountRecordMapper' and 'com.cheji.web.modular.mapper.PayAmountRecordMapper' mapperInterface. Bean already defined with the same name!
2022-08-05 14:08:02.653 [main] WARN  org.mybatis.spring.mapper.ClassPathMapperScanner - Skipping MapperFactoryBean with name 'pushBillMapper' and 'com.cheji.web.modular.mapper.PushBillMapper' mapperInterface. Bean already defined with the same name!
2022-08-05 14:08:02.653 [main] WARN  org.mybatis.spring.mapper.ClassPathMapperScanner - Skipping MapperFactoryBean with name 'pushRecordMapper' and 'com.cheji.web.modular.mapper.PushRecordMapper' mapperInterface. Bean already defined with the same name!
2022-08-05 14:08:02.653 [main] WARN  org.mybatis.spring.mapper.ClassPathMapperScanner - Skipping MapperFactoryBean with name 'settlePlusMapper' and 'com.cheji.web.modular.mapper.SettlePlusMapper' mapperInterface. Bean already defined with the same name!
2022-08-05 14:08:02.654 [main] WARN  org.mybatis.spring.mapper.ClassPathMapperScanner - Skipping MapperFactoryBean with name 'userBankMapper' and 'com.cheji.web.modular.mapper.UserBankMapper' mapperInterface. Bean already defined with the same name!
2022-08-05 14:08:02.654 [main] WARN  org.mybatis.spring.mapper.ClassPathMapperScanner - Skipping MapperFactoryBean with name 'userMapper' and 'com.cheji.web.modular.mapper.UserMapper' mapperInterface. Bean already defined with the same name!
2022-08-05 14:08:02.655 [main] WARN  org.mybatis.spring.mapper.ClassPathMapperScanner - Skipping MapperFactoryBean with name 'userPlusRoyaltyMapper' and 'com.cheji.web.modular.mapper.UserPlusRoyaltyMapper' mapperInterface. Bean already defined with the same name!
2022-08-05 14:08:02.655 [main] WARN  org.mybatis.spring.mapper.ClassPathMapperScanner - Skipping MapperFactoryBean with name 'videoCommentsMapper' and 'com.cheji.web.modular.mapper.VideoCommentsMapper' mapperInterface. Bean already defined with the same name!
2022-08-05 14:08:02.655 [main] WARN  org.mybatis.spring.mapper.ClassPathMapperScanner - Skipping MapperFactoryBean with name 'videoCommontsThumbsMapper' and 'com.cheji.web.modular.mapper.VideoCommontsThumbsMapper' mapperInterface. Bean already defined with the same name!
2022-08-05 14:08:02.655 [main] WARN  org.mybatis.spring.mapper.ClassPathMapperScanner - Skipping MapperFactoryBean with name 'videoMapper' and 'com.cheji.web.modular.mapper.VideoMapper' mapperInterface. Bean already defined with the same name!
2022-08-05 14:08:02.655 [main] WARN  org.mybatis.spring.mapper.ClassPathMapperScanner - Skipping MapperFactoryBean with name 'videoThumbsMapper' and 'com.cheji.web.modular.mapper.VideoThumbsMapper' mapperInterface. Bean already defined with the same name!
2022-08-05 14:08:02.655 [main] WARN  org.mybatis.spring.mapper.ClassPathMapperScanner - No MyBatis mapper was found in '[com.cheji.web.modular.mapper]' package. Please check your configuration.
2022-08-05 14:08:09.915 [main] WARN  com.baomidou.mybatisplus.toolkit.TableInfoHelper - Warn: Could not find @TableId in Class: com.cheji.web.modular.domain.AppWxpayOrderEntity.
2022-08-05 14:08:09.916 [main] WARN  com.baomidou.mybatisplus.mapper.AutoSqlInjector - class com.cheji.web.modular.domain.AppWxpayOrderEntity ,Not found @TableId annotation, Cannot use Mybatis-Plus 'xxById' Method.
2022-08-05 14:13:36.890 [main] WARN  org.mybatis.spring.mapper.ClassPathMapperScanner - No MyBatis mapper was found in '[com.cheji.web]' package. Please check your configuration.
2022-08-05 14:13:37.188 [main] WARN  org.mybatis.spring.mapper.ClassPathMapperScanner - Skipping MapperFactoryBean with name 'accidentRecordMapper' and 'com.cheji.web.modular.mapper.AccidentRecordMapper' mapperInterface. Bean already defined with the same name!
2022-08-05 14:13:37.189 [main] WARN  org.mybatis.spring.mapper.ClassPathMapperScanner - Skipping MapperFactoryBean with name 'appBUserConfigMapper' and 'com.cheji.web.modular.mapper.AppBUserConfigMapper' mapperInterface. Bean already defined with the same name!
2022-08-05 14:13:37.189 [main] WARN  org.mybatis.spring.mapper.ClassPathMapperScanner - Skipping MapperFactoryBean with name 'appBeautyPriceDetailMapper' and 'com.cheji.web.modular.mapper.AppBeautyPriceDetailMapper' mapperInterface. Bean already defined with the same name!
2022-08-05 14:13:37.189 [main] WARN  org.mybatis.spring.mapper.ClassPathMapperScanner - Skipping MapperFactoryBean with name 'appBusinessConfirmMapper' and 'com.cheji.web.modular.mapper.AppBusinessConfirmMapper' mapperInterface. Bean already defined with the same name!
2022-08-05 14:13:37.189 [main] WARN  org.mybatis.spring.mapper.ClassPathMapperScanner - Skipping MapperFactoryBean with name 'appCarBrandEntityMapper' and 'com.cheji.web.modular.mapper.AppCarBrandEntityMapper' mapperInterface. Bean already defined with the same name!
2022-08-05 14:13:37.189 [main] WARN  org.mybatis.spring.mapper.ClassPathMapperScanner - Skipping MapperFactoryBean with name 'appChangeAccountRecordMapper' and 'com.cheji.web.modular.mapper.AppChangeAccountRecordMapper' mapperInterface. Bean already defined with the same name!
2022-08-05 14:13:37.189 [main] WARN  org.mybatis.spring.mapper.ClassPathMapperScanner - Skipping MapperFactoryBean with name 'appClaimTeacherMapper' and 'com.cheji.web.modular.mapper.AppClaimTeacherMapper' mapperInterface. Bean already defined with the same name!
2022-08-05 14:13:37.190 [main] WARN  org.mybatis.spring.mapper.ClassPathMapperScanner - Skipping MapperFactoryBean with name 'appCouponTypeMapper' and 'com.cheji.web.modular.mapper.AppCouponTypeMapper' mapperInterface. Bean already defined with the same name!
2022-08-05 14:13:37.190 [main] WARN  org.mybatis.spring.mapper.ClassPathMapperScanner - Skipping MapperFactoryBean with name 'appJgPushMapper' and 'com.cheji.web.modular.mapper.AppJgPushMapper' mapperInterface. Bean already defined with the same name!
2022-08-05 14:13:37.190 [main] WARN  org.mybatis.spring.mapper.ClassPathMapperScanner - Skipping MapperFactoryBean with name 'appMessageCarMapper' and 'com.cheji.web.modular.mapper.AppMessageCarMapper' mapperInterface. Bean already defined with the same name!
2022-08-05 14:13:37.190 [main] WARN  org.mybatis.spring.mapper.ClassPathMapperScanner - Skipping MapperFactoryBean with name 'appMessageUrlMapper' and 'com.cheji.web.modular.mapper.AppMessageUrlMapper' mapperInterface. Bean already defined with the same name!
2022-08-05 14:13:37.190 [main] WARN  org.mybatis.spring.mapper.ClassPathMapperScanner - Skipping MapperFactoryBean with name 'appOrderRollBackMapper' and 'com.cheji.web.modular.mapper.AppOrderRollBackMapper' mapperInterface. Bean already defined with the same name!
2022-08-05 14:13:37.190 [main] WARN  org.mybatis.spring.mapper.ClassPathMapperScanner - Skipping MapperFactoryBean with name 'appPhotoMerMapper' and 'com.cheji.web.modular.mapper.AppPhotoMerMapper' mapperInterface. Bean already defined with the same name!
2022-08-05 14:13:37.190 [main] WARN  org.mybatis.spring.mapper.ClassPathMapperScanner - Skipping MapperFactoryBean with name 'appPushMessMapper' and 'com.cheji.web.modular.mapper.AppPushMessMapper' mapperInterface. Bean already defined with the same name!
2022-08-05 14:13:37.190 [main] WARN  org.mybatis.spring.mapper.ClassPathMapperScanner - Skipping MapperFactoryBean with name 'appRepeatAccidentMapper' and 'com.cheji.web.modular.mapper.AppRepeatAccidentMapper' mapperInterface. Bean already defined with the same name!
2022-08-05 14:13:37.191 [main] WARN  org.mybatis.spring.mapper.ClassPathMapperScanner - Skipping MapperFactoryBean with name 'appRescueIndentMapper' and 'com.cheji.web.modular.mapper.AppRescueIndentMapper' mapperInterface. Bean already defined with the same name!
2022-08-05 14:13:37.191 [main] WARN  org.mybatis.spring.mapper.ClassPathMapperScanner - Skipping MapperFactoryBean with name 'appSendOutSheetMapper' and 'com.cheji.web.modular.mapper.AppSendOutSheetMapper' mapperInterface. Bean already defined with the same name!
2022-08-05 14:13:37.191 [main] WARN  org.mybatis.spring.mapper.ClassPathMapperScanner - Skipping MapperFactoryBean with name 'appSendUrlMapper' and 'com.cheji.web.modular.mapper.AppSendUrlMapper' mapperInterface. Bean already defined with the same name!
2022-08-05 14:13:37.191 [main] WARN  org.mybatis.spring.mapper.ClassPathMapperScanner - Skipping MapperFactoryBean with name 'appSprayPaintDetailsMapper' and 'com.cheji.web.modular.mapper.AppSprayPaintDetailsMapper' mapperInterface. Bean already defined with the same name!
2022-08-05 14:13:37.191 [main] WARN  org.mybatis.spring.mapper.ClassPathMapperScanner - Skipping MapperFactoryBean with name 'appSprayPaintImgMapper' and 'com.cheji.web.modular.mapper.AppSprayPaintImgMapper' mapperInterface. Bean already defined with the same name!
2022-08-05 14:13:37.191 [main] WARN  org.mybatis.spring.mapper.ClassPathMapperScanner - Skipping MapperFactoryBean with name 'appSprayPaintIndentMapper' and 'com.cheji.web.modular.mapper.AppSprayPaintIndentMapper' mapperInterface. Bean already defined with the same name!
2022-08-05 14:13:37.191 [main] WARN  org.mybatis.spring.mapper.ClassPathMapperScanner - Skipping MapperFactoryBean with name 'appSubUsualAddressMapper' and 'com.cheji.web.modular.mapper.AppSubUsualAddressMapper' mapperInterface. Bean already defined with the same name!
2022-08-05 14:13:37.191 [main] WARN  org.mybatis.spring.mapper.ClassPathMapperScanner - Skipping MapperFactoryBean with name 'appSubstituteDrivingImgMapper' and 'com.cheji.web.modular.mapper.AppSubstituteDrivingImgMapper' mapperInterface. Bean already defined with the same name!
2022-08-05 14:13:37.191 [main] WARN  org.mybatis.spring.mapper.ClassPathMapperScanner - Skipping MapperFactoryBean with name 'appSubstituteDrivingIndentMapper' and 'com.cheji.web.modular.mapper.AppSubstituteDrivingIndentMapper' mapperInterface. Bean already defined with the same name!
2022-08-05 14:13:37.191 [main] WARN  org.mybatis.spring.mapper.ClassPathMapperScanner - Skipping MapperFactoryBean with name 'appUpMerchantsMapper' and 'com.cheji.web.modular.mapper.AppUpMerchantsMapper' mapperInterface. Bean already defined with the same name!
2022-08-05 14:13:37.191 [main] WARN  org.mybatis.spring.mapper.ClassPathMapperScanner - Skipping MapperFactoryBean with name 'appUserAccountRecordMapper' and 'com.cheji.web.modular.mapper.AppUserAccountRecordMapper' mapperInterface. Bean already defined with the same name!
2022-08-05 14:13:37.191 [main] WARN  org.mybatis.spring.mapper.ClassPathMapperScanner - Skipping MapperFactoryBean with name 'appUserBMessageImgMapper' and 'com.cheji.web.modular.mapper.AppUserBMessageImgMapper' mapperInterface. Bean already defined with the same name!
2022-08-05 14:13:37.191 [main] WARN  org.mybatis.spring.mapper.ClassPathMapperScanner - Skipping MapperFactoryBean with name 'appUserBMessageMapper' and 'com.cheji.web.modular.mapper.AppUserBMessageMapper' mapperInterface. Bean already defined with the same name!
2022-08-05 14:13:37.191 [main] WARN  org.mybatis.spring.mapper.ClassPathMapperScanner - Skipping MapperFactoryBean with name 'appUserBankMapper' and 'com.cheji.web.modular.mapper.AppUserBankMapper' mapperInterface. Bean already defined with the same name!
2022-08-05 14:13:37.191 [main] WARN  org.mybatis.spring.mapper.ClassPathMapperScanner - Skipping MapperFactoryBean with name 'appUserCarInfoMapper' and 'com.cheji.web.modular.mapper.AppUserCarInfoMapper' mapperInterface. Bean already defined with the same name!
2022-08-05 14:13:37.191 [main] WARN  org.mybatis.spring.mapper.ClassPathMapperScanner - Skipping MapperFactoryBean with name 'appUserCouponMapper' and 'com.cheji.web.modular.mapper.AppUserCouponMapper' mapperInterface. Bean already defined with the same name!
2022-08-05 14:13:37.192 [main] WARN  org.mybatis.spring.mapper.ClassPathMapperScanner - Skipping MapperFactoryBean with name 'appUserMapper' and 'com.cheji.web.modular.mapper.AppUserMapper' mapperInterface. Bean already defined with the same name!
2022-08-05 14:13:37.192 [main] WARN  org.mybatis.spring.mapper.ClassPathMapperScanner - Skipping MapperFactoryBean with name 'appUserPlusMapper' and 'com.cheji.web.modular.mapper.AppUserPlusMapper' mapperInterface. Bean already defined with the same name!
2022-08-05 14:13:37.192 [main] WARN  org.mybatis.spring.mapper.ClassPathMapperScanner - Skipping MapperFactoryBean with name 'appVersionMapper' and 'com.cheji.web.modular.mapper.AppVersionMapper' mapperInterface. Bean already defined with the same name!
2022-08-05 14:13:37.192 [main] WARN  org.mybatis.spring.mapper.ClassPathMapperScanner - Skipping MapperFactoryBean with name 'appWxBankMapper' and 'com.cheji.web.modular.mapper.AppWxBankMapper' mapperInterface. Bean already defined with the same name!
2022-08-05 14:13:37.192 [main] WARN  org.mybatis.spring.mapper.ClassPathMapperScanner - Skipping MapperFactoryBean with name 'appWxCashOutRecordEntityMapper' and 'com.cheji.web.modular.mapper.AppWxCashOutRecordEntityMapper' mapperInterface. Bean already defined with the same name!
2022-08-05 14:13:37.192 [main] WARN  org.mybatis.spring.mapper.ClassPathMapperScanner - Skipping MapperFactoryBean with name 'appWxUnifiedorderRecordMapper' and 'com.cheji.web.modular.mapper.AppWxUnifiedorderRecordMapper' mapperInterface. Bean already defined with the same name!
2022-08-05 14:13:37.192 [main] WARN  org.mybatis.spring.mapper.ClassPathMapperScanner - Skipping MapperFactoryBean with name 'appWxpayOrderMapper' and 'com.cheji.web.modular.mapper.AppWxpayOrderMapper' mapperInterface. Bean already defined with the same name!
2022-08-05 14:13:37.192 [main] WARN  org.mybatis.spring.mapper.ClassPathMapperScanner - Skipping MapperFactoryBean with name 'appYearCheckImgMapper' and 'com.cheji.web.modular.mapper.AppYearCheckImgMapper' mapperInterface. Bean already defined with the same name!
2022-08-05 14:13:37.192 [main] WARN  org.mybatis.spring.mapper.ClassPathMapperScanner - Skipping MapperFactoryBean with name 'appYearCheckIndentMapper' and 'com.cheji.web.modular.mapper.AppYearCheckIndentMapper' mapperInterface. Bean already defined with the same name!
2022-08-05 14:13:37.192 [main] WARN  org.mybatis.spring.mapper.ClassPathMapperScanner - Skipping MapperFactoryBean with name 'BUserMapper' and 'com.cheji.web.modular.mapper.BUserMapper' mapperInterface. Bean already defined with the same name!
2022-08-05 14:13:37.192 [main] WARN  org.mybatis.spring.mapper.ClassPathMapperScanner - Skipping MapperFactoryBean with name 'bizAccidentMapper' and 'com.cheji.web.modular.mapper.BizAccidentMapper' mapperInterface. Bean already defined with the same name!
2022-08-05 14:13:37.192 [main] WARN  org.mybatis.spring.mapper.ClassPathMapperScanner - Skipping MapperFactoryBean with name 'carBrandMapper' and 'com.cheji.web.modular.mapper.CarBrandMapper' mapperInterface. Bean already defined with the same name!
2022-08-05 14:13:37.192 [main] WARN  org.mybatis.spring.mapper.ClassPathMapperScanner - Skipping MapperFactoryBean with name 'cityMapper' and 'com.cheji.web.modular.mapper.CityMapper' mapperInterface. Bean already defined with the same name!
2022-08-05 14:13:37.192 [main] WARN  org.mybatis.spring.mapper.ClassPathMapperScanner - Skipping MapperFactoryBean with name 'cleanIndetMapper' and 'com.cheji.web.modular.mapper.CleanIndetMapper' mapperInterface. Bean already defined with the same name!
2022-08-05 14:13:37.192 [main] WARN  org.mybatis.spring.mapper.ClassPathMapperScanner - Skipping MapperFactoryBean with name 'cleanPriceDetailMapper' and 'com.cheji.web.modular.mapper.CleanPriceDetailMapper' mapperInterface. Bean already defined with the same name!
2022-08-05 14:13:37.192 [main] WARN  org.mybatis.spring.mapper.ClassPathMapperScanner - Skipping MapperFactoryBean with name 'imgMapper' and 'com.cheji.web.modular.mapper.ImgMapper' mapperInterface. Bean already defined with the same name!
2022-08-05 14:13:37.192 [main] WARN  org.mybatis.spring.mapper.ClassPathMapperScanner - Skipping MapperFactoryBean with name 'indentMapper' and 'com.cheji.web.modular.mapper.IndentMapper' mapperInterface. Bean already defined with the same name!
2022-08-05 14:13:37.192 [main] WARN  org.mybatis.spring.mapper.ClassPathMapperScanner - Skipping MapperFactoryBean with name 'insuranceCompanyMapper' and 'com.cheji.web.modular.mapper.InsuranceCompanyMapper' mapperInterface. Bean already defined with the same name!
2022-08-05 14:13:37.192 [main] WARN  org.mybatis.spring.mapper.ClassPathMapperScanner - Skipping MapperFactoryBean with name 'insuranceMerchantsMapper' and 'com.cheji.web.modular.mapper.InsuranceMerchantsMapper' mapperInterface. Bean already defined with the same name!
2022-08-05 14:13:37.192 [main] WARN  org.mybatis.spring.mapper.ClassPathMapperScanner - Skipping MapperFactoryBean with name 'lableDetailsReviewTreeMapper' and 'com.cheji.web.modular.mapper.LableDetailsReviewTreeMapper' mapperInterface. Bean already defined with the same name!
2022-08-05 14:13:37.192 [main] WARN  org.mybatis.spring.mapper.ClassPathMapperScanner - Skipping MapperFactoryBean with name 'lableMapper' and 'com.cheji.web.modular.mapper.LableMapper' mapperInterface. Bean already defined with the same name!
2022-08-05 14:13:37.192 [main] WARN  org.mybatis.spring.mapper.ClassPathMapperScanner - Skipping MapperFactoryBean with name 'leagueMapper' and 'com.cheji.web.modular.mapper.LeagueMapper' mapperInterface. Bean already defined with the same name!
2022-08-05 14:13:37.192 [main] WARN  org.mybatis.spring.mapper.ClassPathMapperScanner - Skipping MapperFactoryBean with name 'merchantsBrandMapper' and 'com.cheji.web.modular.mapper.MerchantsBrandMapper' mapperInterface. Bean already defined with the same name!
2022-08-05 14:13:37.192 [main] WARN  org.mybatis.spring.mapper.ClassPathMapperScanner - Skipping MapperFactoryBean with name 'merchantsCommentsTreeMapper' and 'com.cheji.web.modular.mapper.MerchantsCommentsTreeMapper' mapperInterface. Bean already defined with the same name!
2022-08-05 14:13:37.192 [main] WARN  org.mybatis.spring.mapper.ClassPathMapperScanner - Skipping MapperFactoryBean with name 'merchantsInfoBannerMapper' and 'com.cheji.web.modular.mapper.MerchantsInfoBannerMapper' mapperInterface. Bean already defined with the same name!
2022-08-05 14:13:37.193 [main] WARN  org.mybatis.spring.mapper.ClassPathMapperScanner - Skipping MapperFactoryBean with name 'merchantsLableMapper' and 'com.cheji.web.modular.mapper.MerchantsLableMapper' mapperInterface. Bean already defined with the same name!
2022-08-05 14:13:37.193 [main] WARN  org.mybatis.spring.mapper.ClassPathMapperScanner - Skipping MapperFactoryBean with name 'merchantsServicerMapper' and 'com.cheji.web.modular.mapper.MerchantsServicerMapper' mapperInterface. Bean already defined with the same name!
2022-08-05 14:13:37.193 [main] WARN  org.mybatis.spring.mapper.ClassPathMapperScanner - Skipping MapperFactoryBean with name 'payAmountRecordMapper' and 'com.cheji.web.modular.mapper.PayAmountRecordMapper' mapperInterface. Bean already defined with the same name!
2022-08-05 14:13:37.193 [main] WARN  org.mybatis.spring.mapper.ClassPathMapperScanner - Skipping MapperFactoryBean with name 'pushBillMapper' and 'com.cheji.web.modular.mapper.PushBillMapper' mapperInterface. Bean already defined with the same name!
2022-08-05 14:13:37.193 [main] WARN  org.mybatis.spring.mapper.ClassPathMapperScanner - Skipping MapperFactoryBean with name 'pushRecordMapper' and 'com.cheji.web.modular.mapper.PushRecordMapper' mapperInterface. Bean already defined with the same name!
2022-08-05 14:13:37.193 [main] WARN  org.mybatis.spring.mapper.ClassPathMapperScanner - Skipping MapperFactoryBean with name 'settlePlusMapper' and 'com.cheji.web.modular.mapper.SettlePlusMapper' mapperInterface. Bean already defined with the same name!
2022-08-05 14:13:37.193 [main] WARN  org.mybatis.spring.mapper.ClassPathMapperScanner - Skipping MapperFactoryBean with name 'userBankMapper' and 'com.cheji.web.modular.mapper.UserBankMapper' mapperInterface. Bean already defined with the same name!
2022-08-05 14:13:37.194 [main] WARN  org.mybatis.spring.mapper.ClassPathMapperScanner - Skipping MapperFactoryBean with name 'userMapper' and 'com.cheji.web.modular.mapper.UserMapper' mapperInterface. Bean already defined with the same name!
2022-08-05 14:13:37.194 [main] WARN  org.mybatis.spring.mapper.ClassPathMapperScanner - Skipping MapperFactoryBean with name 'userPlusRoyaltyMapper' and 'com.cheji.web.modular.mapper.UserPlusRoyaltyMapper' mapperInterface. Bean already defined with the same name!
2022-08-05 14:13:37.194 [main] WARN  org.mybatis.spring.mapper.ClassPathMapperScanner - Skipping MapperFactoryBean with name 'videoCommentsMapper' and 'com.cheji.web.modular.mapper.VideoCommentsMapper' mapperInterface. Bean already defined with the same name!
2022-08-05 14:13:37.194 [main] WARN  org.mybatis.spring.mapper.ClassPathMapperScanner - Skipping MapperFactoryBean with name 'videoCommontsThumbsMapper' and 'com.cheji.web.modular.mapper.VideoCommontsThumbsMapper' mapperInterface. Bean already defined with the same name!
2022-08-05 14:13:37.194 [main] WARN  org.mybatis.spring.mapper.ClassPathMapperScanner - Skipping MapperFactoryBean with name 'videoMapper' and 'com.cheji.web.modular.mapper.VideoMapper' mapperInterface. Bean already defined with the same name!
2022-08-05 14:13:37.194 [main] WARN  org.mybatis.spring.mapper.ClassPathMapperScanner - Skipping MapperFactoryBean with name 'videoThumbsMapper' and 'com.cheji.web.modular.mapper.VideoThumbsMapper' mapperInterface. Bean already defined with the same name!
2022-08-05 14:13:37.194 [main] WARN  org.mybatis.spring.mapper.ClassPathMapperScanner - No MyBatis mapper was found in '[com.cheji.web.modular.mapper]' package. Please check your configuration.
