2023-06-12 17:52:40.329 [http-nio-9002-exec-8] ERROR o.a.c.c.C.[.[.[/jeesite].[dispatcherServlet] - Servlet.service() for servlet [dispatcherServlet] in context with path [/jeesite] threw exception [Request processing failed; nested exception is 
>>05:52:40:本地调用不合法，找不到类或者方法(NATIVE_CALL_INVALID):ReflectUtils 位于17行 资源:/functions/form/path.html
根据参数未找到匹配的方法invokeGetter(AppAuctionUp,BigDecimal)
14|	if (isNotEmpty(p.path)){
15|		p.name = p.path;
16|		if (isNotEmpty(model)){
17|			p.value = @ReflectUtils.invokeGetter(model, p.name);
18|			if (@ObjectUtils.toBoolean(xss!false) && type.name(p.value) == 'String'){
19|				p.value = @EncodeUtils.xssFilter(p.value);
20|			}else if (@ObjectUtils.toBoolean(encodeHtml!false) && type.name(p.value) == 'String'){
  ========================
  调用栈:
  /functions/form/path.html 行：17
  /htmltags/form/input.html 行：29
  /modules/app/appAuctionUpForm.html 行：151
] with root cause
org.beetl.core.exception.BeetlException: 根据参数未找到匹配的方法invokeGetter(AppAuctionUp,BigDecimal)
	at org.beetl.core.statement.NativeCallExpression.evaluate(NativeCallExpression.java:171)
	at org.beetl.core.statement.VarRefAssignStatement.execute(VarRefAssignStatement.java:59)
	at org.beetl.core.statement.BlockStatement.execute(BlockStatement.java:68)
	at org.beetl.core.statement.IfStatement.execute(IfStatement.java:63)
	at org.beetl.core.statement.BlockStatement.execute(BlockStatement.java:68)
	at org.beetl.core.statement.IfStatement.execute(IfStatement.java:63)
	at org.beetl.core.statement.BlockStatement.execute(BlockStatement.java:68)
	at org.beetl.core.statement.IfStatement.execute(IfStatement.java:63)
	at org.beetl.core.statement.Program.execute(Program.java:70)
	at org.beetl.core.engine.FilterProgram.execute(FilterProgram.java:31)
	at org.beetl.core.Template.renderTo(Template.java:136)
	at org.beetl.core.fun.FileFunctionWrapper.call(FileFunctionWrapper.java:68)
	at org.beetl.core.statement.FunctionExpression.evaluate(FunctionExpression.java:92)
	at org.beetl.core.statement.StatementExpression.execute(StatementExpression.java:26)
	at org.beetl.core.statement.Program.execute(Program.java:70)
	at org.beetl.core.Template.renderTo(Template.java:136)
	at com.jeesite.common.beetl.ext.tag.HTMLTag.callHtmlTag(ep:131)
	at org.beetl.ext.tag.HTMLTagSupportWrapper.render(HTMLTagSupportWrapper.java:68)
	at com.jeesite.common.beetl.ext.tag.HTMLTag.render(ep:166)
	at org.beetl.core.statement.TagStatement.runTag(TagStatement.java:110)
	at org.beetl.core.statement.TagStatement.execute(TagStatement.java:87)
	at org.beetl.core.statement.BlockStatement.execute(BlockStatement.java:68)
	at org.beetl.core.Tag.doBodyRender(Tag.java:60)
	at org.beetl.core.Tag.getBodyContent(Tag.java:69)
	at com.jeesite.common.beetl.ext.tag.HTMLTag.callHtmlTag(ep:170)
	at org.beetl.ext.tag.HTMLTagSupportWrapper.render(HTMLTagSupportWrapper.java:68)
	at com.jeesite.common.beetl.ext.tag.HTMLTag.render(ep:166)
	at org.beetl.core.statement.TagStatement.runTag(TagStatement.java:110)
	at org.beetl.core.statement.TagStatement.execute(TagStatement.java:87)
	at org.beetl.core.statement.BlockStatement.execute(BlockStatement.java:68)
	at org.beetl.core.Tag.doBodyRender(Tag.java:60)
	at org.beetl.core.Tag.getBodyContent(Tag.java:69)
	at org.beetl.ext.tag.LayoutTag.render(LayoutTag.java:104)
	at org.beetl.core.statement.TagStatement.runTag(TagStatement.java:110)
	at org.beetl.core.statement.TagStatement.execute(TagStatement.java:87)
	at org.beetl.core.statement.Program.execute(Program.java:70)
	at org.beetl.core.engine.FilterProgram.execute(FilterProgram.java:31)
	at org.beetl.core.Template.renderTo(Template.java:136)
	at org.beetl.core.Template.renderTo(Template.java:89)
	at org.beetl.ext.web.WebRender.render(WebRender.java:127)
	at org.beetl.ext.spring.BeetlSpringView.renderMergedTemplateModel(BeetlSpringView.java:123)
	at com.jeesite.common.beetl.view.BeetlView.renderMergedTemplateModel(ow:102)
	at org.springframework.web.servlet.view.AbstractTemplateView.renderMergedOutputModel(AbstractTemplateView.java:165)
	at org.springframework.web.servlet.view.AbstractView.render(AbstractView.java:315)
	at org.springframework.web.servlet.DispatcherServlet.render(DispatcherServlet.java:1325)
	at org.springframework.web.servlet.DispatcherServlet.processDispatchResult(DispatcherServlet.java:1069)
	at org.springframework.web.servlet.DispatcherServlet.doDispatch(DispatcherServlet.java:1008)
	at org.springframework.web.servlet.DispatcherServlet.doService(DispatcherServlet.java:925)
	at org.springframework.web.servlet.FrameworkServlet.processRequest(FrameworkServlet.java:974)
	at org.springframework.web.servlet.FrameworkServlet.doGet(FrameworkServlet.java:866)
	at javax.servlet.http.HttpServlet.service(HttpServlet.java:635)
	at org.springframework.web.servlet.FrameworkServlet.service(FrameworkServlet.java:851)
	at javax.servlet.http.HttpServlet.service(HttpServlet.java:742)
	at org.apache.catalina.core.ApplicationFilterChain.internalDoFilter(ApplicationFilterChain.java:231)
	at org.apache.catalina.core.ApplicationFilterChain.doFilter(ApplicationFilterChain.java:166)
	at org.apache.tomcat.websocket.server.WsFilter.doFilter(WsFilter.java:52)
	at org.apache.catalina.core.ApplicationFilterChain.internalDoFilter(ApplicationFilterChain.java:193)
	at org.apache.catalina.core.ApplicationFilterChain.doFilter(ApplicationFilterChain.java:166)
	at com.alibaba.druid.support.http.WebStatFilter.doFilter(WebStatFilter.java:123)
	at org.apache.catalina.core.ApplicationFilterChain.internalDoFilter(ApplicationFilterChain.java:193)
	at org.apache.catalina.core.ApplicationFilterChain.doFilter(ApplicationFilterChain.java:166)
	at org.apache.shiro.web.servlet.ProxiedFilterChain.doFilter(ProxiedFilterChain.java:61)
	at org.apache.shiro.web.servlet.AdviceFilter.executeChain(AdviceFilter.java:108)
	at org.apache.shiro.web.servlet.AdviceFilter.doFilterInternal(AdviceFilter.java:137)
	at org.apache.shiro.web.servlet.OncePerRequestFilter.doFilter(OncePerRequestFilter.java:125)
	at org.apache.shiro.web.servlet.ProxiedFilterChain.doFilter(ProxiedFilterChain.java:66)
	at org.apache.shiro.web.servlet.AbstractShiroFilter.executeChain(AbstractShiroFilter.java:449)
	at org.apache.shiro.web.servlet.AbstractShiroFilter$1.call(AbstractShiroFilter.java:365)
	at org.apache.shiro.subject.support.SubjectCallable.doCall(SubjectCallable.java:90)
	at org.apache.shiro.subject.support.SubjectCallable.call(SubjectCallable.java:83)
	at org.apache.shiro.subject.support.DelegatingSubject.execute(DelegatingSubject.java:387)
	at org.apache.shiro.web.servlet.AbstractShiroFilter.doFilterInternal(AbstractShiroFilter.java:362)
	at com.jeesite.common.shiro.web.C.doFilterInternal(ro:34)
	at org.apache.shiro.web.servlet.OncePerRequestFilter.doFilter(OncePerRequestFilter.java:125)
	at org.apache.catalina.core.ApplicationFilterChain.internalDoFilter(ApplicationFilterChain.java:193)
	at org.apache.catalina.core.ApplicationFilterChain.doFilter(ApplicationFilterChain.java:166)
	at org.springframework.web.filter.CharacterEncodingFilter.doFilterInternal(CharacterEncodingFilter.java:200)
	at org.springframework.web.filter.OncePerRequestFilter.doFilter(OncePerRequestFilter.java:107)
	at org.apache.catalina.core.ApplicationFilterChain.internalDoFilter(ApplicationFilterChain.java:193)
	at org.apache.catalina.core.ApplicationFilterChain.doFilter(ApplicationFilterChain.java:166)
	at org.apache.catalina.core.StandardWrapperValve.invoke(StandardWrapperValve.java:198)
	at org.apache.catalina.core.StandardContextValve.invoke(StandardContextValve.java:96)
	at org.apache.catalina.authenticator.AuthenticatorBase.invoke(AuthenticatorBase.java:493)
	at org.apache.catalina.core.StandardHostValve.invoke(StandardHostValve.java:140)
	at org.apache.catalina.valves.ErrorReportValve.invoke(ErrorReportValve.java:81)
	at org.apache.catalina.core.StandardEngineValve.invoke(StandardEngineValve.java:87)
	at org.apache.catalina.connector.CoyoteAdapter.service(CoyoteAdapter.java:342)
	at org.apache.coyote.http11.Http11Processor.service(Http11Processor.java:800)
	at org.apache.coyote.AbstractProcessorLight.process(AbstractProcessorLight.java:66)
	at org.apache.coyote.AbstractProtocol$ConnectionHandler.process(AbstractProtocol.java:806)
	at org.apache.tomcat.util.net.NioEndpoint$SocketProcessor.doRun(NioEndpoint.java:1498)
	at org.apache.tomcat.util.net.SocketProcessorBase.run(SocketProcessorBase.java:49)
	at java.util.concurrent.ThreadPoolExecutor.runWorker(Unknown Source)
	at java.util.concurrent.ThreadPoolExecutor$Worker.run(Unknown Source)
	at org.apache.tomcat.util.threads.TaskThread$WrappingRunnable.run(TaskThread.java:61)
	at java.lang.Thread.run(Unknown Source)
2023-06-12 17:52:40.371 [http-nio-9002-exec-8] ERROR error/500 - NATIVE_CALL_INVALID
org.beetl.core.exception.BeetlException: NATIVE_CALL_INVALID
	at com.jeesite.common.beetl.handler.LoggerErrorHandler.processExcption(ew:67)
	at org.beetl.core.Template.renderTo(Template.java:169)
	at org.beetl.core.Template.renderTo(Template.java:89)
	at org.beetl.ext.web.WebRender.render(WebRender.java:127)
	at org.beetl.ext.spring.BeetlSpringView.renderMergedTemplateModel(BeetlSpringView.java:123)
	at com.jeesite.common.beetl.view.BeetlView.renderMergedTemplateModel(ow:102)
	at org.springframework.web.servlet.view.AbstractTemplateView.renderMergedOutputModel(AbstractTemplateView.java:165)
	at org.springframework.web.servlet.view.AbstractView.render(AbstractView.java:315)
	at org.springframework.web.servlet.DispatcherServlet.render(DispatcherServlet.java:1325)
	at org.springframework.web.servlet.DispatcherServlet.processDispatchResult(DispatcherServlet.java:1069)
	at org.springframework.web.servlet.DispatcherServlet.doDispatch(DispatcherServlet.java:1008)
	at org.springframework.web.servlet.DispatcherServlet.doService(DispatcherServlet.java:925)
	at org.springframework.web.servlet.FrameworkServlet.processRequest(FrameworkServlet.java:974)
	at org.springframework.web.servlet.FrameworkServlet.doGet(FrameworkServlet.java:866)
	at javax.servlet.http.HttpServlet.service(HttpServlet.java:635)
	at org.springframework.web.servlet.FrameworkServlet.service(FrameworkServlet.java:851)
	at javax.servlet.http.HttpServlet.service(HttpServlet.java:742)
	at org.apache.catalina.core.ApplicationFilterChain.internalDoFilter(ApplicationFilterChain.java:231)
	at org.apache.catalina.core.ApplicationFilterChain.doFilter(ApplicationFilterChain.java:166)
	at org.apache.tomcat.websocket.server.WsFilter.doFilter(WsFilter.java:52)
	at org.apache.catalina.core.ApplicationFilterChain.internalDoFilter(ApplicationFilterChain.java:193)
	at org.apache.catalina.core.ApplicationFilterChain.doFilter(ApplicationFilterChain.java:166)
	at com.alibaba.druid.support.http.WebStatFilter.doFilter(WebStatFilter.java:123)
	at org.apache.catalina.core.ApplicationFilterChain.internalDoFilter(ApplicationFilterChain.java:193)
	at org.apache.catalina.core.ApplicationFilterChain.doFilter(ApplicationFilterChain.java:166)
	at org.apache.shiro.web.servlet.ProxiedFilterChain.doFilter(ProxiedFilterChain.java:61)
	at org.apache.shiro.web.servlet.AdviceFilter.executeChain(AdviceFilter.java:108)
	at org.apache.shiro.web.servlet.AdviceFilter.doFilterInternal(AdviceFilter.java:137)
	at org.apache.shiro.web.servlet.OncePerRequestFilter.doFilter(OncePerRequestFilter.java:125)
	at org.apache.shiro.web.servlet.ProxiedFilterChain.doFilter(ProxiedFilterChain.java:66)
	at org.apache.shiro.web.servlet.AbstractShiroFilter.executeChain(AbstractShiroFilter.java:449)
	at org.apache.shiro.web.servlet.AbstractShiroFilter$1.call(AbstractShiroFilter.java:365)
	at org.apache.shiro.subject.support.SubjectCallable.doCall(SubjectCallable.java:90)
	at org.apache.shiro.subject.support.SubjectCallable.call(SubjectCallable.java:83)
	at org.apache.shiro.subject.support.DelegatingSubject.execute(DelegatingSubject.java:387)
	at org.apache.shiro.web.servlet.AbstractShiroFilter.doFilterInternal(AbstractShiroFilter.java:362)
	at com.jeesite.common.shiro.web.C.doFilterInternal(ro:34)
	at org.apache.shiro.web.servlet.OncePerRequestFilter.doFilter(OncePerRequestFilter.java:125)
	at org.apache.catalina.core.ApplicationFilterChain.internalDoFilter(ApplicationFilterChain.java:193)
	at org.apache.catalina.core.ApplicationFilterChain.doFilter(ApplicationFilterChain.java:166)
	at org.springframework.web.filter.CharacterEncodingFilter.doFilterInternal(CharacterEncodingFilter.java:200)
	at org.springframework.web.filter.OncePerRequestFilter.doFilter(OncePerRequestFilter.java:107)
	at org.apache.catalina.core.ApplicationFilterChain.internalDoFilter(ApplicationFilterChain.java:193)
	at org.apache.catalina.core.ApplicationFilterChain.doFilter(ApplicationFilterChain.java:166)
	at org.apache.catalina.core.StandardWrapperValve.invoke(StandardWrapperValve.java:198)
	at org.apache.catalina.core.StandardContextValve.invoke(StandardContextValve.java:96)
	at org.apache.catalina.authenticator.AuthenticatorBase.invoke(AuthenticatorBase.java:493)
	at org.apache.catalina.core.StandardHostValve.invoke(StandardHostValve.java:140)
	at org.apache.catalina.valves.ErrorReportValve.invoke(ErrorReportValve.java:81)
	at org.apache.catalina.core.StandardEngineValve.invoke(StandardEngineValve.java:87)
	at org.apache.catalina.connector.CoyoteAdapter.service(CoyoteAdapter.java:342)
	at org.apache.coyote.http11.Http11Processor.service(Http11Processor.java:800)
	at org.apache.coyote.AbstractProcessorLight.process(AbstractProcessorLight.java:66)
	at org.apache.coyote.AbstractProtocol$ConnectionHandler.process(AbstractProtocol.java:806)
	at org.apache.tomcat.util.net.NioEndpoint$SocketProcessor.doRun(NioEndpoint.java:1498)
	at org.apache.tomcat.util.net.SocketProcessorBase.run(SocketProcessorBase.java:49)
	at java.util.concurrent.ThreadPoolExecutor.runWorker(Unknown Source)
	at java.util.concurrent.ThreadPoolExecutor$Worker.run(Unknown Source)
	at org.apache.tomcat.util.threads.TaskThread$WrappingRunnable.run(TaskThread.java:61)
	at java.lang.Thread.run(Unknown Source)
Caused by: org.beetl.core.exception.BeetlException: 根据参数未找到匹配的方法invokeGetter(AppAuctionUp,BigDecimal)
	at org.beetl.core.statement.NativeCallExpression.evaluate(NativeCallExpression.java:171)
	at org.beetl.core.statement.VarRefAssignStatement.execute(VarRefAssignStatement.java:59)
	at org.beetl.core.statement.BlockStatement.execute(BlockStatement.java:68)
	at org.beetl.core.statement.IfStatement.execute(IfStatement.java:63)
	at org.beetl.core.statement.BlockStatement.execute(BlockStatement.java:68)
	at org.beetl.core.statement.IfStatement.execute(IfStatement.java:63)
	at org.beetl.core.statement.BlockStatement.execute(BlockStatement.java:68)
	at org.beetl.core.statement.IfStatement.execute(IfStatement.java:63)
	at org.beetl.core.statement.Program.execute(Program.java:70)
	at org.beetl.core.engine.FilterProgram.execute(FilterProgram.java:31)
	at org.beetl.core.Template.renderTo(Template.java:136)
	at org.beetl.core.fun.FileFunctionWrapper.call(FileFunctionWrapper.java:68)
	at org.beetl.core.statement.FunctionExpression.evaluate(FunctionExpression.java:92)
	at org.beetl.core.statement.StatementExpression.execute(StatementExpression.java:26)
	at org.beetl.core.statement.Program.execute(Program.java:70)
	at org.beetl.core.Template.renderTo(Template.java:136)
	at com.jeesite.common.beetl.ext.tag.HTMLTag.callHtmlTag(ep:131)
	at org.beetl.ext.tag.HTMLTagSupportWrapper.render(HTMLTagSupportWrapper.java:68)
	at com.jeesite.common.beetl.ext.tag.HTMLTag.render(ep:166)
	at org.beetl.core.statement.TagStatement.runTag(TagStatement.java:110)
	at org.beetl.core.statement.TagStatement.execute(TagStatement.java:87)
	at org.beetl.core.statement.BlockStatement.execute(BlockStatement.java:68)
	at org.beetl.core.Tag.doBodyRender(Tag.java:60)
	at org.beetl.core.Tag.getBodyContent(Tag.java:69)
	at com.jeesite.common.beetl.ext.tag.HTMLTag.callHtmlTag(ep:170)
	at org.beetl.ext.tag.HTMLTagSupportWrapper.render(HTMLTagSupportWrapper.java:68)
	at com.jeesite.common.beetl.ext.tag.HTMLTag.render(ep:166)
	at org.beetl.core.statement.TagStatement.runTag(TagStatement.java:110)
	at org.beetl.core.statement.TagStatement.execute(TagStatement.java:87)
	at org.beetl.core.statement.BlockStatement.execute(BlockStatement.java:68)
	at org.beetl.core.Tag.doBodyRender(Tag.java:60)
	at org.beetl.core.Tag.getBodyContent(Tag.java:69)
	at org.beetl.ext.tag.LayoutTag.render(LayoutTag.java:104)
	at org.beetl.core.statement.TagStatement.runTag(TagStatement.java:110)
	at org.beetl.core.statement.TagStatement.execute(TagStatement.java:87)
	at org.beetl.core.statement.Program.execute(Program.java:70)
	at org.beetl.core.engine.FilterProgram.execute(FilterProgram.java:31)
	at org.beetl.core.Template.renderTo(Template.java:136)
	... 58 common frames omitted
