2022-08-18 14:27:18.474 [main] INFO  com.cheji.web.WebApplication - Starting WebApplication on DESKTOP-HJ3OC0F with PID 13872 (C:\software\workspace_idea\web-java\web\trunk\target\classes started by yang in C:\software\workspace_idea\web-java)
2022-08-18 14:27:18.532 [main] INFO  com.cheji.web.WebApplication - The following profiles are active: pro
2022-08-18 14:27:20.069 [main] INFO  o.s.d.r.config.RepositoryConfigurationDelegate - Multiple Spring Data modules found, entering strict repository configuration mode!
2022-08-18 14:27:20.072 [main] INFO  o.s.d.r.config.RepositoryConfigurationDelegate - Bootstrapping Spring Data repositories in DEFAULT mode.
2022-08-18 14:27:20.182 [main] INFO  o.s.d.r.config.RepositoryConfigurationDelegate - Finished Spring Data repository scanning in 80ms. Found 0 repository interfaces.
2022-08-18 14:27:20.800 [main] INFO  o.s.c.s.PostProcessorRegistrationDelegate$BeanPostProcessorChecker - Bean 'org.springframework.transaction.annotation.ProxyTransactionManagementConfiguration' of type [org.springframework.transaction.annotation.ProxyTransactionManagementConfiguration$$EnhancerBySpringCGLIB$$9da7469c] is not eligible for getting processed by all BeanPostProcessors (for example: not eligible for auto-proxying)
2022-08-18 14:27:21.265 [main] INFO  o.s.boot.web.embedded.tomcat.TomcatWebServer - Tomcat initialized with port(s): 8081 (http)
2022-08-18 14:27:21.278 [main] INFO  org.apache.coyote.http11.Http11NioProtocol - Initializing ProtocolHandler ["http-nio-8081"]
2022-08-18 14:27:21.279 [main] INFO  org.apache.catalina.core.StandardService - Starting service [Tomcat]
2022-08-18 14:27:21.279 [main] INFO  org.apache.catalina.core.StandardEngine - Starting Servlet engine: [Apache Tomcat/9.0.21]
2022-08-18 14:27:21.435 [main] INFO  o.a.c.c.C.[Tomcat].[localhost].[/cServer] - Initializing Spring embedded WebApplicationContext
2022-08-18 14:27:21.435 [main] INFO  org.springframework.web.context.ContextLoader - Root WebApplicationContext: initialization completed in 2750 ms
2022-08-18 14:27:22.175 [main] INFO  com.zaxxer.hikari.HikariDataSource - HikariPool-1 - Starting...
2022-08-18 14:27:22.878 [main] INFO  com.zaxxer.hikari.HikariDataSource - HikariPool-1 - Start completed.
2022-08-18 14:27:28.212 [main] INFO  com.cheji.web.config.MQProducerConfiguration - producer is start ! groupName:[web],namesrvAddr:[127.0.0.1:9876]
2022-08-18 14:27:30.228 [main] INFO  o.s.scheduling.concurrent.ThreadPoolTaskExecutor - Initializing ExecutorService 'applicationTaskExecutor'
2022-08-18 14:27:30.941 [main] INFO  org.apache.coyote.http11.Http11NioProtocol - Starting ProtocolHandler ["http-nio-8081"]
2022-08-18 14:27:30.963 [main] INFO  o.s.boot.web.embedded.tomcat.TomcatWebServer - Tomcat started on port(s): 8081 (http) with context path '/cServer'
2022-08-18 14:27:30.966 [main] INFO  com.cheji.web.WebApplication - Started WebApplication in 14.349 seconds (JVM running for 16.706)
2022-08-18 14:28:57.544 [Thread-30] INFO  o.s.scheduling.concurrent.ThreadPoolTaskExecutor - Shutting down ExecutorService 'applicationTaskExecutor'
2022-08-18 14:28:57.593 [Thread-30] INFO  com.zaxxer.hikari.HikariDataSource - HikariPool-1 - Shutdown initiated...
2022-08-18 14:28:57.660 [Thread-30] INFO  com.zaxxer.hikari.HikariDataSource - HikariPool-1 - Shutdown completed.
