2023-04-05 10:27:19.483 [main] WARN  org.mybatis.spring.mapper.ClassPathMapperScanner - No MyBatis mapper was found in '[com.cheji.b]' package. Please check your configuration.
2023-04-05 10:27:20.280 [main] WARN  org.mybatis.spring.mapper.ClassPathMapperScanner - Skipping MapperFactoryBean with name 'accidentRecordMapper' and 'com.cheji.b.modular.mapper.AccidentRecordMapper' mapperInterface. Bean already defined with the same name!
2023-04-05 10:27:20.281 [main] WARN  org.mybatis.spring.mapper.ClassPathMapperScanner - Skipping MapperFactoryBean with name 'appBUserConfigMapper' and 'com.cheji.b.modular.mapper.AppBUserConfigMapper' mapperInterface. Bean already defined with the same name!
2023-04-05 10:27:20.282 [main] WARN  org.mybatis.spring.mapper.ClassPathMapperScanner - Skipping MapperFactoryBean with name 'appBeautyPriceDetailMapper' and 'com.cheji.b.modular.mapper.AppBeautyPriceDetailMapper' mapperInterface. Bean already defined with the same name!
2023-04-05 10:27:20.283 [main] WARN  org.mybatis.spring.mapper.ClassPathMapperScanner - Skipping MapperFactoryBean with name 'appClaimTeacherMapper' and 'com.cheji.b.modular.mapper.AppClaimTeacherMapper' mapperInterface. Bean already defined with the same name!
2023-04-05 10:27:20.284 [main] WARN  org.mybatis.spring.mapper.ClassPathMapperScanner - Skipping MapperFactoryBean with name 'appCleanIndetMapper' and 'com.cheji.b.modular.mapper.AppCleanIndetMapper' mapperInterface. Bean already defined with the same name!
2023-04-05 10:27:20.284 [main] WARN  org.mybatis.spring.mapper.ClassPathMapperScanner - Skipping MapperFactoryBean with name 'appJgPushMapper' and 'com.cheji.b.modular.mapper.AppJgPushMapper' mapperInterface. Bean already defined with the same name!
2023-04-05 10:27:20.285 [main] WARN  org.mybatis.spring.mapper.ClassPathMapperScanner - Skipping MapperFactoryBean with name 'appMessageCarMapper' and 'com.cheji.b.modular.mapper.AppMessageCarMapper' mapperInterface. Bean already defined with the same name!
2023-04-05 10:27:20.285 [main] WARN  org.mybatis.spring.mapper.ClassPathMapperScanner - Skipping MapperFactoryBean with name 'appMessageUrlMapper' and 'com.cheji.b.modular.mapper.AppMessageUrlMapper' mapperInterface. Bean already defined with the same name!
2023-04-05 10:27:20.285 [main] WARN  org.mybatis.spring.mapper.ClassPathMapperScanner - Skipping MapperFactoryBean with name 'appPushMessMapper' and 'com.cheji.b.modular.mapper.AppPushMessMapper' mapperInterface. Bean already defined with the same name!
2023-04-05 10:27:20.285 [main] WARN  org.mybatis.spring.mapper.ClassPathMapperScanner - Skipping MapperFactoryBean with name 'appRescueIndentMapper' and 'com.cheji.b.modular.mapper.AppRescueIndentMapper' mapperInterface. Bean already defined with the same name!
2023-04-05 10:27:20.286 [main] WARN  org.mybatis.spring.mapper.ClassPathMapperScanner - Skipping MapperFactoryBean with name 'appSendOutSheetMapper' and 'com.cheji.b.modular.mapper.AppSendOutSheetMapper' mapperInterface. Bean already defined with the same name!
2023-04-05 10:27:20.286 [main] WARN  org.mybatis.spring.mapper.ClassPathMapperScanner - Skipping MapperFactoryBean with name 'appSendUrlMapper' and 'com.cheji.b.modular.mapper.AppSendUrlMapper' mapperInterface. Bean already defined with the same name!
2023-04-05 10:27:20.286 [main] WARN  org.mybatis.spring.mapper.ClassPathMapperScanner - Skipping MapperFactoryBean with name 'appSprayPaintDetailsMapper' and 'com.cheji.b.modular.mapper.AppSprayPaintDetailsMapper' mapperInterface. Bean already defined with the same name!
2023-04-05 10:27:20.287 [main] WARN  org.mybatis.spring.mapper.ClassPathMapperScanner - Skipping MapperFactoryBean with name 'appSprayPaintImgMapper' and 'com.cheji.b.modular.mapper.AppSprayPaintImgMapper' mapperInterface. Bean already defined with the same name!
2023-04-05 10:27:20.287 [main] WARN  org.mybatis.spring.mapper.ClassPathMapperScanner - Skipping MapperFactoryBean with name 'appSprayPaintIndentMapper' and 'com.cheji.b.modular.mapper.AppSprayPaintIndentMapper' mapperInterface. Bean already defined with the same name!
2023-04-05 10:27:20.288 [main] WARN  org.mybatis.spring.mapper.ClassPathMapperScanner - Skipping MapperFactoryBean with name 'appSubstituteDrivingImgMapper' and 'com.cheji.b.modular.mapper.AppSubstituteDrivingImgMapper' mapperInterface. Bean already defined with the same name!
2023-04-05 10:27:20.288 [main] WARN  org.mybatis.spring.mapper.ClassPathMapperScanner - Skipping MapperFactoryBean with name 'appSubstituteDrivingIndentMapper' and 'com.cheji.b.modular.mapper.AppSubstituteDrivingIndentMapper' mapperInterface. Bean already defined with the same name!
2023-04-05 10:27:20.289 [main] WARN  org.mybatis.spring.mapper.ClassPathMapperScanner - Skipping MapperFactoryBean with name 'appUpMerchantsMapper' and 'com.cheji.b.modular.mapper.AppUpMerchantsMapper' mapperInterface. Bean already defined with the same name!
2023-04-05 10:27:20.290 [main] WARN  org.mybatis.spring.mapper.ClassPathMapperScanner - Skipping MapperFactoryBean with name 'appUserAccountRecordMapper' and 'com.cheji.b.modular.mapper.AppUserAccountRecordMapper' mapperInterface. Bean already defined with the same name!
2023-04-05 10:27:20.290 [main] WARN  org.mybatis.spring.mapper.ClassPathMapperScanner - Skipping MapperFactoryBean with name 'appUserBMessageImgMapper' and 'com.cheji.b.modular.mapper.AppUserBMessageImgMapper' mapperInterface. Bean already defined with the same name!
2023-04-05 10:27:20.291 [main] WARN  org.mybatis.spring.mapper.ClassPathMapperScanner - Skipping MapperFactoryBean with name 'appUserBMessageMapper' and 'com.cheji.b.modular.mapper.AppUserBMessageMapper' mapperInterface. Bean already defined with the same name!
2023-04-05 10:27:20.291 [main] WARN  org.mybatis.spring.mapper.ClassPathMapperScanner - Skipping MapperFactoryBean with name 'appUserBankMapper' and 'com.cheji.b.modular.mapper.AppUserBankMapper' mapperInterface. Bean already defined with the same name!
2023-04-05 10:27:20.291 [main] WARN  org.mybatis.spring.mapper.ClassPathMapperScanner - Skipping MapperFactoryBean with name 'appUserMapper' and 'com.cheji.b.modular.mapper.AppUserMapper' mapperInterface. Bean already defined with the same name!
2023-04-05 10:27:20.291 [main] WARN  org.mybatis.spring.mapper.ClassPathMapperScanner - Skipping MapperFactoryBean with name 'appVersionMapper' and 'com.cheji.b.modular.mapper.AppVersionMapper' mapperInterface. Bean already defined with the same name!
2023-04-05 10:27:20.292 [main] WARN  org.mybatis.spring.mapper.ClassPathMapperScanner - Skipping MapperFactoryBean with name 'appWxBankMapper' and 'com.cheji.b.modular.mapper.AppWxBankMapper' mapperInterface. Bean already defined with the same name!
2023-04-05 10:27:20.293 [main] WARN  org.mybatis.spring.mapper.ClassPathMapperScanner - Skipping MapperFactoryBean with name 'appWxCashOutRecordEntityMapper' and 'com.cheji.b.modular.mapper.AppWxCashOutRecordEntityMapper' mapperInterface. Bean already defined with the same name!
2023-04-05 10:27:20.294 [main] WARN  org.mybatis.spring.mapper.ClassPathMapperScanner - Skipping MapperFactoryBean with name 'appWxUnifiedorderRecordMapper' and 'com.cheji.b.modular.mapper.AppWxUnifiedorderRecordMapper' mapperInterface. Bean already defined with the same name!
2023-04-05 10:27:20.295 [main] WARN  org.mybatis.spring.mapper.ClassPathMapperScanner - Skipping MapperFactoryBean with name 'appWxpayOrderMapper' and 'com.cheji.b.modular.mapper.AppWxpayOrderMapper' mapperInterface. Bean already defined with the same name!
2023-04-05 10:27:20.296 [main] WARN  org.mybatis.spring.mapper.ClassPathMapperScanner - Skipping MapperFactoryBean with name 'appYearCheckImgMapper' and 'com.cheji.b.modular.mapper.AppYearCheckImgMapper' mapperInterface. Bean already defined with the same name!
2023-04-05 10:27:20.297 [main] WARN  org.mybatis.spring.mapper.ClassPathMapperScanner - Skipping MapperFactoryBean with name 'appYearCheckIndentMapper' and 'com.cheji.b.modular.mapper.AppYearCheckIndentMapper' mapperInterface. Bean already defined with the same name!
2023-04-05 10:27:20.297 [main] WARN  org.mybatis.spring.mapper.ClassPathMapperScanner - Skipping MapperFactoryBean with name 'bizAccidentMapper' and 'com.cheji.b.modular.mapper.BizAccidentMapper' mapperInterface. Bean already defined with the same name!
2023-04-05 10:27:20.298 [main] WARN  org.mybatis.spring.mapper.ClassPathMapperScanner - Skipping MapperFactoryBean with name 'bizInsuranceCompanyMapper' and 'com.cheji.b.modular.mapper.BizInsuranceCompanyMapper' mapperInterface. Bean already defined with the same name!
2023-04-05 10:27:20.298 [main] WARN  org.mybatis.spring.mapper.ClassPathMapperScanner - Skipping MapperFactoryBean with name 'CUserMapper' and 'com.cheji.b.modular.mapper.CUserMapper' mapperInterface. Bean already defined with the same name!
2023-04-05 10:27:20.299 [main] WARN  org.mybatis.spring.mapper.ClassPathMapperScanner - Skipping MapperFactoryBean with name 'carBrandMapper' and 'com.cheji.b.modular.mapper.CarBrandMapper' mapperInterface. Bean already defined with the same name!
2023-04-05 10:27:20.299 [main] WARN  org.mybatis.spring.mapper.ClassPathMapperScanner - Skipping MapperFactoryBean with name 'cdCarMapper' and 'com.cheji.b.modular.mapper.CdCarMapper' mapperInterface. Bean already defined with the same name!
2023-04-05 10:27:20.300 [main] WARN  org.mybatis.spring.mapper.ClassPathMapperScanner - Skipping MapperFactoryBean with name 'cdImgMapper' and 'com.cheji.b.modular.mapper.CdImgMapper' mapperInterface. Bean already defined with the same name!
2023-04-05 10:27:20.300 [main] WARN  org.mybatis.spring.mapper.ClassPathMapperScanner - Skipping MapperFactoryBean with name 'cdIndentMapper' and 'com.cheji.b.modular.mapper.CdIndentMapper' mapperInterface. Bean already defined with the same name!
2023-04-05 10:27:20.300 [main] WARN  org.mybatis.spring.mapper.ClassPathMapperScanner - Skipping MapperFactoryBean with name 'cdOrderMapper' and 'com.cheji.b.modular.mapper.CdOrderMapper' mapperInterface. Bean already defined with the same name!
2023-04-05 10:27:20.300 [main] WARN  org.mybatis.spring.mapper.ClassPathMapperScanner - Skipping MapperFactoryBean with name 'cdPartsDetailsMapper' and 'com.cheji.b.modular.mapper.CdPartsDetailsMapper' mapperInterface. Bean already defined with the same name!
2023-04-05 10:27:20.301 [main] WARN  org.mybatis.spring.mapper.ClassPathMapperScanner - Skipping MapperFactoryBean with name 'cdRepairOrderMapper' and 'com.cheji.b.modular.mapper.CdRepairOrderMapper' mapperInterface. Bean already defined with the same name!
2023-04-05 10:27:20.301 [main] WARN  org.mybatis.spring.mapper.ClassPathMapperScanner - Skipping MapperFactoryBean with name 'cdUserMapper' and 'com.cheji.b.modular.mapper.CdUserMapper' mapperInterface. Bean already defined with the same name!
2023-04-05 10:27:20.301 [main] WARN  org.mybatis.spring.mapper.ClassPathMapperScanner - Skipping MapperFactoryBean with name 'cleanPriceDetailMapper' and 'com.cheji.b.modular.mapper.CleanPriceDetailMapper' mapperInterface. Bean already defined with the same name!
2023-04-05 10:27:20.301 [main] WARN  org.mybatis.spring.mapper.ClassPathMapperScanner - Skipping MapperFactoryBean with name 'feedbackMapper' and 'com.cheji.b.modular.mapper.FeedbackMapper' mapperInterface. Bean already defined with the same name!
2023-04-05 10:27:20.302 [main] WARN  org.mybatis.spring.mapper.ClassPathMapperScanner - Skipping MapperFactoryBean with name 'imgMapper' and 'com.cheji.b.modular.mapper.ImgMapper' mapperInterface. Bean already defined with the same name!
2023-04-05 10:27:20.302 [main] WARN  org.mybatis.spring.mapper.ClassPathMapperScanner - Skipping MapperFactoryBean with name 'indentMapper' and 'com.cheji.b.modular.mapper.IndentMapper' mapperInterface. Bean already defined with the same name!
2023-04-05 10:27:20.303 [main] WARN  org.mybatis.spring.mapper.ClassPathMapperScanner - Skipping MapperFactoryBean with name 'insuranceMerchantsMapper' and 'com.cheji.b.modular.mapper.InsuranceMerchantsMapper' mapperInterface. Bean already defined with the same name!
2023-04-05 10:27:20.303 [main] WARN  org.mybatis.spring.mapper.ClassPathMapperScanner - Skipping MapperFactoryBean with name 'lableDetailsMapper' and 'com.cheji.b.modular.mapper.LableDetailsMapper' mapperInterface. Bean already defined with the same name!
2023-04-05 10:27:20.303 [main] WARN  org.mybatis.spring.mapper.ClassPathMapperScanner - Skipping MapperFactoryBean with name 'lableDetailsReviewTreeMapper' and 'com.cheji.b.modular.mapper.LableDetailsReviewTreeMapper' mapperInterface. Bean already defined with the same name!
2023-04-05 10:27:20.303 [main] WARN  org.mybatis.spring.mapper.ClassPathMapperScanner - Skipping MapperFactoryBean with name 'lableMapper' and 'com.cheji.b.modular.mapper.LableMapper' mapperInterface. Bean already defined with the same name!
2023-04-05 10:27:20.304 [main] WARN  org.mybatis.spring.mapper.ClassPathMapperScanner - Skipping MapperFactoryBean with name 'merchantsBrandMapper' and 'com.cheji.b.modular.mapper.MerchantsBrandMapper' mapperInterface. Bean already defined with the same name!
2023-04-05 10:27:20.304 [main] WARN  org.mybatis.spring.mapper.ClassPathMapperScanner - Skipping MapperFactoryBean with name 'merchantsCommentsTreeMapper' and 'com.cheji.b.modular.mapper.MerchantsCommentsTreeMapper' mapperInterface. Bean already defined with the same name!
2023-04-05 10:27:20.305 [main] WARN  org.mybatis.spring.mapper.ClassPathMapperScanner - Skipping MapperFactoryBean with name 'merchantsInfoBannerMapper' and 'com.cheji.b.modular.mapper.MerchantsInfoBannerMapper' mapperInterface. Bean already defined with the same name!
2023-04-05 10:27:20.305 [main] WARN  org.mybatis.spring.mapper.ClassPathMapperScanner - Skipping MapperFactoryBean with name 'merchantsLableMapper' and 'com.cheji.b.modular.mapper.MerchantsLableMapper' mapperInterface. Bean already defined with the same name!
2023-04-05 10:27:20.305 [main] WARN  org.mybatis.spring.mapper.ClassPathMapperScanner - Skipping MapperFactoryBean with name 'merchantsServicerMapper' and 'com.cheji.b.modular.mapper.MerchantsServicerMapper' mapperInterface. Bean already defined with the same name!
2023-04-05 10:27:20.306 [main] WARN  org.mybatis.spring.mapper.ClassPathMapperScanner - Skipping MapperFactoryBean with name 'pushBillMapper' and 'com.cheji.b.modular.mapper.PushBillMapper' mapperInterface. Bean already defined with the same name!
2023-04-05 10:27:20.306 [main] WARN  org.mybatis.spring.mapper.ClassPathMapperScanner - Skipping MapperFactoryBean with name 'settlePlusMapper' and 'com.cheji.b.modular.mapper.SettlePlusMapper' mapperInterface. Bean already defined with the same name!
2023-04-05 10:27:20.307 [main] WARN  org.mybatis.spring.mapper.ClassPathMapperScanner - Skipping MapperFactoryBean with name 'userPlusMapper' and 'com.cheji.b.modular.mapper.UserPlusMapper' mapperInterface. Bean already defined with the same name!
2023-04-05 10:27:20.307 [main] WARN  org.mybatis.spring.mapper.ClassPathMapperScanner - Skipping MapperFactoryBean with name 'userPlusRoyaltyMapper' and 'com.cheji.b.modular.mapper.UserPlusRoyaltyMapper' mapperInterface. Bean already defined with the same name!
2023-04-05 10:27:20.308 [main] WARN  org.mybatis.spring.mapper.ClassPathMapperScanner - No MyBatis mapper was found in '[com.cheji.b.modular.mapper]' package. Please check your configuration.
2023-04-05 10:27:33.061 [main] WARN  com.baomidou.mybatisplus.mapper.AutoSqlInjector - class com.cheji.b.modular.domain.AppWxpayOrderEntity ,Not found @TableId annotation, Cannot use Mybatis-Plus 'xxById' Method.
2023-04-05 10:27:36.607 [main] WARN  org.thymeleaf.templatemode.TemplateMode - [THYMELEAF][main] Template Mode 'LEGACYHTML5' is deprecated. Using Template Mode 'HTML' instead.
