2023-02-20 10:39:32.160 [main] WARN  org.mybatis.spring.mapper.ClassPathMapperScanner - No MyBatis mapper was found in '[com.cheji.web]' package. Please check your configuration.
2023-02-20 10:39:32.823 [main] WARN  org.mybatis.spring.mapper.ClassPathMapperScanner - Skipping MapperFactoryBean with name 'accidentRecordMapper' and 'com.cheji.web.modular.mapper.AccidentRecordMapper' mapperInterface. Bean already defined with the same name!
2023-02-20 10:39:32.823 [main] WARN  org.mybatis.spring.mapper.ClassPathMapperScanner - Skipping MapperFactoryBean with name 'appAuctionAddressMapper' and 'com.cheji.web.modular.mapper.AppAuctionAddressMapper' mapperInterface. Bean already defined with the same name!
2023-02-20 10:39:32.827 [main] WARN  org.mybatis.spring.mapper.ClassPathMapperScanner - Skipping MapperFactoryBean with name 'appAuctionAlipayInfoMapper' and 'com.cheji.web.modular.mapper.AppAuctionAlipayInfoMapper' mapperInterface. Bean already defined with the same name!
2023-02-20 10:39:32.827 [main] WARN  org.mybatis.spring.mapper.ClassPathMapperScanner - Skipping MapperFactoryBean with name 'appAuctionAuthenticationMapper' and 'com.cheji.web.modular.mapper.AppAuctionAuthenticationMapper' mapperInterface. Bean already defined with the same name!
2023-02-20 10:39:32.828 [main] WARN  org.mybatis.spring.mapper.ClassPathMapperScanner - Skipping MapperFactoryBean with name 'appAuctionBidMapper' and 'com.cheji.web.modular.mapper.AppAuctionBidMapper' mapperInterface. Bean already defined with the same name!
2023-02-20 10:39:32.828 [main] WARN  org.mybatis.spring.mapper.ClassPathMapperScanner - Skipping MapperFactoryBean with name 'appAuctionBrandSubMapper' and 'com.cheji.web.modular.mapper.AppAuctionBrandSubMapper' mapperInterface. Bean already defined with the same name!
2023-02-20 10:39:32.828 [main] WARN  org.mybatis.spring.mapper.ClassPathMapperScanner - Skipping MapperFactoryBean with name 'appAuctionCarCountMapper' and 'com.cheji.web.modular.mapper.AppAuctionCarCountMapper' mapperInterface. Bean already defined with the same name!
2023-02-20 10:39:32.828 [main] WARN  org.mybatis.spring.mapper.ClassPathMapperScanner - Skipping MapperFactoryBean with name 'appAuctionCollectMapper' and 'com.cheji.web.modular.mapper.AppAuctionCollectMapper' mapperInterface. Bean already defined with the same name!
2023-02-20 10:39:32.828 [main] WARN  org.mybatis.spring.mapper.ClassPathMapperScanner - Skipping MapperFactoryBean with name 'appAuctionCounselorMapper' and 'com.cheji.web.modular.mapper.AppAuctionCounselorMapper' mapperInterface. Bean already defined with the same name!
2023-02-20 10:39:32.828 [main] WARN  org.mybatis.spring.mapper.ClassPathMapperScanner - Skipping MapperFactoryBean with name 'appAuctionFeedBackMapper' and 'com.cheji.web.modular.mapper.AppAuctionFeedBackMapper' mapperInterface. Bean already defined with the same name!
2023-02-20 10:39:32.828 [main] WARN  org.mybatis.spring.mapper.ClassPathMapperScanner - Skipping MapperFactoryBean with name 'appAuctionFindCarMapper' and 'com.cheji.web.modular.mapper.AppAuctionFindCarMapper' mapperInterface. Bean already defined with the same name!
2023-02-20 10:39:32.828 [main] WARN  org.mybatis.spring.mapper.ClassPathMapperScanner - Skipping MapperFactoryBean with name 'appAuctionHomePageMapper' and 'com.cheji.web.modular.mapper.AppAuctionHomePageMapper' mapperInterface. Bean already defined with the same name!
2023-02-20 10:39:32.828 [main] WARN  org.mybatis.spring.mapper.ClassPathMapperScanner - Skipping MapperFactoryBean with name 'appAuctionHotMapper' and 'com.cheji.web.modular.mapper.AppAuctionHotMapper' mapperInterface. Bean already defined with the same name!
2023-02-20 10:39:32.829 [main] WARN  org.mybatis.spring.mapper.ClassPathMapperScanner - Skipping MapperFactoryBean with name 'appAuctionImgAdvMapper' and 'com.cheji.web.modular.mapper.AppAuctionImgAdvMapper' mapperInterface. Bean already defined with the same name!
2023-02-20 10:39:32.829 [main] WARN  org.mybatis.spring.mapper.ClassPathMapperScanner - Skipping MapperFactoryBean with name 'appAuctionImgAuthMapper' and 'com.cheji.web.modular.mapper.AppAuctionImgAuthMapper' mapperInterface. Bean already defined with the same name!
2023-02-20 10:39:32.829 [main] WARN  org.mybatis.spring.mapper.ClassPathMapperScanner - Skipping MapperFactoryBean with name 'appAuctionImgMapper' and 'com.cheji.web.modular.mapper.AppAuctionImgMapper' mapperInterface. Bean already defined with the same name!
2023-02-20 10:39:32.829 [main] WARN  org.mybatis.spring.mapper.ClassPathMapperScanner - Skipping MapperFactoryBean with name 'appAuctionMapper' and 'com.cheji.web.modular.mapper.AppAuctionMapper' mapperInterface. Bean already defined with the same name!
2023-02-20 10:39:32.829 [main] WARN  org.mybatis.spring.mapper.ClassPathMapperScanner - Skipping MapperFactoryBean with name 'appAuctionMessageIdentifyMapper' and 'com.cheji.web.modular.mapper.AppAuctionMessageIdentifyMapper' mapperInterface. Bean already defined with the same name!
2023-02-20 10:39:32.829 [main] WARN  org.mybatis.spring.mapper.ClassPathMapperScanner - Skipping MapperFactoryBean with name 'appAuctionMyMapper' and 'com.cheji.web.modular.mapper.AppAuctionMyMapper' mapperInterface. Bean already defined with the same name!
2023-02-20 10:39:32.829 [main] WARN  org.mybatis.spring.mapper.ClassPathMapperScanner - Skipping MapperFactoryBean with name 'appAuctionOrderMapper' and 'com.cheji.web.modular.mapper.AppAuctionOrderMapper' mapperInterface. Bean already defined with the same name!
2023-02-20 10:39:32.829 [main] WARN  org.mybatis.spring.mapper.ClassPathMapperScanner - Skipping MapperFactoryBean with name 'appAuctionPayLogMapper' and 'com.cheji.web.modular.mapper.AppAuctionPayLogMapper' mapperInterface. Bean already defined with the same name!
2023-02-20 10:39:32.829 [main] WARN  org.mybatis.spring.mapper.ClassPathMapperScanner - Skipping MapperFactoryBean with name 'appAuctionSessionMapper' and 'com.cheji.web.modular.mapper.AppAuctionSessionMapper' mapperInterface. Bean already defined with the same name!
2023-02-20 10:39:32.829 [main] WARN  org.mybatis.spring.mapper.ClassPathMapperScanner - Skipping MapperFactoryBean with name 'appAuctionSubscriptionMapper' and 'com.cheji.web.modular.mapper.AppAuctionSubscriptionMapper' mapperInterface. Bean already defined with the same name!
2023-02-20 10:39:32.829 [main] WARN  org.mybatis.spring.mapper.ClassPathMapperScanner - Skipping MapperFactoryBean with name 'appAuctionTransactionLogMapper' and 'com.cheji.web.modular.mapper.AppAuctionTransactionLogMapper' mapperInterface. Bean already defined with the same name!
2023-02-20 10:39:32.830 [main] WARN  org.mybatis.spring.mapper.ClassPathMapperScanner - Skipping MapperFactoryBean with name 'appAuctionUpMapper' and 'com.cheji.web.modular.mapper.AppAuctionUpMapper' mapperInterface. Bean already defined with the same name!
2023-02-20 10:39:32.830 [main] WARN  org.mybatis.spring.mapper.ClassPathMapperScanner - Skipping MapperFactoryBean with name 'appAuctionVipControlMapper' and 'com.cheji.web.modular.mapper.AppAuctionVipControlMapper' mapperInterface. Bean already defined with the same name!
2023-02-20 10:39:32.830 [main] WARN  org.mybatis.spring.mapper.ClassPathMapperScanner - Skipping MapperFactoryBean with name 'appAuctionVipLvMapper' and 'com.cheji.web.modular.mapper.AppAuctionVipLvMapper' mapperInterface. Bean already defined with the same name!
2023-02-20 10:39:32.830 [main] WARN  org.mybatis.spring.mapper.ClassPathMapperScanner - Skipping MapperFactoryBean with name 'appAuctionWarnCarMapper' and 'com.cheji.web.modular.mapper.AppAuctionWarnCarMapper' mapperInterface. Bean already defined with the same name!
2023-02-20 10:39:32.830 [main] WARN  org.mybatis.spring.mapper.ClassPathMapperScanner - Skipping MapperFactoryBean with name 'appAuctionWithdrawCashMapper' and 'com.cheji.web.modular.mapper.AppAuctionWithdrawCashMapper' mapperInterface. Bean already defined with the same name!
2023-02-20 10:39:32.830 [main] WARN  org.mybatis.spring.mapper.ClassPathMapperScanner - Skipping MapperFactoryBean with name 'appBUserConfigMapper' and 'com.cheji.web.modular.mapper.AppBUserConfigMapper' mapperInterface. Bean already defined with the same name!
2023-02-20 10:39:32.830 [main] WARN  org.mybatis.spring.mapper.ClassPathMapperScanner - Skipping MapperFactoryBean with name 'appBeautyPriceDetailMapper' and 'com.cheji.web.modular.mapper.AppBeautyPriceDetailMapper' mapperInterface. Bean already defined with the same name!
2023-02-20 10:39:32.830 [main] WARN  org.mybatis.spring.mapper.ClassPathMapperScanner - Skipping MapperFactoryBean with name 'appBusinessConfirmMapper' and 'com.cheji.web.modular.mapper.AppBusinessConfirmMapper' mapperInterface. Bean already defined with the same name!
2023-02-20 10:39:32.830 [main] WARN  org.mybatis.spring.mapper.ClassPathMapperScanner - Skipping MapperFactoryBean with name 'appCarBrandEntityMapper' and 'com.cheji.web.modular.mapper.AppCarBrandEntityMapper' mapperInterface. Bean already defined with the same name!
2023-02-20 10:39:32.830 [main] WARN  org.mybatis.spring.mapper.ClassPathMapperScanner - Skipping MapperFactoryBean with name 'appChangeAccountRecordMapper' and 'com.cheji.web.modular.mapper.AppChangeAccountRecordMapper' mapperInterface. Bean already defined with the same name!
2023-02-20 10:39:32.830 [main] WARN  org.mybatis.spring.mapper.ClassPathMapperScanner - Skipping MapperFactoryBean with name 'appClaimTeacherMapper' and 'com.cheji.web.modular.mapper.AppClaimTeacherMapper' mapperInterface. Bean already defined with the same name!
2023-02-20 10:39:32.831 [main] WARN  org.mybatis.spring.mapper.ClassPathMapperScanner - Skipping MapperFactoryBean with name 'appCouponTypeMapper' and 'com.cheji.web.modular.mapper.AppCouponTypeMapper' mapperInterface. Bean already defined with the same name!
2023-02-20 10:39:32.831 [main] WARN  org.mybatis.spring.mapper.ClassPathMapperScanner - Skipping MapperFactoryBean with name 'appDrivingCardMapper' and 'com.cheji.web.modular.mapper.AppDrivingCardMapper' mapperInterface. Bean already defined with the same name!
2023-02-20 10:39:32.831 [main] WARN  org.mybatis.spring.mapper.ClassPathMapperScanner - Skipping MapperFactoryBean with name 'appFileUrlMapper' and 'com.cheji.web.modular.mapper.AppFileUrlMapper' mapperInterface. Bean already defined with the same name!
2023-02-20 10:39:32.831 [main] WARN  org.mybatis.spring.mapper.ClassPathMapperScanner - Skipping MapperFactoryBean with name 'appJgPushMapper' and 'com.cheji.web.modular.mapper.AppJgPushMapper' mapperInterface. Bean already defined with the same name!
2023-02-20 10:39:32.831 [main] WARN  org.mybatis.spring.mapper.ClassPathMapperScanner - Skipping MapperFactoryBean with name 'appMessageCarMapper' and 'com.cheji.web.modular.mapper.AppMessageCarMapper' mapperInterface. Bean already defined with the same name!
2023-02-20 10:39:32.831 [main] WARN  org.mybatis.spring.mapper.ClassPathMapperScanner - Skipping MapperFactoryBean with name 'appMessageUrlMapper' and 'com.cheji.web.modular.mapper.AppMessageUrlMapper' mapperInterface. Bean already defined with the same name!
2023-02-20 10:39:32.831 [main] WARN  org.mybatis.spring.mapper.ClassPathMapperScanner - Skipping MapperFactoryBean with name 'appOrderRollBackMapper' and 'com.cheji.web.modular.mapper.AppOrderRollBackMapper' mapperInterface. Bean already defined with the same name!
2023-02-20 10:39:32.831 [main] WARN  org.mybatis.spring.mapper.ClassPathMapperScanner - Skipping MapperFactoryBean with name 'appPhotoMerMapper' and 'com.cheji.web.modular.mapper.AppPhotoMerMapper' mapperInterface. Bean already defined with the same name!
2023-02-20 10:39:32.831 [main] WARN  org.mybatis.spring.mapper.ClassPathMapperScanner - Skipping MapperFactoryBean with name 'appPushMessMapper' and 'com.cheji.web.modular.mapper.AppPushMessMapper' mapperInterface. Bean already defined with the same name!
2023-02-20 10:39:32.831 [main] WARN  org.mybatis.spring.mapper.ClassPathMapperScanner - Skipping MapperFactoryBean with name 'appRepeatAccidentMapper' and 'com.cheji.web.modular.mapper.AppRepeatAccidentMapper' mapperInterface. Bean already defined with the same name!
2023-02-20 10:39:32.831 [main] WARN  org.mybatis.spring.mapper.ClassPathMapperScanner - Skipping MapperFactoryBean with name 'appRescueIndentMapper' and 'com.cheji.web.modular.mapper.AppRescueIndentMapper' mapperInterface. Bean already defined with the same name!
2023-02-20 10:39:32.831 [main] WARN  org.mybatis.spring.mapper.ClassPathMapperScanner - Skipping MapperFactoryBean with name 'appSendOutSheetMapper' and 'com.cheji.web.modular.mapper.AppSendOutSheetMapper' mapperInterface. Bean already defined with the same name!
2023-02-20 10:39:32.831 [main] WARN  org.mybatis.spring.mapper.ClassPathMapperScanner - Skipping MapperFactoryBean with name 'appSendUrlMapper' and 'com.cheji.web.modular.mapper.AppSendUrlMapper' mapperInterface. Bean already defined with the same name!
2023-02-20 10:39:32.831 [main] WARN  org.mybatis.spring.mapper.ClassPathMapperScanner - Skipping MapperFactoryBean with name 'appSprayPaintDetailsMapper' and 'com.cheji.web.modular.mapper.AppSprayPaintDetailsMapper' mapperInterface. Bean already defined with the same name!
2023-02-20 10:39:32.831 [main] WARN  org.mybatis.spring.mapper.ClassPathMapperScanner - Skipping MapperFactoryBean with name 'appSprayPaintImgMapper' and 'com.cheji.web.modular.mapper.AppSprayPaintImgMapper' mapperInterface. Bean already defined with the same name!
2023-02-20 10:39:32.832 [main] WARN  org.mybatis.spring.mapper.ClassPathMapperScanner - Skipping MapperFactoryBean with name 'appSprayPaintIndentMapper' and 'com.cheji.web.modular.mapper.AppSprayPaintIndentMapper' mapperInterface. Bean already defined with the same name!
2023-02-20 10:39:32.832 [main] WARN  org.mybatis.spring.mapper.ClassPathMapperScanner - Skipping MapperFactoryBean with name 'appSubUsualAddressMapper' and 'com.cheji.web.modular.mapper.AppSubUsualAddressMapper' mapperInterface. Bean already defined with the same name!
2023-02-20 10:39:32.832 [main] WARN  org.mybatis.spring.mapper.ClassPathMapperScanner - Skipping MapperFactoryBean with name 'appSubstituteDrivingImgMapper' and 'com.cheji.web.modular.mapper.AppSubstituteDrivingImgMapper' mapperInterface. Bean already defined with the same name!
2023-02-20 10:39:32.832 [main] WARN  org.mybatis.spring.mapper.ClassPathMapperScanner - Skipping MapperFactoryBean with name 'appSubstituteDrivingIndentMapper' and 'com.cheji.web.modular.mapper.AppSubstituteDrivingIndentMapper' mapperInterface. Bean already defined with the same name!
2023-02-20 10:39:32.832 [main] WARN  org.mybatis.spring.mapper.ClassPathMapperScanner - Skipping MapperFactoryBean with name 'appUpMerchantsMapper' and 'com.cheji.web.modular.mapper.AppUpMerchantsMapper' mapperInterface. Bean already defined with the same name!
2023-02-20 10:39:32.832 [main] WARN  org.mybatis.spring.mapper.ClassPathMapperScanner - Skipping MapperFactoryBean with name 'appUserAccountRecordMapper' and 'com.cheji.web.modular.mapper.AppUserAccountRecordMapper' mapperInterface. Bean already defined with the same name!
2023-02-20 10:39:32.832 [main] WARN  org.mybatis.spring.mapper.ClassPathMapperScanner - Skipping MapperFactoryBean with name 'appUserBMessageImgMapper' and 'com.cheji.web.modular.mapper.AppUserBMessageImgMapper' mapperInterface. Bean already defined with the same name!
2023-02-20 10:39:32.832 [main] WARN  org.mybatis.spring.mapper.ClassPathMapperScanner - Skipping MapperFactoryBean with name 'appUserBMessageMapper' and 'com.cheji.web.modular.mapper.AppUserBMessageMapper' mapperInterface. Bean already defined with the same name!
2023-02-20 10:39:32.832 [main] WARN  org.mybatis.spring.mapper.ClassPathMapperScanner - Skipping MapperFactoryBean with name 'appUserBankMapper' and 'com.cheji.web.modular.mapper.AppUserBankMapper' mapperInterface. Bean already defined with the same name!
2023-02-20 10:39:32.832 [main] WARN  org.mybatis.spring.mapper.ClassPathMapperScanner - Skipping MapperFactoryBean with name 'appUserCarInfoMapper' and 'com.cheji.web.modular.mapper.AppUserCarInfoMapper' mapperInterface. Bean already defined with the same name!
2023-02-20 10:39:32.832 [main] WARN  org.mybatis.spring.mapper.ClassPathMapperScanner - Skipping MapperFactoryBean with name 'appUserCouponMapper' and 'com.cheji.web.modular.mapper.AppUserCouponMapper' mapperInterface. Bean already defined with the same name!
2023-02-20 10:39:32.832 [main] WARN  org.mybatis.spring.mapper.ClassPathMapperScanner - Skipping MapperFactoryBean with name 'appUserMapper' and 'com.cheji.web.modular.mapper.AppUserMapper' mapperInterface. Bean already defined with the same name!
2023-02-20 10:39:32.832 [main] WARN  org.mybatis.spring.mapper.ClassPathMapperScanner - Skipping MapperFactoryBean with name 'appUserPlusMapper' and 'com.cheji.web.modular.mapper.AppUserPlusMapper' mapperInterface. Bean already defined with the same name!
2023-02-20 10:39:32.832 [main] WARN  org.mybatis.spring.mapper.ClassPathMapperScanner - Skipping MapperFactoryBean with name 'appVersionMapper' and 'com.cheji.web.modular.mapper.AppVersionMapper' mapperInterface. Bean already defined with the same name!
2023-02-20 10:39:32.833 [main] WARN  org.mybatis.spring.mapper.ClassPathMapperScanner - Skipping MapperFactoryBean with name 'appWxBankMapper' and 'com.cheji.web.modular.mapper.AppWxBankMapper' mapperInterface. Bean already defined with the same name!
2023-02-20 10:39:32.833 [main] WARN  org.mybatis.spring.mapper.ClassPathMapperScanner - Skipping MapperFactoryBean with name 'appWxCashOutRecordEntityMapper' and 'com.cheji.web.modular.mapper.AppWxCashOutRecordEntityMapper' mapperInterface. Bean already defined with the same name!
2023-02-20 10:39:32.833 [main] WARN  org.mybatis.spring.mapper.ClassPathMapperScanner - Skipping MapperFactoryBean with name 'appWxUnifiedorderRecordMapper' and 'com.cheji.web.modular.mapper.AppWxUnifiedorderRecordMapper' mapperInterface. Bean already defined with the same name!
2023-02-20 10:39:32.833 [main] WARN  org.mybatis.spring.mapper.ClassPathMapperScanner - Skipping MapperFactoryBean with name 'appWxpayOrderMapper' and 'com.cheji.web.modular.mapper.AppWxpayOrderMapper' mapperInterface. Bean already defined with the same name!
2023-02-20 10:39:32.833 [main] WARN  org.mybatis.spring.mapper.ClassPathMapperScanner - Skipping MapperFactoryBean with name 'appYearCheckImgMapper' and 'com.cheji.web.modular.mapper.AppYearCheckImgMapper' mapperInterface. Bean already defined with the same name!
2023-02-20 10:39:32.833 [main] WARN  org.mybatis.spring.mapper.ClassPathMapperScanner - Skipping MapperFactoryBean with name 'appYearCheckIndentMapper' and 'com.cheji.web.modular.mapper.AppYearCheckIndentMapper' mapperInterface. Bean already defined with the same name!
2023-02-20 10:39:32.833 [main] WARN  org.mybatis.spring.mapper.ClassPathMapperScanner - Skipping MapperFactoryBean with name 'BUserMapper' and 'com.cheji.web.modular.mapper.BUserMapper' mapperInterface. Bean already defined with the same name!
2023-02-20 10:39:32.833 [main] WARN  org.mybatis.spring.mapper.ClassPathMapperScanner - Skipping MapperFactoryBean with name 'bizAccidentMapper' and 'com.cheji.web.modular.mapper.BizAccidentMapper' mapperInterface. Bean already defined with the same name!
2023-02-20 10:39:32.833 [main] WARN  org.mybatis.spring.mapper.ClassPathMapperScanner - Skipping MapperFactoryBean with name 'carBrandMapper' and 'com.cheji.web.modular.mapper.CarBrandMapper' mapperInterface. Bean already defined with the same name!
2023-02-20 10:39:32.833 [main] WARN  org.mybatis.spring.mapper.ClassPathMapperScanner - Skipping MapperFactoryBean with name 'cityMapper' and 'com.cheji.web.modular.mapper.CityMapper' mapperInterface. Bean already defined with the same name!
2023-02-20 10:39:32.833 [main] WARN  org.mybatis.spring.mapper.ClassPathMapperScanner - Skipping MapperFactoryBean with name 'cleanIndetMapper' and 'com.cheji.web.modular.mapper.CleanIndetMapper' mapperInterface. Bean already defined with the same name!
2023-02-20 10:39:32.833 [main] WARN  org.mybatis.spring.mapper.ClassPathMapperScanner - Skipping MapperFactoryBean with name 'cleanPriceDetailMapper' and 'com.cheji.web.modular.mapper.CleanPriceDetailMapper' mapperInterface. Bean already defined with the same name!
2023-02-20 10:39:32.833 [main] WARN  org.mybatis.spring.mapper.ClassPathMapperScanner - Skipping MapperFactoryBean with name 'imgMapper' and 'com.cheji.web.modular.mapper.ImgMapper' mapperInterface. Bean already defined with the same name!
2023-02-20 10:39:32.833 [main] WARN  org.mybatis.spring.mapper.ClassPathMapperScanner - Skipping MapperFactoryBean with name 'indentMapper' and 'com.cheji.web.modular.mapper.IndentMapper' mapperInterface. Bean already defined with the same name!
2023-02-20 10:39:32.833 [main] WARN  org.mybatis.spring.mapper.ClassPathMapperScanner - Skipping MapperFactoryBean with name 'insuranceCompanyMapper' and 'com.cheji.web.modular.mapper.InsuranceCompanyMapper' mapperInterface. Bean already defined with the same name!
2023-02-20 10:39:32.833 [main] WARN  org.mybatis.spring.mapper.ClassPathMapperScanner - Skipping MapperFactoryBean with name 'insuranceMerchantsMapper' and 'com.cheji.web.modular.mapper.InsuranceMerchantsMapper' mapperInterface. Bean already defined with the same name!
2023-02-20 10:39:32.833 [main] WARN  org.mybatis.spring.mapper.ClassPathMapperScanner - Skipping MapperFactoryBean with name 'lableDetailsReviewTreeMapper' and 'com.cheji.web.modular.mapper.LableDetailsReviewTreeMapper' mapperInterface. Bean already defined with the same name!
2023-02-20 10:39:32.833 [main] WARN  org.mybatis.spring.mapper.ClassPathMapperScanner - Skipping MapperFactoryBean with name 'lableMapper' and 'com.cheji.web.modular.mapper.LableMapper' mapperInterface. Bean already defined with the same name!
2023-02-20 10:39:32.833 [main] WARN  org.mybatis.spring.mapper.ClassPathMapperScanner - Skipping MapperFactoryBean with name 'leagueMapper' and 'com.cheji.web.modular.mapper.LeagueMapper' mapperInterface. Bean already defined with the same name!
2023-02-20 10:39:32.833 [main] WARN  org.mybatis.spring.mapper.ClassPathMapperScanner - Skipping MapperFactoryBean with name 'merchantsBrandMapper' and 'com.cheji.web.modular.mapper.MerchantsBrandMapper' mapperInterface. Bean already defined with the same name!
2023-02-20 10:39:32.834 [main] WARN  org.mybatis.spring.mapper.ClassPathMapperScanner - Skipping MapperFactoryBean with name 'merchantsCommentsTreeMapper' and 'com.cheji.web.modular.mapper.MerchantsCommentsTreeMapper' mapperInterface. Bean already defined with the same name!
2023-02-20 10:39:32.834 [main] WARN  org.mybatis.spring.mapper.ClassPathMapperScanner - Skipping MapperFactoryBean with name 'merchantsInfoBannerMapper' and 'com.cheji.web.modular.mapper.MerchantsInfoBannerMapper' mapperInterface. Bean already defined with the same name!
2023-02-20 10:39:32.834 [main] WARN  org.mybatis.spring.mapper.ClassPathMapperScanner - Skipping MapperFactoryBean with name 'merchantsLableMapper' and 'com.cheji.web.modular.mapper.MerchantsLableMapper' mapperInterface. Bean already defined with the same name!
2023-02-20 10:39:32.834 [main] WARN  org.mybatis.spring.mapper.ClassPathMapperScanner - Skipping MapperFactoryBean with name 'merchantsServicerMapper' and 'com.cheji.web.modular.mapper.MerchantsServicerMapper' mapperInterface. Bean already defined with the same name!
2023-02-20 10:39:32.834 [main] WARN  org.mybatis.spring.mapper.ClassPathMapperScanner - Skipping MapperFactoryBean with name 'payAmountRecordMapper' and 'com.cheji.web.modular.mapper.PayAmountRecordMapper' mapperInterface. Bean already defined with the same name!
2023-02-20 10:39:32.834 [main] WARN  org.mybatis.spring.mapper.ClassPathMapperScanner - Skipping MapperFactoryBean with name 'pushBillMapper' and 'com.cheji.web.modular.mapper.PushBillMapper' mapperInterface. Bean already defined with the same name!
2023-02-20 10:39:32.834 [main] WARN  org.mybatis.spring.mapper.ClassPathMapperScanner - Skipping MapperFactoryBean with name 'pushRecordMapper' and 'com.cheji.web.modular.mapper.PushRecordMapper' mapperInterface. Bean already defined with the same name!
2023-02-20 10:39:32.834 [main] WARN  org.mybatis.spring.mapper.ClassPathMapperScanner - Skipping MapperFactoryBean with name 'settlePlusMapper' and 'com.cheji.web.modular.mapper.SettlePlusMapper' mapperInterface. Bean already defined with the same name!
2023-02-20 10:39:32.834 [main] WARN  org.mybatis.spring.mapper.ClassPathMapperScanner - Skipping MapperFactoryBean with name 'userBankMapper' and 'com.cheji.web.modular.mapper.UserBankMapper' mapperInterface. Bean already defined with the same name!
2023-02-20 10:39:32.834 [main] WARN  org.mybatis.spring.mapper.ClassPathMapperScanner - Skipping MapperFactoryBean with name 'userMapper' and 'com.cheji.web.modular.mapper.UserMapper' mapperInterface. Bean already defined with the same name!
2023-02-20 10:39:32.834 [main] WARN  org.mybatis.spring.mapper.ClassPathMapperScanner - Skipping MapperFactoryBean with name 'userPlusRoyaltyMapper' and 'com.cheji.web.modular.mapper.UserPlusRoyaltyMapper' mapperInterface. Bean already defined with the same name!
2023-02-20 10:39:32.834 [main] WARN  org.mybatis.spring.mapper.ClassPathMapperScanner - Skipping MapperFactoryBean with name 'videoCommentsMapper' and 'com.cheji.web.modular.mapper.VideoCommentsMapper' mapperInterface. Bean already defined with the same name!
2023-02-20 10:39:32.834 [main] WARN  org.mybatis.spring.mapper.ClassPathMapperScanner - Skipping MapperFactoryBean with name 'videoCommontsThumbsMapper' and 'com.cheji.web.modular.mapper.VideoCommontsThumbsMapper' mapperInterface. Bean already defined with the same name!
2023-02-20 10:39:32.834 [main] WARN  org.mybatis.spring.mapper.ClassPathMapperScanner - Skipping MapperFactoryBean with name 'videoMapper' and 'com.cheji.web.modular.mapper.VideoMapper' mapperInterface. Bean already defined with the same name!
2023-02-20 10:39:32.834 [main] WARN  org.mybatis.spring.mapper.ClassPathMapperScanner - Skipping MapperFactoryBean with name 'videoThumbsMapper' and 'com.cheji.web.modular.mapper.VideoThumbsMapper' mapperInterface. Bean already defined with the same name!
2023-02-20 10:39:32.834 [main] WARN  org.mybatis.spring.mapper.ClassPathMapperScanner - No MyBatis mapper was found in '[com.cheji.web.modular.mapper]' package. Please check your configuration.
2023-02-20 10:39:40.859 [main] WARN  com.baomidou.mybatisplus.mapper.AutoSqlInjector - class com.cheji.web.modular.domain.AppWxpayOrderEntity ,Not found @TableId annotation, Cannot use Mybatis-Plus 'xxById' Method.
2023-02-20 10:39:43.553 [main] WARN  com.baomidou.mybatisplus.mapper.AutoSqlInjector - class com.cheji.web.modular.domain.AppAuctionPayLogEntity ,Not found @TableId annotation, Cannot use Mybatis-Plus 'xxById' Method.
2023-02-20 10:39:49.265 [main] WARN  o.a.r.s.autoconfigure.RocketMQAutoConfiguration - The necessary spring property 'rocketmq.name-server' is not defined, all rockertmq beans creation are skipped!
2023-02-20 10:42:54.566 [main] WARN  org.mybatis.spring.mapper.ClassPathMapperScanner - No MyBatis mapper was found in '[com.cheji.web]' package. Please check your configuration.
2023-02-20 10:42:55.408 [main] WARN  org.mybatis.spring.mapper.ClassPathMapperScanner - Skipping MapperFactoryBean with name 'accidentRecordMapper' and 'com.cheji.web.modular.mapper.AccidentRecordMapper' mapperInterface. Bean already defined with the same name!
2023-02-20 10:42:55.409 [main] WARN  org.mybatis.spring.mapper.ClassPathMapperScanner - Skipping MapperFactoryBean with name 'appAuctionAddressMapper' and 'com.cheji.web.modular.mapper.AppAuctionAddressMapper' mapperInterface. Bean already defined with the same name!
2023-02-20 10:42:55.411 [main] WARN  org.mybatis.spring.mapper.ClassPathMapperScanner - Skipping MapperFactoryBean with name 'appAuctionAlipayInfoMapper' and 'com.cheji.web.modular.mapper.AppAuctionAlipayInfoMapper' mapperInterface. Bean already defined with the same name!
2023-02-20 10:42:55.412 [main] WARN  org.mybatis.spring.mapper.ClassPathMapperScanner - Skipping MapperFactoryBean with name 'appAuctionAuthenticationMapper' and 'com.cheji.web.modular.mapper.AppAuctionAuthenticationMapper' mapperInterface. Bean already defined with the same name!
2023-02-20 10:42:55.412 [main] WARN  org.mybatis.spring.mapper.ClassPathMapperScanner - Skipping MapperFactoryBean with name 'appAuctionBidMapper' and 'com.cheji.web.modular.mapper.AppAuctionBidMapper' mapperInterface. Bean already defined with the same name!
2023-02-20 10:42:55.412 [main] WARN  org.mybatis.spring.mapper.ClassPathMapperScanner - Skipping MapperFactoryBean with name 'appAuctionBrandSubMapper' and 'com.cheji.web.modular.mapper.AppAuctionBrandSubMapper' mapperInterface. Bean already defined with the same name!
2023-02-20 10:42:55.412 [main] WARN  org.mybatis.spring.mapper.ClassPathMapperScanner - Skipping MapperFactoryBean with name 'appAuctionCarCountMapper' and 'com.cheji.web.modular.mapper.AppAuctionCarCountMapper' mapperInterface. Bean already defined with the same name!
2023-02-20 10:42:55.413 [main] WARN  org.mybatis.spring.mapper.ClassPathMapperScanner - Skipping MapperFactoryBean with name 'appAuctionCollectMapper' and 'com.cheji.web.modular.mapper.AppAuctionCollectMapper' mapperInterface. Bean already defined with the same name!
2023-02-20 10:42:55.414 [main] WARN  org.mybatis.spring.mapper.ClassPathMapperScanner - Skipping MapperFactoryBean with name 'appAuctionCounselorMapper' and 'com.cheji.web.modular.mapper.AppAuctionCounselorMapper' mapperInterface. Bean already defined with the same name!
2023-02-20 10:42:55.415 [main] WARN  org.mybatis.spring.mapper.ClassPathMapperScanner - Skipping MapperFactoryBean with name 'appAuctionFeedBackMapper' and 'com.cheji.web.modular.mapper.AppAuctionFeedBackMapper' mapperInterface. Bean already defined with the same name!
2023-02-20 10:42:55.415 [main] WARN  org.mybatis.spring.mapper.ClassPathMapperScanner - Skipping MapperFactoryBean with name 'appAuctionFindCarMapper' and 'com.cheji.web.modular.mapper.AppAuctionFindCarMapper' mapperInterface. Bean already defined with the same name!
2023-02-20 10:42:55.415 [main] WARN  org.mybatis.spring.mapper.ClassPathMapperScanner - Skipping MapperFactoryBean with name 'appAuctionHomePageMapper' and 'com.cheji.web.modular.mapper.AppAuctionHomePageMapper' mapperInterface. Bean already defined with the same name!
2023-02-20 10:42:55.416 [main] WARN  org.mybatis.spring.mapper.ClassPathMapperScanner - Skipping MapperFactoryBean with name 'appAuctionHotMapper' and 'com.cheji.web.modular.mapper.AppAuctionHotMapper' mapperInterface. Bean already defined with the same name!
2023-02-20 10:42:55.416 [main] WARN  org.mybatis.spring.mapper.ClassPathMapperScanner - Skipping MapperFactoryBean with name 'appAuctionImgAdvMapper' and 'com.cheji.web.modular.mapper.AppAuctionImgAdvMapper' mapperInterface. Bean already defined with the same name!
2023-02-20 10:42:55.416 [main] WARN  org.mybatis.spring.mapper.ClassPathMapperScanner - Skipping MapperFactoryBean with name 'appAuctionImgAuthMapper' and 'com.cheji.web.modular.mapper.AppAuctionImgAuthMapper' mapperInterface. Bean already defined with the same name!
2023-02-20 10:42:55.417 [main] WARN  org.mybatis.spring.mapper.ClassPathMapperScanner - Skipping MapperFactoryBean with name 'appAuctionImgMapper' and 'com.cheji.web.modular.mapper.AppAuctionImgMapper' mapperInterface. Bean already defined with the same name!
2023-02-20 10:42:55.417 [main] WARN  org.mybatis.spring.mapper.ClassPathMapperScanner - Skipping MapperFactoryBean with name 'appAuctionMapper' and 'com.cheji.web.modular.mapper.AppAuctionMapper' mapperInterface. Bean already defined with the same name!
2023-02-20 10:42:55.417 [main] WARN  org.mybatis.spring.mapper.ClassPathMapperScanner - Skipping MapperFactoryBean with name 'appAuctionMessageIdentifyMapper' and 'com.cheji.web.modular.mapper.AppAuctionMessageIdentifyMapper' mapperInterface. Bean already defined with the same name!
2023-02-20 10:42:55.417 [main] WARN  org.mybatis.spring.mapper.ClassPathMapperScanner - Skipping MapperFactoryBean with name 'appAuctionMyMapper' and 'com.cheji.web.modular.mapper.AppAuctionMyMapper' mapperInterface. Bean already defined with the same name!
2023-02-20 10:42:55.417 [main] WARN  org.mybatis.spring.mapper.ClassPathMapperScanner - Skipping MapperFactoryBean with name 'appAuctionOrderMapper' and 'com.cheji.web.modular.mapper.AppAuctionOrderMapper' mapperInterface. Bean already defined with the same name!
2023-02-20 10:42:55.422 [main] WARN  org.mybatis.spring.mapper.ClassPathMapperScanner - Skipping MapperFactoryBean with name 'appAuctionPayLogMapper' and 'com.cheji.web.modular.mapper.AppAuctionPayLogMapper' mapperInterface. Bean already defined with the same name!
2023-02-20 10:42:55.423 [main] WARN  org.mybatis.spring.mapper.ClassPathMapperScanner - Skipping MapperFactoryBean with name 'appAuctionSessionMapper' and 'com.cheji.web.modular.mapper.AppAuctionSessionMapper' mapperInterface. Bean already defined with the same name!
2023-02-20 10:42:55.423 [main] WARN  org.mybatis.spring.mapper.ClassPathMapperScanner - Skipping MapperFactoryBean with name 'appAuctionSubscriptionMapper' and 'com.cheji.web.modular.mapper.AppAuctionSubscriptionMapper' mapperInterface. Bean already defined with the same name!
2023-02-20 10:42:55.423 [main] WARN  org.mybatis.spring.mapper.ClassPathMapperScanner - Skipping MapperFactoryBean with name 'appAuctionTransactionLogMapper' and 'com.cheji.web.modular.mapper.AppAuctionTransactionLogMapper' mapperInterface. Bean already defined with the same name!
2023-02-20 10:42:55.423 [main] WARN  org.mybatis.spring.mapper.ClassPathMapperScanner - Skipping MapperFactoryBean with name 'appAuctionUpMapper' and 'com.cheji.web.modular.mapper.AppAuctionUpMapper' mapperInterface. Bean already defined with the same name!
2023-02-20 10:42:55.423 [main] WARN  org.mybatis.spring.mapper.ClassPathMapperScanner - Skipping MapperFactoryBean with name 'appAuctionVipControlMapper' and 'com.cheji.web.modular.mapper.AppAuctionVipControlMapper' mapperInterface. Bean already defined with the same name!
2023-02-20 10:42:55.423 [main] WARN  org.mybatis.spring.mapper.ClassPathMapperScanner - Skipping MapperFactoryBean with name 'appAuctionVipLvMapper' and 'com.cheji.web.modular.mapper.AppAuctionVipLvMapper' mapperInterface. Bean already defined with the same name!
2023-02-20 10:42:55.424 [main] WARN  org.mybatis.spring.mapper.ClassPathMapperScanner - Skipping MapperFactoryBean with name 'appAuctionWarnCarMapper' and 'com.cheji.web.modular.mapper.AppAuctionWarnCarMapper' mapperInterface. Bean already defined with the same name!
2023-02-20 10:42:55.424 [main] WARN  org.mybatis.spring.mapper.ClassPathMapperScanner - Skipping MapperFactoryBean with name 'appAuctionWithdrawCashMapper' and 'com.cheji.web.modular.mapper.AppAuctionWithdrawCashMapper' mapperInterface. Bean already defined with the same name!
2023-02-20 10:42:55.424 [main] WARN  org.mybatis.spring.mapper.ClassPathMapperScanner - Skipping MapperFactoryBean with name 'appBUserConfigMapper' and 'com.cheji.web.modular.mapper.AppBUserConfigMapper' mapperInterface. Bean already defined with the same name!
2023-02-20 10:42:55.424 [main] WARN  org.mybatis.spring.mapper.ClassPathMapperScanner - Skipping MapperFactoryBean with name 'appBeautyPriceDetailMapper' and 'com.cheji.web.modular.mapper.AppBeautyPriceDetailMapper' mapperInterface. Bean already defined with the same name!
2023-02-20 10:42:55.427 [main] WARN  org.mybatis.spring.mapper.ClassPathMapperScanner - Skipping MapperFactoryBean with name 'appBusinessConfirmMapper' and 'com.cheji.web.modular.mapper.AppBusinessConfirmMapper' mapperInterface. Bean already defined with the same name!
2023-02-20 10:42:55.427 [main] WARN  org.mybatis.spring.mapper.ClassPathMapperScanner - Skipping MapperFactoryBean with name 'appCarBrandEntityMapper' and 'com.cheji.web.modular.mapper.AppCarBrandEntityMapper' mapperInterface. Bean already defined with the same name!
2023-02-20 10:42:55.427 [main] WARN  org.mybatis.spring.mapper.ClassPathMapperScanner - Skipping MapperFactoryBean with name 'appChangeAccountRecordMapper' and 'com.cheji.web.modular.mapper.AppChangeAccountRecordMapper' mapperInterface. Bean already defined with the same name!
2023-02-20 10:42:55.427 [main] WARN  org.mybatis.spring.mapper.ClassPathMapperScanner - Skipping MapperFactoryBean with name 'appClaimTeacherMapper' and 'com.cheji.web.modular.mapper.AppClaimTeacherMapper' mapperInterface. Bean already defined with the same name!
2023-02-20 10:42:55.427 [main] WARN  org.mybatis.spring.mapper.ClassPathMapperScanner - Skipping MapperFactoryBean with name 'appCouponTypeMapper' and 'com.cheji.web.modular.mapper.AppCouponTypeMapper' mapperInterface. Bean already defined with the same name!
2023-02-20 10:42:55.427 [main] WARN  org.mybatis.spring.mapper.ClassPathMapperScanner - Skipping MapperFactoryBean with name 'appDrivingCardMapper' and 'com.cheji.web.modular.mapper.AppDrivingCardMapper' mapperInterface. Bean already defined with the same name!
2023-02-20 10:42:55.427 [main] WARN  org.mybatis.spring.mapper.ClassPathMapperScanner - Skipping MapperFactoryBean with name 'appFileUrlMapper' and 'com.cheji.web.modular.mapper.AppFileUrlMapper' mapperInterface. Bean already defined with the same name!
2023-02-20 10:42:55.427 [main] WARN  org.mybatis.spring.mapper.ClassPathMapperScanner - Skipping MapperFactoryBean with name 'appJgPushMapper' and 'com.cheji.web.modular.mapper.AppJgPushMapper' mapperInterface. Bean already defined with the same name!
2023-02-20 10:42:55.428 [main] WARN  org.mybatis.spring.mapper.ClassPathMapperScanner - Skipping MapperFactoryBean with name 'appMessageCarMapper' and 'com.cheji.web.modular.mapper.AppMessageCarMapper' mapperInterface. Bean already defined with the same name!
2023-02-20 10:42:55.428 [main] WARN  org.mybatis.spring.mapper.ClassPathMapperScanner - Skipping MapperFactoryBean with name 'appMessageUrlMapper' and 'com.cheji.web.modular.mapper.AppMessageUrlMapper' mapperInterface. Bean already defined with the same name!
2023-02-20 10:42:55.430 [main] WARN  org.mybatis.spring.mapper.ClassPathMapperScanner - Skipping MapperFactoryBean with name 'appOrderRollBackMapper' and 'com.cheji.web.modular.mapper.AppOrderRollBackMapper' mapperInterface. Bean already defined with the same name!
2023-02-20 10:42:55.430 [main] WARN  org.mybatis.spring.mapper.ClassPathMapperScanner - Skipping MapperFactoryBean with name 'appPhotoMerMapper' and 'com.cheji.web.modular.mapper.AppPhotoMerMapper' mapperInterface. Bean already defined with the same name!
2023-02-20 10:42:55.430 [main] WARN  org.mybatis.spring.mapper.ClassPathMapperScanner - Skipping MapperFactoryBean with name 'appPushMessMapper' and 'com.cheji.web.modular.mapper.AppPushMessMapper' mapperInterface. Bean already defined with the same name!
2023-02-20 10:42:55.431 [main] WARN  org.mybatis.spring.mapper.ClassPathMapperScanner - Skipping MapperFactoryBean with name 'appRepeatAccidentMapper' and 'com.cheji.web.modular.mapper.AppRepeatAccidentMapper' mapperInterface. Bean already defined with the same name!
2023-02-20 10:42:55.432 [main] WARN  org.mybatis.spring.mapper.ClassPathMapperScanner - Skipping MapperFactoryBean with name 'appRescueIndentMapper' and 'com.cheji.web.modular.mapper.AppRescueIndentMapper' mapperInterface. Bean already defined with the same name!
2023-02-20 10:42:55.432 [main] WARN  org.mybatis.spring.mapper.ClassPathMapperScanner - Skipping MapperFactoryBean with name 'appSendOutSheetMapper' and 'com.cheji.web.modular.mapper.AppSendOutSheetMapper' mapperInterface. Bean already defined with the same name!
2023-02-20 10:42:55.432 [main] WARN  org.mybatis.spring.mapper.ClassPathMapperScanner - Skipping MapperFactoryBean with name 'appSendUrlMapper' and 'com.cheji.web.modular.mapper.AppSendUrlMapper' mapperInterface. Bean already defined with the same name!
2023-02-20 10:42:55.433 [main] WARN  org.mybatis.spring.mapper.ClassPathMapperScanner - Skipping MapperFactoryBean with name 'appSprayPaintDetailsMapper' and 'com.cheji.web.modular.mapper.AppSprayPaintDetailsMapper' mapperInterface. Bean already defined with the same name!
2023-02-20 10:42:55.433 [main] WARN  org.mybatis.spring.mapper.ClassPathMapperScanner - Skipping MapperFactoryBean with name 'appSprayPaintImgMapper' and 'com.cheji.web.modular.mapper.AppSprayPaintImgMapper' mapperInterface. Bean already defined with the same name!
2023-02-20 10:42:55.433 [main] WARN  org.mybatis.spring.mapper.ClassPathMapperScanner - Skipping MapperFactoryBean with name 'appSprayPaintIndentMapper' and 'com.cheji.web.modular.mapper.AppSprayPaintIndentMapper' mapperInterface. Bean already defined with the same name!
2023-02-20 10:42:55.437 [main] WARN  org.mybatis.spring.mapper.ClassPathMapperScanner - Skipping MapperFactoryBean with name 'appSubUsualAddressMapper' and 'com.cheji.web.modular.mapper.AppSubUsualAddressMapper' mapperInterface. Bean already defined with the same name!
2023-02-20 10:42:55.437 [main] WARN  org.mybatis.spring.mapper.ClassPathMapperScanner - Skipping MapperFactoryBean with name 'appSubstituteDrivingImgMapper' and 'com.cheji.web.modular.mapper.AppSubstituteDrivingImgMapper' mapperInterface. Bean already defined with the same name!
2023-02-20 10:42:55.438 [main] WARN  org.mybatis.spring.mapper.ClassPathMapperScanner - Skipping MapperFactoryBean with name 'appSubstituteDrivingIndentMapper' and 'com.cheji.web.modular.mapper.AppSubstituteDrivingIndentMapper' mapperInterface. Bean already defined with the same name!
2023-02-20 10:42:55.438 [main] WARN  org.mybatis.spring.mapper.ClassPathMapperScanner - Skipping MapperFactoryBean with name 'appUpMerchantsMapper' and 'com.cheji.web.modular.mapper.AppUpMerchantsMapper' mapperInterface. Bean already defined with the same name!
2023-02-20 10:42:55.438 [main] WARN  org.mybatis.spring.mapper.ClassPathMapperScanner - Skipping MapperFactoryBean with name 'appUserAccountRecordMapper' and 'com.cheji.web.modular.mapper.AppUserAccountRecordMapper' mapperInterface. Bean already defined with the same name!
2023-02-20 10:42:55.438 [main] WARN  org.mybatis.spring.mapper.ClassPathMapperScanner - Skipping MapperFactoryBean with name 'appUserBMessageImgMapper' and 'com.cheji.web.modular.mapper.AppUserBMessageImgMapper' mapperInterface. Bean already defined with the same name!
2023-02-20 10:42:55.438 [main] WARN  org.mybatis.spring.mapper.ClassPathMapperScanner - Skipping MapperFactoryBean with name 'appUserBMessageMapper' and 'com.cheji.web.modular.mapper.AppUserBMessageMapper' mapperInterface. Bean already defined with the same name!
2023-02-20 10:42:55.438 [main] WARN  org.mybatis.spring.mapper.ClassPathMapperScanner - Skipping MapperFactoryBean with name 'appUserBankMapper' and 'com.cheji.web.modular.mapper.AppUserBankMapper' mapperInterface. Bean already defined with the same name!
2023-02-20 10:42:55.438 [main] WARN  org.mybatis.spring.mapper.ClassPathMapperScanner - Skipping MapperFactoryBean with name 'appUserCarInfoMapper' and 'com.cheji.web.modular.mapper.AppUserCarInfoMapper' mapperInterface. Bean already defined with the same name!
2023-02-20 10:42:55.439 [main] WARN  org.mybatis.spring.mapper.ClassPathMapperScanner - Skipping MapperFactoryBean with name 'appUserCouponMapper' and 'com.cheji.web.modular.mapper.AppUserCouponMapper' mapperInterface. Bean already defined with the same name!
2023-02-20 10:42:55.439 [main] WARN  org.mybatis.spring.mapper.ClassPathMapperScanner - Skipping MapperFactoryBean with name 'appUserMapper' and 'com.cheji.web.modular.mapper.AppUserMapper' mapperInterface. Bean already defined with the same name!
2023-02-20 10:42:55.439 [main] WARN  org.mybatis.spring.mapper.ClassPathMapperScanner - Skipping MapperFactoryBean with name 'appUserPlusMapper' and 'com.cheji.web.modular.mapper.AppUserPlusMapper' mapperInterface. Bean already defined with the same name!
2023-02-20 10:42:55.440 [main] WARN  org.mybatis.spring.mapper.ClassPathMapperScanner - Skipping MapperFactoryBean with name 'appVersionMapper' and 'com.cheji.web.modular.mapper.AppVersionMapper' mapperInterface. Bean already defined with the same name!
2023-02-20 10:42:55.440 [main] WARN  org.mybatis.spring.mapper.ClassPathMapperScanner - Skipping MapperFactoryBean with name 'appWxBankMapper' and 'com.cheji.web.modular.mapper.AppWxBankMapper' mapperInterface. Bean already defined with the same name!
2023-02-20 10:42:55.440 [main] WARN  org.mybatis.spring.mapper.ClassPathMapperScanner - Skipping MapperFactoryBean with name 'appWxCashOutRecordEntityMapper' and 'com.cheji.web.modular.mapper.AppWxCashOutRecordEntityMapper' mapperInterface. Bean already defined with the same name!
2023-02-20 10:42:55.440 [main] WARN  org.mybatis.spring.mapper.ClassPathMapperScanner - Skipping MapperFactoryBean with name 'appWxUnifiedorderRecordMapper' and 'com.cheji.web.modular.mapper.AppWxUnifiedorderRecordMapper' mapperInterface. Bean already defined with the same name!
2023-02-20 10:42:55.440 [main] WARN  org.mybatis.spring.mapper.ClassPathMapperScanner - Skipping MapperFactoryBean with name 'appWxpayOrderMapper' and 'com.cheji.web.modular.mapper.AppWxpayOrderMapper' mapperInterface. Bean already defined with the same name!
2023-02-20 10:42:55.440 [main] WARN  org.mybatis.spring.mapper.ClassPathMapperScanner - Skipping MapperFactoryBean with name 'appYearCheckImgMapper' and 'com.cheji.web.modular.mapper.AppYearCheckImgMapper' mapperInterface. Bean already defined with the same name!
2023-02-20 10:42:55.440 [main] WARN  org.mybatis.spring.mapper.ClassPathMapperScanner - Skipping MapperFactoryBean with name 'appYearCheckIndentMapper' and 'com.cheji.web.modular.mapper.AppYearCheckIndentMapper' mapperInterface. Bean already defined with the same name!
2023-02-20 10:42:55.440 [main] WARN  org.mybatis.spring.mapper.ClassPathMapperScanner - Skipping MapperFactoryBean with name 'BUserMapper' and 'com.cheji.web.modular.mapper.BUserMapper' mapperInterface. Bean already defined with the same name!
2023-02-20 10:42:55.440 [main] WARN  org.mybatis.spring.mapper.ClassPathMapperScanner - Skipping MapperFactoryBean with name 'bizAccidentMapper' and 'com.cheji.web.modular.mapper.BizAccidentMapper' mapperInterface. Bean already defined with the same name!
2023-02-20 10:42:55.441 [main] WARN  org.mybatis.spring.mapper.ClassPathMapperScanner - Skipping MapperFactoryBean with name 'carBrandMapper' and 'com.cheji.web.modular.mapper.CarBrandMapper' mapperInterface. Bean already defined with the same name!
2023-02-20 10:42:55.441 [main] WARN  org.mybatis.spring.mapper.ClassPathMapperScanner - Skipping MapperFactoryBean with name 'cityMapper' and 'com.cheji.web.modular.mapper.CityMapper' mapperInterface. Bean already defined with the same name!
2023-02-20 10:42:55.441 [main] WARN  org.mybatis.spring.mapper.ClassPathMapperScanner - Skipping MapperFactoryBean with name 'cleanIndetMapper' and 'com.cheji.web.modular.mapper.CleanIndetMapper' mapperInterface. Bean already defined with the same name!
2023-02-20 10:42:55.441 [main] WARN  org.mybatis.spring.mapper.ClassPathMapperScanner - Skipping MapperFactoryBean with name 'cleanPriceDetailMapper' and 'com.cheji.web.modular.mapper.CleanPriceDetailMapper' mapperInterface. Bean already defined with the same name!
2023-02-20 10:42:55.441 [main] WARN  org.mybatis.spring.mapper.ClassPathMapperScanner - Skipping MapperFactoryBean with name 'imgMapper' and 'com.cheji.web.modular.mapper.ImgMapper' mapperInterface. Bean already defined with the same name!
2023-02-20 10:42:55.441 [main] WARN  org.mybatis.spring.mapper.ClassPathMapperScanner - Skipping MapperFactoryBean with name 'indentMapper' and 'com.cheji.web.modular.mapper.IndentMapper' mapperInterface. Bean already defined with the same name!
2023-02-20 10:42:55.441 [main] WARN  org.mybatis.spring.mapper.ClassPathMapperScanner - Skipping MapperFactoryBean with name 'insuranceCompanyMapper' and 'com.cheji.web.modular.mapper.InsuranceCompanyMapper' mapperInterface. Bean already defined with the same name!
2023-02-20 10:42:55.441 [main] WARN  org.mybatis.spring.mapper.ClassPathMapperScanner - Skipping MapperFactoryBean with name 'insuranceMerchantsMapper' and 'com.cheji.web.modular.mapper.InsuranceMerchantsMapper' mapperInterface. Bean already defined with the same name!
2023-02-20 10:42:55.441 [main] WARN  org.mybatis.spring.mapper.ClassPathMapperScanner - Skipping MapperFactoryBean with name 'lableDetailsReviewTreeMapper' and 'com.cheji.web.modular.mapper.LableDetailsReviewTreeMapper' mapperInterface. Bean already defined with the same name!
2023-02-20 10:42:55.441 [main] WARN  org.mybatis.spring.mapper.ClassPathMapperScanner - Skipping MapperFactoryBean with name 'lableMapper' and 'com.cheji.web.modular.mapper.LableMapper' mapperInterface. Bean already defined with the same name!
2023-02-20 10:42:55.441 [main] WARN  org.mybatis.spring.mapper.ClassPathMapperScanner - Skipping MapperFactoryBean with name 'leagueMapper' and 'com.cheji.web.modular.mapper.LeagueMapper' mapperInterface. Bean already defined with the same name!
2023-02-20 10:42:55.441 [main] WARN  org.mybatis.spring.mapper.ClassPathMapperScanner - Skipping MapperFactoryBean with name 'merchantsBrandMapper' and 'com.cheji.web.modular.mapper.MerchantsBrandMapper' mapperInterface. Bean already defined with the same name!
2023-02-20 10:42:55.441 [main] WARN  org.mybatis.spring.mapper.ClassPathMapperScanner - Skipping MapperFactoryBean with name 'merchantsCommentsTreeMapper' and 'com.cheji.web.modular.mapper.MerchantsCommentsTreeMapper' mapperInterface. Bean already defined with the same name!
2023-02-20 10:42:55.441 [main] WARN  org.mybatis.spring.mapper.ClassPathMapperScanner - Skipping MapperFactoryBean with name 'merchantsInfoBannerMapper' and 'com.cheji.web.modular.mapper.MerchantsInfoBannerMapper' mapperInterface. Bean already defined with the same name!
2023-02-20 10:42:55.442 [main] WARN  org.mybatis.spring.mapper.ClassPathMapperScanner - Skipping MapperFactoryBean with name 'merchantsLableMapper' and 'com.cheji.web.modular.mapper.MerchantsLableMapper' mapperInterface. Bean already defined with the same name!
2023-02-20 10:42:55.442 [main] WARN  org.mybatis.spring.mapper.ClassPathMapperScanner - Skipping MapperFactoryBean with name 'merchantsServicerMapper' and 'com.cheji.web.modular.mapper.MerchantsServicerMapper' mapperInterface. Bean already defined with the same name!
2023-02-20 10:42:55.442 [main] WARN  org.mybatis.spring.mapper.ClassPathMapperScanner - Skipping MapperFactoryBean with name 'payAmountRecordMapper' and 'com.cheji.web.modular.mapper.PayAmountRecordMapper' mapperInterface. Bean already defined with the same name!
2023-02-20 10:42:55.442 [main] WARN  org.mybatis.spring.mapper.ClassPathMapperScanner - Skipping MapperFactoryBean with name 'pushBillMapper' and 'com.cheji.web.modular.mapper.PushBillMapper' mapperInterface. Bean already defined with the same name!
2023-02-20 10:42:55.442 [main] WARN  org.mybatis.spring.mapper.ClassPathMapperScanner - Skipping MapperFactoryBean with name 'pushRecordMapper' and 'com.cheji.web.modular.mapper.PushRecordMapper' mapperInterface. Bean already defined with the same name!
2023-02-20 10:42:55.442 [main] WARN  org.mybatis.spring.mapper.ClassPathMapperScanner - Skipping MapperFactoryBean with name 'settlePlusMapper' and 'com.cheji.web.modular.mapper.SettlePlusMapper' mapperInterface. Bean already defined with the same name!
2023-02-20 10:42:55.442 [main] WARN  org.mybatis.spring.mapper.ClassPathMapperScanner - Skipping MapperFactoryBean with name 'userBankMapper' and 'com.cheji.web.modular.mapper.UserBankMapper' mapperInterface. Bean already defined with the same name!
2023-02-20 10:42:55.442 [main] WARN  org.mybatis.spring.mapper.ClassPathMapperScanner - Skipping MapperFactoryBean with name 'userMapper' and 'com.cheji.web.modular.mapper.UserMapper' mapperInterface. Bean already defined with the same name!
2023-02-20 10:42:55.442 [main] WARN  org.mybatis.spring.mapper.ClassPathMapperScanner - Skipping MapperFactoryBean with name 'userPlusRoyaltyMapper' and 'com.cheji.web.modular.mapper.UserPlusRoyaltyMapper' mapperInterface. Bean already defined with the same name!
2023-02-20 10:42:55.442 [main] WARN  org.mybatis.spring.mapper.ClassPathMapperScanner - Skipping MapperFactoryBean with name 'videoCommentsMapper' and 'com.cheji.web.modular.mapper.VideoCommentsMapper' mapperInterface. Bean already defined with the same name!
2023-02-20 10:42:55.442 [main] WARN  org.mybatis.spring.mapper.ClassPathMapperScanner - Skipping MapperFactoryBean with name 'videoCommontsThumbsMapper' and 'com.cheji.web.modular.mapper.VideoCommontsThumbsMapper' mapperInterface. Bean already defined with the same name!
2023-02-20 10:42:55.443 [main] WARN  org.mybatis.spring.mapper.ClassPathMapperScanner - Skipping MapperFactoryBean with name 'videoMapper' and 'com.cheji.web.modular.mapper.VideoMapper' mapperInterface. Bean already defined with the same name!
2023-02-20 10:42:55.443 [main] WARN  org.mybatis.spring.mapper.ClassPathMapperScanner - Skipping MapperFactoryBean with name 'videoThumbsMapper' and 'com.cheji.web.modular.mapper.VideoThumbsMapper' mapperInterface. Bean already defined with the same name!
2023-02-20 10:42:55.443 [main] WARN  org.mybatis.spring.mapper.ClassPathMapperScanner - No MyBatis mapper was found in '[com.cheji.web.modular.mapper]' package. Please check your configuration.
2023-02-20 10:43:03.491 [main] WARN  com.baomidou.mybatisplus.mapper.AutoSqlInjector - class com.cheji.web.modular.domain.AppWxpayOrderEntity ,Not found @TableId annotation, Cannot use Mybatis-Plus 'xxById' Method.
2023-02-20 10:43:04.611 [main] WARN  com.baomidou.mybatisplus.mapper.AutoSqlInjector - class com.cheji.web.modular.domain.AppAuctionPayLogEntity ,Not found @TableId annotation, Cannot use Mybatis-Plus 'xxById' Method.
2023-02-20 10:43:07.138 [main] WARN  o.a.r.s.autoconfigure.RocketMQAutoConfiguration - The necessary spring property 'rocketmq.name-server' is not defined, all rockertmq beans creation are skipped!
2023-02-20 10:45:50.336 [HikariPool-1 housekeeper] WARN  com.zaxxer.hikari.pool.HikariPool - HikariPool-1 - Thread starvation or clock leap detected (housekeeper delta=46s997ms545µs300ns).
