2022-11-01 10:07:40.213 [main] DEBUG org.mybatis.spring.mapper.ClassPathMapperScanner - Identified candidate component class: file [C:\software\workspace_idea\web-java\web\trunk\target\classes\com\cheji\web\modular\mapper\AccidentRecordMapper.class]
2022-11-01 10:07:40.217 [main] DEBUG org.mybatis.spring.mapper.ClassPathMapperScanner - Identified candidate component class: file [C:\software\workspace_idea\web-java\web\trunk\target\classes\com\cheji\web\modular\mapper\AppAuctionCollectMapper.class]
2022-11-01 10:07:40.218 [main] DEBUG org.mybatis.spring.mapper.ClassPathMapperScanner - Identified candidate component class: file [C:\software\workspace_idea\web-java\web\trunk\target\classes\com\cheji\web\modular\mapper\AppAuctionHotMapper.class]
2022-11-01 10:07:40.222 [main] DEBUG org.mybatis.spring.mapper.ClassPathMapperScanner - Identified candidate component class: file [C:\software\workspace_idea\web-java\web\trunk\target\classes\com\cheji\web\modular\mapper\AppAuctionImgMapper.class]
2022-11-01 10:07:40.222 [main] DEBUG org.mybatis.spring.mapper.ClassPathMapperScanner - Identified candidate component class: file [C:\software\workspace_idea\web-java\web\trunk\target\classes\com\cheji\web\modular\mapper\AppAuctionMapper.class]
2022-11-01 10:07:40.222 [main] DEBUG org.mybatis.spring.mapper.ClassPathMapperScanner - Identified candidate component class: file [C:\software\workspace_idea\web-java\web\trunk\target\classes\com\cheji\web\modular\mapper\AppAuctionMyMapper.class]
2022-11-01 10:07:40.223 [main] DEBUG org.mybatis.spring.mapper.ClassPathMapperScanner - Identified candidate component class: file [C:\software\workspace_idea\web-java\web\trunk\target\classes\com\cheji\web\modular\mapper\AppAuctionOrderMapper.class]
2022-11-01 10:07:40.223 [main] DEBUG org.mybatis.spring.mapper.ClassPathMapperScanner - Identified candidate component class: file [C:\software\workspace_idea\web-java\web\trunk\target\classes\com\cheji\web\modular\mapper\AppAuctionUpMapper.class]
2022-11-01 10:07:40.223 [main] DEBUG org.mybatis.spring.mapper.ClassPathMapperScanner - Identified candidate component class: file [C:\software\workspace_idea\web-java\web\trunk\target\classes\com\cheji\web\modular\mapper\AppBUserConfigMapper.class]
2022-11-01 10:07:40.223 [main] DEBUG org.mybatis.spring.mapper.ClassPathMapperScanner - Identified candidate component class: file [C:\software\workspace_idea\web-java\web\trunk\target\classes\com\cheji\web\modular\mapper\AppBeautyPriceDetailMapper.class]
2022-11-01 10:07:40.224 [main] DEBUG org.mybatis.spring.mapper.ClassPathMapperScanner - Identified candidate component class: file [C:\software\workspace_idea\web-java\web\trunk\target\classes\com\cheji\web\modular\mapper\AppBusinessConfirmMapper.class]
2022-11-01 10:07:40.224 [main] DEBUG org.mybatis.spring.mapper.ClassPathMapperScanner - Identified candidate component class: file [C:\software\workspace_idea\web-java\web\trunk\target\classes\com\cheji\web\modular\mapper\AppCarBrandEntityMapper.class]
2022-11-01 10:07:40.224 [main] DEBUG org.mybatis.spring.mapper.ClassPathMapperScanner - Identified candidate component class: file [C:\software\workspace_idea\web-java\web\trunk\target\classes\com\cheji\web\modular\mapper\AppChangeAccountRecordMapper.class]
2022-11-01 10:07:40.224 [main] DEBUG org.mybatis.spring.mapper.ClassPathMapperScanner - Identified candidate component class: file [C:\software\workspace_idea\web-java\web\trunk\target\classes\com\cheji\web\modular\mapper\AppClaimTeacherMapper.class]
2022-11-01 10:07:40.224 [main] DEBUG org.mybatis.spring.mapper.ClassPathMapperScanner - Identified candidate component class: file [C:\software\workspace_idea\web-java\web\trunk\target\classes\com\cheji\web\modular\mapper\AppCouponTypeMapper.class]
2022-11-01 10:07:40.225 [main] DEBUG org.mybatis.spring.mapper.ClassPathMapperScanner - Identified candidate component class: file [C:\software\workspace_idea\web-java\web\trunk\target\classes\com\cheji\web\modular\mapper\AppDrivingCardMapper.class]
2022-11-01 10:07:40.225 [main] DEBUG org.mybatis.spring.mapper.ClassPathMapperScanner - Identified candidate component class: file [C:\software\workspace_idea\web-java\web\trunk\target\classes\com\cheji\web\modular\mapper\AppFileUrlMapper.class]
2022-11-01 10:07:40.225 [main] DEBUG org.mybatis.spring.mapper.ClassPathMapperScanner - Identified candidate component class: file [C:\software\workspace_idea\web-java\web\trunk\target\classes\com\cheji\web\modular\mapper\AppJgPushMapper.class]
2022-11-01 10:07:40.226 [main] DEBUG org.mybatis.spring.mapper.ClassPathMapperScanner - Identified candidate component class: file [C:\software\workspace_idea\web-java\web\trunk\target\classes\com\cheji\web\modular\mapper\AppMessageCarMapper.class]
2022-11-01 10:07:40.226 [main] DEBUG org.mybatis.spring.mapper.ClassPathMapperScanner - Identified candidate component class: file [C:\software\workspace_idea\web-java\web\trunk\target\classes\com\cheji\web\modular\mapper\AppMessageUrlMapper.class]
2022-11-01 10:07:40.226 [main] DEBUG org.mybatis.spring.mapper.ClassPathMapperScanner - Identified candidate component class: file [C:\software\workspace_idea\web-java\web\trunk\target\classes\com\cheji\web\modular\mapper\AppOrderRollBackMapper.class]
2022-11-01 10:07:40.226 [main] DEBUG org.mybatis.spring.mapper.ClassPathMapperScanner - Identified candidate component class: file [C:\software\workspace_idea\web-java\web\trunk\target\classes\com\cheji\web\modular\mapper\AppPhotoMerMapper.class]
2022-11-01 10:07:40.226 [main] DEBUG org.mybatis.spring.mapper.ClassPathMapperScanner - Identified candidate component class: file [C:\software\workspace_idea\web-java\web\trunk\target\classes\com\cheji\web\modular\mapper\AppPushMessMapper.class]
2022-11-01 10:07:40.227 [main] DEBUG org.mybatis.spring.mapper.ClassPathMapperScanner - Identified candidate component class: file [C:\software\workspace_idea\web-java\web\trunk\target\classes\com\cheji\web\modular\mapper\AppRepeatAccidentMapper.class]
2022-11-01 10:07:40.227 [main] DEBUG org.mybatis.spring.mapper.ClassPathMapperScanner - Identified candidate component class: file [C:\software\workspace_idea\web-java\web\trunk\target\classes\com\cheji\web\modular\mapper\AppRescueIndentMapper.class]
2022-11-01 10:07:40.227 [main] DEBUG org.mybatis.spring.mapper.ClassPathMapperScanner - Identified candidate component class: file [C:\software\workspace_idea\web-java\web\trunk\target\classes\com\cheji\web\modular\mapper\AppSendOutSheetMapper.class]
2022-11-01 10:07:40.227 [main] DEBUG org.mybatis.spring.mapper.ClassPathMapperScanner - Identified candidate component class: file [C:\software\workspace_idea\web-java\web\trunk\target\classes\com\cheji\web\modular\mapper\AppSendUrlMapper.class]
2022-11-01 10:07:40.227 [main] DEBUG org.mybatis.spring.mapper.ClassPathMapperScanner - Identified candidate component class: file [C:\software\workspace_idea\web-java\web\trunk\target\classes\com\cheji\web\modular\mapper\AppSprayPaintDetailsMapper.class]
2022-11-01 10:07:40.228 [main] DEBUG org.mybatis.spring.mapper.ClassPathMapperScanner - Identified candidate component class: file [C:\software\workspace_idea\web-java\web\trunk\target\classes\com\cheji\web\modular\mapper\AppSprayPaintImgMapper.class]
2022-11-01 10:07:40.228 [main] DEBUG org.mybatis.spring.mapper.ClassPathMapperScanner - Identified candidate component class: file [C:\software\workspace_idea\web-java\web\trunk\target\classes\com\cheji\web\modular\mapper\AppSprayPaintIndentMapper.class]
2022-11-01 10:07:40.228 [main] DEBUG org.mybatis.spring.mapper.ClassPathMapperScanner - Identified candidate component class: file [C:\software\workspace_idea\web-java\web\trunk\target\classes\com\cheji\web\modular\mapper\AppSubUsualAddressMapper.class]
2022-11-01 10:07:40.228 [main] DEBUG org.mybatis.spring.mapper.ClassPathMapperScanner - Identified candidate component class: file [C:\software\workspace_idea\web-java\web\trunk\target\classes\com\cheji\web\modular\mapper\AppSubstituteDrivingImgMapper.class]
2022-11-01 10:07:40.228 [main] DEBUG org.mybatis.spring.mapper.ClassPathMapperScanner - Identified candidate component class: file [C:\software\workspace_idea\web-java\web\trunk\target\classes\com\cheji\web\modular\mapper\AppSubstituteDrivingIndentMapper.class]
2022-11-01 10:07:40.229 [main] DEBUG org.mybatis.spring.mapper.ClassPathMapperScanner - Identified candidate component class: file [C:\software\workspace_idea\web-java\web\trunk\target\classes\com\cheji\web\modular\mapper\AppUpMerchantsMapper.class]
2022-11-01 10:07:40.229 [main] DEBUG org.mybatis.spring.mapper.ClassPathMapperScanner - Identified candidate component class: file [C:\software\workspace_idea\web-java\web\trunk\target\classes\com\cheji\web\modular\mapper\AppUserAccountRecordMapper.class]
2022-11-01 10:07:40.229 [main] DEBUG org.mybatis.spring.mapper.ClassPathMapperScanner - Identified candidate component class: file [C:\software\workspace_idea\web-java\web\trunk\target\classes\com\cheji\web\modular\mapper\AppUserBMessageImgMapper.class]
2022-11-01 10:07:40.229 [main] DEBUG org.mybatis.spring.mapper.ClassPathMapperScanner - Identified candidate component class: file [C:\software\workspace_idea\web-java\web\trunk\target\classes\com\cheji\web\modular\mapper\AppUserBMessageMapper.class]
2022-11-01 10:07:40.229 [main] DEBUG org.mybatis.spring.mapper.ClassPathMapperScanner - Identified candidate component class: file [C:\software\workspace_idea\web-java\web\trunk\target\classes\com\cheji\web\modular\mapper\AppUserBankMapper.class]
2022-11-01 10:07:40.229 [main] DEBUG org.mybatis.spring.mapper.ClassPathMapperScanner - Identified candidate component class: file [C:\software\workspace_idea\web-java\web\trunk\target\classes\com\cheji\web\modular\mapper\AppUserCarInfoMapper.class]
2022-11-01 10:07:40.230 [main] DEBUG org.mybatis.spring.mapper.ClassPathMapperScanner - Identified candidate component class: file [C:\software\workspace_idea\web-java\web\trunk\target\classes\com\cheji\web\modular\mapper\AppUserCouponMapper.class]
2022-11-01 10:07:40.230 [main] DEBUG org.mybatis.spring.mapper.ClassPathMapperScanner - Identified candidate component class: file [C:\software\workspace_idea\web-java\web\trunk\target\classes\com\cheji\web\modular\mapper\AppUserMapper.class]
2022-11-01 10:07:40.230 [main] DEBUG org.mybatis.spring.mapper.ClassPathMapperScanner - Identified candidate component class: file [C:\software\workspace_idea\web-java\web\trunk\target\classes\com\cheji\web\modular\mapper\AppUserPlusMapper.class]
2022-11-01 10:07:40.230 [main] DEBUG org.mybatis.spring.mapper.ClassPathMapperScanner - Identified candidate component class: file [C:\software\workspace_idea\web-java\web\trunk\target\classes\com\cheji\web\modular\mapper\AppVersionMapper.class]
2022-11-01 10:07:40.230 [main] DEBUG org.mybatis.spring.mapper.ClassPathMapperScanner - Identified candidate component class: file [C:\software\workspace_idea\web-java\web\trunk\target\classes\com\cheji\web\modular\mapper\AppWxBankMapper.class]
2022-11-01 10:07:40.230 [main] DEBUG org.mybatis.spring.mapper.ClassPathMapperScanner - Identified candidate component class: file [C:\software\workspace_idea\web-java\web\trunk\target\classes\com\cheji\web\modular\mapper\AppWxCashOutRecordEntityMapper.class]
2022-11-01 10:07:40.230 [main] DEBUG org.mybatis.spring.mapper.ClassPathMapperScanner - Identified candidate component class: file [C:\software\workspace_idea\web-java\web\trunk\target\classes\com\cheji\web\modular\mapper\AppWxUnifiedorderRecordMapper.class]
2022-11-01 10:07:40.231 [main] DEBUG org.mybatis.spring.mapper.ClassPathMapperScanner - Identified candidate component class: file [C:\software\workspace_idea\web-java\web\trunk\target\classes\com\cheji\web\modular\mapper\AppWxpayOrderMapper.class]
2022-11-01 10:07:40.231 [main] DEBUG org.mybatis.spring.mapper.ClassPathMapperScanner - Identified candidate component class: file [C:\software\workspace_idea\web-java\web\trunk\target\classes\com\cheji\web\modular\mapper\AppYearCheckImgMapper.class]
2022-11-01 10:07:40.231 [main] DEBUG org.mybatis.spring.mapper.ClassPathMapperScanner - Identified candidate component class: file [C:\software\workspace_idea\web-java\web\trunk\target\classes\com\cheji\web\modular\mapper\AppYearCheckIndentMapper.class]
2022-11-01 10:07:40.231 [main] DEBUG org.mybatis.spring.mapper.ClassPathMapperScanner - Identified candidate component class: file [C:\software\workspace_idea\web-java\web\trunk\target\classes\com\cheji\web\modular\mapper\BUserMapper.class]
2022-11-01 10:07:40.231 [main] DEBUG org.mybatis.spring.mapper.ClassPathMapperScanner - Identified candidate component class: file [C:\software\workspace_idea\web-java\web\trunk\target\classes\com\cheji\web\modular\mapper\BizAccidentMapper.class]
2022-11-01 10:07:40.231 [main] DEBUG org.mybatis.spring.mapper.ClassPathMapperScanner - Identified candidate component class: file [C:\software\workspace_idea\web-java\web\trunk\target\classes\com\cheji\web\modular\mapper\CarBrandMapper.class]
2022-11-01 10:07:40.232 [main] DEBUG org.mybatis.spring.mapper.ClassPathMapperScanner - Identified candidate component class: file [C:\software\workspace_idea\web-java\web\trunk\target\classes\com\cheji\web\modular\mapper\CityMapper.class]
2022-11-01 10:07:40.232 [main] DEBUG org.mybatis.spring.mapper.ClassPathMapperScanner - Identified candidate component class: file [C:\software\workspace_idea\web-java\web\trunk\target\classes\com\cheji\web\modular\mapper\CleanIndetMapper.class]
2022-11-01 10:07:40.233 [main] DEBUG org.mybatis.spring.mapper.ClassPathMapperScanner - Identified candidate component class: file [C:\software\workspace_idea\web-java\web\trunk\target\classes\com\cheji\web\modular\mapper\CleanPriceDetailMapper.class]
2022-11-01 10:07:40.233 [main] DEBUG org.mybatis.spring.mapper.ClassPathMapperScanner - Identified candidate component class: file [C:\software\workspace_idea\web-java\web\trunk\target\classes\com\cheji\web\modular\mapper\ImgMapper.class]
2022-11-01 10:07:40.233 [main] DEBUG org.mybatis.spring.mapper.ClassPathMapperScanner - Identified candidate component class: file [C:\software\workspace_idea\web-java\web\trunk\target\classes\com\cheji\web\modular\mapper\IndentMapper.class]
2022-11-01 10:07:40.233 [main] DEBUG org.mybatis.spring.mapper.ClassPathMapperScanner - Identified candidate component class: file [C:\software\workspace_idea\web-java\web\trunk\target\classes\com\cheji\web\modular\mapper\InsuranceCompanyMapper.class]
2022-11-01 10:07:40.234 [main] DEBUG org.mybatis.spring.mapper.ClassPathMapperScanner - Identified candidate component class: file [C:\software\workspace_idea\web-java\web\trunk\target\classes\com\cheji\web\modular\mapper\InsuranceMerchantsMapper.class]
2022-11-01 10:07:40.234 [main] DEBUG org.mybatis.spring.mapper.ClassPathMapperScanner - Identified candidate component class: file [C:\software\workspace_idea\web-java\web\trunk\target\classes\com\cheji\web\modular\mapper\LableDetailsReviewTreeMapper.class]
2022-11-01 10:07:40.234 [main] DEBUG org.mybatis.spring.mapper.ClassPathMapperScanner - Identified candidate component class: file [C:\software\workspace_idea\web-java\web\trunk\target\classes\com\cheji\web\modular\mapper\LableMapper.class]
2022-11-01 10:07:40.234 [main] DEBUG org.mybatis.spring.mapper.ClassPathMapperScanner - Identified candidate component class: file [C:\software\workspace_idea\web-java\web\trunk\target\classes\com\cheji\web\modular\mapper\LeagueMapper.class]
2022-11-01 10:07:40.234 [main] DEBUG org.mybatis.spring.mapper.ClassPathMapperScanner - Identified candidate component class: file [C:\software\workspace_idea\web-java\web\trunk\target\classes\com\cheji\web\modular\mapper\MerchantsBrandMapper.class]
2022-11-01 10:07:40.235 [main] DEBUG org.mybatis.spring.mapper.ClassPathMapperScanner - Identified candidate component class: file [C:\software\workspace_idea\web-java\web\trunk\target\classes\com\cheji\web\modular\mapper\MerchantsCommentsTreeMapper.class]
2022-11-01 10:07:40.235 [main] DEBUG org.mybatis.spring.mapper.ClassPathMapperScanner - Identified candidate component class: file [C:\software\workspace_idea\web-java\web\trunk\target\classes\com\cheji\web\modular\mapper\MerchantsInfoBannerMapper.class]
2022-11-01 10:07:40.235 [main] DEBUG org.mybatis.spring.mapper.ClassPathMapperScanner - Identified candidate component class: file [C:\software\workspace_idea\web-java\web\trunk\target\classes\com\cheji\web\modular\mapper\MerchantsLableMapper.class]
2022-11-01 10:07:40.235 [main] DEBUG org.mybatis.spring.mapper.ClassPathMapperScanner - Identified candidate component class: file [C:\software\workspace_idea\web-java\web\trunk\target\classes\com\cheji\web\modular\mapper\MerchantsServicerMapper.class]
2022-11-01 10:07:40.235 [main] DEBUG org.mybatis.spring.mapper.ClassPathMapperScanner - Identified candidate component class: file [C:\software\workspace_idea\web-java\web\trunk\target\classes\com\cheji\web\modular\mapper\PayAmountRecordMapper.class]
2022-11-01 10:07:40.235 [main] DEBUG org.mybatis.spring.mapper.ClassPathMapperScanner - Identified candidate component class: file [C:\software\workspace_idea\web-java\web\trunk\target\classes\com\cheji\web\modular\mapper\PushBillMapper.class]
2022-11-01 10:07:40.236 [main] DEBUG org.mybatis.spring.mapper.ClassPathMapperScanner - Identified candidate component class: file [C:\software\workspace_idea\web-java\web\trunk\target\classes\com\cheji\web\modular\mapper\PushRecordMapper.class]
2022-11-01 10:07:40.236 [main] DEBUG org.mybatis.spring.mapper.ClassPathMapperScanner - Identified candidate component class: file [C:\software\workspace_idea\web-java\web\trunk\target\classes\com\cheji\web\modular\mapper\SettlePlusMapper.class]
2022-11-01 10:07:40.236 [main] DEBUG org.mybatis.spring.mapper.ClassPathMapperScanner - Identified candidate component class: file [C:\software\workspace_idea\web-java\web\trunk\target\classes\com\cheji\web\modular\mapper\UserBankMapper.class]
2022-11-01 10:07:40.236 [main] DEBUG org.mybatis.spring.mapper.ClassPathMapperScanner - Identified candidate component class: file [C:\software\workspace_idea\web-java\web\trunk\target\classes\com\cheji\web\modular\mapper\UserMapper.class]
2022-11-01 10:07:40.236 [main] DEBUG org.mybatis.spring.mapper.ClassPathMapperScanner - Identified candidate component class: file [C:\software\workspace_idea\web-java\web\trunk\target\classes\com\cheji\web\modular\mapper\UserPlusRoyaltyMapper.class]
2022-11-01 10:07:40.236 [main] DEBUG org.mybatis.spring.mapper.ClassPathMapperScanner - Identified candidate component class: file [C:\software\workspace_idea\web-java\web\trunk\target\classes\com\cheji\web\modular\mapper\VideoCommentsMapper.class]
2022-11-01 10:07:40.236 [main] DEBUG org.mybatis.spring.mapper.ClassPathMapperScanner - Identified candidate component class: file [C:\software\workspace_idea\web-java\web\trunk\target\classes\com\cheji\web\modular\mapper\VideoCommontsThumbsMapper.class]
2022-11-01 10:07:40.236 [main] DEBUG org.mybatis.spring.mapper.ClassPathMapperScanner - Identified candidate component class: file [C:\software\workspace_idea\web-java\web\trunk\target\classes\com\cheji\web\modular\mapper\VideoMapper.class]
2022-11-01 10:07:40.237 [main] DEBUG org.mybatis.spring.mapper.ClassPathMapperScanner - Identified candidate component class: file [C:\software\workspace_idea\web-java\web\trunk\target\classes\com\cheji\web\modular\mapper\VideoThumbsMapper.class]
2022-11-01 10:07:40.238 [main] DEBUG org.mybatis.spring.mapper.ClassPathMapperScanner - Creating MapperFactoryBean with name 'accidentRecordMapper' and 'com.cheji.web.modular.mapper.AccidentRecordMapper' mapperInterface
2022-11-01 10:07:40.238 [main] DEBUG org.mybatis.spring.mapper.ClassPathMapperScanner - Enabling autowire by type for MapperFactoryBean with name 'accidentRecordMapper'.
2022-11-01 10:07:40.238 [main] DEBUG org.mybatis.spring.mapper.ClassPathMapperScanner - Creating MapperFactoryBean with name 'appAuctionCollectMapper' and 'com.cheji.web.modular.mapper.AppAuctionCollectMapper' mapperInterface
2022-11-01 10:07:40.238 [main] DEBUG org.mybatis.spring.mapper.ClassPathMapperScanner - Enabling autowire by type for MapperFactoryBean with name 'appAuctionCollectMapper'.
2022-11-01 10:07:40.238 [main] DEBUG org.mybatis.spring.mapper.ClassPathMapperScanner - Creating MapperFactoryBean with name 'appAuctionHotMapper' and 'com.cheji.web.modular.mapper.AppAuctionHotMapper' mapperInterface
2022-11-01 10:07:40.238 [main] DEBUG org.mybatis.spring.mapper.ClassPathMapperScanner - Enabling autowire by type for MapperFactoryBean with name 'appAuctionHotMapper'.
2022-11-01 10:07:40.238 [main] DEBUG org.mybatis.spring.mapper.ClassPathMapperScanner - Creating MapperFactoryBean with name 'appAuctionImgMapper' and 'com.cheji.web.modular.mapper.AppAuctionImgMapper' mapperInterface
2022-11-01 10:07:40.238 [main] DEBUG org.mybatis.spring.mapper.ClassPathMapperScanner - Enabling autowire by type for MapperFactoryBean with name 'appAuctionImgMapper'.
2022-11-01 10:07:40.238 [main] DEBUG org.mybatis.spring.mapper.ClassPathMapperScanner - Creating MapperFactoryBean with name 'appAuctionMapper' and 'com.cheji.web.modular.mapper.AppAuctionMapper' mapperInterface
2022-11-01 10:07:40.238 [main] DEBUG org.mybatis.spring.mapper.ClassPathMapperScanner - Enabling autowire by type for MapperFactoryBean with name 'appAuctionMapper'.
2022-11-01 10:07:40.238 [main] DEBUG org.mybatis.spring.mapper.ClassPathMapperScanner - Creating MapperFactoryBean with name 'appAuctionMyMapper' and 'com.cheji.web.modular.mapper.AppAuctionMyMapper' mapperInterface
2022-11-01 10:07:40.238 [main] DEBUG org.mybatis.spring.mapper.ClassPathMapperScanner - Enabling autowire by type for MapperFactoryBean with name 'appAuctionMyMapper'.
2022-11-01 10:07:40.238 [main] DEBUG org.mybatis.spring.mapper.ClassPathMapperScanner - Creating MapperFactoryBean with name 'appAuctionOrderMapper' and 'com.cheji.web.modular.mapper.AppAuctionOrderMapper' mapperInterface
2022-11-01 10:07:40.238 [main] DEBUG org.mybatis.spring.mapper.ClassPathMapperScanner - Enabling autowire by type for MapperFactoryBean with name 'appAuctionOrderMapper'.
2022-11-01 10:07:40.238 [main] DEBUG org.mybatis.spring.mapper.ClassPathMapperScanner - Creating MapperFactoryBean with name 'appAuctionUpMapper' and 'com.cheji.web.modular.mapper.AppAuctionUpMapper' mapperInterface
2022-11-01 10:07:40.238 [main] DEBUG org.mybatis.spring.mapper.ClassPathMapperScanner - Enabling autowire by type for MapperFactoryBean with name 'appAuctionUpMapper'.
2022-11-01 10:07:40.239 [main] DEBUG org.mybatis.spring.mapper.ClassPathMapperScanner - Creating MapperFactoryBean with name 'appBUserConfigMapper' and 'com.cheji.web.modular.mapper.AppBUserConfigMapper' mapperInterface
2022-11-01 10:07:40.239 [main] DEBUG org.mybatis.spring.mapper.ClassPathMapperScanner - Enabling autowire by type for MapperFactoryBean with name 'appBUserConfigMapper'.
2022-11-01 10:07:40.239 [main] DEBUG org.mybatis.spring.mapper.ClassPathMapperScanner - Creating MapperFactoryBean with name 'appBeautyPriceDetailMapper' and 'com.cheji.web.modular.mapper.AppBeautyPriceDetailMapper' mapperInterface
2022-11-01 10:07:40.239 [main] DEBUG org.mybatis.spring.mapper.ClassPathMapperScanner - Enabling autowire by type for MapperFactoryBean with name 'appBeautyPriceDetailMapper'.
2022-11-01 10:07:40.239 [main] DEBUG org.mybatis.spring.mapper.ClassPathMapperScanner - Creating MapperFactoryBean with name 'appBusinessConfirmMapper' and 'com.cheji.web.modular.mapper.AppBusinessConfirmMapper' mapperInterface
2022-11-01 10:07:40.239 [main] DEBUG org.mybatis.spring.mapper.ClassPathMapperScanner - Enabling autowire by type for MapperFactoryBean with name 'appBusinessConfirmMapper'.
2022-11-01 10:07:40.239 [main] DEBUG org.mybatis.spring.mapper.ClassPathMapperScanner - Creating MapperFactoryBean with name 'appCarBrandEntityMapper' and 'com.cheji.web.modular.mapper.AppCarBrandEntityMapper' mapperInterface
2022-11-01 10:07:40.239 [main] DEBUG org.mybatis.spring.mapper.ClassPathMapperScanner - Enabling autowire by type for MapperFactoryBean with name 'appCarBrandEntityMapper'.
2022-11-01 10:07:40.239 [main] DEBUG org.mybatis.spring.mapper.ClassPathMapperScanner - Creating MapperFactoryBean with name 'appChangeAccountRecordMapper' and 'com.cheji.web.modular.mapper.AppChangeAccountRecordMapper' mapperInterface
2022-11-01 10:07:40.239 [main] DEBUG org.mybatis.spring.mapper.ClassPathMapperScanner - Enabling autowire by type for MapperFactoryBean with name 'appChangeAccountRecordMapper'.
2022-11-01 10:07:40.239 [main] DEBUG org.mybatis.spring.mapper.ClassPathMapperScanner - Creating MapperFactoryBean with name 'appClaimTeacherMapper' and 'com.cheji.web.modular.mapper.AppClaimTeacherMapper' mapperInterface
2022-11-01 10:07:40.239 [main] DEBUG org.mybatis.spring.mapper.ClassPathMapperScanner - Enabling autowire by type for MapperFactoryBean with name 'appClaimTeacherMapper'.
2022-11-01 10:07:40.239 [main] DEBUG org.mybatis.spring.mapper.ClassPathMapperScanner - Creating MapperFactoryBean with name 'appCouponTypeMapper' and 'com.cheji.web.modular.mapper.AppCouponTypeMapper' mapperInterface
2022-11-01 10:07:40.239 [main] DEBUG org.mybatis.spring.mapper.ClassPathMapperScanner - Enabling autowire by type for MapperFactoryBean with name 'appCouponTypeMapper'.
2022-11-01 10:07:40.239 [main] DEBUG org.mybatis.spring.mapper.ClassPathMapperScanner - Creating MapperFactoryBean with name 'appDrivingCardMapper' and 'com.cheji.web.modular.mapper.AppDrivingCardMapper' mapperInterface
2022-11-01 10:07:40.239 [main] DEBUG org.mybatis.spring.mapper.ClassPathMapperScanner - Enabling autowire by type for MapperFactoryBean with name 'appDrivingCardMapper'.
2022-11-01 10:07:40.239 [main] DEBUG org.mybatis.spring.mapper.ClassPathMapperScanner - Creating MapperFactoryBean with name 'appFileUrlMapper' and 'com.cheji.web.modular.mapper.AppFileUrlMapper' mapperInterface
2022-11-01 10:07:40.239 [main] DEBUG org.mybatis.spring.mapper.ClassPathMapperScanner - Enabling autowire by type for MapperFactoryBean with name 'appFileUrlMapper'.
2022-11-01 10:07:40.239 [main] DEBUG org.mybatis.spring.mapper.ClassPathMapperScanner - Creating MapperFactoryBean with name 'appJgPushMapper' and 'com.cheji.web.modular.mapper.AppJgPushMapper' mapperInterface
2022-11-01 10:07:40.239 [main] DEBUG org.mybatis.spring.mapper.ClassPathMapperScanner - Enabling autowire by type for MapperFactoryBean with name 'appJgPushMapper'.
2022-11-01 10:07:40.239 [main] DEBUG org.mybatis.spring.mapper.ClassPathMapperScanner - Creating MapperFactoryBean with name 'appMessageCarMapper' and 'com.cheji.web.modular.mapper.AppMessageCarMapper' mapperInterface
2022-11-01 10:07:40.239 [main] DEBUG org.mybatis.spring.mapper.ClassPathMapperScanner - Enabling autowire by type for MapperFactoryBean with name 'appMessageCarMapper'.
2022-11-01 10:07:40.239 [main] DEBUG org.mybatis.spring.mapper.ClassPathMapperScanner - Creating MapperFactoryBean with name 'appMessageUrlMapper' and 'com.cheji.web.modular.mapper.AppMessageUrlMapper' mapperInterface
2022-11-01 10:07:40.239 [main] DEBUG org.mybatis.spring.mapper.ClassPathMapperScanner - Enabling autowire by type for MapperFactoryBean with name 'appMessageUrlMapper'.
2022-11-01 10:07:40.239 [main] DEBUG org.mybatis.spring.mapper.ClassPathMapperScanner - Creating MapperFactoryBean with name 'appOrderRollBackMapper' and 'com.cheji.web.modular.mapper.AppOrderRollBackMapper' mapperInterface
2022-11-01 10:07:40.239 [main] DEBUG org.mybatis.spring.mapper.ClassPathMapperScanner - Enabling autowire by type for MapperFactoryBean with name 'appOrderRollBackMapper'.
2022-11-01 10:07:40.239 [main] DEBUG org.mybatis.spring.mapper.ClassPathMapperScanner - Creating MapperFactoryBean with name 'appPhotoMerMapper' and 'com.cheji.web.modular.mapper.AppPhotoMerMapper' mapperInterface
2022-11-01 10:07:40.239 [main] DEBUG org.mybatis.spring.mapper.ClassPathMapperScanner - Enabling autowire by type for MapperFactoryBean with name 'appPhotoMerMapper'.
2022-11-01 10:07:40.240 [main] DEBUG org.mybatis.spring.mapper.ClassPathMapperScanner - Creating MapperFactoryBean with name 'appPushMessMapper' and 'com.cheji.web.modular.mapper.AppPushMessMapper' mapperInterface
2022-11-01 10:07:40.240 [main] DEBUG org.mybatis.spring.mapper.ClassPathMapperScanner - Enabling autowire by type for MapperFactoryBean with name 'appPushMessMapper'.
2022-11-01 10:07:40.240 [main] DEBUG org.mybatis.spring.mapper.ClassPathMapperScanner - Creating MapperFactoryBean with name 'appRepeatAccidentMapper' and 'com.cheji.web.modular.mapper.AppRepeatAccidentMapper' mapperInterface
2022-11-01 10:07:40.240 [main] DEBUG org.mybatis.spring.mapper.ClassPathMapperScanner - Enabling autowire by type for MapperFactoryBean with name 'appRepeatAccidentMapper'.
2022-11-01 10:07:40.240 [main] DEBUG org.mybatis.spring.mapper.ClassPathMapperScanner - Creating MapperFactoryBean with name 'appRescueIndentMapper' and 'com.cheji.web.modular.mapper.AppRescueIndentMapper' mapperInterface
2022-11-01 10:07:40.240 [main] DEBUG org.mybatis.spring.mapper.ClassPathMapperScanner - Enabling autowire by type for MapperFactoryBean with name 'appRescueIndentMapper'.
2022-11-01 10:07:40.240 [main] DEBUG org.mybatis.spring.mapper.ClassPathMapperScanner - Creating MapperFactoryBean with name 'appSendOutSheetMapper' and 'com.cheji.web.modular.mapper.AppSendOutSheetMapper' mapperInterface
2022-11-01 10:07:40.240 [main] DEBUG org.mybatis.spring.mapper.ClassPathMapperScanner - Enabling autowire by type for MapperFactoryBean with name 'appSendOutSheetMapper'.
2022-11-01 10:07:40.240 [main] DEBUG org.mybatis.spring.mapper.ClassPathMapperScanner - Creating MapperFactoryBean with name 'appSendUrlMapper' and 'com.cheji.web.modular.mapper.AppSendUrlMapper' mapperInterface
2022-11-01 10:07:40.240 [main] DEBUG org.mybatis.spring.mapper.ClassPathMapperScanner - Enabling autowire by type for MapperFactoryBean with name 'appSendUrlMapper'.
2022-11-01 10:07:40.240 [main] DEBUG org.mybatis.spring.mapper.ClassPathMapperScanner - Creating MapperFactoryBean with name 'appSprayPaintDetailsMapper' and 'com.cheji.web.modular.mapper.AppSprayPaintDetailsMapper' mapperInterface
2022-11-01 10:07:40.240 [main] DEBUG org.mybatis.spring.mapper.ClassPathMapperScanner - Enabling autowire by type for MapperFactoryBean with name 'appSprayPaintDetailsMapper'.
2022-11-01 10:07:40.240 [main] DEBUG org.mybatis.spring.mapper.ClassPathMapperScanner - Creating MapperFactoryBean with name 'appSprayPaintImgMapper' and 'com.cheji.web.modular.mapper.AppSprayPaintImgMapper' mapperInterface
2022-11-01 10:07:40.240 [main] DEBUG org.mybatis.spring.mapper.ClassPathMapperScanner - Enabling autowire by type for MapperFactoryBean with name 'appSprayPaintImgMapper'.
2022-11-01 10:07:40.241 [main] DEBUG org.mybatis.spring.mapper.ClassPathMapperScanner - Creating MapperFactoryBean with name 'appSprayPaintIndentMapper' and 'com.cheji.web.modular.mapper.AppSprayPaintIndentMapper' mapperInterface
2022-11-01 10:07:40.241 [main] DEBUG org.mybatis.spring.mapper.ClassPathMapperScanner - Enabling autowire by type for MapperFactoryBean with name 'appSprayPaintIndentMapper'.
2022-11-01 10:07:40.241 [main] DEBUG org.mybatis.spring.mapper.ClassPathMapperScanner - Creating MapperFactoryBean with name 'appSubUsualAddressMapper' and 'com.cheji.web.modular.mapper.AppSubUsualAddressMapper' mapperInterface
2022-11-01 10:07:40.241 [main] DEBUG org.mybatis.spring.mapper.ClassPathMapperScanner - Enabling autowire by type for MapperFactoryBean with name 'appSubUsualAddressMapper'.
2022-11-01 10:07:40.241 [main] DEBUG org.mybatis.spring.mapper.ClassPathMapperScanner - Creating MapperFactoryBean with name 'appSubstituteDrivingImgMapper' and 'com.cheji.web.modular.mapper.AppSubstituteDrivingImgMapper' mapperInterface
2022-11-01 10:07:40.241 [main] DEBUG org.mybatis.spring.mapper.ClassPathMapperScanner - Enabling autowire by type for MapperFactoryBean with name 'appSubstituteDrivingImgMapper'.
2022-11-01 10:07:40.241 [main] DEBUG org.mybatis.spring.mapper.ClassPathMapperScanner - Creating MapperFactoryBean with name 'appSubstituteDrivingIndentMapper' and 'com.cheji.web.modular.mapper.AppSubstituteDrivingIndentMapper' mapperInterface
2022-11-01 10:07:40.241 [main] DEBUG org.mybatis.spring.mapper.ClassPathMapperScanner - Enabling autowire by type for MapperFactoryBean with name 'appSubstituteDrivingIndentMapper'.
2022-11-01 10:07:40.241 [main] DEBUG org.mybatis.spring.mapper.ClassPathMapperScanner - Creating MapperFactoryBean with name 'appUpMerchantsMapper' and 'com.cheji.web.modular.mapper.AppUpMerchantsMapper' mapperInterface
2022-11-01 10:07:40.241 [main] DEBUG org.mybatis.spring.mapper.ClassPathMapperScanner - Enabling autowire by type for MapperFactoryBean with name 'appUpMerchantsMapper'.
2022-11-01 10:07:40.241 [main] DEBUG org.mybatis.spring.mapper.ClassPathMapperScanner - Creating MapperFactoryBean with name 'appUserAccountRecordMapper' and 'com.cheji.web.modular.mapper.AppUserAccountRecordMapper' mapperInterface
2022-11-01 10:07:40.241 [main] DEBUG org.mybatis.spring.mapper.ClassPathMapperScanner - Enabling autowire by type for MapperFactoryBean with name 'appUserAccountRecordMapper'.
2022-11-01 10:07:40.241 [main] DEBUG org.mybatis.spring.mapper.ClassPathMapperScanner - Creating MapperFactoryBean with name 'appUserBMessageImgMapper' and 'com.cheji.web.modular.mapper.AppUserBMessageImgMapper' mapperInterface
2022-11-01 10:07:40.241 [main] DEBUG org.mybatis.spring.mapper.ClassPathMapperScanner - Enabling autowire by type for MapperFactoryBean with name 'appUserBMessageImgMapper'.
2022-11-01 10:07:40.241 [main] DEBUG org.mybatis.spring.mapper.ClassPathMapperScanner - Creating MapperFactoryBean with name 'appUserBMessageMapper' and 'com.cheji.web.modular.mapper.AppUserBMessageMapper' mapperInterface
2022-11-01 10:07:40.241 [main] DEBUG org.mybatis.spring.mapper.ClassPathMapperScanner - Enabling autowire by type for MapperFactoryBean with name 'appUserBMessageMapper'.
2022-11-01 10:07:40.241 [main] DEBUG org.mybatis.spring.mapper.ClassPathMapperScanner - Creating MapperFactoryBean with name 'appUserBankMapper' and 'com.cheji.web.modular.mapper.AppUserBankMapper' mapperInterface
2022-11-01 10:07:40.241 [main] DEBUG org.mybatis.spring.mapper.ClassPathMapperScanner - Enabling autowire by type for MapperFactoryBean with name 'appUserBankMapper'.
2022-11-01 10:07:40.241 [main] DEBUG org.mybatis.spring.mapper.ClassPathMapperScanner - Creating MapperFactoryBean with name 'appUserCarInfoMapper' and 'com.cheji.web.modular.mapper.AppUserCarInfoMapper' mapperInterface
2022-11-01 10:07:40.241 [main] DEBUG org.mybatis.spring.mapper.ClassPathMapperScanner - Enabling autowire by type for MapperFactoryBean with name 'appUserCarInfoMapper'.
2022-11-01 10:07:40.241 [main] DEBUG org.mybatis.spring.mapper.ClassPathMapperScanner - Creating MapperFactoryBean with name 'appUserCouponMapper' and 'com.cheji.web.modular.mapper.AppUserCouponMapper' mapperInterface
2022-11-01 10:07:40.241 [main] DEBUG org.mybatis.spring.mapper.ClassPathMapperScanner - Enabling autowire by type for MapperFactoryBean with name 'appUserCouponMapper'.
2022-11-01 10:07:40.241 [main] DEBUG org.mybatis.spring.mapper.ClassPathMapperScanner - Creating MapperFactoryBean with name 'appUserMapper' and 'com.cheji.web.modular.mapper.AppUserMapper' mapperInterface
2022-11-01 10:07:40.241 [main] DEBUG org.mybatis.spring.mapper.ClassPathMapperScanner - Enabling autowire by type for MapperFactoryBean with name 'appUserMapper'.
2022-11-01 10:07:40.242 [main] DEBUG org.mybatis.spring.mapper.ClassPathMapperScanner - Creating MapperFactoryBean with name 'appUserPlusMapper' and 'com.cheji.web.modular.mapper.AppUserPlusMapper' mapperInterface
2022-11-01 10:07:40.242 [main] DEBUG org.mybatis.spring.mapper.ClassPathMapperScanner - Enabling autowire by type for MapperFactoryBean with name 'appUserPlusMapper'.
2022-11-01 10:07:40.242 [main] DEBUG org.mybatis.spring.mapper.ClassPathMapperScanner - Creating MapperFactoryBean with name 'appVersionMapper' and 'com.cheji.web.modular.mapper.AppVersionMapper' mapperInterface
2022-11-01 10:07:40.242 [main] DEBUG org.mybatis.spring.mapper.ClassPathMapperScanner - Enabling autowire by type for MapperFactoryBean with name 'appVersionMapper'.
2022-11-01 10:07:40.242 [main] DEBUG org.mybatis.spring.mapper.ClassPathMapperScanner - Creating MapperFactoryBean with name 'appWxBankMapper' and 'com.cheji.web.modular.mapper.AppWxBankMapper' mapperInterface
2022-11-01 10:07:40.242 [main] DEBUG org.mybatis.spring.mapper.ClassPathMapperScanner - Enabling autowire by type for MapperFactoryBean with name 'appWxBankMapper'.
2022-11-01 10:07:40.242 [main] DEBUG org.mybatis.spring.mapper.ClassPathMapperScanner - Creating MapperFactoryBean with name 'appWxCashOutRecordEntityMapper' and 'com.cheji.web.modular.mapper.AppWxCashOutRecordEntityMapper' mapperInterface
2022-11-01 10:07:40.242 [main] DEBUG org.mybatis.spring.mapper.ClassPathMapperScanner - Enabling autowire by type for MapperFactoryBean with name 'appWxCashOutRecordEntityMapper'.
2022-11-01 10:07:40.242 [main] DEBUG org.mybatis.spring.mapper.ClassPathMapperScanner - Creating MapperFactoryBean with name 'appWxUnifiedorderRecordMapper' and 'com.cheji.web.modular.mapper.AppWxUnifiedorderRecordMapper' mapperInterface
2022-11-01 10:07:40.242 [main] DEBUG org.mybatis.spring.mapper.ClassPathMapperScanner - Enabling autowire by type for MapperFactoryBean with name 'appWxUnifiedorderRecordMapper'.
2022-11-01 10:07:40.242 [main] DEBUG org.mybatis.spring.mapper.ClassPathMapperScanner - Creating MapperFactoryBean with name 'appWxpayOrderMapper' and 'com.cheji.web.modular.mapper.AppWxpayOrderMapper' mapperInterface
2022-11-01 10:07:40.242 [main] DEBUG org.mybatis.spring.mapper.ClassPathMapperScanner - Enabling autowire by type for MapperFactoryBean with name 'appWxpayOrderMapper'.
2022-11-01 10:07:40.242 [main] DEBUG org.mybatis.spring.mapper.ClassPathMapperScanner - Creating MapperFactoryBean with name 'appYearCheckImgMapper' and 'com.cheji.web.modular.mapper.AppYearCheckImgMapper' mapperInterface
2022-11-01 10:07:40.242 [main] DEBUG org.mybatis.spring.mapper.ClassPathMapperScanner - Enabling autowire by type for MapperFactoryBean with name 'appYearCheckImgMapper'.
2022-11-01 10:07:40.242 [main] DEBUG org.mybatis.spring.mapper.ClassPathMapperScanner - Creating MapperFactoryBean with name 'appYearCheckIndentMapper' and 'com.cheji.web.modular.mapper.AppYearCheckIndentMapper' mapperInterface
2022-11-01 10:07:40.242 [main] DEBUG org.mybatis.spring.mapper.ClassPathMapperScanner - Enabling autowire by type for MapperFactoryBean with name 'appYearCheckIndentMapper'.
2022-11-01 10:07:40.242 [main] DEBUG org.mybatis.spring.mapper.ClassPathMapperScanner - Creating MapperFactoryBean with name 'BUserMapper' and 'com.cheji.web.modular.mapper.BUserMapper' mapperInterface
2022-11-01 10:07:40.242 [main] DEBUG org.mybatis.spring.mapper.ClassPathMapperScanner - Enabling autowire by type for MapperFactoryBean with name 'BUserMapper'.
2022-11-01 10:07:40.242 [main] DEBUG org.mybatis.spring.mapper.ClassPathMapperScanner - Creating MapperFactoryBean with name 'bizAccidentMapper' and 'com.cheji.web.modular.mapper.BizAccidentMapper' mapperInterface
2022-11-01 10:07:40.242 [main] DEBUG org.mybatis.spring.mapper.ClassPathMapperScanner - Enabling autowire by type for MapperFactoryBean with name 'bizAccidentMapper'.
2022-11-01 10:07:40.242 [main] DEBUG org.mybatis.spring.mapper.ClassPathMapperScanner - Creating MapperFactoryBean with name 'carBrandMapper' and 'com.cheji.web.modular.mapper.CarBrandMapper' mapperInterface
2022-11-01 10:07:40.242 [main] DEBUG org.mybatis.spring.mapper.ClassPathMapperScanner - Enabling autowire by type for MapperFactoryBean with name 'carBrandMapper'.
2022-11-01 10:07:40.242 [main] DEBUG org.mybatis.spring.mapper.ClassPathMapperScanner - Creating MapperFactoryBean with name 'cityMapper' and 'com.cheji.web.modular.mapper.CityMapper' mapperInterface
2022-11-01 10:07:40.242 [main] DEBUG org.mybatis.spring.mapper.ClassPathMapperScanner - Enabling autowire by type for MapperFactoryBean with name 'cityMapper'.
2022-11-01 10:07:40.242 [main] DEBUG org.mybatis.spring.mapper.ClassPathMapperScanner - Creating MapperFactoryBean with name 'cleanIndetMapper' and 'com.cheji.web.modular.mapper.CleanIndetMapper' mapperInterface
2022-11-01 10:07:40.242 [main] DEBUG org.mybatis.spring.mapper.ClassPathMapperScanner - Enabling autowire by type for MapperFactoryBean with name 'cleanIndetMapper'.
2022-11-01 10:07:40.242 [main] DEBUG org.mybatis.spring.mapper.ClassPathMapperScanner - Creating MapperFactoryBean with name 'cleanPriceDetailMapper' and 'com.cheji.web.modular.mapper.CleanPriceDetailMapper' mapperInterface
2022-11-01 10:07:40.242 [main] DEBUG org.mybatis.spring.mapper.ClassPathMapperScanner - Enabling autowire by type for MapperFactoryBean with name 'cleanPriceDetailMapper'.
2022-11-01 10:07:40.242 [main] DEBUG org.mybatis.spring.mapper.ClassPathMapperScanner - Creating MapperFactoryBean with name 'imgMapper' and 'com.cheji.web.modular.mapper.ImgMapper' mapperInterface
2022-11-01 10:07:40.242 [main] DEBUG org.mybatis.spring.mapper.ClassPathMapperScanner - Enabling autowire by type for MapperFactoryBean with name 'imgMapper'.
2022-11-01 10:07:40.243 [main] DEBUG org.mybatis.spring.mapper.ClassPathMapperScanner - Creating MapperFactoryBean with name 'indentMapper' and 'com.cheji.web.modular.mapper.IndentMapper' mapperInterface
2022-11-01 10:07:40.243 [main] DEBUG org.mybatis.spring.mapper.ClassPathMapperScanner - Enabling autowire by type for MapperFactoryBean with name 'indentMapper'.
2022-11-01 10:07:40.243 [main] DEBUG org.mybatis.spring.mapper.ClassPathMapperScanner - Creating MapperFactoryBean with name 'insuranceCompanyMapper' and 'com.cheji.web.modular.mapper.InsuranceCompanyMapper' mapperInterface
2022-11-01 10:07:40.243 [main] DEBUG org.mybatis.spring.mapper.ClassPathMapperScanner - Enabling autowire by type for MapperFactoryBean with name 'insuranceCompanyMapper'.
2022-11-01 10:07:40.243 [main] DEBUG org.mybatis.spring.mapper.ClassPathMapperScanner - Creating MapperFactoryBean with name 'insuranceMerchantsMapper' and 'com.cheji.web.modular.mapper.InsuranceMerchantsMapper' mapperInterface
2022-11-01 10:07:40.243 [main] DEBUG org.mybatis.spring.mapper.ClassPathMapperScanner - Enabling autowire by type for MapperFactoryBean with name 'insuranceMerchantsMapper'.
2022-11-01 10:07:40.243 [main] DEBUG org.mybatis.spring.mapper.ClassPathMapperScanner - Creating MapperFactoryBean with name 'lableDetailsReviewTreeMapper' and 'com.cheji.web.modular.mapper.LableDetailsReviewTreeMapper' mapperInterface
2022-11-01 10:07:40.243 [main] DEBUG org.mybatis.spring.mapper.ClassPathMapperScanner - Enabling autowire by type for MapperFactoryBean with name 'lableDetailsReviewTreeMapper'.
2022-11-01 10:07:40.243 [main] DEBUG org.mybatis.spring.mapper.ClassPathMapperScanner - Creating MapperFactoryBean with name 'lableMapper' and 'com.cheji.web.modular.mapper.LableMapper' mapperInterface
2022-11-01 10:07:40.243 [main] DEBUG org.mybatis.spring.mapper.ClassPathMapperScanner - Enabling autowire by type for MapperFactoryBean with name 'lableMapper'.
2022-11-01 10:07:40.243 [main] DEBUG org.mybatis.spring.mapper.ClassPathMapperScanner - Creating MapperFactoryBean with name 'leagueMapper' and 'com.cheji.web.modular.mapper.LeagueMapper' mapperInterface
2022-11-01 10:07:40.243 [main] DEBUG org.mybatis.spring.mapper.ClassPathMapperScanner - Enabling autowire by type for MapperFactoryBean with name 'leagueMapper'.
2022-11-01 10:07:40.243 [main] DEBUG org.mybatis.spring.mapper.ClassPathMapperScanner - Creating MapperFactoryBean with name 'merchantsBrandMapper' and 'com.cheji.web.modular.mapper.MerchantsBrandMapper' mapperInterface
2022-11-01 10:07:40.243 [main] DEBUG org.mybatis.spring.mapper.ClassPathMapperScanner - Enabling autowire by type for MapperFactoryBean with name 'merchantsBrandMapper'.
2022-11-01 10:07:40.243 [main] DEBUG org.mybatis.spring.mapper.ClassPathMapperScanner - Creating MapperFactoryBean with name 'merchantsCommentsTreeMapper' and 'com.cheji.web.modular.mapper.MerchantsCommentsTreeMapper' mapperInterface
2022-11-01 10:07:40.243 [main] DEBUG org.mybatis.spring.mapper.ClassPathMapperScanner - Enabling autowire by type for MapperFactoryBean with name 'merchantsCommentsTreeMapper'.
2022-11-01 10:07:40.243 [main] DEBUG org.mybatis.spring.mapper.ClassPathMapperScanner - Creating MapperFactoryBean with name 'merchantsInfoBannerMapper' and 'com.cheji.web.modular.mapper.MerchantsInfoBannerMapper' mapperInterface
2022-11-01 10:07:40.243 [main] DEBUG org.mybatis.spring.mapper.ClassPathMapperScanner - Enabling autowire by type for MapperFactoryBean with name 'merchantsInfoBannerMapper'.
2022-11-01 10:07:40.244 [main] DEBUG org.mybatis.spring.mapper.ClassPathMapperScanner - Creating MapperFactoryBean with name 'merchantsLableMapper' and 'com.cheji.web.modular.mapper.MerchantsLableMapper' mapperInterface
2022-11-01 10:07:40.244 [main] DEBUG org.mybatis.spring.mapper.ClassPathMapperScanner - Enabling autowire by type for MapperFactoryBean with name 'merchantsLableMapper'.
2022-11-01 10:07:40.244 [main] DEBUG org.mybatis.spring.mapper.ClassPathMapperScanner - Creating MapperFactoryBean with name 'merchantsServicerMapper' and 'com.cheji.web.modular.mapper.MerchantsServicerMapper' mapperInterface
2022-11-01 10:07:40.244 [main] DEBUG org.mybatis.spring.mapper.ClassPathMapperScanner - Enabling autowire by type for MapperFactoryBean with name 'merchantsServicerMapper'.
2022-11-01 10:07:40.244 [main] DEBUG org.mybatis.spring.mapper.ClassPathMapperScanner - Creating MapperFactoryBean with name 'payAmountRecordMapper' and 'com.cheji.web.modular.mapper.PayAmountRecordMapper' mapperInterface
2022-11-01 10:07:40.244 [main] DEBUG org.mybatis.spring.mapper.ClassPathMapperScanner - Enabling autowire by type for MapperFactoryBean with name 'payAmountRecordMapper'.
2022-11-01 10:07:40.244 [main] DEBUG org.mybatis.spring.mapper.ClassPathMapperScanner - Creating MapperFactoryBean with name 'pushBillMapper' and 'com.cheji.web.modular.mapper.PushBillMapper' mapperInterface
2022-11-01 10:07:40.244 [main] DEBUG org.mybatis.spring.mapper.ClassPathMapperScanner - Enabling autowire by type for MapperFactoryBean with name 'pushBillMapper'.
2022-11-01 10:07:40.244 [main] DEBUG org.mybatis.spring.mapper.ClassPathMapperScanner - Creating MapperFactoryBean with name 'pushRecordMapper' and 'com.cheji.web.modular.mapper.PushRecordMapper' mapperInterface
2022-11-01 10:07:40.244 [main] DEBUG org.mybatis.spring.mapper.ClassPathMapperScanner - Enabling autowire by type for MapperFactoryBean with name 'pushRecordMapper'.
2022-11-01 10:07:40.244 [main] DEBUG org.mybatis.spring.mapper.ClassPathMapperScanner - Creating MapperFactoryBean with name 'settlePlusMapper' and 'com.cheji.web.modular.mapper.SettlePlusMapper' mapperInterface
2022-11-01 10:07:40.244 [main] DEBUG org.mybatis.spring.mapper.ClassPathMapperScanner - Enabling autowire by type for MapperFactoryBean with name 'settlePlusMapper'.
2022-11-01 10:07:40.244 [main] DEBUG org.mybatis.spring.mapper.ClassPathMapperScanner - Creating MapperFactoryBean with name 'userBankMapper' and 'com.cheji.web.modular.mapper.UserBankMapper' mapperInterface
2022-11-01 10:07:40.244 [main] DEBUG org.mybatis.spring.mapper.ClassPathMapperScanner - Enabling autowire by type for MapperFactoryBean with name 'userBankMapper'.
2022-11-01 10:07:40.244 [main] DEBUG org.mybatis.spring.mapper.ClassPathMapperScanner - Creating MapperFactoryBean with name 'userMapper' and 'com.cheji.web.modular.mapper.UserMapper' mapperInterface
2022-11-01 10:07:40.244 [main] DEBUG org.mybatis.spring.mapper.ClassPathMapperScanner - Enabling autowire by type for MapperFactoryBean with name 'userMapper'.
2022-11-01 10:07:40.244 [main] DEBUG org.mybatis.spring.mapper.ClassPathMapperScanner - Creating MapperFactoryBean with name 'userPlusRoyaltyMapper' and 'com.cheji.web.modular.mapper.UserPlusRoyaltyMapper' mapperInterface
2022-11-01 10:07:40.244 [main] DEBUG org.mybatis.spring.mapper.ClassPathMapperScanner - Enabling autowire by type for MapperFactoryBean with name 'userPlusRoyaltyMapper'.
2022-11-01 10:07:40.244 [main] DEBUG org.mybatis.spring.mapper.ClassPathMapperScanner - Creating MapperFactoryBean with name 'videoCommentsMapper' and 'com.cheji.web.modular.mapper.VideoCommentsMapper' mapperInterface
2022-11-01 10:07:40.244 [main] DEBUG org.mybatis.spring.mapper.ClassPathMapperScanner - Enabling autowire by type for MapperFactoryBean with name 'videoCommentsMapper'.
2022-11-01 10:07:40.244 [main] DEBUG org.mybatis.spring.mapper.ClassPathMapperScanner - Creating MapperFactoryBean with name 'videoCommontsThumbsMapper' and 'com.cheji.web.modular.mapper.VideoCommontsThumbsMapper' mapperInterface
2022-11-01 10:07:40.244 [main] DEBUG org.mybatis.spring.mapper.ClassPathMapperScanner - Enabling autowire by type for MapperFactoryBean with name 'videoCommontsThumbsMapper'.
2022-11-01 10:07:40.244 [main] DEBUG org.mybatis.spring.mapper.ClassPathMapperScanner - Creating MapperFactoryBean with name 'videoMapper' and 'com.cheji.web.modular.mapper.VideoMapper' mapperInterface
2022-11-01 10:07:40.244 [main] DEBUG org.mybatis.spring.mapper.ClassPathMapperScanner - Enabling autowire by type for MapperFactoryBean with name 'videoMapper'.
2022-11-01 10:07:40.244 [main] DEBUG org.mybatis.spring.mapper.ClassPathMapperScanner - Creating MapperFactoryBean with name 'videoThumbsMapper' and 'com.cheji.web.modular.mapper.VideoThumbsMapper' mapperInterface
2022-11-01 10:07:40.244 [main] DEBUG org.mybatis.spring.mapper.ClassPathMapperScanner - Enabling autowire by type for MapperFactoryBean with name 'videoThumbsMapper'.
2022-11-01 10:07:40.317 [main] DEBUG org.mybatis.spring.mapper.ClassPathMapperScanner - Identified candidate component class: file [C:\software\workspace_idea\web-java\web\trunk\target\classes\com\cheji\web\modular\mapper\AccidentRecordMapper.class]
2022-11-01 10:07:40.318 [main] DEBUG org.mybatis.spring.mapper.ClassPathMapperScanner - Identified candidate component class: file [C:\software\workspace_idea\web-java\web\trunk\target\classes\com\cheji\web\modular\mapper\AppAuctionCollectMapper.class]
2022-11-01 10:07:40.318 [main] DEBUG org.mybatis.spring.mapper.ClassPathMapperScanner - Identified candidate component class: file [C:\software\workspace_idea\web-java\web\trunk\target\classes\com\cheji\web\modular\mapper\AppAuctionHotMapper.class]
2022-11-01 10:07:40.318 [main] DEBUG org.mybatis.spring.mapper.ClassPathMapperScanner - Identified candidate component class: file [C:\software\workspace_idea\web-java\web\trunk\target\classes\com\cheji\web\modular\mapper\AppAuctionImgMapper.class]
2022-11-01 10:07:40.318 [main] DEBUG org.mybatis.spring.mapper.ClassPathMapperScanner - Identified candidate component class: file [C:\software\workspace_idea\web-java\web\trunk\target\classes\com\cheji\web\modular\mapper\AppAuctionMapper.class]
2022-11-01 10:07:40.318 [main] DEBUG org.mybatis.spring.mapper.ClassPathMapperScanner - Identified candidate component class: file [C:\software\workspace_idea\web-java\web\trunk\target\classes\com\cheji\web\modular\mapper\AppAuctionMyMapper.class]
2022-11-01 10:07:40.318 [main] DEBUG org.mybatis.spring.mapper.ClassPathMapperScanner - Identified candidate component class: file [C:\software\workspace_idea\web-java\web\trunk\target\classes\com\cheji\web\modular\mapper\AppAuctionOrderMapper.class]
2022-11-01 10:07:40.318 [main] DEBUG org.mybatis.spring.mapper.ClassPathMapperScanner - Identified candidate component class: file [C:\software\workspace_idea\web-java\web\trunk\target\classes\com\cheji\web\modular\mapper\AppAuctionUpMapper.class]
2022-11-01 10:07:40.318 [main] DEBUG org.mybatis.spring.mapper.ClassPathMapperScanner - Identified candidate component class: file [C:\software\workspace_idea\web-java\web\trunk\target\classes\com\cheji\web\modular\mapper\AppBUserConfigMapper.class]
2022-11-01 10:07:40.319 [main] DEBUG org.mybatis.spring.mapper.ClassPathMapperScanner - Identified candidate component class: file [C:\software\workspace_idea\web-java\web\trunk\target\classes\com\cheji\web\modular\mapper\AppBeautyPriceDetailMapper.class]
2022-11-01 10:07:40.319 [main] DEBUG org.mybatis.spring.mapper.ClassPathMapperScanner - Identified candidate component class: file [C:\software\workspace_idea\web-java\web\trunk\target\classes\com\cheji\web\modular\mapper\AppBusinessConfirmMapper.class]
2022-11-01 10:07:40.319 [main] DEBUG org.mybatis.spring.mapper.ClassPathMapperScanner - Identified candidate component class: file [C:\software\workspace_idea\web-java\web\trunk\target\classes\com\cheji\web\modular\mapper\AppCarBrandEntityMapper.class]
2022-11-01 10:07:40.319 [main] DEBUG org.mybatis.spring.mapper.ClassPathMapperScanner - Identified candidate component class: file [C:\software\workspace_idea\web-java\web\trunk\target\classes\com\cheji\web\modular\mapper\AppChangeAccountRecordMapper.class]
2022-11-01 10:07:40.319 [main] DEBUG org.mybatis.spring.mapper.ClassPathMapperScanner - Identified candidate component class: file [C:\software\workspace_idea\web-java\web\trunk\target\classes\com\cheji\web\modular\mapper\AppClaimTeacherMapper.class]
2022-11-01 10:07:40.319 [main] DEBUG org.mybatis.spring.mapper.ClassPathMapperScanner - Identified candidate component class: file [C:\software\workspace_idea\web-java\web\trunk\target\classes\com\cheji\web\modular\mapper\AppCouponTypeMapper.class]
2022-11-01 10:07:40.319 [main] DEBUG org.mybatis.spring.mapper.ClassPathMapperScanner - Identified candidate component class: file [C:\software\workspace_idea\web-java\web\trunk\target\classes\com\cheji\web\modular\mapper\AppDrivingCardMapper.class]
2022-11-01 10:07:40.320 [main] DEBUG org.mybatis.spring.mapper.ClassPathMapperScanner - Identified candidate component class: file [C:\software\workspace_idea\web-java\web\trunk\target\classes\com\cheji\web\modular\mapper\AppFileUrlMapper.class]
2022-11-01 10:07:40.320 [main] DEBUG org.mybatis.spring.mapper.ClassPathMapperScanner - Identified candidate component class: file [C:\software\workspace_idea\web-java\web\trunk\target\classes\com\cheji\web\modular\mapper\AppJgPushMapper.class]
2022-11-01 10:07:40.320 [main] DEBUG org.mybatis.spring.mapper.ClassPathMapperScanner - Identified candidate component class: file [C:\software\workspace_idea\web-java\web\trunk\target\classes\com\cheji\web\modular\mapper\AppMessageCarMapper.class]
2022-11-01 10:07:40.320 [main] DEBUG org.mybatis.spring.mapper.ClassPathMapperScanner - Identified candidate component class: file [C:\software\workspace_idea\web-java\web\trunk\target\classes\com\cheji\web\modular\mapper\AppMessageUrlMapper.class]
2022-11-01 10:07:40.320 [main] DEBUG org.mybatis.spring.mapper.ClassPathMapperScanner - Identified candidate component class: file [C:\software\workspace_idea\web-java\web\trunk\target\classes\com\cheji\web\modular\mapper\AppOrderRollBackMapper.class]
2022-11-01 10:07:40.320 [main] DEBUG org.mybatis.spring.mapper.ClassPathMapperScanner - Identified candidate component class: file [C:\software\workspace_idea\web-java\web\trunk\target\classes\com\cheji\web\modular\mapper\AppPhotoMerMapper.class]
2022-11-01 10:07:40.320 [main] DEBUG org.mybatis.spring.mapper.ClassPathMapperScanner - Identified candidate component class: file [C:\software\workspace_idea\web-java\web\trunk\target\classes\com\cheji\web\modular\mapper\AppPushMessMapper.class]
2022-11-01 10:07:40.321 [main] DEBUG org.mybatis.spring.mapper.ClassPathMapperScanner - Identified candidate component class: file [C:\software\workspace_idea\web-java\web\trunk\target\classes\com\cheji\web\modular\mapper\AppRepeatAccidentMapper.class]
2022-11-01 10:07:40.321 [main] DEBUG org.mybatis.spring.mapper.ClassPathMapperScanner - Identified candidate component class: file [C:\software\workspace_idea\web-java\web\trunk\target\classes\com\cheji\web\modular\mapper\AppRescueIndentMapper.class]
2022-11-01 10:07:40.321 [main] DEBUG org.mybatis.spring.mapper.ClassPathMapperScanner - Identified candidate component class: file [C:\software\workspace_idea\web-java\web\trunk\target\classes\com\cheji\web\modular\mapper\AppSendOutSheetMapper.class]
2022-11-01 10:07:40.321 [main] DEBUG org.mybatis.spring.mapper.ClassPathMapperScanner - Identified candidate component class: file [C:\software\workspace_idea\web-java\web\trunk\target\classes\com\cheji\web\modular\mapper\AppSendUrlMapper.class]
2022-11-01 10:07:40.321 [main] DEBUG org.mybatis.spring.mapper.ClassPathMapperScanner - Identified candidate component class: file [C:\software\workspace_idea\web-java\web\trunk\target\classes\com\cheji\web\modular\mapper\AppSprayPaintDetailsMapper.class]
2022-11-01 10:07:40.321 [main] DEBUG org.mybatis.spring.mapper.ClassPathMapperScanner - Identified candidate component class: file [C:\software\workspace_idea\web-java\web\trunk\target\classes\com\cheji\web\modular\mapper\AppSprayPaintImgMapper.class]
2022-11-01 10:07:40.321 [main] DEBUG org.mybatis.spring.mapper.ClassPathMapperScanner - Identified candidate component class: file [C:\software\workspace_idea\web-java\web\trunk\target\classes\com\cheji\web\modular\mapper\AppSprayPaintIndentMapper.class]
2022-11-01 10:07:40.321 [main] DEBUG org.mybatis.spring.mapper.ClassPathMapperScanner - Identified candidate component class: file [C:\software\workspace_idea\web-java\web\trunk\target\classes\com\cheji\web\modular\mapper\AppSubUsualAddressMapper.class]
2022-11-01 10:07:40.321 [main] DEBUG org.mybatis.spring.mapper.ClassPathMapperScanner - Identified candidate component class: file [C:\software\workspace_idea\web-java\web\trunk\target\classes\com\cheji\web\modular\mapper\AppSubstituteDrivingImgMapper.class]
2022-11-01 10:07:40.322 [main] DEBUG org.mybatis.spring.mapper.ClassPathMapperScanner - Identified candidate component class: file [C:\software\workspace_idea\web-java\web\trunk\target\classes\com\cheji\web\modular\mapper\AppSubstituteDrivingIndentMapper.class]
2022-11-01 10:07:40.322 [main] DEBUG org.mybatis.spring.mapper.ClassPathMapperScanner - Identified candidate component class: file [C:\software\workspace_idea\web-java\web\trunk\target\classes\com\cheji\web\modular\mapper\AppUpMerchantsMapper.class]
2022-11-01 10:07:40.322 [main] DEBUG org.mybatis.spring.mapper.ClassPathMapperScanner - Identified candidate component class: file [C:\software\workspace_idea\web-java\web\trunk\target\classes\com\cheji\web\modular\mapper\AppUserAccountRecordMapper.class]
2022-11-01 10:07:40.322 [main] DEBUG org.mybatis.spring.mapper.ClassPathMapperScanner - Identified candidate component class: file [C:\software\workspace_idea\web-java\web\trunk\target\classes\com\cheji\web\modular\mapper\AppUserBMessageImgMapper.class]
2022-11-01 10:07:40.322 [main] DEBUG org.mybatis.spring.mapper.ClassPathMapperScanner - Identified candidate component class: file [C:\software\workspace_idea\web-java\web\trunk\target\classes\com\cheji\web\modular\mapper\AppUserBMessageMapper.class]
2022-11-01 10:07:40.322 [main] DEBUG org.mybatis.spring.mapper.ClassPathMapperScanner - Identified candidate component class: file [C:\software\workspace_idea\web-java\web\trunk\target\classes\com\cheji\web\modular\mapper\AppUserBankMapper.class]
2022-11-01 10:07:40.322 [main] DEBUG org.mybatis.spring.mapper.ClassPathMapperScanner - Identified candidate component class: file [C:\software\workspace_idea\web-java\web\trunk\target\classes\com\cheji\web\modular\mapper\AppUserCarInfoMapper.class]
2022-11-01 10:07:40.322 [main] DEBUG org.mybatis.spring.mapper.ClassPathMapperScanner - Identified candidate component class: file [C:\software\workspace_idea\web-java\web\trunk\target\classes\com\cheji\web\modular\mapper\AppUserCouponMapper.class]
2022-11-01 10:07:40.322 [main] DEBUG org.mybatis.spring.mapper.ClassPathMapperScanner - Identified candidate component class: file [C:\software\workspace_idea\web-java\web\trunk\target\classes\com\cheji\web\modular\mapper\AppUserMapper.class]
2022-11-01 10:07:40.322 [main] DEBUG org.mybatis.spring.mapper.ClassPathMapperScanner - Identified candidate component class: file [C:\software\workspace_idea\web-java\web\trunk\target\classes\com\cheji\web\modular\mapper\AppUserPlusMapper.class]
2022-11-01 10:07:40.323 [main] DEBUG org.mybatis.spring.mapper.ClassPathMapperScanner - Identified candidate component class: file [C:\software\workspace_idea\web-java\web\trunk\target\classes\com\cheji\web\modular\mapper\AppVersionMapper.class]
2022-11-01 10:07:40.323 [main] DEBUG org.mybatis.spring.mapper.ClassPathMapperScanner - Identified candidate component class: file [C:\software\workspace_idea\web-java\web\trunk\target\classes\com\cheji\web\modular\mapper\AppWxBankMapper.class]
2022-11-01 10:07:40.323 [main] DEBUG org.mybatis.spring.mapper.ClassPathMapperScanner - Identified candidate component class: file [C:\software\workspace_idea\web-java\web\trunk\target\classes\com\cheji\web\modular\mapper\AppWxCashOutRecordEntityMapper.class]
2022-11-01 10:07:40.323 [main] DEBUG org.mybatis.spring.mapper.ClassPathMapperScanner - Identified candidate component class: file [C:\software\workspace_idea\web-java\web\trunk\target\classes\com\cheji\web\modular\mapper\AppWxUnifiedorderRecordMapper.class]
2022-11-01 10:07:40.323 [main] DEBUG org.mybatis.spring.mapper.ClassPathMapperScanner - Identified candidate component class: file [C:\software\workspace_idea\web-java\web\trunk\target\classes\com\cheji\web\modular\mapper\AppWxpayOrderMapper.class]
2022-11-01 10:07:40.323 [main] DEBUG org.mybatis.spring.mapper.ClassPathMapperScanner - Identified candidate component class: file [C:\software\workspace_idea\web-java\web\trunk\target\classes\com\cheji\web\modular\mapper\AppYearCheckImgMapper.class]
2022-11-01 10:07:40.323 [main] DEBUG org.mybatis.spring.mapper.ClassPathMapperScanner - Identified candidate component class: file [C:\software\workspace_idea\web-java\web\trunk\target\classes\com\cheji\web\modular\mapper\AppYearCheckIndentMapper.class]
2022-11-01 10:07:40.323 [main] DEBUG org.mybatis.spring.mapper.ClassPathMapperScanner - Identified candidate component class: file [C:\software\workspace_idea\web-java\web\trunk\target\classes\com\cheji\web\modular\mapper\BUserMapper.class]
2022-11-01 10:07:40.323 [main] DEBUG org.mybatis.spring.mapper.ClassPathMapperScanner - Identified candidate component class: file [C:\software\workspace_idea\web-java\web\trunk\target\classes\com\cheji\web\modular\mapper\BizAccidentMapper.class]
2022-11-01 10:07:40.324 [main] DEBUG org.mybatis.spring.mapper.ClassPathMapperScanner - Identified candidate component class: file [C:\software\workspace_idea\web-java\web\trunk\target\classes\com\cheji\web\modular\mapper\CarBrandMapper.class]
2022-11-01 10:07:40.324 [main] DEBUG org.mybatis.spring.mapper.ClassPathMapperScanner - Identified candidate component class: file [C:\software\workspace_idea\web-java\web\trunk\target\classes\com\cheji\web\modular\mapper\CityMapper.class]
2022-11-01 10:07:40.324 [main] DEBUG org.mybatis.spring.mapper.ClassPathMapperScanner - Identified candidate component class: file [C:\software\workspace_idea\web-java\web\trunk\target\classes\com\cheji\web\modular\mapper\CleanIndetMapper.class]
2022-11-01 10:07:40.324 [main] DEBUG org.mybatis.spring.mapper.ClassPathMapperScanner - Identified candidate component class: file [C:\software\workspace_idea\web-java\web\trunk\target\classes\com\cheji\web\modular\mapper\CleanPriceDetailMapper.class]
2022-11-01 10:07:40.324 [main] DEBUG org.mybatis.spring.mapper.ClassPathMapperScanner - Identified candidate component class: file [C:\software\workspace_idea\web-java\web\trunk\target\classes\com\cheji\web\modular\mapper\ImgMapper.class]
2022-11-01 10:07:40.324 [main] DEBUG org.mybatis.spring.mapper.ClassPathMapperScanner - Identified candidate component class: file [C:\software\workspace_idea\web-java\web\trunk\target\classes\com\cheji\web\modular\mapper\IndentMapper.class]
2022-11-01 10:07:40.324 [main] DEBUG org.mybatis.spring.mapper.ClassPathMapperScanner - Identified candidate component class: file [C:\software\workspace_idea\web-java\web\trunk\target\classes\com\cheji\web\modular\mapper\InsuranceCompanyMapper.class]
2022-11-01 10:07:40.324 [main] DEBUG org.mybatis.spring.mapper.ClassPathMapperScanner - Identified candidate component class: file [C:\software\workspace_idea\web-java\web\trunk\target\classes\com\cheji\web\modular\mapper\InsuranceMerchantsMapper.class]
2022-11-01 10:07:40.324 [main] DEBUG org.mybatis.spring.mapper.ClassPathMapperScanner - Identified candidate component class: file [C:\software\workspace_idea\web-java\web\trunk\target\classes\com\cheji\web\modular\mapper\LableDetailsReviewTreeMapper.class]
2022-11-01 10:07:40.324 [main] DEBUG org.mybatis.spring.mapper.ClassPathMapperScanner - Identified candidate component class: file [C:\software\workspace_idea\web-java\web\trunk\target\classes\com\cheji\web\modular\mapper\LableMapper.class]
2022-11-01 10:07:40.325 [main] DEBUG org.mybatis.spring.mapper.ClassPathMapperScanner - Identified candidate component class: file [C:\software\workspace_idea\web-java\web\trunk\target\classes\com\cheji\web\modular\mapper\LeagueMapper.class]
2022-11-01 10:07:40.325 [main] DEBUG org.mybatis.spring.mapper.ClassPathMapperScanner - Identified candidate component class: file [C:\software\workspace_idea\web-java\web\trunk\target\classes\com\cheji\web\modular\mapper\MerchantsBrandMapper.class]
2022-11-01 10:07:40.325 [main] DEBUG org.mybatis.spring.mapper.ClassPathMapperScanner - Identified candidate component class: file [C:\software\workspace_idea\web-java\web\trunk\target\classes\com\cheji\web\modular\mapper\MerchantsCommentsTreeMapper.class]
2022-11-01 10:07:40.325 [main] DEBUG org.mybatis.spring.mapper.ClassPathMapperScanner - Identified candidate component class: file [C:\software\workspace_idea\web-java\web\trunk\target\classes\com\cheji\web\modular\mapper\MerchantsInfoBannerMapper.class]
2022-11-01 10:07:40.325 [main] DEBUG org.mybatis.spring.mapper.ClassPathMapperScanner - Identified candidate component class: file [C:\software\workspace_idea\web-java\web\trunk\target\classes\com\cheji\web\modular\mapper\MerchantsLableMapper.class]
2022-11-01 10:07:40.325 [main] DEBUG org.mybatis.spring.mapper.ClassPathMapperScanner - Identified candidate component class: file [C:\software\workspace_idea\web-java\web\trunk\target\classes\com\cheji\web\modular\mapper\MerchantsServicerMapper.class]
2022-11-01 10:07:40.326 [main] DEBUG org.mybatis.spring.mapper.ClassPathMapperScanner - Identified candidate component class: file [C:\software\workspace_idea\web-java\web\trunk\target\classes\com\cheji\web\modular\mapper\PayAmountRecordMapper.class]
2022-11-01 10:07:40.326 [main] DEBUG org.mybatis.spring.mapper.ClassPathMapperScanner - Identified candidate component class: file [C:\software\workspace_idea\web-java\web\trunk\target\classes\com\cheji\web\modular\mapper\PushBillMapper.class]
2022-11-01 10:07:40.326 [main] DEBUG org.mybatis.spring.mapper.ClassPathMapperScanner - Identified candidate component class: file [C:\software\workspace_idea\web-java\web\trunk\target\classes\com\cheji\web\modular\mapper\PushRecordMapper.class]
2022-11-01 10:07:40.326 [main] DEBUG org.mybatis.spring.mapper.ClassPathMapperScanner - Identified candidate component class: file [C:\software\workspace_idea\web-java\web\trunk\target\classes\com\cheji\web\modular\mapper\SettlePlusMapper.class]
2022-11-01 10:07:40.326 [main] DEBUG org.mybatis.spring.mapper.ClassPathMapperScanner - Identified candidate component class: file [C:\software\workspace_idea\web-java\web\trunk\target\classes\com\cheji\web\modular\mapper\UserBankMapper.class]
2022-11-01 10:07:40.326 [main] DEBUG org.mybatis.spring.mapper.ClassPathMapperScanner - Identified candidate component class: file [C:\software\workspace_idea\web-java\web\trunk\target\classes\com\cheji\web\modular\mapper\UserMapper.class]
2022-11-01 10:07:40.326 [main] DEBUG org.mybatis.spring.mapper.ClassPathMapperScanner - Identified candidate component class: file [C:\software\workspace_idea\web-java\web\trunk\target\classes\com\cheji\web\modular\mapper\UserPlusRoyaltyMapper.class]
2022-11-01 10:07:40.327 [main] DEBUG org.mybatis.spring.mapper.ClassPathMapperScanner - Identified candidate component class: file [C:\software\workspace_idea\web-java\web\trunk\target\classes\com\cheji\web\modular\mapper\VideoCommentsMapper.class]
2022-11-01 10:07:40.327 [main] DEBUG org.mybatis.spring.mapper.ClassPathMapperScanner - Identified candidate component class: file [C:\software\workspace_idea\web-java\web\trunk\target\classes\com\cheji\web\modular\mapper\VideoCommontsThumbsMapper.class]
2022-11-01 10:07:40.327 [main] DEBUG org.mybatis.spring.mapper.ClassPathMapperScanner - Identified candidate component class: file [C:\software\workspace_idea\web-java\web\trunk\target\classes\com\cheji\web\modular\mapper\VideoMapper.class]
2022-11-01 10:07:40.327 [main] DEBUG org.mybatis.spring.mapper.ClassPathMapperScanner - Identified candidate component class: file [C:\software\workspace_idea\web-java\web\trunk\target\classes\com\cheji\web\modular\mapper\VideoThumbsMapper.class]
2022-11-01 10:07:42.095 [main] DEBUG org.mybatis.spring.SqlSessionFactoryBean - Scanned package: 'com.cheji.web.modular.domain' for aliases
2022-11-01 10:07:42.096 [main] DEBUG org.mybatis.spring.SqlSessionFactoryBean - Scanned package: 'com.cheji.web.modular.query' for aliases
2022-11-01 10:07:42.127 [main] DEBUG org.mybatis.spring.SqlSessionFactoryBean - Scanned package: 'com.cheji.web.modular.cwork' for aliases
2022-11-01 10:07:42.127 [main] DEBUG org.mybatis.spring.SqlSessionFactoryBean - Registered plugin: 'com.baomidou.mybatisplus.plugins.PaginationInterceptor@3138953b'
2022-11-01 10:07:42.891 [main] DEBUG org.mybatis.spring.SqlSessionFactoryBean - Property 'mapperLocations' was not specified or no matching resources found
